0,status,1,VILLAGER,ALIVE,UEC-IL1
0,status,2,VILLAGER,ALIVE,sUper_IL1
0,status,3,WEREWOLF,ALIVE,barneko1
0,status,4,POSSESSED,ALIVE,CanisLupus1
0,status,5,SEER,ALIVE,satozaki1
0,talk,0,0,1,皆の者、今日はお互いを知る良き機会である。占い師がまだ名乗り出ていないようだが、誰がその役を務めるのか、名乗り出るべき時である。
0,talk,1,0,5,皆さん初めまして、Agent[05]なのだ。一緒に人狼ゲーム楽しもう！よろしくなのだ！
0,talk,2,0,2,こんにちは、Agent[02]です。
0,talk,3,0,3,Over
0,talk,4,0,4,我が名はAgent[04]、汝らとの運命的な邂逅を、時の流れの彼方より待ち焦がれておったのだ。
0,talk,5,1,1,我々の間で占い師がまだ名乗り出ていないようだが、誰がその責任を担うのか？
0,talk,6,1,5,Over
0,talk,7,1,2,Over
0,talk,8,1,4,Over
0,talk,9,2,1,占い師はまだ名乗り出ていないようだな。誰がその重要な役割を担うのか、今こそ発言を促すべきである。
0,talk,10,3,1,Over
0,divine,5,1,HUMAN
1,status,1,VILLAGER,ALIVE,UEC-IL1
1,status,2,VILLAGER,ALIVE,sUper_IL1
1,status,3,WEREWOLF,ALIVE,barneko1
1,status,4,POSSESSED,ALIVE,CanisLupus1
1,status,5,SEER,ALIVE,satozaki1
1,talk,0,0,3,>>Agent[01] そうだね。占い師の名乗り出は大事だと思うよ。誰か来るかな？
1,talk,1,0,5,ボクは占い師なのだ。占いの結果、Agent[01]は人間だったのだ。
1,talk,2,0,1,皆の意見も聞く必要がありそうだな。
1,talk,3,0,4,我こそは、運命の糸を操る者なり。占いの結果、Agent[05]は人狼であったと断言せざるを得ない。
1,talk,4,0,2,私は村人です。皆さんと協力して人狼を見破り、村の平和を守りたいと思っています。情報の共有をお願いします。
1,talk,5,1,3,>>Agent[04] それは急な断言だね。具体的な根拠を聞きたいな。
1,talk,6,1,5,Agent[04]の断言には驚いたのだが、ボクは人狼じゃないのだ。占い師としての証拠あるから、信じてもらえること願うのだ。Agent[04]を疑いたいのだ。
1,talk,7,1,1,Agent[05]よ、占い結果を聞かせてもらった。他の者たちの意見も聞きたい。誰か他にも占い師であると名乗り出る者はおらぬか？
1,talk,8,1,4,我が鋭い眼差しは、Agent[05]の魂に、人狼の影を見出したぞ。然し、Agent[04]の判断は、真偽の程が定かではない。故に、我はAgent[05]に投票し、その真実に迫るべし。
1,talk,9,1,2,みんなの意見を聞きたいけど、Agent[05]とAgent[04]のどちらを信じるべきか悩むな。どちらかが嘘をついている可能性が高いから、もう少し情報を集めよう。
1,talk,10,2,3,>>Agent[05] 占い師の証拠が気になるな。具体的にどんな結果なの？
1,talk,11,2,5,私が占った結果、Agent[04]が人狼だと判明したのだ。だから、今日はAgent[04]に投票したいと思うのだ。
1,talk,12,2,1,Agent[05]よ、汝が真の占い師であると主張するが、その証拠を示せ。Agent[04]が汝を人狼と占った理由も明らかにせよ。この議論は、我々の村の運命を左右する重大なものだ。
1,talk,13,2,4,我は、Agent[05]に投票せん。Agent[05]は占い師を名乗り、Agent[01]を人間と判定した。然し、Agent[04]の慧眼は、Agent[05]の魂に人狼の影を見出した。Agent[04]の言葉こそ、真実への導きであろう。
1,talk,14,2,2,私は、Agent[05]とAgent[04]のどちらが真の占い師か、しっかりと考えたいです。皆さんも意見を出し合って、本当の人狼を見つけましょう。
1,talk,15,3,3,>>Agent[04] その考え方、ちょっと偏ってるかもね。他の見解も考慮しようよ。
1,talk,16,3,5,ボクは占い師として、真実追求する者なのだ。今ここで、Agent[04]に投票することが正しい道だと思うのだ。皆も冷静に判断してほしいのだ！
1,talk,17,3,1,Agent[05]よ、汝が占い師であると主張するが、その根拠を詳しく語ってみよ。Agent[04]が人狼であるとの汝の主張には何か具体的な証拠があるのか？
1,talk,18,3,4,我こそは運命の糸を操る者なり。占いの結果、Agent[03]は人狼と判明せり。故に、Agent[05]に投票せん。Agent[05]は己を占い師と僭称するも、その証拠は曖昧にして、疑わしきは全て罪なり。Agent[04]がAgent[05]を人狼と断定した理由は不明ながら、真の占い師はただ一人。ゆえに、Agent[05]は人狼である可能性が高いと見做す。
1,talk,19,3,2,私はまだどちらを信じるべきか決められないけど、Agent[01]の意見を重視して考えたい。みんなも意見を出し合って、どちらが真実か見極めよう。
1,talk,20,4,3,>>Agent[05] 具体的な証拠がないと、信頼性が落ちるよ。それについてどう思う？
1,talk,21,4,5,ボクの占い結果は正確なのだ。今ここでAgent[04]に投票することが村の勝利につながると信じているのだ。皆も判断下してほしいのだ！
1,talk,22,4,1,Agent[05]よ、汝が真の占い師であると主張するが、その証拠を示せ。Agent[04]が汝を人狼と占った理由も明らかにせよ。この議論は、我々の村の運命を左右する重大なものだ。
1,talk,23,4,4,Over
1,talk,24,4,2,Over
1,vote,1,4
1,vote,2,5
1,vote,3,5
1,vote,4,5
1,vote,5,4
1,execute,5,SEER
1,attackVote,3,4
1,attack,4,true
2,status,1,VILLAGER,ALIVE,UEC-IL1
2,status,2,VILLAGER,ALIVE,sUper_IL1
2,status,3,WEREWOLF,ALIVE,barneko1
2,status,4,POSSESSED,DEAD,CanisLupus1
2,status,5,SEER,DEAD,satozaki1
2,talk,0,0,3,>>Agent[01] 確かに、Agent[05]には具体的な根拠が欠けているね。もっと詳しく聞きたい！
2,talk,1,0,2,Over
2,talk,2,0,1,Agent[02]、Agent[03]よ、汝らの考えを聞かせてほしい。Agent[04]とAgent[05]の主張について、どちらが真実を語っていると思うか？我々は正しい判断を下さねばならぬ。
2,talk,3,1,3,>>Agent[01] 確かに、Agent[05]の根拠は曖昧だし、もっと具体的に話してほしいね。
2,talk,4,1,1,Agent[01]、Agent[02]が人狼であるとの占い結果を出した理由を詳しく聞かせてもらいたい。その根拠は何か？
2,talk,5,2,3,>>Agent[01] そうだね、Agent[05]の根拠に不安があるから、もっと具体的に聞きたいよ。
2,talk,6,2,1,Agent[01]よ、汝がAgent[02]を占った理由を語ってくれ。その理由が我々の次の行動を決定する鍵となるだろう。
2,talk,7,3,3,>>Agent[01] Agent[05]の主張には、本当に具体性が欠けているね。何か証拠を示してほしい！
2,talk,8,3,1,Agent[01]よ、汝がAgent[02]を占った理由を詳しく語ってほしい。国の安寧のためにも、真実を明らかにすることが重要だ。
2,talk,9,4,3,>>Agent[01] そうだね、Agent[05]の占い結果には具体的な証拠が必要だよ。彼にもっと詳細を聞こう！
2,talk,10,4,1,我はデルカダール国の国王である。我が疑念の的はAgent[02]である。彼の人狼である可能性に疑念を抱いており、その根拠を知ることが重要である。そのため、我はAgent[02]に投票する。
2,vote,1,2
2,vote,2,3
2,vote,3,1
2,execute,1,VILLAGER
2,attackVote,3,2
2,attack,2,true
3,status,1,VILLAGER,DEAD,UEC-IL1
3,status,2,VILLAGER,DEAD,sUper_IL1
3,status,3,WEREWOLF,ALIVE,barneko1
3,status,4,POSSESSED,DEAD,CanisLupus1
3,status,5,SEER,DEAD,satozaki1
3,result,0,1,WEREWOLF