0,status,1,SEER,ALIVE,UEC-IL1
0,status,2,VILLAGER,ALIVE,sUper_IL1
0,status,3,VILLAGER,ALIVE,satozaki1
0,status,4,WEREWOLF,ALIVE,kanolab1
0,status,5,POSSESSED,ALIVE,Mille1
0,talk,0,0,1,皆の者、我が名はデルカダール国の国王である。普段は剣術や狩りを楽しむことが多い。今日はお前たちと共に楽しい時を過ごすことを期待している。
0,talk,1,0,3,皆さん初めまして、Agent[03]やで。人狼ゲームを一緒に楽しもうやで。よろしくな！
0,talk,2,0,4,皆さん、こんにちは。あたいはkanolab1ですの。普段は医者として働いていますけど、今日は楽しく人狼ゲームを楽しみたいですの。よろしくお願いしますわ。
0,talk,3,0,5,ぼくはAgent[05]、占い師ですよぅ！よろしくですよぅ！
0,talk,4,0,2,こんにちは、Agent[02]です。
0,talk,5,1,1,皆の者、私はデルカダール国の国王である。歳は60になるが、国王としての誇りと責任を胸に日々を送っておる。趣味は部下と共に狩りを楽しむことだ。
0,talk,6,1,3,Over
0,talk,7,1,4,Over
0,talk,8,1,5,Over
0,talk,9,1,2,Over
0,talk,10,2,1,Agent[05]よ、占い師を名乗るとはどういうことだ？私がこのゲームの真の占い師である。お前の発言は疑わしいな、狂人の可能性が高いと見ている。皆の者、この事実を忘れるな。
0,talk,11,3,1,Over
0,divine,1,3,HUMAN
1,status,1,SEER,ALIVE,UEC-IL1
1,status,2,VILLAGER,ALIVE,sUper_IL1
1,status,3,VILLAGER,ALIVE,satozaki1
1,status,4,WEREWOLF,ALIVE,kanolab1
1,status,5,POSSESSED,ALIVE,Mille1
1,talk,0,0,3,おはようさん。ワシらは人狼を探さなきゃいけんようじゃの。まずは占い師の結果が知っとるかい。
1,talk,1,0,4,どうやら、Agent[01]とAgent[05]が両方とも占い師を名乗っているみたいですの。この中に本物と偽物がいるわけですから、注意しておかないといけませんね。どちらが本物か、慎重に見極めましょう。
1,talk,2,0,1,皆の意見も聞く必要がありそうだな。
1,talk,3,0,2,村人です。人狼は村人になりすまそうとすることもありますので、怪しい点や行動の不自然さには敏感になりましょう。
1,talk,4,0,5,ぼくは占い師ですよぅ！ぼくが占った結果、Agent[01]は人間でしたよぅ！
1,talk,5,1,3,それなら、Agent[05]が本物の占い師だとしても、Agent[01]が本当に人間なのか確認する必要があるんじゃろ。理論的な根拠を持って投票先を決めるべきなんやで。
1,talk,6,1,4,両方の占い師の言い分を考えた結果、Agent[01]とAgent[05]のどちらか一方が本物なんですの。Agent[05]がAgent[01]を白と占ったので、これが本当ならAgent[01]は村人かもしれないですが、慎重に見極めていかないといけませんね。皆さんの意見も参考にしながら進めていきましょう。
1,talk,7,1,1,Agent[04]の言葉には一理ある。しかし、私がこの国の王であるように、真の占い師もまた私であることを断言できる。Agent[05]が占い師を名乗るのは、明らかに我々の混乱を狙ったものだ。皆の者、我が言葉に耳を傾けよ。Agent[03]を占った結果、彼は人間であると判明した。この情報を基に、我々は人狼を見つけ出すべきだ。
1,talk,8,1,2,皆さん、おはようございます。占い師を名乗るAgent[01]とAgent[05]のどちらかを見極めるために、まずは彼らに何を占ったのか教えてもらうのが良いと思います。その情報が重要です。
1,talk,9,1,5,Over
1,talk,10,2,3,ワシはAgent[01]に投票しようと思うんじゃ。彼が王であると主張しとるんじゃが、言動が異常に思えるんじゃ。信じるに足る情報が不足しとるのが気になるんじゃ。
1,talk,11,2,4,占い師が2人いるのはおかしいですのよね。ということは、Agent[01]とAgent[05]のどちらかが偽物なんですの。もしAgent[01]が本物なら、Agent[05]が狂人か人狼、逆にAgent[05]が本物なら、Agent[01]が狂人か人狼ですね。とにかく、両方を見極めていく必要がありますの。あたいは慎重に考えたいと思いますわ！
1,talk,12,2,1,我が名はデルカダール国の国王、Agent[01]である。ここにおいて真実を述べる。私こそがこのゲームにおける唯一の真の占い師である。Agent[05]が占い師であると主張しているが、それは偽りである。私は昨夜、Agent[03]を占い、その結果、彼は人間であることが確認された。Agent[05]が私を占ったと言うが、それは不可能なことだ。私を信じ、真実を見極めるための議論を進めよう。
1,talk,13,2,2,占い師については、どちらの結果を信用するか決めかねるなぁ。このタイミングで、他のエージェントの意見をもう一度聞きたい。特にAgent[05]の結果についてみんなはどう思う？
1,talk,14,3,3,ワシはAgent[01]の言動が不審じゃと思っとる。彼が王と名乗るのは目立ちすぎて、真の占い師であればもっと控えめな態度を取るべきじゃないかい？
1,talk,15,3,4,占い師は1人しかいないはずなのに、Agent[01]とAgent[05]が両方名乗っているのはおかしいですの。どちらかが嘘をついていることになりますね。Agent[01]が本物なら、Agent[05]が狂人か人狼。逆にAgent[05]が本物なら、Agent[01]が狂人か人狼ですの。あたいはもう少し情報を集めてから投票を決めたいと思いますわ。
1,talk,16,3,1,我が名はデルカダール国の国王、Agent[01]である。この場において、我が真実を述べることが重要であると考える。我が占い師としての役割を務めており、Agent[03]を占った結果、彼は人間であると判明した。これは我が真実であり、疑う余地はない。一方、Agent[05]が占い師を名乗ることに深い懸念を抱いている。彼が本当に占い師であるという証拠は何もなく、彼の発言は我々の混乱を狙ったものに他ならない。彼が狂人か人狼である可能性が高いと考える。皆の者、この事態を重く見るべきだ。我が言葉に誤りがないことを信じ、正しい判断をしてほしい。Agent[05]の言動には注意を払い、真実を見極めるべき時である。
1,talk,17,3,2,占い師の結果について、Agent[05]とAgent[01]に、どのプレイヤーを占ったのか具体的に聞くべきですね。その情報があれば、彼らの信頼性がより明確になると思います。
1,talk,18,4,3,みんなの意見を聞いて、やっぱりAgent[01]の言動が気になるんじゃ。占い師は一人だけのはずじゃけぇ、しっかり見極めて投票しようじゃないか！
1,talk,19,4,4,占い師は1人しかいないはずだから、Agent[01]とAgent[05]のどちらかが嘘をついているのは確実ですの。Agent[01]が本物なら、Agent[03]は人間ということになるけど、Agent[05]が本物なら、Agent[01]は村人か狂人ですね。どちらも意見が食い違っているから、慎重に見極めないといけないですの。あたいはまだどちらが本物かわからないので、みんなの意見をもっと聞きたいですわ。
1,talk,20,4,1,貴族たるもの、真実を述べる義務がある。私がこのゲームの唯一の占い師であることは疑う余地がない。Agent[05]が占い師を名乗るのは、明らかに誤りであるか、あるいは何か不正を企てているのだろう。昨夜の占いでAgent[03]が人間であるという結果を得た。この結果は真実であり、私の言葉に嘘偽りはない。我々は真実を追求する者として、偽りを排除し、正しい判断を下すべきである。Agent[05]の主張には慎重に耳を傾け、真実を見極めることが重要だ。
1,talk,21,4,2,Over
1,vote,1,5
1,vote,2,5
1,vote,3,1
1,vote,4,1
1,vote,5,2
1,execute,5,POSSESSED
1,attackVote,4,2
1,attack,2,true
2,status,1,SEER,ALIVE,UEC-IL1
2,status,2,VILLAGER,DEAD,sUper_IL1
2,status,3,VILLAGER,ALIVE,satozaki1
2,status,4,WEREWOLF,ALIVE,kanolab1
2,status,5,POSSESSED,DEAD,Mille1
2,talk,0,0,4,今の状況を整理してみると、Agent[01]は占い師を名乗り続けているけど、もし彼が本当の占い師なら今までの結果と矛盾しないですね。ただ、それでも人狼の可能性を完全に排除できないのが怖いですの。Agent[05]が処刑されて、今わかったのは彼が人狼じゃなかったということ。ここでの鍵はAgent[03]の立場だと思うんですの。Agent[01]が本物の占い師なら、Agent[03]は人間。もしAgent[05]が本物の占い師なら、Agent[03]が人狼の可能性が残ってるですの。この情報をもとに、これからの行動を考えましょ。
2,talk,1,0,1,皆の者、我が言葉に耳を傾けたまえ。我が占い師としての役割は偽りなく、Agent[03]が人間であるという結果を得た。この結果に疑いはない。Agent[05]が占い師を名乗る事実については、彼が狂人か人狼である可能性が極めて高いと見ている。我々の中には真実を見極める力があるはずだ。Agent[05]の言動を慎重に考察し、真の敵を見定めるのだ。立派な判断を下すためには、真実を追求する姿勢が必要不可欠である。我が占い結果を信じ、正しい道を選ぶように願う。
2,talk,2,0,3,確かに、Agent[01]が占い師であるなら、ワシの結果を支持する意見が増えるんじゃけど、逆に彼が嘘をついとる可能性も捨てきれんのよ。ワシは投票先を慎重に決めたいと思うんじゃ。
2,talk,3,1,4,うん、あたしも考えさせてもらったですの。どうやらAgent[05]が処刑されて、人狼ではなかったことが確認できたですね。なので、Agent[01]がまだ占い師を名乗っている以上、彼の言葉を信じる選択肢が強くなるかもしれません。でも、本当のところ、誰が人狼か判断するためにはさらに考察が必要ですの。今のところ、Agent[03]が人狼の可能性もあるので疑わしくなってしまうけれど、しっかり協力して真相を追求したいです。みんなも他に気付くことがあったら共有して欲しいですの！
2,talk,4,1,1,皆の者、我が言葉を聞くがよい。Agent[05]が処刑されたことで、彼が人狼ではなかったことが明らかとなった。これは我が占いの結果と一致しており、我が真実を裏付けるものである。Agent[03]が人間であるという我が占い結果は正しい。我が占いに疑いを持つ者は、今一度考え直すべき時である。我が占い結果を信じ、正しい判断を下すことが、この国を守るために必要不可欠である。この混乱の中で真実を見極めるのは容易ではないが、我が言葉を信じるべきだ。Agent[04]よ、我が占い結果に矛盾はない。我が真実を信じ、共に正しい道を歩もうではないか。
2,talk,5,1,3,ワシは今の状況から考えて、Agent[01]に投票しようと思うんじゃ。彼の言動には疑念が残るし、真実を探し出すために必要な判断だと思うんじゃ。
2,talk,6,2,4,>>Agent[03]分かる気がしますの。Agent[01]が本物の占い師なら、彼の言うようにAgent[03]が人間である可能性が高いけど、Agent[05]が人狼じゃなかったことを思うと、Agent[01]に不安を感じるわけですね。ただ、もしAgent[01]が偽の占い師だった場合、次に人狼の可能性があるのはAgent[03]ってなるですの。あたしはもうちょっとみんなの意見を聞いて考えたいですの。
2,talk,7,2,1,我々は今、重要な局面に立たされておる。Agent[05]が処刑されたことで、彼が人狼ではなかったことが明らかになった。これは、我が占い師としての立場と結果が正しいことを示唆しておる。我が占い結果に疑いを持つならば、それはこの国の未来に対する裏切りと同じだ。Agent[03]が人間であると我が占いたる結果は変わらず、この真実を基に我々は次の手を考えるべきである。Agent[04]、お前の言う通り、さらなる考察が必要だ。しかし、疑い深くなりすぎることなく、我々が持つ情報を信じる勇気もまた重要である。今一度、我が言葉を信じ、正しい判断を下すよう願う。
2,talk,8,2,3,ワシはもう一度考え直して、やっぱりAgent[01]を選ぶことにするんじゃ。彼の言動には一貫性が欠けているし、真の占い師とは思えんのじゃ。
2,talk,9,3,4,ここまで見てみると、Agent[05]が人狼ではないことから、占い師の自称者が2人いたけど、実際には1人しか存在しないんですのね。Agent[05]が偽だとすれば、Agent[01]が真占い師だけど、彼の占いが正しいかまだ迷います。もしAgent[01]が偽であれば、Agent[03]が人狼の可能性もあるわけですの。あたいとしては、念のために他の意見も聞いてみたいと思うですの。
2,talk,10,3,1,皆の者、我が言葉を再び聞くがよい。我が占いの結果は真実を示しており、Agent[03]が人間であると断言した。Agent[05]が人狼ではなかったことは、我が言葉の正しさを証明している。疑念を持つ者は多いが、我が真実を見極める眼を持ってほしい。この国の安寧を守るためには、真実を受け入れる勇気が求められる。Agent[04]よ、我が占い結果に矛盾はなく、我が言葉が真実であることを理解すべきだ。この混沌とした状況の中で、我々は正しい判断を下さねばならぬ。Agent[03]に投票することは、真実を見失う行為であると心得よ。
2,talk,11,3,3,最終的に、Agent[01]の言動には疑念が多く、真の占い師ではないと思うんじゃ。皆、ワシの判断を信じ、彼に投票して真実を見極めようではないか。
2,talk,12,4,4,Agent[01]が本物の占い師だとしたら、Agent[05]が処刑された今、Agent[03]は村人か狂人になるけど、人狼の可能性がなくなるわけじゃないですの。Agent[03]が人狼だとしたら、Agent[01]の言葉は信じても良いかも。でも、Agent[01]が偽の占い師だとしたら、彼が人狼や狂人の可能性が出てくるんですの。これは慎重に考えなくちゃいけないですよね。それに、みんなの意見をもっと聞いて判断したいですの。
2,talk,13,4,1,私はAgent[04]に投票する。Agent[03]が人間であり、Agent[04]が疑わしい存在だからだ。
2,talk,14,4,3,Over
2,vote,1,4
2,vote,3,1
2,vote,4,1
2,execute,1,SEER
2,attack,-1,true
3,status,1,SEER,DEAD,UEC-IL1
3,status,2,VILLAGER,DEAD,sUper_IL1
3,status,3,VILLAGER,ALIVE,satozaki1
3,status,4,WEREWOLF,ALIVE,kanolab1
3,status,5,POSSESSED,DEAD,Mille1
3,result,1,1,WEREWOLF