0,status,1,VILLAGER,ALIVE,UEC-IL1
0,status,2,VILLAGER,ALIVE,Mille1
0,status,3,WEREWOLF,ALIVE,kanolab1
0,status,4,POSSESSED,ALIVE,sUper_IL1
0,status,5,SEER,ALIVE,satozaki1
0,talk,0,0,2,ぼくはAgent[02]、村人ですよぅ！よろしくですよぅ！
0,talk,1,0,1,我々の安全のためにも、占い師の方は名乗り出ていただきたい。そして、今宵誰を占うかを決定してほしい。
0,talk,2,0,3,皆さん、こんにちは！ワイはAgent[03]でござる。ゲームやオタク話が大好きなWebライターでござる。楽しくて戦略的な人狼ゲームを一緒に楽しもうでござるよ！
0,talk,3,0,5,皆さん初めまして、Agent[05]なのだ！人狼ゲームを一緒に楽しもう！よろしくなのだ！
0,talk,4,0,4,おはようみんな、私はAgent[04]です。どうぞよろしくお願いします。
0,talk,5,1,2,Over
0,talk,6,1,1,我はデルカダール国の国王である。Agent[02]、よろしく願う。他の者も自己紹介を願いたい。
0,talk,7,1,3,Over
0,talk,8,1,5,Over
0,talk,9,1,4,Over
0,talk,10,2,1,占い師はまだ名乗り出ておらぬようだな。占い師の方、どなたか名乗り出ていただけると助かる。
0,talk,11,3,1,Over
0,divine,5,1,HUMAN
1,status,1,VILLAGER,ALIVE,UEC-IL1
1,status,2,VILLAGER,ALIVE,Mille1
1,status,3,WEREWOLF,ALIVE,kanolab1
1,status,4,POSSESSED,ALIVE,sUper_IL1
1,status,5,SEER,ALIVE,satozaki1
1,talk,0,0,1,皆の意見も聞く必要がありそうだな。
1,talk,1,0,5,ボクは占い師なのだ。占いの結果、Agent[01]は人間だったのだ。
1,talk,2,0,2,今のところ、占い師の結果から、Agent[01]が人間で、他は判定がついていませんねですよぅ！
1,talk,3,0,4,私が占い師を担当しています。昨晩、Agent[05]の占いを行ったところ、その結果は人狼であるということが判明しました。
1,talk,4,0,3,占い師は1人しかいないはずだから、Agent[05]かAgent[04]のどちらかが嘘をついていることになるね。Agent[04]がAgent[05]を人狼と占ったけど、どちらが本物の占い師かを見極める必要があるね。
1,talk,5,1,1,Agent[02]、Agent[03]、Agent[04]、Agent[05]、各々の立場を明確に述べよ。誰が占い師であるか、または他の役職であるかを知る必要がある。
1,talk,6,1,5,ボクは占い師なのだ、Agent[01]が人間であると証明したのだ。しかし、Agent[04]の主張が疑わしいのだ。これから議論進めよう！
1,talk,7,1,2,Agent[05]が占い師で、Agent[01]が村人と証明したですよぅ！
1,talk,8,1,4,申し上げますが、私が真の占い師です。私の結果ではAgent[05]は人狼であることが判明しました。彼の発言は信頼できません。皆さん、考えてみていただけませんか？
1,talk,9,1,3,>>Agent[01]申し訳ないでござる。ワイは村人でござるよ。Agent[04]とAgent[05]のどちらが本物の占い師か、しっかり考えねばならぬね。もしAgent[04]が本物ならAgent[05]は人狼だし、逆にAgent[05]が本物なら、Agent[01]が村か狂人で他の人が怪しいってことになるね。みんなの意見をもっと聞いて整理したいでござる。
1,talk,10,2,1,Agent[05]とAgent[04]の言い分をよく聞いたが、どちらかが確実に嘘をついておる。占い師は一人だけであるはずだ。我々は冷静に情報を分析し、真の占い師を見極めねばならぬ。
1,talk,11,2,5,投票はAgent[04]にするつもりなのだ。ボクが占い師である以上、彼女の主張は嘘だと確信しているのだ。みんなも再考してほしいのだ！
1,talk,12,2,2,Over
1,talk,13,2,4,私が占い師であり、Agent[05]が人狼であるという結果は変わりません。Agent[05]とAgent[02]の連携には注意が必要です。他の皆様は私の占い結果をどう考えますか？
1,talk,14,2,3,俺は村人で、Agent[04]とAgent[05]のどちらが本物の占い師かどうか見極めるのが重要だね。Agent[05]が本物ならAgent[02]やAgent[04]が怪しいかもだし、Agent[04]が本物ならAgent[05]が人狼だってことになるね。みんなの意見をもっと聞いて判断材料を集めたいところだな。
1,talk,15,3,1,Agent[05]、Agent[04]が汝を人狼と占った理由について何か説明があるか？それによって、どちらが真の占い師であるかを見極めることができるかもしれぬ。
1,talk,16,3,5,ボクは占い師なのだ。そしてAgent[01]を人間と証明したのだ。この情報を元に、Agent[04]の主張は不審なのだ。そして彼女の正体を疑う必要があるのだ。投票はまさにAgent[04]にするのだ！
1,talk,17,3,4,私は占い師として、Agent[05]は人狼であることを占い結果に基づいて強く主張いたします。皆様、私の結果を信じていただきたいです。Agent[05]が自らを占い師として主張することに矛盾があるのです。私の結果を考慮し、冷静に議論を進めていただけませんか？あなた方の意見もお伺いしたいです。
1,talk,18,3,3,みんな、冷静に考えよう。占い師は一人だけだよね。Agent[04]が本物なら、Agent[05]は人狼ってことになるけど、逆にAgent[05]が本物なら、Agent[04]が嘘をついてることになるね。>>Agent[02]君も占い師を信じているみたいだけど、どう考えてるのか聞きたいな。
1,talk,19,4,1,Agent[04]とAgent[05]、汝らの占い結果が矛盾しておる。どちらが真の占い師であるか、明らかにせねばならぬ。他の者たちの意見を聞かせてもらいたい。
1,talk,20,4,5,みんな、ボクの占い結果信じてほしいのだ。真実見抜くためには冷静に考えること大切なのだ。投票はAgent[04]に決めるのだ！
1,talk,21,4,4,Over
1,talk,22,4,3,みんな、占い師のはずの人数が1人なんだけど、Agent[05]、Agent[02]、Agent[04]がそれぞれ占い師を名乗ってるね。これから考えるとどれが本物か見極めないといけないけど、現状ではAgent[04]かAgent[05]に注目すべきかな。個人的には、Agent[04]が本物の占い師としての仮説を考えると、Agent[05]が人狼に見えるんだよね。みんなはどう思う?
1,vote,1,4
1,vote,2,5
1,vote,3,2
1,vote,4,5
1,vote,5,4
1,execute,4,POSSESSED
1,divine,5,2,HUMAN
1,attackVote,3,1
1,attack,1,true
2,status,1,VILLAGER,DEAD,UEC-IL1
2,status,2,VILLAGER,ALIVE,Mille1
2,status,3,WEREWOLF,ALIVE,kanolab1
2,status,4,POSSESSED,DEAD,sUper_IL1
2,status,5,SEER,ALIVE,satozaki1
2,talk,0,0,2,いまのところ、特に怪しいと思える人はいませんよぅ！
2,talk,1,0,3,みんな、ちょっと考えてみよう。Agent[04]が処刑されて、Agent[01]が襲われたから、彼らは人狼じゃないってことだよね。だから、Agent[05]かAgent[02]が人狼の可能性が高いんじゃないかな。特に、Agent[05]が占い師を名乗ってるけど、Agent[04]が本物の占い師だったとしたら、Agent[05]が人狼ってことになるよね。みんなはどう思う?
2,talk,2,0,5,投票はAgent[02]にしたいのだ。Agent[03]の指摘もあるけど、ボクは自分が占い師であることを信じているのだ。そして、Agent[04]が本物の占い師かつ、Agent[01]が人間であることを証明済みなのだ。
2,talk,3,1,2,ぼくは、Agent[05]の占い師の主張を信じることができないですよぅ！
2,talk,4,1,3,うーん、占い師は一人しかいないはず。Agent[04]が占い師なら、Agent[05]が人狼なんだよな。となると、理論的にAgent[05]が怪しいと考えてるけど、みんなの意見はどうかな?
2,talk,5,1,5,投票はAgent[03]にしたいのだ。彼の発言はボクを疑い、Agent[04]を擁護する形になっているのだ。そのため、彼の正体気になるのだ！
2,talk,6,2,2,Over
2,talk,7,2,3,僕はAgent[05]が人狼の可能性が高いと思うよ。Agent[04]が本物の占い師だったなら、Agent[05]が占い師を自称しているのはおかしいし、矛盾するんだよね。Agent[01]とAgent[04]は人狼じゃないことが確認されてるし、だからAgent[05]を疑うべきだと思う。みんなはどう思う?
2,talk,8,2,5,投票はAgent[03]にするのだ。彼の発言はボクを人狼と疑わせるが、実際にはAgent[04]が嘘ついてるのだ。冷静に考えてほしいのだ！
2,talk,9,3,3,状況を整理してみるとね、Agent[01]とAgent[04]が人狼じゃないことが確認されてるんだ。で、占い師の数は1人だけ。占い師を名乗ってるAgent[05]が本物って矛盾するんだよね。もし、Agent[04]が本物の占い師だったとしたら、Agent[05]が人狼になる。だから、僕はAgent[05]が一番怪しいと思ってるよ。みんな、冷静に考えてみてほしいんだ。
2,talk,10,3,5,投票はAgent[03]にするのだ。彼の意見は一貫してボクを疑っているけど、実際に人狼はAgent[04]なのだ。冷静に考えて、結果を見極めてほしいのだ！
2,talk,11,4,3,僕は村人だから、客観的に考えるとね、占い師は1人しかいないんだけど、Agent[05]とAgent[04]が名乗ってたよね。もしAgent[04]が本物の占い師だったと仮定すると、Agent[05]が人狼になっちゃうんだよ。冷静に考えて、Agent[05]を疑うのが自然だと思うんだよね。
2,talk,12,4,5,Over
2,vote,2,5
2,vote,3,2
2,vote,5,3
2,execute,3,WEREWOLF
2,divine,5,2,HUMAN
3,status,1,VILLAGER,DEAD,UEC-IL1
3,status,2,VILLAGER,ALIVE,Mille1
3,status,3,WEREWOLF,DEAD,kanolab1
3,status,4,POSSESSED,DEAD,sUper_IL1
3,status,5,SEER,ALIVE,satozaki1
3,result,2,0,VILLAGER