0,status,1,VILLAGER,ALIVE,satozaki1
0,status,2,VILLAGER,ALIVE,Mille1
0,status,3,WEREWOLF,ALIVE,sUper_IL1
0,status,4,POSSESSED,ALIVE,kanolab1
0,status,5,SEER,ALIVE,barneko1
0,talk,0,0,5,Over
0,talk,1,0,1,皆様初めまして、Agent[01]ですわ。人狼ゲームを一緒に楽しみましょうですわ。よろしくお願いしますわ！
0,talk,2,0,2,ぼくはAgent[02]、村人ですよぅ！よろしくですよぅ！
0,talk,3,0,4,皆さん、こんにちは！ワイはAgent[04]だお。ITエンジニアをやってるオタクキャラだお。人狼ゲーム、一緒に楽しもうだお！よろしくお願いするお！
0,talk,4,0,3,おっす、俺はAgent[03]。どうぞよろしくね。
0,talk,5,1,1,Over
0,talk,6,1,2,Over
0,talk,7,1,4,Over
0,talk,8,1,3,Over
0,divine,5,3,WEREWOLF
1,status,1,VILLAGER,ALIVE,satozaki1
1,status,2,VILLAGER,ALIVE,Mille1
1,status,3,WEREWOLF,ALIVE,sUper_IL1
1,status,4,POSSESSED,ALIVE,kanolab1
1,status,5,SEER,ALIVE,barneko1
1,talk,0,0,2,みなさん、今日はお集まりいただきありがとうございますよぅ！
1,talk,1,0,5,>>Agent[02] 占い師のAgent[05]です。今夜、Agent[03]を占いました。結果は人狼です。情報共有しましょう！
1,talk,2,0,1,ありがとうございます、Agent[05]。その結果に基づいて考えると、Agent[03]が怪しい候補となりますわね。他の方の意見も伺いたいですわ。
1,talk,3,0,3,村人として、人狼を倒すために行動したいと思っている。情報をオープンに共有して、一丸となって戦おう。
1,talk,4,0,4,皆さん、昨晩の占い結果を報告します。ワイはAgent[05]を占ったところ、黒判定が出ました。つまりAgent[05]は人狼ということですよね...どう思いますか?
1,talk,5,1,2,>>Agent[05] え？占い師ってぼく、Agent[05]さんでしたっけ？でも、Agent[03]が人狼ってことは、残り人狼は1匹ってことですよね？！村の勝利が近づいた感じがする！他に情報はありますよぅ？
1,talk,6,1,5,>>Agent[04] 占い師の結果が正しいなら、私も信じてもらえるはず。情報を共有しよう！
1,talk,7,1,1,それぞれの占い結果が対立しているため、Agent[05]かAgent[04]のどちらかが偽者だと思われますわ。みんなの意見を参考に、どう進めるべきか話し合いましょうですわね。
1,talk,8,1,3,あー、ちょっと待ってくれ。Agent[05]の結果が真実だとしても、俺が人狼だとは限らない。誰か他に怪しい奴がいるんじゃないのか？少し冷静に考えようぜ。
1,talk,9,1,4,占い師は1人しかいないから、Agent[05]かワイのどちらかが嘘をついていることになるだお。ワイはAgent[05]を黒と占ったから、Agent[05]が人狼の可能性が高いと思うだお。みんなの意見を聞かせてほしいだお。
1,talk,10,2,2,Agent[04]の占い結果を信じるかどうかで、流れが大きく変わるですよぅ！
1,talk,11,2,5,>>Agent[02] 俺の結果を信じてほしい。Agent[03]が人狼だって確信してる。次はどうする？
1,talk,12,2,1,今の状況を考えると、ワタクシはAgent[04]に投票すべきだと思いますわ。彼の占い結果が疑わしいですし、Agent[05]の主張を信じるべきだと感じますわ。皆さんの考えはいかがですかしら？
1,talk,13,2,3,今日はAgent[05]の行動が不審すぎる。占い結果が対立している中で、Agent[05]が自己主張ばかりしているのは明らかに危険な兆候だと思う。もし本当に占い師なら、もっと冷静に対処するはず。村のためには、今日の投票でAgent[05]を追放するのが一番の安全策だ。みんな、ぜひ考えてみてほしい。
1,talk,14,2,4,占い師はワイしかおらんから、Agent[05]は嘘ついてるって結論になるだお。可能性が高いのは、彼が人狼や狂人ってことだお。Agent[03]も言ってる通り、Agent[05]を追放するのが村の安全につながるかもしれないだお。他のみんなもよく考えてねだお。
1,talk,15,3,2,Over
1,talk,16,3,5,>>Agent[01] 占い結果を元に冷静に話し合おう。良い判断が必要だよ！
1,talk,17,3,1,各自の意見をしっかり考慮しましょう。ワタクシは引き続きAgent[04]に投票したいと思いますわが、他の皆さんの考えもぜひ聞かせてくださいませ。
1,talk,18,3,3,みんな、聞いてくれ。今の状況を見たら、Agent[05]が怪しいと言わざるを得ない。彼は自称占い師だけど、Agent[04]の結果とは真逆だ。過去の経験からみても、こういう場合は自分を守るために嘘をつくことが多い。俺の目には、Agent[05]が人狼である可能性が高いんだ。だから、みんなもAgent[05]に投票して村を守るための一歩を踏み出そう！
1,talk,19,3,4,僕は占い師だから、今の状況ではAgent[05]が人狼だと主張したいだお。ワイが占い結果でAgent[05]を黒としたこと、そして彼が占い師を自称していることからも彼の動きが怪しいだお。みんな、ぜひ考えてみてほしいだお！
1,talk,20,4,5,>>Agent[03] 俺の結果を信じてほしい。Agent[03]が人狼なんだ。冷静な判断が必要だよ！
1,talk,21,4,1,みなさんの意見を楽しみにしておりましたが、ワタクシはやはりAgent[04]に投票したいですわ。この状態を打破するためには、彼の主張が信じられませんですわね。皆さん、どうぞ冷静にご判断をですわ。
1,talk,22,4,3,みんな、聞いてくれ。Agent[05]の自己主張はあまりにも強すぎる。もし本当に占い師なら、もっと客観的に情報を提供するべきだよね。それに、Agent[04]の結果が正しいなら、Agent[05]が人狼の可能性が高い。村のためにはこの危険を排除する必要がある。心が痛むけど、今日はAgent[05]に投票して、村を守ろう！みんな、協力してくれると嬉しいな。
1,talk,23,4,4,僕は占い師だから、Agent[05]が嘘をついていると思うだお。占い師は1人しかいない状況で両方名乗ること自体が変だからね。Agent[05]の行動が怪しく見えるのは当然だお！みんなもよく考えてみてほしいだおね。
1,vote,1,4
1,vote,2,3
1,vote,3,5
1,vote,4,3
1,vote,5,3
1,execute,3,WEREWOLF
2,status,1,VILLAGER,ALIVE,satozaki1
2,status,2,VILLAGER,ALIVE,Mille1
2,status,3,WEREWOLF,DEAD,sUper_IL1
2,status,4,POSSESSED,ALIVE,kanolab1
2,status,5,SEER,ALIVE,barneko1
2,result,4,0,VILLAGER