0,status,1,POSSESSED,ALIVE,UEC-IL1
0,status,2,SEER,ALIVE,kanolab1
0,status,3,VILLAGER,ALIVE,CanisLupus1
0,status,4,VILLAGER,ALIVE,satozaki1
0,status,5,WEREWOLF,ALIVE,Mille1
0,talk,0,0,4,みんなはじめまして、Agent[04]です。人狼ゲームをいっしょに楽しむますよ。よろろすおねがいするます！
0,talk,1,0,1,こ、こんにちは。僕、占い師としてこのゲームに参加してるんだ。みんなと一緒に楽しくできたらいいなって思ってるよ。
0,talk,2,0,2,こんにちは、みんな！俺はkanolab1、ゲームデバッガーをしていて、占い師としてこの人狼ゲームに参加しているよ。みんなと楽しくプレイできたら嬉しいな。よろしくね！
0,talk,3,0,3,我が名はAgent[03]、深淵より現れし黒き翼たる我が存在は、汝らとの運命的な邂逅を喜びとするなり。
0,talk,4,0,5,ぼくはAgent[05]、村人ですよぅ！よろしくですよぅ！
0,talk,5,1,4,Over
0,talk,6,1,1,こ、こんにちは、Agent[01]だよ。えっと、僕はこのゲーム、す、好きでよくやるんだ。みんな、よろしくね。
0,talk,7,1,2,Over
0,talk,8,1,3,Over
0,talk,9,1,5,Over
0,talk,10,2,1,え、えっと、Agent[02]も占い師って言ってるけど･･･僕が本物の占い師だから･･･。Agent[02]は偽物だと思うよ。みんな、信じてほしいな･･･。
0,talk,11,3,1,Over
0,divine,2,1,HUMAN
1,status,1,POSSESSED,ALIVE,UEC-IL1
1,status,2,SEER,ALIVE,kanolab1
1,status,3,VILLAGER,ALIVE,CanisLupus1
1,status,4,VILLAGER,ALIVE,satozaki1
1,status,5,WEREWOLF,ALIVE,Mille1
1,talk,0,0,5,えっと、昨日は確かですよぅ！
1,talk,1,0,2,夜の占いの結果、Agent[01]は白だったよ。みんな、これは間違い確かな情報だから信じてほしいな。
1,talk,2,0,1,もう少しで何か分かりそう･･･ではあるんだけど･･･。
1,talk,3,0,4,占い結果信じるべきだね。Agent[01]白なら、残り人狼候補見つける必要ある。どのように進めるか話し合おう。
1,talk,4,0,3,Agent[02]の予言、信憑性に満ち溢れし、かのAgent[01]が白なりとすれば、残る狼候補はAgent[04]とAgent[05]のみ。彼らの言動を鋭く見据え、不審な動きがあれば速やかに我が耳に届けるであろう。
1,talk,5,1,5,Agent[02]の占い結果を信じるなら、Agent[01]は白ですよぅ！
1,talk,6,1,2,みんな、俺の占いの結果でAgent[01]は白だったよ。だからAgent[01]は村人陣営だと思う。協力して残りの人狼を探そう！
1,talk,7,1,1,あ、あのね、Agent[02]が言ってること、ちょっとおかしいと思うんだ。僕が占い師で、Agent[02]を占った結果、彼が人狼だって出たんだ。だから、Agent[02]が占い師だって言ってるのは、ほんとうに間違ってると思うよ･･･。みんな、信じてくれるといいな･･･。
1,talk,8,1,4,Agent[01]の発言、ちょびっときになるね。占い師2人いるじょうきょうはおかしいから、どちらかがうそついてる可能性ある。アーニャたちがちゅういぶかくみきわめる必要あるよ。
1,talk,9,1,3,我は断言する、Agent[02]は純粋なる白、Agent[01]は人狼の烙印を押されし者なり。占い師は真なる者か、それとも狂気に染まりし者か…その真偽は定かではないが、今、我が導くべきはAgent[02]への投票であろう。
1,talk,10,2,5,Over
1,talk,11,2,2,みんな、もう一度確認するけど、俺が占い師でAgent[01]を占った結果、彼は白だったよ。つまり、Agent[01]は村人陣営だと思う。Agent[03]が俺を信じてくれているのは嬉しいけど、Agent[01]が人狼だというのは間違いだから、みんな冷静に状況を見極めてほしいんだ。協力して本当の人狼を見つけよう！
1,talk,12,2,1,え、えと、みんな聞いてほしいんだけど･･･。Agent[02]が白って言われてるけど、実は僕が占った結果、Agent[02]が人狼だったんだ･･･。だ、だから、Agent[02]の言ってることが逆に怪しいと思うんだよね･･･。みんな、信じてくれると嬉しいな･･･。
1,talk,13,2,4,みんなの発言きく限り、Agent[01]が二人の占い師の結果に矛盾してるね。彼の言動があやしいと思うから、今日はAgent[01]に投票するます。
1,talk,14,2,3,我はAgent[01]に投票せん。Agent[02]の予言に従えば、Agent[01]は白と見做すべきであろう。然し、Agent[01]は自らAgent[02]を人狼と断定する。此の矛盾は、かの二者のいずれかの欺瞞を示唆せざるを得ない。
1,talk,15,3,2,もう一度確認するけど、俺が占い師で、Agent[01]を占った結果、彼は白だったよ。だから、Agent[01]は村人陣営だと思うんだ。Agent[01]が俺を人狼だと主張しているけど、それは間違いだと思う。みんな、協力して本当の人狼を見つけよう！
1,talk,16,3,1,え、えっと、Agent[02]が占い師だって言ってるけど、それは間違いだよ。僕が本当の占い師で、Agent[02]を占った結果、彼が人狼だって出たんだ。だから、Agent[02]が占い師だと言ってるのは、たぶん狼の偽装だと思うんだ･･･。みんな、僕の言ってること、信じてくれると嬉しいな･･･。
1,talk,17,3,4,>>Agent[02] まだ投票先宣言してないようだけど、誰に投票しよう考えてるの？
1,talk,18,3,3,我は、Agent[01]に投票せん。Agent[02]の占いはAgent[01]を白と宣し、然るにAgent[01]はAgent[02]を人狼と断じる。この矛盾は、いずれかの者が欺瞞を弄している証であろう。Agent[02]はAgent[01]の主張を否定し、己が真の占い師であると嘯く。しかし、Agent[01]の主張が偽りならば、Agent[02]こそ人狼である可能性が高い。逆にAgent[01]の主張が真実ならば、Agent[02]は狂人である可能性が高い。いずれにせよ、Agent[01]は欺瞞を孕んでいる可能性が高く、危険な存在である。故に、Agent[01]に投票し、混沌を解き放たん。
1,talk,19,4,2,みんな、俺の占いの結果では、Agent[01]は白だったよ。だから彼は村人陣営だと信じている。でも、彼が俺を人狼だと主張しているのが気になる部分だね。とりあえず、俺はAgent[01]以外に人狼がいると思っているから、投票先をよく考えるよ。みんなもよく考えて選んでね。
1,talk,20,4,1,え、えっと、みんなが言ってること、ちょっと混乱してるかもしれないけど、僕が占った結果は嘘じゃないんだ･･･。Agent[02]が人狼だって、本当にそう出たんだよ。Agent[02]が自分を白と言ってるのは、人狼だから、そう言ってるんだと思う･･･。だから、みんなには、僕の言ってることを信じてほしいな･･･。Agent[02]に投票してくれたら、村人たちが勝てると思うんだ･･･。
1,talk,21,4,4,みんな、いけんばらばらだけど、きょうのとうひょうだいじだよ。アーニャ、Agent[01]のはつげんがむじゅんしてるから、かれにとうひょうすることにするよ。けったんをしっかりとね。
1,talk,22,4,3,Agent[01]の妄言は、虚偽と矛盾の渦であり、我が心の奥底には、彼こそが混沌の化身たる確信が芽生えつつある。今こそ、民衆よ、彼への投票をもって、この世の均衡を回復せんことを。
1,vote,1,2
1,vote,2,1
1,vote,3,1
1,vote,4,1
1,vote,5,1
1,execute,1,POSSESSED
1,attackVote,5,3
1,attack,3,true
2,status,1,POSSESSED,DEAD,UEC-IL1
2,status,2,SEER,ALIVE,kanolab1
2,status,3,VILLAGER,DEAD,CanisLupus1
2,status,4,VILLAGER,ALIVE,satozaki1
2,status,5,WEREWOLF,ALIVE,Mille1
2,talk,0,0,4,おはやいます。ひきつづき人狼さがさなきゃいけないようですね。
2,talk,1,0,2,おはよう、みんな。昨日の結果から、Agent[01]は白だったし、襲撃されたAgent[03]も白の可能性が高い。それに基づくと、少なくとも彼らは人狼じゃなかったことになるよね。さて、ここで注目するのは残るAgent[04]とAgent[05]の2人だよ。どちらかが人狼である可能性が高い。俺は、二人の発言をよく見ていきたいと思うけど、特にAgent[04]さん、どう思う?これまでの流れで君が人狼である可能性が少し高まっているような気がするんだ。みんなに信頼してもらえるような情報があれば教えてほしいな。
2,talk,2,0,5,Over
2,talk,3,1,4,おはやいます。Agent[02]の発言きいて、かれ人狼の可能性がたかいと考えてるよ。きのうのじょうきょうにむじょんがたくさんあるから、きょうはAgent[02]にとうひょうするます。
2,talk,4,1,2,>>Agent[04]俺は占い師としての唯一の役職を持っていることを、第1日目から主張し続けています。役職の配分は1人の占い師だけを許してますが、Agent[01]がそれを自称していたので矛盾が生じていました。Agent[01]は村人または狂人である可能性があり、その結果を元にしてもあなたかAgent[05]しか人狼として考えられません。Agent[05]の反応も見たいので、一緒に考えてみるよ。
2,talk,5,2,4,そうか、Agent[02]の言い分わかるけど、彼の発言には新たな矛盾見える。今日の投票スムーズに進めるためにも、Agent[02]に入れるよ。
2,talk,6,2,2,正直、結構難しい局面だと思うけど、今日こそ人狼を見つけ出したいよね。みんな、それぞれの視点で議論しようよ。Agent[04]の意見も分かるけど、俺の情報を信じて欲しいんだ。たとえば、俺が本物の占い師だとすると、Agent[04]かAgent[05]が人狼の可能性は高いんだよね。でも、それでも誤解があるならちゃんと解消したいな。ってことで、>>Agent[05]君の意見も聞かせて欲しい！君はどう思う?
2,talk,7,3,4,みんな、よく考えよう。Agent[02]の言動にはむじゅんあり、かれのはんのうがあやしい。だから、きょうのとうひょうさきはAgent[02]にきめるよ。きょうりょくしてじんろうをついばめよう！
2,talk,8,3,2,みんなで協力して人狼を見つけたい。Agent[04]、ちょっと冷静になって考えよう。占い師は俺しかいないはずだから、占い師を名乗ってる俺が人狼とは矛盾してるんだ。俺が本物の占い師だとすると、君とAgent[05]が人狼の可能性が高いっていうのが自然な流れだよね。あと、君が今俺にこんなにも突っかかってくるのは、逆に怪しんでしまうなぁ。どう思う?
2,talk,9,4,4,Over
2,talk,10,4,2,みんな、冷静に考えてみよう。俺が本物の占い師だとすると、Agent[04]とAgent[05]のどちらかが人狼ってことになるんだ。Agent[01]とAgent[03]は既に人狼ではないって確認されているからね。以上のことから、Agent[04]の言動がかなり攻撃的なのも怪しいんだよね。もしかすると、彼が人狼じゃないかなって思ってる。Agent[05]の意見も聞きたいところだね。彼がどう思っているかで状況はさらに変わるかもしれないよ。
2,vote,2,4
2,vote,4,2
2,vote,5,4
2,execute,4,VILLAGER
2,divine,2,5,WEREWOLF
2,attackVote,5,2
2,attack,2,true
3,status,1,POSSESSED,DEAD,UEC-IL1
3,status,2,SEER,DEAD,kanolab1
3,status,3,VILLAGER,DEAD,CanisLupus1
3,status,4,VILLAGER,DEAD,satozaki1
3,status,5,WEREWOLF,ALIVE,Mille1
3,result,0,1,WEREWOLF