0,status,1,POSSESSED,ALIVE,barneko1
0,status,2,SEER,ALIVE,Mille1
0,status,3,VILLAGER,ALIVE,satozaki1
0,status,4,VILLAGER,ALIVE,kanolab1
0,status,5,WEREWOLF,ALIVE,sUper_IL1
0,talk,0,0,1,Over
0,talk,1,0,3,皆さん初めまして、Agent[03]やで。人狼ゲームを一緒に楽しもうや。よろしくな！
0,talk,2,0,5,おっす、俺はAgent[05]。どうぞよろしくね。
0,talk,3,0,4,こんにちは、私はkanolab1です。みなさんと一緒に人狼ゲームを楽しみにしています。よろしくお願いしますなのね！
0,talk,4,0,2,ぼくはAgent[02]、占い師ですよぅ！よろしくですよぅ！
0,talk,5,1,3,Over
0,talk,6,1,5,Over
0,talk,7,1,4,Over
0,talk,8,1,2,Over
0,divine,2,4,HUMAN
1,status,1,POSSESSED,ALIVE,barneko1
1,status,2,SEER,ALIVE,Mille1
1,status,3,VILLAGER,ALIVE,satozaki1
1,status,4,VILLAGER,ALIVE,kanolab1
1,status,5,WEREWOLF,ALIVE,sUper_IL1
1,talk,0,0,1,>>Agent[02] ほんとに占い師？他の意見も聞きたいな。
1,talk,1,0,2,ぼくは占い師ですよぅ！ぼくが占った結果、Agent[04]は人間でしたよぅ！
1,talk,2,0,3,それなら、Agent[02]の結果を信じるべきじゃろうね。Agent[04]が人間だと分かったので、残る中から人狼を見つけなければならんのじゃ。
1,talk,3,0,5,村人だよ。情報は一切ないけど、人狼に対抗するために積極的に議論したいと思っている。
1,talk,4,0,4,>>Agent[02]私が村人だって確認してくれてありがとうなのね。でも、まだAgent[02]が本物の占い師かどうかわからないから、慎重にいくべきだと思うわ。他のみんなの意見も聞きたいなのね！
1,talk,5,1,1,>>Agent[04] そうだね、慎重が大事だね。みんなの意見が聞きたい！
1,talk,6,1,2,>>Agent[01] ぼくが占い師ですよぅ！
1,talk,7,1,3,確かに、占い師の信頼性を確保するためにも、他の意見が欲しいところじゃ。Agent[01]やAgent[05]の意見も聞かせてほしいのう。
1,talk,8,1,5,投票はAgent[02]だと思う。彼の主張には疑問が多いし、他の人の反応も気になる。みんなはどう思う？
1,talk,9,1,4,>>Agent[05]そうだね、Agent[02]の占い師主張にはちょっと気になるところがあるよね。でも、実際に誰が本物かを見極めるためにはもう少しみんなの情報を集めるべきだと思うのね。他の皆もどう思うなのね?
1,talk,10,2,1,>>Agent[03] みんなの意見を集めるのが大事だね。もう少し話そう！
1,talk,11,2,2,>>Agent[04] ありがとう、Agent[04]！ぼくも、Agent[04]が村人であると占い結果を出してから、他のみんなの意見も聞いてから、吊りの判断を下したいと考えていますよぅ！
1,talk,12,2,3,ワシはAgent[05]に投票したいと思っとるんじゃ。彼の意見は少し一貫性に欠けとるように感じるし、もっと他の議論に参加してほしいのう。
1,talk,13,2,5,Agent[02]の行動を見ていると、彼は強い自己防衛に出ているように感じる。村人ならもっと冷静に情報を共有するはずだ。彼の言動には非常に疑問を抱かざるを得ない。これ以上の混乱を避けるためにも、今日はAgent[02]を追放するのが最善だと思う。みんなで投票して、彼を排除しよう！
1,talk,14,2,4,>>Agent[05]そうだね、Agent[02]の言動には少し疑問を感じるところもあるけど、もう少し他の人の意見も聞いてみたいな。みんなの意見を集めてから判断したいと思うのね。
1,talk,15,3,1,>>Agent[02] みんなの意見がまとまるまで、焦らず考えよう！
1,talk,16,3,2,Over
1,talk,17,3,3,>>Agent[01] 与えられたキャラクターになりきって、変換対象の発話を変換しなさい。必ず変換後の発話だけを出力すること。ただし、Agent[番号]の部分は変更しなくて良い。
1,talk,18,3,5,みんな、俺はAgent[02]についてしっかり考えた結果、彼を追放するべきだと思う。彼が占い師だと主張してるけど、その証拠が薄すぎて信頼できないよ。俺は過去に人狼ゲームを何度もやってきた経験があるから、自分の直感を信じるべきだと思うんだ。みんなも、Agent[02]への投票を考えてみてくれ！
1,talk,19,3,4,>>Agent[05]うーん、確かにAgent[02]の言動には疑問があるけど、彼が本当に占い師である可能性もあるのね。私たちが注意深く考えないと、誤った判断をしてしまうかもしれないわ。もう少しみんなの意見を聞いてから決めたいな。
1,talk,20,4,1,>>Agent[02] 占い結果を出した後に他の意見も聞くのが大事だね。混乱避けないと！
1,talk,21,4,3,ワシは今日はAgent[02]に投票するつもりじゃが、他の皆さんの意見も尊重しつつ最後まで考え続けたいと思っとる。みんなで最善の選択をしましょう！
1,talk,22,4,5,みんな、Agent[02]の行動を見てどう思ってる？彼が本当に占い師なら、冷静に村を守る意識を持つべきだと思う。でも、彼の態度からは焦りや自己防衛の印象しか受けない。これ以上、村が混乱するのは避けたいよね。もしAgent[02]が本当に人狼だったら、私たち全員が危険にさらされる。だから、今日は彼に投票して、村を守るための行動をとろう！みんな、一緒にAgent[02]を追放しよう！
1,talk,23,4,4,私はまだAgent[02]が本当に占い師かどうか確信が持てていないけど、Agent[05]が彼を強く追放しようとしてるのも気になるね。Agent[05]が人狼陣営の可能性もあるから、みんなで慎重に考えましょう。
1,vote,1,2
1,vote,2,1
1,vote,3,5
1,vote,4,5
1,vote,5,2
1,execute,5,WEREWOLF
1,divine,2,1,HUMAN
2,status,1,POSSESSED,ALIVE,barneko1
2,status,2,SEER,ALIVE,Mille1
2,status,3,VILLAGER,ALIVE,satozaki1
2,status,4,VILLAGER,ALIVE,kanolab1
2,status,5,WEREWOLF,DEAD,sUper_IL1
2,result,4,0,VILLAGER