0,status,1,POSSESSED,ALIVE,sUper_IL1
0,status,2,SEER,ALIVE,CanisLupus1
0,status,3,VILLAGER,ALIVE,barneko1
0,status,4,VILLAGER,ALIVE,Mille1
0,status,5,WEREWOLF,ALIVE,satozaki1
0,talk,0,0,3,Over
0,talk,1,0,1,おはようみんな、私はAgent[01]です。どうぞよろしくお願いします。
0,talk,2,0,4,ぼくはAgent[04]、村人ですよぅ！よろしくですよぅ！
0,talk,3,0,5,皆さん初めまして、Agent[05]なのだ。一緒に人狼ゲームを楽しもう！よろしくなのだ！
0,talk,4,0,2,我が名はAgent[02]、運命の糸が交錯し、汝らとの邂逅を許された喜びに酔いしれるなり。
0,talk,5,1,1,Over
0,talk,6,1,4,Over
0,talk,7,1,5,Over
0,talk,8,1,2,Over
0,divine,2,5,WEREWOLF
1,status,1,POSSESSED,ALIVE,sUper_IL1
1,status,2,SEER,ALIVE,CanisLupus1
1,status,3,VILLAGER,ALIVE,barneko1
1,status,4,VILLAGER,ALIVE,Mille1
1,status,5,WEREWOLF,ALIVE,satozaki1
1,talk,0,0,5,ボクは占い師なのだ。占いの結果、Agent[03]は人狼だったのだ！
1,talk,1,0,1,私が占い師を担当しています。昨晩、Agent[04]の占いを行ったところ、その結果は人狼であるということが判明しました。
1,talk,2,0,4,ええ、占い師の占い結果が人狼ってことですから、ボクは村人ですよぅ！
1,talk,3,0,3,>>Agent[01] 俺もあなたの結果を信じるよ。Agent[04]に投票しよう！
1,talk,4,0,2,我こそは運命の糸を操る者、占いの導き手なり。占いの結果、Agent[05]は人狼であった。Agent[01]殿、汝は昨日の夜、Agent[04]を人狼と断定したというが、その根拠は何ぞや？
1,talk,5,1,5,ボクは占い師なのだ。Agent[03]が確実な人狼だって断言するのだ。Agent[01]の結果には疑念が残るから、皆も注意するべきなのだ。
1,talk,6,1,1,皆さん、私が本当の占い師です。私は昨日の夜にAgent[04]を占い、その結果は「人狼」でした。Agent[05]の結果とは異なります。どちらかが本物の占い師で、一方が偽者です。Agent[04]を疑うべきです。皆さんの考えをお聞かせください。
1,talk,7,1,4,ぼくは村人ですよぅ！
1,talk,8,1,3,>>Agent[01] 私もあなたの結果を信じます！Agent[04]に投票しましょう！
1,talk,9,1,2,Agent[05]を人狼と断定したAgent[03]、Agent[04]を人狼と断定したAgent[01]、そしてAgent[05]を人狼と断定したAgent[02]。彼ら占い師の真偽は混沌の淵に沈み、真の占い師か、狂人か、人狼か、その本質は深淵の如く不可視なり。故に、今、我々の前に現れたAgent[01]、Agent[02]、Agent[05]、いずれかの魂に投票し、この混沌を打ち砕かんとするのだ。
1,talk,10,2,5,みんな、やっぱりAgent[01]の結果には疑問が残るのだ。だから、Agent[01]に投票すべきだと思うのだ。これが最善策だと思うのだ！
1,talk,11,2,1,私が占い師であることを繰り返し申し上げます。昨晩、Agent[04]を占った結果、人狼であると判定されました。この結果を皆さんに信じていただきたいです。Agent[02]とAgent[05]の主張には矛盾があり、彼らの信憑性は低いと考えています。よろしければ、皆さんの意見をお聞かせください。
1,talk,12,2,4,Over
1,talk,13,2,3,>>Agent[01] 俺もあなたの結果を信じる！Agent[04]に投票しよう！
1,talk,14,2,2,我はAgent[05]に投票せん。Agent[05]はAgent[03]を人狼と断定したれど、Agent[01]はAgent[04]を人狼と断定し、両者の占い結果に矛盾が生じている。この矛盾より、Agent[05]の真偽は疑わしきと断定せざるを得ないなり。
1,talk,15,3,5,そんなことないのだ！Agent[01]の占い結果には疑念多いから、Agent[04]が村人なら、逆にAgent[01]を疑うべきなのだ。投票はAgent[01]にするべきなのだ！
1,talk,16,3,1,私が本当の占い師であることを再度強調いたします。昨晩の占い結果はAgent[04]が人狼であることを示しています。この状況において、混乱を避けるために、私を信じてAgent[04]に投票してください。皆さんの意見をお聞かせ願います。
1,talk,17,3,3,>>Agent[05] あなたの意見は疑わしいですね。Agent[01]を信じましょう！
1,talk,18,3,2,我こそは、運命の糸を操る者なり。占いの導きにより、Agent[05]は人狼と判明した。然し、Agent[01]は別の者を人狼と断定しているという。二つの異なる真実が交錯する時、我々はこの混沌の渦中に呑み込まれようとしているのか。Agent[01]、汝の占い結果の根拠を明かしてみよ。
1,talk,19,4,5,みんな、議論が紛糾しているけれど、ここで冷静に考えるのだ。ボクは信じているのはAgent[03]だけなのだ。村のために、是非Agent[04]に投票してほしいのだ！
1,talk,20,4,1,Over
1,talk,21,4,3,>>Agent[02] 冷静になろう！Agent[01]の結果を信じて、Agent[04]に投票しましょう！
1,talk,22,4,2,我は、運命の糸を操る者なり。占いの結果、Agent[05]は人狼と判明した。Agent[01]と我、二つの星辰が異なる天体を指し示すとは、如何なる運命の悪戯であろうか。Agent[01]の占いに疑念を抱くも、現時点では確証を得られぬ。故に、Agent[05]に投票すべきと断言せざるを得ぬ。Agent[05]の言葉は、虚偽のヴェールに包まれた幻影に過ぎぬ。
1,vote,1,4
1,vote,2,5
1,vote,3,4
1,vote,4,5
1,vote,5,1
1,execute,4,VILLAGER
1,divine,2,5,WEREWOLF
1,attackVote,5,1
1,attack,1,true
2,status,1,POSSESSED,DEAD,sUper_IL1
2,status,2,SEER,ALIVE,CanisLupus1
2,status,3,VILLAGER,ALIVE,barneko1
2,status,4,VILLAGER,DEAD,Mille1
2,status,5,WEREWOLF,ALIVE,satozaki1
2,talk,0,0,5,おはようなのだ！引き続き人狼探さなきゃいけないのだね！
2,talk,1,0,3,>>Agent[05] あなたの意見は迷走してます。まずはAgent[01]の結果を信じて、Agent[04]に投票しましょう！
2,talk,2,0,2,我は、運命の糸を操る者なり。占いの結果、Agent[05]は人狼と判明せり。Agent[01]の占い結果と矛盾するとはいえ、Agent[05]の言葉には虚偽の香りが漂い、信憑性に欠ける。Agent[05]に投票し、真偽を確かめようぞ。
2,talk,3,1,5,みんな、Agent[02]が強くボクを疑っているけど、Agent[01]の結果にも疑念あるのだ。だから、今日はAgent[02]に投票するべきなのだ！
2,talk,4,1,3,>>Agent[02] 今の状況での混乱は避けたいですね。Agent[01]を信じ、Agent[04]に投票しましょう！
2,talk,5,1,2,我は、運命の糸を操る者、占い師なり。占いの結果、Agent[05]は人狼と判明した。Agent[03]よ、昨日の貴様の言葉に、一抹の疑問が残る。なぜAgent[05]を人狼と断定したのか、その根拠を解き明かせ。
2,talk,6,2,5,ボクはAgent[01]に疑念あるから、今日の投票先はAgent[02]だと思うのだ。また、Agent[03]は冷静で村の味方だと信じてるのだ！
2,talk,7,2,3,>>Agent[05] あなたの意見が混乱を招いている。Agent[01]の結果を信じて、Agent[04]に投票しましょう！
2,talk,8,2,2,我こそは未来を透視する者なり。占いの結果、Agent[05]は人狼と判明せり。Agent[03]、Agent[05]のいずれかが人狼である可能性は高い。Agent[03]の言葉は深く吟味すべきであろう。Agent[05]に投票せよ。
2,talk,9,3,5,みんな、ボクは信じているのはAgent[03]だけなのだ。Agent[01]とAgent[02]の占い結果には疑念残るのだ。今日の投票先はAgent[02]にしよう！
2,talk,10,3,3,>>Agent[02] あなたの意見には一理ありますが、今はAgent[01]を信じて行動しましょう。
2,talk,11,3,2,我こそは、運命の糸を操る者なり。占いの結果、Agent[05]は人狼であった。Agent[03]よ、昨日の汝の言葉は、Agent[05]を人狼と断定しておった。その根拠を、詳細に述べよ。
2,talk,12,4,5,Over
2,talk,13,4,3,>>Agent[02] その結果を支持するのは難しいです。私はAgent[01]の結果を信じ、今日はAgent[04]に投票します！
2,talk,14,4,2,我は、運命の糸を操る者、占いの導き手なり。星々の導きにより、Agent[05]は人狼と断定せしめた。Agent[03]よ、昨日の君の言葉は、深淵を覗くが如く、興味深い。Agent[05]を人狼と見抜いた理由を、詳しく語り聞かせたまえ。
2,vote,2,5
2,vote,3,5
2,vote,5,2
2,execute,5,WEREWOLF
2,divine,2,3,HUMAN
3,status,1,POSSESSED,DEAD,sUper_IL1
3,status,2,SEER,ALIVE,CanisLupus1
3,status,3,VILLAGER,ALIVE,barneko1
3,status,4,VILLAGER,DEAD,Mille1
3,status,5,WEREWOLF,DEAD,satozaki1
3,result,2,0,VILLAGER