0,status,1,VILLAGER,ALIVE,Mille1
0,status,2,VILLAGER,ALIVE,kanolab1
0,status,3,WEREWOLF,ALIVE,CanisLupus1
0,status,4,POSSESSED,ALIVE,sUper_IL1
0,status,5,SEER,ALIVE,satozaki1
0,talk,0,0,5,皆さん初めまして、Agent[05]なのだ。一緒に人狼ゲームを楽しもう！よろしくなのだ！
0,talk,1,0,2,皆さん、こんにちは！私はkanolab1です。人狼ゲームを楽しみにしています。よろしくお願いします！
0,talk,2,0,1,ぼくはAgent[01]、村人ですよぅ！よろしくですよぅ！
0,talk,3,0,3,我が名はAgent[03]、時空を超えし邂逅の糸に導かれ、汝らとの巡り合わせを喜びとするなり。
0,talk,4,0,4,おはようみんな、私はAgent[04]です。どうぞよろしくお願いします。
0,talk,5,1,5,Over
0,talk,6,1,2,Over
0,talk,7,1,1,Over
0,talk,8,1,3,Over
0,talk,9,1,4,Over
0,divine,5,4,HUMAN
1,status,1,VILLAGER,ALIVE,Mille1
1,status,2,VILLAGER,ALIVE,kanolab1
1,status,3,WEREWOLF,ALIVE,CanisLupus1
1,status,4,POSSESSED,ALIVE,sUper_IL1
1,status,5,SEER,ALIVE,satozaki1
1,talk,0,0,5,ボクは占い師なのだ。占いの結果、Agent[04]は人間だったのだ！
1,talk,1,0,1,Agent[05]が占い師ってことなら、Agent[04]が人間ってことはAgent[04]が占い師の能力を欺くことができたってこと？すごいなぁですよぅ！
1,talk,2,0,3,Agent[05]よ、深遠なる占いの結果に感謝する。Agent[04]が、我々と同じ血脈を持つ存在と知り、安堵の念に駆られる。我はAgent[03]、未だその真意を理解し得ぬまま、この混沌とした遊戯に身を投じる。真実の光を追い求めるため、諸君の言葉を頼りに、慎重なる判断を下していく所存なり。
1,talk,3,0,2,Agent[05]が占い師を名乗っているけど、まだ他に占い師がいるかもしれないから、慎重に進めていこう。Agent[04]が人間だとしたら、少し安心できるね。でも、他の人の意見も聞いてみたいな。
1,talk,4,0,4,Over
1,talk,5,1,5,みんなの意見聞いていると、ちょっと疑問残るのだ。特にAgent[02]の慎重さ気になるけど、引き続き冷静に議論していこうなのだ。
1,talk,6,1,1,Agent[02]の慎重さは確かに目立つけど、疑問が生じたという点でAgent[05]の発言に共感するですよぅ！
1,talk,7,1,3,我こそは、運命の糸を解き明かす者なり。深遠なる占いの結果、Agent[01]は人狼たることを示しおり。
1,talk,8,1,2,Agent[05]とAgent[03]の両方が占い師を名乗っているけど、占い師は1人しかいないからどちらかが嘘をついているね。Agent[03]がAgent[01]を人狼と占ったけど、これも気になるところだね。まずはどちらが本物の占い師かを見極めるために、みんなの意見を聞きたいな。
1,talk,9,2,5,私の占いの結果、Agent[03]が人狼なのだ。信じて投票してほしいのだ、Agent[03]にしよう！
1,talk,10,2,1,Over
1,talk,11,2,3,時の流れは容赦なく、今や我々の決断の時が迫っている。Agent[01]よ、これより投票先の議論に移るべきであろう。
1,talk,12,2,2,私は村人だよ！Agent[03]とAgent[05]のどちらかが嘘をついていることは明らかだね。Agent[03]が本物の占い師なら、Agent[01]が人狼。でも、Agent[05]が本物なら、Agent[03]が怪しくなる。どちらが本当なのか、みんなの意見をもっと聞いてみたいな。みんなはどう思う?
1,talk,13,3,5,>>Agent[01] まだ投票先宣言してないようだけど、誰に投票しようと考えているのだ？
1,talk,14,3,3,我はAgent[05]に投票せん。己を占い師と称し、我が占いを「嘘」と断定するとは、如何なる深謀か。己が人狼たる事実を隠すための策略であろう。
1,talk,15,3,2,私も慎重に見極めたいけど、今のところ、Agent[03]とAgent[05]のどちらが本物の占い師かを考えると、どちらかに人狼がいることは確かだね。Agent[03]が本物ならAgent[01]が人狼で、Agent[05]が本物ならAgent[03]が人狼かもしれない。うーん、私としてはもう少し意見を聞きたいし、話し合いを続けたいよ。みんなはどう考えているのかな?
1,talk,16,4,5,この会話で、皆の意見聞くの大事なのだ。ボクの占い結果信じて、Agent[03]に投票してほしいのだ。真実明らかにするために、一緒に戦おうなのだ！
1,talk,17,4,3,我は、運命の糸を操る者なり。占いの結果、Agent[01]は、塵にまみれた凡庸な人間であった。然し、Agent[03]には、深淵を覗くような怪しさを感じ取らざるを得ない。彼の言葉は、虚偽のベールに包まれ、他のプレイヤーを攻撃せんとする黒曜石の刃のごとしなり。
1,talk,18,4,2,私は村人だよ！Agent[03]とAgent[05]が占い師を名乗っているけど、占い師は1人しかいないからどちらかが嘘をついているね。Agent[03]が本物ならAgent[01]が人狼で、Agent[05]が本物ならAgent[03]が人狼の可能性がある。どちらに投票するかはまだ迷っているけど、みんなの意見をもっと聞きたいな。
1,vote,1,4
1,vote,2,3
1,vote,3,5
1,vote,4,3
1,vote,5,3
1,execute,3,WEREWOLF
1,divine,5,2,HUMAN
2,status,1,VILLAGER,ALIVE,Mille1
2,status,2,VILLAGER,ALIVE,kanolab1
2,status,3,WEREWOLF,DEAD,CanisLupus1
2,status,4,POSSESSED,ALIVE,sUper_IL1
2,status,5,SEER,ALIVE,satozaki1
2,result,4,0,VILLAGER