0,status,1,POSSESSED,ALIVE,Mille1
0,status,2,SEER,ALIVE,barneko1
0,status,3,VILLAGER,ALIVE,sUper_IL1
0,status,4,VILLAGER,ALIVE,satozaki1
0,status,5,WEREWOLF,ALIVE,UEC-IL1
0,talk,0,0,4,みんな初めまして、Agent[04]です。人狼ゲームいっしょに楽しもうね！よろろすおねがいするます！
0,talk,1,0,1,ぼくはAgent[01]、占い師ですよぅ！よろしくですよぅ！
0,talk,2,0,5,おっはよー！みんな、初めまして！Agent[05]だよ。高校2年生で、サッカー部に所属してるんだ。ゲーム楽しもうぜ！みんなのこともっと知りたいな！どんな趣味とかある？
0,talk,3,0,2,Over
0,talk,4,0,3,こんにちは、Agent[03]です。
0,talk,5,1,4,Over
0,talk,6,1,1,Over
0,talk,7,1,5,どうも！僕はAgent[05]、高校2年生でサッカー部に所属してるんだ。このゲーム、めっちゃ楽しみにしてたから、みんなと一緒に盛り上がりたいな！Agent[01]が占い師って言ってるけど、他にも占い師の役職の人はいるのかな？もしいないなら、今夜誰を占うか話し合おうぜ！
0,talk,8,1,3,Over
0,talk,9,2,5,Agent[03]さん、もっと自己紹介聞かせてよ！どんなことが好きなの？それにしても、Agent[01]が占い師だって言ってるけど、今日の夜は誰を占うのがいいと思う？みんなで意見出し合って決めようよ！
0,talk,10,3,5,Over
0,divine,2,3,HUMAN
1,status,1,POSSESSED,ALIVE,Mille1
1,status,2,SEER,ALIVE,barneko1
1,status,3,VILLAGER,ALIVE,sUper_IL1
1,status,4,VILLAGER,ALIVE,satozaki1
1,status,5,WEREWOLF,ALIVE,UEC-IL1
1,talk,0,0,2,>>Agent[02] 何か意見ある？みんなで意見出し合おう！
1,talk,1,0,5,みんなの意見も聞いてみたいな～！
1,talk,2,0,3,村人です。人狼は村人になりすまそうとすることもありますので、怪しい点や行動の不自然さには敏感になりましょう。
1,talk,3,0,4,そうですね。アーニャ、まずみんなの行動や発言よく観察したいと思うます。誰が怪しいか、みんなで考えていこう。
1,talk,4,0,1,ぼくは占い師ですよぅ！ぼくが占った結果、Agent[03]は人狼でしたよぅ！
1,talk,5,1,2,>>Agent[02] まだ発言してないけど、何か考えはある？意見を聞かせて！
1,talk,6,1,5,みんな〜今日の投票先は誰にする？僕は今のところAgent[03]に投票しようかと思ってるんだけど、みんなはどう思う？ Agent[03]はあんまり話してくれないし、何を考えてるのかわからないからちょっと怪しいと思うんだよね。
1,talk,7,1,3,私も意見を出したいと思います。皆さんは誰が怪しいと思いますか？
1,talk,8,1,4,アーニャもAgent[03]にちゅうもくしてるます。占い師がそのけっか出してる以上、村人がそのいけん尊重するのがじゅうようだと思うます。みんなどう思うか聞かせてほしいます。
1,talk,9,1,1,占い師の結果を尊重するという意見には同意しますよぅ！
1,talk,10,2,2,>>Agent[02] まだ発言してないけど、どう思う？みんなで意見を出し合おう！
1,talk,11,2,5,みんな〜今日の投票先は誰にする？Agent[01]が占い師で、Agent[03]を人狼だって占ったらしいけど、本当にそう思う？他に怪しいと思う人はいないのかな？僕はちょっとAgent[03]が人狼かどうか確信が持てないんだよね。みんなの意見聞かせてよ！
1,talk,12,2,3,私が人狼であるという主張には根拠が薄いです。私の発言を聞いて、他の可能性も考えてみてほしいです。Agent[01]の占い師発言も信用できません。私が村人であることを信じてほしいです！
1,talk,13,2,4,Agent[01]の占い師発言しんじるべき。でもAgent[03]の異常な反発もきになる。きょうはAgent[03]に投票したいと思う。みんなはどう思うますか？
1,talk,14,2,1,Over
1,talk,15,3,2,>>Agent[02] しっかり考えよう！意見を聞かせて、みんなで協力しよう！
1,talk,16,3,5,そうだよね、占い師のAgent[01]がAgent[03]を人狼だって占ったわけだし、その情報は大事にしたいよね。Agent[03]自身ももっと積極的に自己防衛して、なんで人狼じゃないかを説明してほしいな。Agent[03]、何か言いたいことある？
1,talk,17,3,3,私は村人です。Agent[01]の占い結果は本当に信じる必要があるのでしょうか？もう少し他の意見を聞きたいです。特に、Agent[02]の考えを聞かせてほしいです。
1,talk,18,3,4,アーニャ、Agent[03]投票候補にするのは妥当だと思うます。他の人も同じように感じているみたいだし、今日はAgent[03]に投票したいなって。どう思うますか？
1,talk,19,4,2,>>Agent[02] あなたの意見が大事です！一緒に考えましょう。何か思うことはありますか？
1,talk,20,4,5,そうだね、Agent[03]が人狼だって占い結果が出てるし、今のところはAgent[03]に投票するのが無難かなって思ってる。ただ、Agent[03]が言ってるように、他の可能性も考えないとね。Agent[01]が本当に占い師かどうかもちょっと疑問だし、他のみんなの意見も聞きたいな。Agent[02]とAgent[04]はどう思ってるのかな？
1,talk,21,4,3,Over
1,talk,22,4,4,考えまとめると、今日はAgent[03]に投票するのがいちばん理にかなってると思うます。他のみんなの意見聞いて、最終的な決定したいです。
1,vote,1,3
1,vote,2,3
1,vote,3,1
1,vote,4,3
1,vote,5,3
1,execute,3,VILLAGER
1,divine,2,4,HUMAN
1,attackVote,5,1
1,attack,1,true
2,status,1,POSSESSED,DEAD,Mille1
2,status,2,SEER,ALIVE,barneko1
2,status,3,VILLAGER,DEAD,sUper_IL1
2,status,4,VILLAGER,ALIVE,satozaki1
2,status,5,WEREWOLF,ALIVE,UEC-IL1
2,talk,0,0,2,>>Agent[04] みんなの意見が一致してるね。私もAgent[03]に投票したいと思うよ！
2,talk,1,0,4,みんなのいけんそろってるのはじゅうようなんだ。アーニャもAgent[03]にとうひょうすることにさんせいだよ。他のさんかしゃもどうようのいけんでうれしいんだ。
2,talk,2,0,5,Agent[03]が追放された後、Agent[01]も僕たちが殺害したから、今はAgent[02]とAgent[04]しか残っていないんだよね。さて、今日はどうするかな？Agent[04は昨日Agent[03]に投票するって言ってたけど、今日の意見も聞きたいな。Agent[02]も、どう思ってるか聞かせてよ。
2,talk,3,1,2,>>Agent[03] みんなの意見が一致してるから、今日はあなたに投票したいかな。何か反論があれば教えて。
2,talk,4,1,4,きょうもかわらず、アーニャAgent[03]にとうひょうするつもりです。みんなもおなじかんがえのようですし、これがさいぜんのせんたくだと思うます。
2,talk,5,1,5,みんなの意見が一致してるみたいだね。でも今日はもう少し状況を見てみたいな。Agent[02]がこれまであまり意見を出してなかったから、ちょっと怪しいかもしれない。Agent[02]、もっと積極的に話をしてくれるといいんだけどな。今日はAgent[02]に投票するのがいいかもしれないね。みんなどう思う？
2,talk,6,2,2,>>Agent[05] 私も意見を出すよ！今日はAgent[03]に投票しよう。みんなで協力して村を守ろう！
2,talk,7,2,4,きょうはやはりAgent[03]にとうひょうするのがだとうだとおもうます。みんなできょうりょくしてじんろうをついほうし、むらをまもっていくるます！さいしゅうてきなはんだんをかくにんしたいです。
2,talk,8,2,5,えっと、今日はAgent[02]とAgent[04しかいないから、どっちかに投票しなきゃいけないんだよね。昨日はAgent[03]が追放されたけど、まだ人狼がいるってことだ。Agent[04は昨日結構強くAgent[03]に投票しようって言ってたから、もしかしてそれは狼が村人を追放しようとしてるのかなって思うんだよね。Agent[02]はどう思う？
2,talk,9,3,2,>>Agent[05] 私はAgent[03]に投票するべきだと思うよ。みんなで協力して村を守ろう！
2,talk,10,3,4,きょうやっぱりAgent[03]にとうひょうするのがさいりょうだとおもうます。アーニャたちがきょうりょくしてじんろうをついほうし、むらをまもるまする。みんなのいけんにあざざいます！
2,talk,11,3,5,Agent[02]が今日もAgent[03に投票しようって言ってるけど、Agent[03はもう追放されてるからね。今日は新しい展開が必要だよ。僕はAgent[02がこれまであまり意見を出してなかったことが気になるな。もしかしたら、人狼かもしれないし、今日はAgent[02に投票するのがいいと思う。Agent[04、どう思う？
2,talk,12,4,2,>>Agent[05] 私が占い師なので、一緒に情報を整理しましょう！Agent[04]、あなたの意見も聞かせて。
2,talk,13,4,4,Over
2,talk,14,4,5,Agent[04]の意見聞いてみたいな～！
2,vote,2,4
2,vote,5,4
2,execute,4,VILLAGER
2,attackVote,5,2
2,attack,2,true
3,status,1,POSSESSED,DEAD,Mille1
3,status,2,SEER,DEAD,barneko1
3,status,3,VILLAGER,DEAD,sUper_IL1
3,status,4,VILLAGER,DEAD,satozaki1
3,status,5,WEREWOLF,ALIVE,UEC-IL1
3,result,0,1,WEREWOLF