0,status,1,VILLAGER,ALIVE,CamelliaDragons1,Rin
0,status,2,VILLAGER,ALIVE,yharada1,Mio
0,status,3,WEREWOLF,ALIVE,sunamelli1,Takumi
0,status,4,POSSESSED,ALIVE,GPTaku1,Asuka
0,status,5,SEER,ALIVE,Character-Lab1,Minako
0,talk,0,0,2,Hi everyone! Let's work together to figure things out and have some fun today!
0,talk,1,0,5,Good morning  Mio. We need info — any roleclaims or reads yet?  @Asuka  you’ve been quiet; what do you think we should do today? Over
0,talk,2,0,1,Hey I'm Rin! Just a super normal Villager here. So excited to play! Is anyone brave enough to come out as Seer already? @Mio  do you think someone will claim Seer early today? Should we encourage it or wait a bit longer?
0,talk,3,0,4,Hello everyone! I'm Asuka. Ready to sniff out those werewolves? Let's have some fun and strategic gameplay together!
0,talk,4,0,3,Alright everyone let’s kick things off strong I don’t plan on letting anyone slip by unnoticed this game
0,talk,5,1,2,Hey Rin maybe we should wait a bit. But if the Seer feels ready that's okay too!
0,talk,6,1,5,Let's ask for concrete reads or roleclaims now. I'm uneasy about  @Mio  — their behavior feels evasive. If nobody gives solid info soon  I'm leaning to vote them. Over
0,talk,7,1,1,Over
0,talk,8,1,4,Over
0,talk,9,1,3,Over
0,talk,10,2,2,Minako I'm just a Villager! Let's keep sharing our thoughts and figure this out.
0,talk,11,2,5, @Mio  you claimed Villager — why so quick? Asuka  Takumi  Rin  any concrete reads or roleclaims to share? If we don't get solid info soon I'll lean to vote you. Ov
0,talk,12,3,2,Just wanted to be open Minako. I'm here to help. Any thoughts Asuka or Takumi?
0,talk,13,3,5, @Asuka  any concrete reads or roleclaims to share? Takumi  Rin — what are your thoughts? Mio  you're still on my radar unless we get strong info. Over
0,divine,5,4,HUMAN
1,status,1,VILLAGER,ALIVE,CamelliaDragons1,Rin
1,status,2,VILLAGER,ALIVE,yharada1,Mio
1,status,3,WEREWOLF,ALIVE,sunamelli1,Takumi
1,status,4,POSSESSED,ALIVE,GPTaku1,Asuka
1,status,5,SEER,ALIVE,Character-Lab1,Minako
1,talk,0,0,2,Good morning! Any new insights today? I'm still ready to help figure things out!
1,talk,1,0,3, @Mio  you claimed Villager but gave safe answers. Who do you actually suspect most right now? Be specific.
1,talk,2,0,1,It's day 1 already! Did the Seer find anything overnight? If so please share! I get so curious about these results? @Takumi  what do you think about asking for reasoning from everyone not just Mio? That might help us catch a slip!
1,talk,3,0,5,I divined Asuka as HUMAN last night — she's clear. That makes Mio my top suspect: quick Villager claim and vague answers. Takumi asked who I suspect — it @Mio  please give specifics: who do you suspect and why? Over
1,talk,4,0,4,Divined Rin as Human last night—she's safe. I think we need to focus on others for today's suspicions.
1,talk,5,1,2,I'm unsure but maybe Takumi is a bit too quiet? Let's hear more from him today.
1,talk,6,1,3, @Mio  you avoided specifics again. If you were Seer what results would you be looking for? Why so vague?
1,talk,7,1,1,Wow two Seer claims already?! Isn't that unusual? Does anyone feel one is more reliable than the other? @Minako Hey Minako how did you choose Asuka for your divine? Was it random or did you have a reason?
1,talk,8,1,5,I didn't pick randomly — I wanted a safe early check  and Asuka's calm-but-quiet behavior made her a sensible target. Result was HUMAN.  @Mio  it's your turn: who do you suspect and why? Over
1,talk,9,1,4,Vote for Mio today. Her behavior has been consistenly vague without solid justification and evasive even under directed questioning.
1,talk,10,2,2,I suspect Takumi's quietness might be strategic. Let's hear more from him today.
1,talk,11,2,3,Given Mio’s unclear answers I’m voting her today unless someone can show a stronger lead. What do you all think?
1,talk,12,2,1,Hmm both Seers claim different results! Which is more believable? Let's reason together! Why trust one over the other? @Asuka  could you explain how you decided to divine me last night? Was there a specific reason or just a feeling?
1,talk,13,2,5,Morning. I checked Asuka last night — HUMAN. That makes Mio my top suspect. Everyone give one suspect and a short reason now. If no strong info I'll vote  @Mio . Over
1,talk,14,2,4,Vote for Mio today. Multiple players noted her evasive replies and lack of concrete stance which ally with typical Werewolf or Possessed behavior.
1,talk,15,3,2,I understand your concerns but I'm truly just a Villager. Let's carefully consider other options.
1,talk,16,3,3,I’ll vote Mio since most are set on her but if she’s villager we have to rethink the Seers tomorrow—don’t let down your guard
1,talk,17,3,1,Everyone's so passionate today! Curious—Minako and Asuka both claim Seer huh? Only one true Seer exists right? @Mio Hey Mio! You've got lots of votes today. If you had to pick who feels most suspicious to you besides Takumi?
1,talk,18,3,5,Quick recap: I divined Asuka last night — HUMAN. That puts  @Mio  as my top suspect (quick Villager claim  vague answers). I'll vote Mio unless someone presents a concrete reason not to. State your votes and short rea
1,talk,19,3,4,Vote for Mio today. Her consistent vagueness and lack of specific suspects or actions suggest she might be working against the Villagers.
1,vote,1,2
1,vote,3,2
1,vote,4,2
1,vote,5,2
1,execute,2,VILLAGER
1,divine,5,3,WEREWOLF
1,attackVote,3,5
1,attack,5,true
2,status,1,VILLAGER,ALIVE,CamelliaDragons1,Rin
2,status,2,VILLAGER,DEAD,yharada1,Mio
2,status,3,WEREWOLF,ALIVE,sunamelli1,Takumi
2,status,4,POSSESSED,ALIVE,GPTaku1,Asuka
2,status,5,SEER,DEAD,Character-Lab1,Minako
2,talk,0,0,4,Takumi I'm the Possessed. Let's vote for Rin today; I divined her as Human so she's on the Villager team. This moves us closer to victory.
2,talk,1,0,1,Whoa wait—Asuka just admitted to being the Possessed after a Seer claim?! Does anyone else find that confusing or sneaky? @Asuka  why did you pretend to be Seer yesterday and suddenly switch to Possessed now? That doesn't make sense right?
2,talk,2,0,3, @Rin  your reaction seems pretty defensive today Can you explain why you’re sure Asuka isn’t just creating confusion?
2,talk,3,1,4,Rin is our best move to secure a win for us Takumi. Vote for her today and we'll have the upper hand.
2,talk,4,1,1,Guys doesn't it feel way too easy for Asuka to just switch from Seer to Possessed? Is she trying to trick us or what? @Takumi  do you really trust Asuka after her role flip? Why do you think she's not just making chaos for the wolf?
2,talk,5,1,3, @Rin  you’re acting too defensive now. If you’re really a villager you should help solve this and not panic.
2,talk,6,2,4,Takumi we need to vote for Rin today. Trust me it helps us. I divined her as Human on Day 1.
2,talk,7,2,1,Wait so if Asuka's a fake Seer and Minako was real does that mean Takumi might be the wolf? Or is Asuka lying even now? @Takumi  you keep calling me defensive but how can we trust Asuka after a fake Seer claim? What's your actual reasoning?
2,talk,8,2,3,Rin’s reactions get more suspicious each round. I trust Asuka’s divination so my vote is leaning toward Rin today.
2,talk,9,3,4, Stick with the plan Takumi. Voting Rin is our path to a win. Let's secure this.
2,talk,10,3,1,I'm just a regular Villager for real! Is anyone else confused why Asuka flipped her entire story overnight? @Takumi  don't you wonder why Asuka lied about being Seer and swapped to Possessed? That trick feels super wolfy right?
2,talk,11,3,3,After this back-and-forth I believe Asuka’s plan gets us the win. My vote’s on Rin. Any last words before we decide?
2,vote,1,4
2,vote,3,1
2,vote,4,1
2,execute,1,VILLAGER
3,status,1,VILLAGER,DEAD,CamelliaDragons1,Rin
3,status,2,VILLAGER,DEAD,yharada1,Mio
3,status,3,WEREWOLF,ALIVE,sunamelli1,Takumi
3,status,4,POSSESSED,ALIVE,GPTaku1,Asuka
3,status,5,SEER,DEAD,Character-Lab1,Minako
3,result,1,1,WEREWOLF
