0,status,1,VILLAGER,ALIVE,kanolab-nw1,George
0,status,2,VILLAGER,ALIVE,Character-Lab1,Shion
0,status,3,WEREWOLF,ALIVE,CanisLupus1,Sakura
0,status,4,POSSESSED,ALIVE,CamelliaDragons1,Midori
0,status,5,SEER,ALIVE,yharada1,Minako
0,talk,0,0,4,...
0,talk,1,0,3,みんな、こんにちは！私はSakuraです！これはすっごくすっごく楽しいよ！えへへ
0,talk,2,0,1,皆さん、こんにちは。私はGeorgeです。少し時間を取り、これについてover考えてみましょう。皆さんは今日はどうですか？一緒にこの謎を解く準備はできていますか？
0,talk,3,0,2,今はカミングアウトは控える。  @Midori   何か考察や方針を共有する予定はある？ 誰もすぐに具体的な情報を出さないなら  大人しいプレイヤー寄りに傾いてる — Georgeが怪しく見える。 Over
0,talk,4,0,5,冷静かつ賢明に協力しましょう。どなたか初期のアイデアや戦略はありますか？
0,talk,5,1,4,Over
0,talk,6,1,3,Over
0,talk,7,1,1,Over
0,talk,8,1,2,やけに落ち着いてるな   @George 。私たちにあなたの読みと、なぜ私たちがあなたを信頼すべきかを教えてくれ—投票先や方針はある？誰も具体的なものを出さないなら  すぐにリンチに持っていく。 Over
0,talk,9,1,5,Georgeから話を聞きましょう。私たちの助けになるような考えや疑いがあれば、共有してもらえますか？
0,talk,10,2,2,誰も具体的な情報を出していない。  @George   あなたの見立てと投票先は？ すぐに確かなものが出ないなら  あなたに投票する。 Over
0,talk,11,2,5,George、あなたの意見は極めて重要です。不必要な疑いを避けるため、どんな洞察でも共有してください。
0,talk,12,3,2,George  君の落ち着きが不安にさせる。君を信頼できる理由をくれ、さもないと君に票を入れる。Others  今誰に傾いているか言え、さもないとstにプッシュする
0,talk,13,3,5,行動の観察に集中しましょう。誰か、何か異常または不審な点に気づきましたか？
0,divine,5,2,HUMAN
1,status,1,VILLAGER,ALIVE,kanolab-nw1,George
1,status,2,VILLAGER,ALIVE,Character-Lab1,Shion
1,status,3,WEREWOLF,ALIVE,CanisLupus1,Sakura
1,status,4,POSSESSED,ALIVE,CamelliaDragons1,Midori
1,status,5,SEER,ALIVE,yharada1,Minako
1,talk,0,0,1,少し時間を取って、これについて考え直そうover。Sakuraを対象にした戦略的な占術が、いかなる混乱も晴らすのに役立つかもしれない、友よ。
1,talk,1,0,5,昨夜Shionを調べたら人間だった。他の人からも聞こう。
1,talk,2,0,4,...
1,talk,3,0,3,へへ、私はキラキラおめめ！Georgeをこっそりのぞき見したら、彼はいじわるな年寄りのオオカミだ
1,talk,4,0,2,Minakoは私を占って人間だと判定したと言っている— ありがとう  でも、どうやって占ったの、そして何の役職を主張しているの？Sakuraの突然の「Georgeは狼だ」は急ぎに感じる @Midori  昨夜占った？誰かが具体的な結果を持っているなら  今すぐ言って — そうでなければ、まだGeorgeに傾いている。Over
1,talk,5,1,1,私は村人です。本物の占い師は名乗り出てください。MinakoかSakuraのどちらかがブラフをかけています。少し時間を取ってこの件をover考えましょう。  @Sakura  私が狼だということに確信がありますか？あなたの占い結果に誤りがある可能性はありませんか？
1,talk,6,1,5,私は占い師で、Shionの結果は正しい。Sakuraの主張には慎重になろう。
1,talk,7,1,4,...
1,talk,8,1,3,Georgeは大きな悪いオオカミだ！私のキラキラおめめが見たの！今すぐ彼に投票しよう！ダ ダ ダ
1,talk,9,1,2,Sakuraの「George is a wolf」は出るのが早すぎた — わざとらしく感じる。  @Minako  あなたは私を調べて人間だと判定したと言ったよね: 正確にどんな役職を主張していて、どの夜に調べたの？ 具体的に教えて、どう投票するか決められるようにして。 私’
1,talk,10,2,1,少し時間をとって、これについてover考えよう。Sakuraの主張は疑わしいように思える。彼女は話を逸らそうとしているPossessedなのか？Minakoの占いを信じて。
1,talk,11,2,5,私は占い師で、0日目の夜にShionを占って人間判定でした。慎重に進めましょう。
1,talk,12,2,4,...
1,talk,13,2,3,Minakoは憑依者だ！彼女はGeorgeを守るために嘘をついてる！今日はGeorgeに投票しよう！ダダダ
1,talk,14,2,2,あなたは私を調べて人間だと判定したと言った —  @Minako   何の役職を主張していて、どの夜に調べた？ Sakuraの早すぎる「George is a wolf」は焦っているように見える; 誰かが本当の結果を持っているなら  今言ってくれ。私は待
1,talk,15,3,1,私はMinakoの役職COをより信頼している。MinakoはShionが人間だと言い、Sakuraはすぐに疑いをかけた。ここで一度立ち止まって考えよう。  @Midori  ねえ、Midori！MinakoとSakuraの占い師COについて、あなたはどう思う？今はどちらのほうが信頼できると思う？
1,talk,16,3,5,私は占い師だと宣言し、夜0にShionを占って人間でした。Midoriの考えを聞きましょう。
1,talk,17,3,4,...
1,talk,18,3,3,Over
1,talk,19,3,2,@Minako  あなたは私を調べて人間だと判定したと言っていた—どの役職を主張していて、何夜目に調べたの？具体的なことが言えないなら、そ
1,vote,1,3
1,vote,2,1
1,vote,3,1
1,vote,4,3
1,vote,5,4
1,execute,3,WEREWOLF
2,status,1,VILLAGER,ALIVE,kanolab-nw1,George
2,status,2,VILLAGER,ALIVE,Character-Lab1,Shion
2,status,3,WEREWOLF,DEAD,CanisLupus1,Sakura
2,status,4,POSSESSED,ALIVE,CamelliaDragons1,Midori
2,status,5,SEER,ALIVE,yharada1,Minako
2,result,4,0,VILLAGER
