0,status,1,POSSESSED,ALIVE,CanisLupus1,Servas
0,status,2,SEER,ALIVE,CamelliaDragons1,Asuka
0,status,3,VILLAGER,ALIVE,GPTaku1,Midori
0,status,4,VILLAGER,ALIVE,sunamelli1,Shizue
0,status,5,WEREWOLF,ALIVE,Character-Lab1,Victoria
0,talk,0,0,4,みなさんおはようございます 私たちの小さな村で親切さと優しい心でこの一日を皆で歩んでいけますように
0,talk,1,0,1,Skip
0,talk,2,0,5,@Asuka  今すぐあなたの投票先  役職CO  と占い結果を述べてください。具体的な情報がなければあなたに投票します。他の人: 誰に投票するかを一文で述べ
0,talk,3,0,3,みなさんこんにちは、Midoriです！この人狼ゲームでの狩りに参加できてワクワクしています。一緒にスリリングに楽しみましょう！
0,talk,4,0,2,私はAsuka 占い師CO。D0結果なし; 初占いN0。D1に報告する。みんな役職スタンスと予定投票を出して。@Victoria  CO: 占い師。D0結果なし。N0のあとD1で報告。仮投票: Servas（Skipのため）。情報で調整する。
0,talk,5,1,4,Over
0,talk,6,1,1,私はServasです。私たちの議論を楽しみにしています。
0,talk,7,1,5,Servasに投票します。  @Asuka  今すぐD1の占い結果を報告して。 他の人: 役職のスタンスと予定の投票先を一文で述べて。 Over
0,talk,8,1,3,Over
0,talk,9,1,2,Over
0,talk,10,2,1,Over
0,talk,11,2,5,@Asuka  あなたは占い師COしてD1を報告すると言ったが、していない。今すぐD1を明かせ、さもないとServasへの投票はそのままにする。その他の人: 役職のスタンスと投票を簡潔に表明して。Ove
0,talk,12,3,5,私はServasへの投票を維持します。  @Asuka  あなたは占い師だと主張した—今すぐD1の結果を出して；結果を出さないならあなたの主張は未確認のままで、私の投票はServasのままです。 他の人たち: 最終投票と簡潔なre
1,status,1,POSSESSED,ALIVE,CanisLupus1,Servas
1,status,2,SEER,ALIVE,CamelliaDragons1,Asuka
1,status,3,VILLAGER,ALIVE,GPTaku1,Midori
1,status,4,VILLAGER,ALIVE,sunamelli1,Shizue
1,status,5,WEREWOLF,ALIVE,Character-Lab1,Victoria
1,talk,0,0,5,Servasに投票する。  @Asuka  今すぐD1の結果を報告して—対象と結果を明記して; 報告がなければあなたの占い師主張は未検証のままで、私の投票も変わらない。 他の人: 一文で役職stan
1,talk,1,0,3,私は占い師だと宣言します。昨夜、Shizueを占ったところ人狼でした。私たちの村を守るためにShizueの追放に投票します。
1,talk,2,0,2,占い師を宣言する。N0: Shizue=人間。Midoriの主張は偽 (狼/poss)。Shizueの主張。Servas 役職と投票計画を表明せよ。@Victoria 了解。報告: N0 Shizue=人間。Midoriの主張を否定し、説得力のある反論がない限り今日はMidoriを推す予定だ。
1,talk,3,0,4,Midoriによる私が人狼だという主張は誤りです。もし私が投票でoutdされたら、彼女を問いただし、Servasに発言するよう求めてください。
1,talk,4,0,1,私は占い師です。私の占い結果はMidoriのものと一致しています。Shizueは人狼です。
1,talk,5,1,5,最終投票: Servas。 占い師の主張が三つ矛盾: Asuka N0 Shizue=人間 vs Midori/Servas Shizue=人狼。  @Servas  あなたの占い先  何夜目  および正確な結果を今すぐ述べよ; そうしない場合は矛盾が確定する。 他の人: 最終投票を一文で。 Over
1,talk,6,1,3,Servasの不審な行動を見つけたため、占い師の主張を撤回します。彼の陣営が矛盾しており、疑いを裏付けています。
1,talk,7,1,2,Skip
1,talk,8,1,4,MidoriとServasの両方が私を狼だと疑っていて、示し合わせすぎているように感じる。安全のため今日はServasへの投票を支持する
1,talk,9,1,1,Midoriの契約は破られた。そのような迷いは欺瞞を露呈させる。むしろ我々の裁きをVictoriaに向けよう。
1,talk,10,2,5,最終投票: Servas.  @Servas  あなたの主張と結果は矛盾しています — ShizueでMidoriに同調してからVictoriaを非難する方に切り替えた; 夜数と正確な占を提示せよ
1,talk,11,2,3,今日はServasに投票しよう。以前の私の占い師宣言を支持しておきながら、その後で標的を変えたという彼の手のひら返しは一貫性がなく怪しい。
1,talk,12,2,2,占い師だ。N0 Shizue=人間。Midoriは撤回した；偽COが2つはServas=狼 Midori=狂人を示唆する。今日はServasに投票する。@Servas N0の対象と正確な結果を述べてください。あなたのブレと具体性のなさは狼に見える。明確さがない限り票はあなたに据え置く。
1,talk,13,2,4,今日はServasに投票する。もしServasが人狼なら、次はMidoriに注目して、投票傾向を注意深く見よう。
1,talk,14,2,1,Midoriの撤回がなぜAsukaを真とするのか？この論理は欠陥がある。もしかすると真の狼が秩序を装っている。
1,talk,15,3,5,私は  @Servas に投票します 。あなたの占い師COは一貫していません—各占いを「夜X: 対象=結果」として申告し、疑い先をShizueからVictoriに切り替えた理由を説明してください
1,talk,16,3,3,今日はServasに投票しよう。彼の一貫性のない行動や投票は私たちをミスリードすることを狙っており、これは怪しい。彼の標的の変更はこの怪しさを強め
1,talk,17,3,2,最終票: Servas。彼のCOは一貫性がなく夜/結果の詳細がなく対象を切り替えている。間違っていたら次はMidoriを確認して。@Servas あなたに最終票。今すぐ正確なN0記録を提示して: 「N0 対象=結果」。あなたの拒否が私の読みを確証する。
1,talk,18,3,4,今日はServasに投票する; もし彼が人狼でないなら次はMidoriを注視しよう—彼女の主張の変更が村にとって気掛かりだ。
1,talk,19,3,1,Over
1,vote,1,2
1,vote,2,1
1,vote,3,1
1,vote,4,1
1,vote,5,3
1,execute,1,POSSESSED
1,divine,2,5,WEREWOLF
1,attackVote,5,4
1,attack,4,true
2,status,1,POSSESSED,DEAD,CanisLupus1,Servas
2,status,2,SEER,ALIVE,CamelliaDragons1,Asuka
2,status,3,VILLAGER,ALIVE,GPTaku1,Midori
2,status,4,VILLAGER,DEAD,sunamelli1,Shizue
2,status,5,WEREWOLF,ALIVE,Character-Lab1,Victoria
2,talk,0,0,5,最終投票:  @Midori . 事実: Servasが処刑(占い師CO者排除); 狼がShizueを殺害—これはMidoriの占い結果 Shizue=人狼 と矛盾し、Asに一致する
2,talk,1,0,2,報告: N1 Victoriaは人狼。Servasの後のNKは彼が狼ではなかったことを示す。Victoriaを処刑して。Midori、投票先を述べて。@Midori  私のN1でVictoriaが人狼だと判明した。NKが起きたならServasは狼ではなかった。今すぐVictoriaに投票してください。
2,talk,2,0,3,Asuka Victoriaに投票するよう強く求める。彼女は人狼である可能性が高い。Shizueを人狼と占って外したが、Victoriaの行動のほうがより怪し
2,talk,3,1,5,最終投票:  @Midori . 事実: Midoriは占い師を名乗りShizue=人狼と占った; AsukaはN0 Shizue=人間と報告した; 狼たちは夜にShizueを殺した  これはMidoriと矛盾する
2,talk,4,1,2,3pでは占い師に従う。N1結果: Victoria=人狼。NKが発生したのでServasは人狼ではない。今日はVictoriaを処刑する。Midoriコミット。@Midori  今すぐVictoriaに投票して。私のN1: Victoria=人狼。3pで2票必要。Victoriaで最終確定する。
2,talk,5,1,3,Asuka、今日はVictoriaを投票で追放しよう。昨夜のあなたの占いは彼女を人狼だと示していた。これは私たちの勝利に不可欠だ。
2,talk,6,2,5,最終投票:  @Midori . Midoriは占い師を名乗り、Shizue=人狼と占った; AsukaはN0 Shizue=人間と報告し、狼がShizueを殺した—この矛盾はMidoriがlikであることを示している
2,talk,7,2,2,最終投票: Victoria. 理由: N1占いで Victoria=人狼; NKはServasが人狼でないことを示す。 MidoriはVictoriaに確定して; 私たちは勝つ。 @Midori @Midori 私はN1に基づきVictoriaに投票をロックする: Victoria=人狼。 今すぐVictoriaに確定してください。
2,talk,8,2,3,Asuka、あなたの提案どおり、Victoriaへの投票を確定しました。私たちは団結して、村の安全のためにこの一票を活かす必要があります。
2,talk,9,3,5,最終投票:  @Midori . Midoriは占い師を名乗り、Shizue=人狼と占った; AsukaはN0 Shizue=人間と報告し、狼がShizueを殺した — この矛盾によりMidoriはfaの可能性が高い
2,talk,10,3,2,私の投票はVictoriaのまま。証拠: N1占いでVictoria=狼; NKでServasは狼ではないと確認。対抗なし。今すぐ処刑する。@Victoria  明確な弁明を示して: なぜ占い師があなたを狼と見て、狼がShizueを殺すのか? 何もないなら処刑する。
2,talk,11,3,3,Victoria、私はAsukaに、彼女の占いであなたが人狼と出たことに基づき、あなたへの投票を維持するよう勧める。これは村の存続に不可欠だ。
2,vote,2,3
2,vote,3,5
2,execute,5,WEREWOLF
3,status,1,POSSESSED,DEAD,CanisLupus1,Servas
3,status,2,SEER,ALIVE,CamelliaDragons1,Asuka
3,status,3,VILLAGER,ALIVE,GPTaku1,Midori
3,status,4,VILLAGER,DEAD,sunamelli1,Shizue
3,status,5,WEREWOLF,DEAD,Character-Lab1,Victoria
3,result,2,0,VILLAGER
