0,status,1,VILLAGER,ALIVE,CamelliaDragons1,Rin
0,status,2,VILLAGER,ALIVE,yharada1,Mio
0,status,3,WEREWOLF,ALIVE,sunamelli1,Takumi
0,status,4,POSSESSED,ALIVE,GPTaku1,Asuka
0,status,5,SEER,ALIVE,Character-Lab1,Minako
0,talk,0,0,2,皆さん、こんにちは！今日は力を合わせていろいろなことを解決して、楽しく過ごしましょう！
0,talk,1,0,5,おはよう  Mio。情報が必要 — 何か役職COや読みはもう出てる？  @Asuka  ずっと静かだね; 今日はどうするべきだと思う？ Over
0,talk,2,0,1,やあ、Rinだよ！ただの超ふつうの村人だよ。プレイできてめっちゃワクワクしてる！もう占い師として名乗り出る勇気のある人はいる？@Mio  今日は誰かが早めに占い師を名乗ると思う？それを促したほうがいい？それとももう少し待つ？
0,talk,3,0,4,皆さん、こんにちは！私はAsukaです。あの人狼たちを嗅ぎ分ける準備はできていますか？一緒に楽しく戦略的にプレイしましょう！
0,talk,4,0,3,よしみんな勢いよく始めようこのゲームでは誰一人見逃すつもりはない
0,talk,5,1,2,ねえ Rin、ちょっと待った方がいいかも。でも、占い師が準備できてるならそれでも大丈夫だよ！
0,talk,6,1,5,今は具体的な考察や役職COを募ろう。  @Mio  — 振る舞いがはぐらかしているようで不安だ。 もしすぐに誰も確かな情報を出さないなら  @Mio に投票する方向に傾いている。 Over
0,talk,7,1,1,Over
0,talk,8,1,4,Over
0,talk,9,1,3,Over
0,talk,10,2,2,Minako 私はただの村人だよ！引き続き考えを共有して、これを解決しよう。
0,talk,11,2,5,@Mio  あなたは村人COした—なぜそんなに早いの？ Asuka  Takumi  Rin  何か具体的な考察やCOを共有できる？ すぐに確かな情報が出なければ、あなたに投票する方に傾く。 Ov
0,talk,12,3,2,ただ率直でいたかったんだ Minako。助けるためにここにいるよ。何か考えはある？ Asuka か Takumi?
0,talk,13,3,5,@Asuka  共有できる具体的な見立てや役職COはある？ Takumi  Rin — どう思う？ Mio  強い情報が得られない限り、君はまだ私のレーダーに入ってる. Over
0,divine,5,4,HUMAN
1,status,1,VILLAGER,ALIVE,CamelliaDragons1,Rin
1,status,2,VILLAGER,ALIVE,yharada1,Mio
1,status,3,WEREWOLF,ALIVE,sunamelli1,Takumi
1,status,4,POSSESSED,ALIVE,GPTaku1,Asuka
1,status,5,SEER,ALIVE,Character-Lab1,Minako
1,talk,0,0,2,おはようございます！今日は何か新しい気づきはありますか？引き続き、物事を解き明かすのをお手伝いする準備ができています！
1,talk,1,0,3,@Mio  あなたは村人だと主張したが、当たり障りのない答えばかりだった。今、実際にいちばん疑っているのは誰？具体的に答えて。
1,talk,2,0,1,もう1日目だ！占い師は昨夜何か見つけた？もしそうなら共有して！こういう結果ってすごく気になっちゃう？@Takumi  Mioだけじゃなくてみんなから理由を聞くのはどう思う？それでボロを拾えるかも！
1,talk,3,0,5,昨夜Asukaを占って人間判定—確白。だからMioが最有力の容疑者: 素早い村人COと曖昧な回答。Takumiが誰を疑っているか聞いた—それは@Mio  具体的に教えて: 誰を疑っていて、なぜ？ Over
1,talk,4,0,4,昨夜Rinを人間と占った—彼女は安全だ。今日は疑いを他に向けるべきだと思う。
1,talk,5,1,2,よくわからないけど、もしかしてTakumiはちょっと静かすぎる？今日は彼からもっと話を聞こう。
1,talk,6,1,3,@Mio  また具体的なことを避けたね。もしあなたがSeerだったら、どんな結果を求める？なんでそんなに曖昧なの？
1,talk,7,1,1,わお、占い師を名乗る人がもう2人も？！それって珍しくない？どっちかのほうがより信頼できそうだと感じる人はいる？@Minako ねえ Minako、どうして占い先に Asuka を選んだの？ランダム？それとも理由があった？
1,talk,8,1,5,ランダムに選んだわけじゃない — 無難な早期チェックが欲しかった  そしてAsukaの落ち着いているけど寡黙な振る舞いが、彼女を妥当な対象にした。結果は人間だった。  @Mio  君の番: 誰を疑っていて、なぜ？ Over
1,talk,9,1,4,今日はMioに投票してください。彼女の言動は確たる根拠のないまま一貫して曖昧で、的を絞った質問でもはぐらかしています。
1,talk,10,2,2,Takumiの寡黙さは戦略的なものかもしれないと疑っている。今日は彼からもっと話を聞こう。
1,talk,11,2,3,Mioの曖昧な回答を踏まえると、誰かがより有力な手がかりを示せない限り今日はMioに投票する。みんなはどう思う？
1,talk,12,2,1,うーん、両方の占い師が違う結果を主張してる！どっちのほうが信じられる？一緒に考えよう！どうして片方をもう片方より信頼するの？@Asuka  昨夜、どういう理由で私を占うと決めたのか説明してもらえる？具体的な理由があった？それともただの勘？
1,talk,13,2,5,おはよう。昨夜Asukaを占った — 人間。だからMioが最有力容疑者。全員、容疑者を1人と短い理由を今出して。強い情報がなければ  @Mio に投票する。Over
1,talk,14,2,4,今日はMioに投票してください。複数のプレイヤーが、彼女の曖昧な受け答えと明確な姿勢の欠如は、典型的な人狼や狂人の振る舞いに合致すると指摘しています。
1,talk,15,3,2,あなたの懸念は理解しますが、私は本当にただの村人です。他の選択肢を慎重に検討しましょう。
1,talk,16,3,3,大半が彼女に決めてるからMioに投票するけど、もし彼女が村人なら明日は占い師たちを見直さないといけない—油断するな
1,talk,17,3,1,みんな今日はすごく熱いね！気になる—MinakoとAsuka、2人とも占い師だって名乗ってるの？本物の占い師は1人だけだよね？@Mio ねえMio！今日は票がたくさん入ってるね。Takumi以外で、いちばん怪しいと感じるのは誰？
1,talk,18,3,5,手短におさらい: 昨夜Asukaを占った—人間。それで  @Mio  が最有力の容疑者になる（即座の村人CO  あいまいな回答）。誰かがやめるべき具体的な理由を示さない限りMioに投票する。各自の投票と短い理
1,talk,19,3,4,今日はMioに投票して。彼女の一貫した曖昧さと具体的な容疑者や行動の欠如は、彼女が村人陣営に敵対している可能性を示唆している。
1,vote,1,2
1,vote,3,2
1,vote,4,2
1,vote,5,2
1,execute,2,VILLAGER
1,divine,5,3,WEREWOLF
1,attackVote,3,5
1,attack,5,true
2,status,1,VILLAGER,ALIVE,CamelliaDragons1,Rin
2,status,2,VILLAGER,DEAD,yharada1,Mio
2,status,3,WEREWOLF,ALIVE,sunamelli1,Takumi
2,status,4,POSSESSED,ALIVE,GPTaku1,Asuka
2,status,5,SEER,DEAD,Character-Lab1,Minako
2,talk,0,0,4,Takumi 私は狂人です。今日はRinに投票しましょう; 彼女を人間と占ったので彼女は村人陣営です。これで勝利に近づきます。
2,talk,1,0,1,ちょっと待って—Asukaは予言者だと主張した後に憑依者だと認めたばかりなの?! それって紛らわしいとかずるいって思う人、他にもいない？ @Asuka  なんで昨日は予言者のふりをして、今になって急に憑依者に切り替えたの？ 理屈が通らないよね？
2,talk,2,0,3,@Rin  今日はあなたの反応がかなり防御的に見える なぜAsukaが単に混乱を招いているだけではないと確信しているのか説明してくれる？
2,talk,3,1,4,私たちが勝利を確実にするための最善の一手はRinだ、Takumi。今日彼女に投票すれば、私たちが優位に立てる。
2,talk,4,1,1,みんな、Asukaが占い師から狂人にあっさり切り替えるの、簡単すぎる感じしない？彼女、私たちを騙そうとしてるのか、それとも何？@Takumi  役職を切り替えた後のAsukaを本当に信じてるの？どうして彼女がただ狼のために混乱を起こしてるだけじゃないって思うの？
2,talk,5,1,3,@Rin  今、防御的に振る舞いすぎだよ。本当に村人なら、パニックにならずにこれを解決するのを手伝うべきだ。
2,talk,6,2,4,Takumi、今日はRinに投票する必要がある。信じて、それが私たちの助けになる。私は1日目に彼女を占って人間と出た。
2,talk,7,2,1,待って、じゃあ、もしAsukaが偽の占い師でMinakoが本物だったなら、Takumiが狼かもってこと？ それともAsukaは今も嘘をついてる？ @Takumi  あなたはずっと私を防御的だって言ってるけど、偽の占い師の主張の後でどうやってAsukaを信用できるの？ 実際の根拠は何？
2,talk,8,2,3,Rinの反応はラウンドごとにますます疑わしくなっている。Asukaの占いを信じているので、今日はRinに投票する方に傾いている。
2,talk,9,3,4,作戦通りでいこう、Takumi。Rinに投票するのが勝利への道だ。これを確実にしよう。
2,talk,10,3,1,自分はマジでただの村人だよ！なんでAsukaが一晩で話を丸ごとひっくり返したのか、他にも混乱してる人いる？@Takumi  Asukaが占い師だって嘘をついて狂人に切り替えたの、なんでだろって思わない？その手口、めっちゃ人狼っぽいよね？
2,talk,11,3,3,このやり取りを経て、Asukaの作戦が私たちに勝利をもたらすと思う。自分はRinに投票する。決める前に最後に何かある？
2,vote,1,4
2,vote,3,1
2,vote,4,1
2,execute,1,VILLAGER
3,status,1,VILLAGER,DEAD,CamelliaDragons1,Rin
3,status,2,VILLAGER,DEAD,yharada1,Mio
3,status,3,WEREWOLF,ALIVE,sunamelli1,Takumi
3,status,4,POSSESSED,ALIVE,GPTaku1,Asuka
3,status,5,SEER,DEAD,Character-Lab1,Minako
3,result,1,1,WEREWOLF
