0,status,1,SEER,ALIVE,kanolab-nw1,May
0,status,2,VILLAGER,ALIVE,CanisLupus1,Victoria
0,status,3,VILLAGER,ALIVE,mille1,Yumi
0,status,4,WEREWOLF,ALIVE,CamelliaDragons1,Kenji
0,status,5,POSSESSED,ALIVE,yharada1,Shunichi
0,talk,0,0,5,今日はみんな、人狼を見つけることに集中しよう。気を引き締めて注意深くいこう。
0,talk,1,0,3,こんにちは。私はYumiです。私の役職は村人です。良いゲームを。
0,talk,2,0,4,やあ、みんな！私はKenjiです。私はただの冒険を求める楽しいことが大好きな村人だよ！みんなでお互いのことを知っていこう！ @Yumi  来てくれてありがとう！村人である自信は何から来てる？ただ気になっただけだし、あなたと一緒に遊べるのが楽しみ！
0,talk,3,0,2,Skip
0,talk,4,0,1,やあ、素敵な皆さん！私はMayです。魅力をひとさじ添えて、この謎を解き明かす準備はできてるよ。一緒にあのずる賢い人狼たちを捕まえよう！
0,talk,5,1,5,皆さん、お会いできてうれしいです。私たちの間にある真実を明らかにするために協力しましょう。
0,talk,6,1,3,Over
0,talk,7,1,4,Over
0,talk,8,1,2,私はVictoriaです。生物の複雑性を観察することは魅力的な探究だと感じます。
0,talk,9,1,1,Over
0,talk,10,2,5,Victoria、あなたの好奇心に感謝します。誰が怪しいかについて初期の推測はありますか？
0,talk,11,2,2,Over
0,talk,12,3,5,今日は行動を注視しよう。微妙なパターンが多くを明らかにするかもしれない。
0,divine,1,2,HUMAN
1,status,1,SEER,ALIVE,kanolab-nw1,May
1,status,2,VILLAGER,ALIVE,CanisLupus1,Victoria
1,status,3,VILLAGER,ALIVE,mille1,Yumi
1,status,4,WEREWOLF,ALIVE,CamelliaDragons1,Kenji
1,status,5,POSSESSED,ALIVE,yharada1,Shunichi
1,talk,0,0,3,私はMayに投票する。
1,talk,1,0,4,みんな、おはよう！ 昨夜はどんな面白いことがあった？ どうしてYumiはすぐにMayを選んだんだろう？ @Yumi  めっちゃ気になってる！ どうしてそんなに早くMayに投票したの？ 何か気づいたことがあった？ 新しいことを学ぶのが大好き！
1,talk,2,0,2,占い師の報告を待っている。  @Yumi  あなたのMayへの投票は、裏付けとなるデータのない異常だ。
1,talk,3,0,1,あらまあ、Sunshine! 昨夜Victoriaを占った。彼女は人間確定だよ。私たちの中に潜むずる賢い人狼を見つけることに集中しよう！
1,talk,4,0,5,May、Victoriaが確定したら次は誰を疑いますか？もっと見解を聞かせてください。
1,talk,5,1,3,Over
1,talk,6,1,4,わあ May 占い結果を共有してくれてありがとう！ Victoriaは人間—知れてすごくワクワクする！ 今は誰が怪しいと思う？ @May ねえ May！ じゃあVictoriaは白だと思ってるんだね 他に誰について確信が持ててない？ あなたの考えを本当に理解したい！
1,talk,7,1,2,Mayの主張は私たちの唯一の根拠だ。したがって彼女へのYumiの投票は疑わしい。私はYumiの排除に賛成する。
1,talk,8,1,1,ダーリン、Victoriaは疑いが晴れた。Yumiの早い投票は私のダンスシューズに少しシワを寄せた。今は彼女とKenjiを注意深く見張っている。
1,talk,9,1,5,Yumi、Mayへの早い投票について説明してもらえますか？あなたの立場を明確にするのに役立ちます。
1,talk,10,2,4,みんながとても興味深いアイデアを出してる！Yumiの早めの投票は確かにミステリアスに感じる。今日はMayの主張を信じるべき？ @Yumi  すごく知りたい—それってただの勘？それともMayが少し変に見えた？もしかして何か面白いことに気づいたのかも！
1,talk,11,2,2,Yumiによる我々の唯一のデータソースに対する攻撃は極めて非論理的だ。彼女の排除を提案する。
1,talk,12,2,1,さて、みんな。Victoriaが人間確定したので、Shunichiが気になる。今夜Shunichiを占うのはどう？  @Shunichi  Starlight! 私の占い師としての旅路を助けるために、今夜は誰を占えばいい？
1,talk,13,2,5,もしかすると占いをするKenjiが私たちに多少の明確さと方向性を与えてくれるかもしれない。
1,talk,14,3,4,今日は活気に満ちてる！空気に謎めいた気配を感じる。Yumi あなたの動きでみんなが推測してるよ！@May おお May、Victoriaを占う選択は大胆だった！最初に占う相手が彼女だとどうやって決めたの？すごく興味深い！
1,talk,15,3,2,データは唯一の結論を指し示している。Yumiの行動は非論理的だ。私はYumiに投票する。
1,talk,16,3,1,Kenjiが占われるなんて、まさに至福だ！彼が踊り狂っているところを想像して、Sunshine！私たちの潜伏狼が、私たちの間で優雅に闊歩していたりするのだろうか？
1,talk,17,3,5,Victoriaの論理は筋が通っているようです。Yumi、現在の状況について何か考えはありますか？
1,vote,1,3
1,vote,2,3
1,vote,3,1
1,vote,4,3
1,vote,5,4
1,execute,3,VILLAGER
1,divine,1,4,WEREWOLF
1,attackVote,4,1
1,attack,1,true
2,status,1,SEER,DEAD,kanolab-nw1,May
2,status,2,VILLAGER,ALIVE,CanisLupus1,Victoria
2,status,3,VILLAGER,DEAD,mille1,Yumi
2,status,4,WEREWOLF,ALIVE,CamelliaDragons1,Kenji
2,status,5,POSSESSED,ALIVE,yharada1,Shunichi
2,talk,0,0,2,Skip
2,talk,1,0,5,Mayの不在は私たちを無防備にする。Kenji 次の一手についてどう考える?
2,talk,2,0,4,うわ、Mayがいなくなるなんて予想してなかった！これは本当に私たちの状況を大きく変える！今、占い師なしでどうする？ @Shunichi ねえ Shunichi、いい質問だね！今ちょっと迷ってるけど、昨日の投票を一緒に見直してみるべきかも？
2,talk,3,1,2,実験は終了した。私は人狼だ。Kenji、君は役割をうまく演じた。
2,talk,4,1,5,Victoriaの告白は予想外だ。Kenji この発覚について最後の感想は？
2,talk,5,1,4,Victoria の突然の告白には本当に驚いた！Shunichi どう思う？そんなあからさまな主張を信じていいのかな？@Shunichi  Victoria がいきなり告白したの、変だと思わない？もしかしてトリック？よく考えよう！
2,talk,6,2,2,あなたのパフォーマンスは把握済みだ。  @Shunichi  検討する必要はない。結果は確定している。
2,talk,7,2,5,Victoriaは自信があるようだけど、Kenji、決める前にあらゆる可能性を検討しよう。
2,talk,8,2,4,今日はすごいことになってる！Victoriaが告白して、Shunichiは落ち着いてるみたい。見えているものを信じていいの？@Victoria  大胆な告白！それは正直さなのか、それとも戦略の一部なのか？あなたの考えを聞きたい！
2,talk,9,3,2,あなたの協働でのパフォーマンスは記録済みです。このフェーズは単なる形式にすぎません。
2,talk,10,3,5,Kenji、警戒していよう。Victoriaの様子は、ここでは他にも何かが動いていることを示唆している。
2,talk,11,3,4,なんて異様な日だ！Shunichi 本当にVictoriaの主張を信じてるの？それともここではもっと何かが起きているの？話そう！@Victoria  あなたの率直さには驚いたよ！どうしてこんなふうに自分を明かしたのか教えて？私たちを試しているの？それとも本気なの？
2,vote,2,5
2,vote,4,2
2,vote,5,4
2,execute,5,POSSESSED
3,status,1,SEER,DEAD,kanolab-nw1,May
3,status,2,VILLAGER,ALIVE,CanisLupus1,Victoria
3,status,3,VILLAGER,DEAD,mille1,Yumi
3,status,4,WEREWOLF,ALIVE,CamelliaDragons1,Kenji
3,status,5,POSSESSED,DEAD,yharada1,Shunichi
3,result,1,1,WEREWOLF
