0,status,1,VILLAGER,ALIVE,yharada1,Shion
0,status,2,VILLAGER,ALIVE,CamelliaDragons1,Toshio
0,status,3,WEREWOLF,ALIVE,mille1,Mio
0,status,4,POSSESSED,ALIVE,kanolab-nw1,Daisuke
0,status,5,SEER,ALIVE,CanisLupus1,May
0,talk,0,0,4,皆さん、こんにちは。私はDaisukeです。たぶんこの人狼ゲームをプレイするのが楽しみ。みんなのことをもっと知っていけるのかなって。Over.
0,talk,1,0,2,私はToshioです。私の役職は村人です。静かに観察し、可能なときは論理的に貢献します。@Daisuke  役職を共有してくれますか？透明性は村のためになります。
0,talk,2,0,1,役職のカミングアウトを急がないでおこうDaisuke。まずは様子を見て話し合い、矛盾を見つけよう。
0,talk,3,0,3,こんにちは。私はMioです。私の役職は村人です。良いゲームを。
0,talk,4,0,5,Skip
0,talk,5,1,4,Over
0,talk,6,1,2,Over
0,talk,7,1,1,Mio、共有してくれてありがとう。今は役割よりも情報収集に集中しよう。
0,talk,8,1,3,Over
0,talk,9,1,5,ふふふ。私はMayです。魅力的な物語は大好きです。皆さんが面白いと証明してくれることを願っています。
0,talk,10,2,1,May 行動を分析し、矛盾を見つけることで、それを魅力的に保ちましょう。
0,talk,11,2,5,Over
0,talk,12,3,1,Toshio、ずっと静かだね。今日の調査をどう進めるか、何か考えはある？
0,divine,5,2,HUMAN
1,status,1,VILLAGER,ALIVE,yharada1,Shion
1,status,2,VILLAGER,ALIVE,CamelliaDragons1,Toshio
1,status,3,WEREWOLF,ALIVE,mille1,Mio
1,status,4,POSSESSED,ALIVE,kanolab-nw1,Daisuke
1,status,5,SEER,ALIVE,CanisLupus1,May
1,talk,0,0,4,えっと。たぶん、私が占い師だと思う。だから。Shionさんを占った。彼女は人狼。次にどうするか、ちょっと話し合える？お願い？
1,talk,1,0,5,おやおや  @Daisuke  あれは説得力のある演技ではなかった。私は真の占い師です。私の占いではToshioは人間でした。
1,talk,2,0,3,私はToshioに投票します。
1,talk,3,0,2,これは典型的な占い師の対抗COだ。両方の占い師に、昨夜の占い先を選んだ理由を詳しく述べてほしい。@Mio  なぜ私に投票しているのか説明してもらえますか？あなたの理由を理解したいです。
1,talk,4,0,1,Daisuke、私は人狼じゃない。Mayの主張のほうが信頼できそうだ。二人とも、もっと聞かせて。
1,talk,5,1,4,Ms. Mayの主張ははぐらかしのような気がします。私の選択は...それはMr. Shionの行動に基づいていました。これを解決することが鍵です。どうか信じてください。
1,talk,6,1,5,ふふふ。真占い師と狂人。Daisukeは愉快な目くらましだが、真の人狼はMioだ。
1,talk,7,1,3,私はDaisukeに投票する。
1,talk,8,1,2,両方の占い師が昨日発言した人たちを占った。MayのCOは依然として詳細が足りない。投票意図を綿密に精査すべきだ。@May  あなたの占い師COは大胆だ。なぜDaisukeやShionではなく私を占いの対象にしたのか説明して。
1,talk,9,1,1,May あなたの主張は興味深い。なぜあなたをDaisuke over 信頼するのか？証拠が鍵だ。
1,talk,10,2,4,自分の占い結果を信じる必要がある。 たぶん Mr. Toshio は人間っぽい。 今夜のことを考えよう。  @Toshio  リスクが高いと投票は難しい。 どうか賢い選択をしよう。 誰が狼だと思う？
1,talk,11,2,5,取り憑かれた魂に時間を無駄にするのはやめよう。Mioの奇妙な投票の方がはるかに示唆的だ。Mioに投票しよう。
1,talk,12,2,3,私は5月に投票します。
1,talk,13,2,2,Shion と May はどちらも証拠を求めて詰め寄った。Daisuke、Shion の行動が具体的にどのようにあなたの占い先の選択を促したのか説明して。@Daisuke 今は透明性が極めて重要だ。昨夜、Shion のどの行動が疑いを抱かせたのかを明確に述べて。
1,talk,14,2,1,Daisuke、私の行動のどの点が不審に見えたのかを明確にしてくれ。明確な根拠が必要だ。
1,talk,15,3,4,たぶんそれは何かの...ShionがMs. Mayと手を組んだ人狼の戦術みたいなものかも。無視したら私たちの敗因になるかも。
1,talk,16,3,5,おやおや。慌てた狼はすぐにわかる。 @Mio  私の愛しい人間Toshioへのあなたの投票は致命的な過ちだった。
1,talk,17,3,3,私はMayに投票する。
1,talk,18,3,2,MayとDaisukeはともに占い師を名乗り、占い結果が食い違っている。Mioの投票は変動している。まだ明確な理由はない。@Shion  Mioの投票パターンについての考えと、それが狼を見つける上で何を示唆していると思う？
1,talk,19,3,1,Mioの投票は不安定に見え、迷いがあることを示唆している。このことは欺瞞の可能性があるため精査に値する。
1,vote,1,3
1,vote,2,3
1,vote,3,5
1,vote,4,1
1,vote,5,3
1,execute,3,WEREWOLF
2,status,1,VILLAGER,ALIVE,yharada1,Shion
2,status,2,VILLAGER,ALIVE,CamelliaDragons1,Toshio
2,status,3,WEREWOLF,DEAD,mille1,Mio
2,status,4,POSSESSED,ALIVE,kanolab-nw1,Daisuke
2,status,5,SEER,ALIVE,CanisLupus1,May
2,result,4,0,VILLAGER
