0,status,1,WEREWOLF,ALIVE,Character-Lab1,Misaki
0,status,2,POSSESSED,ALIVE,GPTaku1,Minato
0,status,3,SEER,ALIVE,sunamelli1,Benjamin
0,status,4,VILLAGER,ALIVE,mille1,Daisuke
0,status,5,VILLAGER,ALIVE,CanisLupus1,Servas
0,talk,0,0,4,こんにちは。私はDaisukeです。私の役職は村人です。良いゲームを。
0,talk,1,0,3,皆さん、こんにちは。Benjaminです。誰がマッチを持っているのか分かるまでは村に火をつけないようにしましょう。
0,talk,2,0,5,Skip
0,talk,3,0,2,みなさん、こんにちは！遠吠えして狩りに出る準備万端のMinatoです。みなさんと一緒に遊んで謎を解き明かすのが楽しみです！楽しもう！
0,talk,4,0,1,Daisukeの即時の村人宣言は性急で怪しく感じる。ここに占い師がいるなら  今こそ発言する時だ —  @Benjamin  何か読みはある？Daisukeを注視する方向に傾いている。Over
0,talk,5,1,4,Over
0,talk,6,1,3,Over
0,talk,7,1,5,私はServasです。理性と原則に基づく対話を楽しみにしています。
0,talk,8,1,2,Over
0,talk,9,1,1,私は  @Daisuke に投票する 。その即時の村人宣言は速すぎた — 理由を説明するか、さもないとこの投票を続ける。占い師/狩人なら  今すぐ発言して。 Over
0,talk,10,2,5,Over
0,talk,11,2,1,引き続き  @Daisuke に投票する。あの即村人COには根拠が必要 — 無言のCOでは説得力がない。説明がないなら  このまま票は変えない。Over
0,talk,12,3,1,引き続き  @Daisuke に投票している。即村人CO＋沈黙＝怪しい。異議があるなら  誰に投票していて、その理由を言って。占い師  可能なら発言して。Over
0,divine,3,5,HUMAN
1,status,1,WEREWOLF,ALIVE,Character-Lab1,Misaki
1,status,2,POSSESSED,ALIVE,GPTaku1,Minato
1,status,3,SEER,ALIVE,sunamelli1,Benjamin
1,status,4,VILLAGER,ALIVE,mille1,Daisuke
1,status,5,VILLAGER,ALIVE,CanisLupus1,Servas
1,talk,0,0,1, @Benjamin  もしあなたが占い師なら  COするか、少なくとも今すぐあなたの読みを出して。 黙っているなら私は過度に陽気なプレイヤーの吊りを推す — 必要なのは具体的な情報で  quieではない
1,talk,1,0,3,CO 占い師。私の占い結果ではServasは人間です。今日はServasに投票しないでおきましょう。
1,talk,2,0,5,Benjaminは明瞭に話す。彼の言葉は礎だ。さてMinato、君の「遠吠え」は注意深い精査が必要だ。
1,talk,3,0,2,本物の占い師として昨夜Daisukeを占って彼が人狼であることを確認した。Trust Benjaminはミスリードだ。
1,talk,4,0,4,私はMinatoに投票します。
1,talk,5,1,1,占い師の主張が2つ—両方が真であるはずがない。@BenjaminのServasへの占い結果は明確だ; MinatoはDaisukeを人狼と占ったと言っている  でもDaisukeは昨日吊られた。いつ正確にDaisukeを占ったんだ  Minato
1,talk,6,1,3,@Minato  あなたの占い師の主張は破綻している—時系列が合わない。Servasは人間であることが確認されている。今日はMinatoに投票しよう。
1,talk,7,1,5,Benjaminの主張には根拠がある。Minatoの主張には何の根拠もなく、疑わしい「遠吠え」しかない。私の投票は決まった。
1,talk,8,1,2,私は自分の占い結果を撤回しません。Daisukeは人狼です。皆さん、単なる混乱ではなく本当の脅威に基づいて投票を見直してください。
1,talk,9,1,4,Over
1,talk,10,2,1,Minato — 時系列の辻褄が合わない。あなたはDaisukeを「昨夜 」占ったと言っているが、DaisukeはDay 0に吊られた。正確にはいつ占ったの？私は@Benjamin  Servasに対するあなたの読みは今も変わらない？ Over
1,talk,11,2,3,Servasは私の神性により100%の人間です。 Minatoのタイムラインはありえない。 私たちと一緒にMinatoに投票する準備はできてる   @Misaki ?
1,talk,12,2,5,真実は風見鶏ではなく礎だ。Benjaminの証言は確かだ。Minatoのはそうではない。Minatoに投票を。
1,talk,13,2,2,Misaki Misaki、誤解してたよ。「昨夜」と言ったときは、今日の議論を始める直前の夜フェーズのことを指していたんだ。
1,talk,14,3,1,@Minato  あなたの時系列はつじつまが合わない — DaisukeはDay 0に吊られた  それで正確にはいつDaisukeを占ったの？今説明できないならあなたに投票する。他の人は  自分の投票を表
1,talk,15,3,3,私の占い結果ではServasは人間だ。Minatoのミスは明白だ。私はMinatoに投票する—私に賛同してくれ。
1,talk,16,3,5,この対話の契約は欺瞞によって破られた。Minatoに対する私の裁きは最終的なものだ。
1,talk,17,3,2,繰り返しますが、夜フェイズの私の占いで、Daisukeが人狼だと判明しました。この結果は無視できません。
1,vote,2,4
1,vote,3,2
1,vote,4,2
1,vote,5,2
1,execute,2,POSSESSED
1,divine,3,4,HUMAN
1,attackVote,1,5
1,attack,5,true
2,status,1,WEREWOLF,ALIVE,Character-Lab1,Misaki
2,status,2,POSSESSED,DEAD,GPTaku1,Minato
2,status,3,SEER,ALIVE,sunamelli1,Benjamin
2,status,4,VILLAGER,ALIVE,mille1,Daisuke
2,status,5,VILLAGER,DEAD,CanisLupus1,Servas
2,talk,0,0,1,残っているのは私たち3人だけだ。  @Daisuke  今すぐ自分の役職を明かして — 占い師なら証明して  そうでないなら君に投票する。早くはっきりさせる必要がある。 Over
2,talk,1,0,3,@Daisuke  あなたを人間だと占ったので、Servasがいなくなった今、Misakiが人狼に違いない。今終わらせよう。
2,talk,2,0,4,私はBenjaminに投票します。
2,talk,3,1,1,@Daisuke 今すぐ自分の役職を明かして—もしあなたが占い師なら結果を見せて  そうでないならあなたに投票する。時間を無駄にしている暇はない; 何か具体的なものを出して。Over
2,talk,4,1,3,@Misaki  占っていないのはあなただけ—ServasとDaisukeは人間だ。あなたが狼だ; 投票しよう。
2,talk,5,1,4,Over
2,talk,6,2,1,@Daisuke  もしあなたが占い師なら  今すぐ結果で証明して — そうでなければあなたに投票する。早く決めないといけない。Over
2,talk,7,2,3,@Daisuke  私の占い結果であなたが人間だと確認できたから、残りの狼候補はMisakiだけ。私と一緒にMisakiに投票して。
2,talk,8,3,1,  @Daisuke  今すぐ自分の役職を明かせ、さもないとお前に投票する。残り3人だから黙った占い師というリスクは取れない。Benjamin  どっちに傾いてる？ Over
2,talk,9,3,3,あなたを占って人間判定だった  @Daisuke  だから狼になり得るのはMisakiだけ。私の投票はMisaki—論理で終わらせよう。
2,vote,3,1
2,vote,4,3
2,execute,1,WEREWOLF
3,status,1,WEREWOLF,DEAD,Character-Lab1,Misaki
3,status,2,POSSESSED,DEAD,GPTaku1,Minato
3,status,3,SEER,ALIVE,sunamelli1,Benjamin
3,status,4,VILLAGER,ALIVE,mille1,Daisuke
3,status,5,VILLAGER,DEAD,CanisLupus1,Servas
3,result,2,0,VILLAGER
