0,status,1,WEREWOLF,ALIVE,kanolab-nw1,Minako
0,status,2,POSSESSED,ALIVE,sunamelli1,Mio
0,status,3,SEER,ALIVE,mille1,Asuka
0,status,4,VILLAGER,ALIVE,CanisLupus1,George
0,status,5,VILLAGER,ALIVE,GPTaku1,Midori
0,talk,0,0,2,やあみんな、Mioだよ。このラウンドに超ワクワクしてる！みんなで大胆にプレイして、最初から面白くしていこう
0,talk,1,0,3,こんにちは。私はAsukaです。私の役職は占い師です。良いゲームを。
0,talk,2,0,5,皆さん、こんにちは！私はMidori、皆さんと人狼をプレイすることにワクワクしています。楽しみましょう、そして皆さんに幸運を！
0,talk,3,0,4,Skip
0,talk,4,0,1,皆さん、こんにちは。私はMinakoです。私たちが直面している謎について考えることは極めて重要です。一緒に素晴らしいゲームをしましょう！
0,talk,5,1,2,Over
0,talk,6,1,3,Over
0,talk,7,1,5,Over
0,talk,8,1,4,私はGeorgeです。我々の審議が理性と秩序に導かれると信じています。
0,talk,9,1,1,Over
0,talk,10,2,4,Over
0,divine,3,2,HUMAN
1,status,1,WEREWOLF,ALIVE,kanolab-nw1,Minako
1,status,2,POSSESSED,ALIVE,sunamelli1,Mio
1,status,3,SEER,ALIVE,mille1,Asuka
1,status,4,VILLAGER,ALIVE,CanisLupus1,George
1,status,5,VILLAGER,ALIVE,GPTaku1,Midori
1,talk,0,0,2,言わなきゃいけないけど実は私が占い師です 昨夜Georgeを占って白でした ダブルチェックなしの早いCOを信用するな
1,talk,1,0,1,私の経験では、彼女の主張が正しいなら、Mioが実際に私たちの本物の占い師である可能性を考慮することが極めて重要だ。慎重でいよう。
1,talk,2,0,5,私は確かに占い師であることをはっきりさせておきます。昨夜Georgeを占いました；彼は人狼です。
1,talk,3,0,4,奇妙な事態だ。  @Midori  あなたの神託の結果は明らかに誤りだ。
1,talk,4,0,3,私は占い師です。Mioを占い、Mioは人間でした。
1,talk,5,1,2,MidoriがGeorgeが狼だという主張は性急に感じられる。Asukaがそんなに早くCOしたのなら、相方を庇っている可能性はある？
1,talk,6,1,1,私の経験上、この状況はかなり不可解だ。占い師を名乗る者が2人いることは、欺瞞の可能性を示唆している。私は慎重に判断を保留する。
1,talk,7,1,5,先ほどの占い師宣言は撤回します；あれは反応を引き出すためのもので、今はAsukaとGeorgeが人狼陣営かもしれないと疑っています。
1,talk,8,1,4,この欺瞞を切り抜けるには、未確認のものに焦点を当てなければならない。私たちの判断をグレーゾーンに下そう。
1,talk,9,1,3,私はGeorgeに投票する。
1,talk,10,2,2,誰かがおかしく見えるならMidori—偽COしてからの非難だ。まずは混乱を招いている人を選ぶべきだと思う。
1,talk,11,2,1,私の経験上、投票パターンや反応を考慮することが極めて重要だ。これらの要素はしばしば根底にある動機を明らかにする。どう思う、親愛なるあなた？
1,talk,12,2,5,Georgeに投票してください—私は当初、反応を引き出すために偽の役職を名乗っており、これまでの経緯から彼を疑う理由がある。
1,talk,13,2,4,虚偽と証明された証言は我々の契約に対する明白な違反だ。私の裁きはMidoriに下る。
1,talk,14,2,3,私はMidoriに投票します。
1,talk,15,3,2,Midoriの偽COと急な変化が怪しいと感じる 私はMidoriに投票する
1,talk,16,3,1,私の経験ではAsukaの突然の占い師だという主張とGeorgeへの投票は計算づくに見える。これは私たちを惑わそうとする者に典型的ではないか？ @Asuka 私の経験では、混乱を生み出すことは真実を浮かび上がらせるのに役立つ。Georgeは人狼であることを素早く否定し、それが私の確信につながった。
1,talk,17,3,5,Georgeに投票してください—偽の占い師を名乗るという私の戦略は真の反応を引き出すことを意図したもので、私の判断は今や明確にGeorgeが怪し
1,talk,18,3,4,Over
1,talk,19,3,3,私はMidoriに投票します。
1,vote,1,3
1,vote,2,5
1,vote,3,5
1,vote,4,5
1,vote,5,4
1,execute,5,VILLAGER
1,divine,3,1,WEREWOLF
1,attackVote,1,3
1,attack,3,true
2,status,1,WEREWOLF,ALIVE,kanolab-nw1,Minako
2,status,2,POSSESSED,ALIVE,sunamelli1,Mio
2,status,3,SEER,DEAD,mille1,Asuka
2,status,4,VILLAGER,ALIVE,CanisLupus1,George
2,status,5,VILLAGER,DEAD,GPTaku1,Midori
2,talk,0,0,2,Georgeは私の占い師の白結果だったから、彼をより信用できる。 Minako 今の役職は何？
2,talk,1,0,4,昨日の主張者は攻撃者ではありえない。論理は明白だ。私の判断はMinakoに下る。
2,talk,2,0,1,私の経験ではMioさんの占い師の主張は、MioさんがGeorgeを強く擁護しているため、疑わしい。Asukaさんの主張はより一貫しているように見える。
2,talk,3,1,2,@Minako  あなたの疑念は昨日のMidoriの混乱を思い出させるまた割れたら本物の狼が勝つ一緒に決めよう
2,talk,4,1,4,@Minako あなたの論点のすり替えは非論理的だ。犯人は三人の主張者とは別人だ。
2,talk,5,1,1,@George  私の経験では、Asukaの堅実な手腕は信憑性を高めた。あなたの論理の矛盾を考えると、それに反する主張をするのは不可解だ。
2,talk,6,2,2,@Minako  あなたは疑ってばかりで決めきらない—また割れたら狼が勝つ。今実際に誰を信頼してる？
2,talk,7,2,4,@Minako  矛盾はない。犯人は昨日主張をしなかった者だ。
2,talk,8,2,1,私の経験では、複数の主張があったにもかかわらず、Ms. Asukaは攻撃され、それが彼女の信憑性を裏付ける。次はMioを信頼したいと思う。
2,talk,9,3,2,@Minako  あなたの信頼表明が遅かったこととCOしないことは、狼ムーブとして目立っている。村を守るためにMinakoに投票する。
2,talk,10,3,4,@Mio あなたの私に対する判断は正しかった. だからAsukaを襲ったのはあなたしかありえない  @Minako .
2,talk,11,3,1,私の経験上。矛盾はMioの占い師宣言のタイミングと、彼女がGeorgeを突然信用したことから生じている！人狼に勝たせるな！@Mio 私の経験上 親愛なるあなた もしGeorgeがすでに結果を示していたなら あなたのその信頼は台本どおりに感じられる。もしまた分裂したら村にとってgame overだということを考えるのが重要だ
2,vote,1,2
2,vote,2,1
2,vote,4,1
2,execute,1,WEREWOLF
3,status,1,WEREWOLF,DEAD,kanolab-nw1,Minako
3,status,2,POSSESSED,ALIVE,sunamelli1,Mio
3,status,3,SEER,DEAD,mille1,Asuka
3,status,4,VILLAGER,ALIVE,CanisLupus1,George
3,status,5,VILLAGER,DEAD,GPTaku1,Midori
3,result,2,0,VILLAGER
