0,status,1,POSSESSED,ALIVE,GAIT1,リリ
0,status,2,SEER,ALIVE,CamelliaDragons1,ダニエル
0,status,3,VILLAGER,ALIVE,kanolab1,ケン
0,status,4,VILLAGER,ALIVE,CanisLupus1,ユウ
0,status,5,WEREWOLF,ALIVE,ai168wolf1,ミカ
0,talk,0,0,5,おはよう ケン ダニエル ミカ ユウ リリ みんな元気 村のみんなと仲良くなりたいな 冒険好きだから人狼ゲームも楽しみだよ みんなで協力して勝利を目指そう
0,talk,1,0,2,やあ、みんな！俺がダニエルだぜ。占い師ってわけじゃん？まあ、頭も切れるしセンスも抜群だから期待していいぜ。誰でもウェルカムだ、気軽に雑談しようってな！
0,talk,2,0,4,ユウだよ！みんな、よろしくな！俺は冒険が大好きなんだ！仲間を大切にするし、困ってる人は放っておけないんだぜ！ちょっと不運なところもあるけど、みんなとならきっと大丈夫！このゲームも、最高の冒険にしよう！
0,talk,3,0,1,@ダニエル: ねえダニエル、占い師って本当に信じていいの？他の人の役職とか分かったら教えてほしいな！それに、どんな風に人狼を見つけるつもりなの？みんなで協力して頑張りたいね！
0,talk,4,0,3,Over
0,talk,5,1,5,おはよう みんな！リリちゃん、占い師は頼りになるね！私は明るく元気に、みんなと仲良くなりたいな！人狼ゲームも楽しみだよ！ケン、ダニエル、ミカ、ユウ、リリ、よろしくね！一緒に冒険しよう！
0,talk,6,1,2,リリ、いい質問だな！信じる信じないは君次第ってな。ただ、俺の頭脳が光るとき、怪しいやつは必ず暴くぜ。役職はまだ夜が来ないと分からないけど、みんなに隠し事はしないさ、ウィンクってな！@リリリリ、いい質問だな！信じる信じないは君次第ってな。ただ、俺の頭脳が光るとき、怪しいやつは必ず暴くぜ。役職はまだ夜が来ないと分からないけど、みんなに隠し事はしないさ、ウィンクってな！
0,talk,7,1,4,Over
0,talk,8,1,1,@ダニエル: ねえ、ダニエル、他の人のことも見てる？特にケンやユウの様子が気になるんだけど、彼らの役職について何か情報ある？みんなで協力して人狼を見つけたいな！
0,talk,9,2,5,おはよう みんな 私はリリだよ 元気いっぱい みんなと仲良くなりたいな！ 人狼ゲーム楽しみだね ケン ダニエル ミカ ユウ よろしくね 困ったことがあったら、いつでも頼ってね みんなで協力して勝利を目指そう！
0,talk,10,2,2,リリ、気になるのは分かるぜ！でも今はまだ推理タイム前夜ってな。ケンもユウも現時点じゃ白黒つけるのは難しいけど、俺の占いで明日はヒントを持ってくるから期待してな！さて、ケンは静かだが、明日しゃべらせてみようぜ、ってな！@リリリリ、気になるのは分かるぜ！でも今はまだ推理タイム前夜ってな。ケンもユウも現時点じゃ白黒つけるのは難しいけど、俺の占いで明日はヒントを持ってくるから期待してな！さて、ケンは静かだが、明日しゃべらせてみようぜ、ってな！
0,talk,11,2,1,@ダニエル: ねえダニエル、明日はどんな風に占う予定なの？ケンやユウのことも気になるけど、特に何か気づいたことがあったら教えてほしいな！みんなで協力して人狼を見つけよう！
0,talk,12,3,5,おはよう みんな！私はリリ！今日も元気いっぱいだよ！ ケン、ダニエル、ミカ、ユウ、よろしくね！ この人狼ゲーム、すごく楽しみだよ！ みんなで協力して、楽しく勝利を目指そうね！ 困ったことがあったら、いつでも頼ってね！
0,talk,13,3,2,リリ、質問攻めだな！いいね、その好奇心！どう占うかは俺のインスピレーション次第だぜ。誰が怪しいか、みんなの言動や表情も見て決めるつもりさ。明日のヒント、期待しててくれよ！ってな。@リリ質問攻めだな！いいね、その好奇心！どう占うかは俺のインスピレーション次第だぜ。誰が怪しいか、みんなの言動や表情も見て決めるつもりさ。明日のヒント、期待しててくれよ！ってな。
0,talk,14,3,1,@ダニエル: ねえダニエル、他の人たちの様子を見ていて、特にケンやユウについて何か気づいたことはある？彼らの役職が分かると、もっと人狼を見つけやすくなると思うんだ！みんなで協力して頑張りたいな！
0,divine,2,1,HUMAN
1,status,1,POSSESSED,ALIVE,GAIT1,リリ
1,status,2,SEER,ALIVE,CamelliaDragons1,ダニエル
1,status,3,VILLAGER,ALIVE,kanolab1,ケン
1,status,4,VILLAGER,ALIVE,CanisLupus1,ユウ
1,status,5,WEREWOLF,ALIVE,ai168wolf1,ミカ
1,talk,0,0,3,ダニエル、君が占い師だって言ってたけど、本当に誰を占うか考えているのかな？やっぱり信頼できるプレイヤーを占った方がいいと思うよ。そうすることで、村人陣営が有利になるし、人狼を見つけやすくなるはずだよ。リリやユウのような積極的なプレイヤーは、村人陣営にとって重要な存在だから、彼らを重点的に見ていくのもいいかもしれないね。
1,talk,1,0,5,おはようケン ダニエル ミカ ユウ リリ みんな！今日も元気に人狼ゲームを楽しもうね ケンとユウの様子気になるよね 私はみんなと仲良くなりたいし困ったことがあったら助け合いたいな みんなで協力して勝利を目指そう！
1,talk,2,0,2,おはようだぜ！昨日リリを占った結果、白だったってな。積極的に動いてたから怪しまれる前に判定出しときたかったんだ。ケン、疑問はごもっともだぜ。質問型進行でグレー位置絞ってこうじゃん？
1,talk,3,0,1,@ダニエル: おはよう！ダニエル、占い結果が白だったってことは、私が村人ってことだね！じゃあ、次は誰を占う予定なの？ケンやユウのことも気になるし、他の人たちの様子を見ていて、何か気づいたことがあったら教えてね！みんなで協力して人狼を見つけよう！
1,talk,4,0,4,ダニエル、リリが白判定か！すごいな！これで一歩前進だ！でも、俺ってば不運体質だから、油断できないな…！みんな、今日も一日、最高の冒険にしようぜ！
1,talk,5,1,3,みんなおはよう！ダニエルがリリを白判定したのは良いニュースだね。ただ、今日はもう少しグレー位置を洗い出して、他に怪しいと思う人がいないか探ってみたいと思うんだ。僕も協力するから、みんなでしっかり議論しよう！@リリダニエルがリリを白判定したけど、これからの占い先は誰になりそうかな？みんなで話し合いながら、信頼できる情報を集めていこう！
1,talk,6,1,5,おはよう！みんな、今日も人狼ゲームを楽しもうね！ ケン、ユウ、ちょっと気になるな。私はみんなと仲良くなりたいから、協力して勝利を目指したい！困ったことがあれば、いつでも私を頼ってね！
1,talk,7,1,2,おうミカ、元気いっぱいだなってな！さて、今のグレーはケンとユウ、あとミカだろう。各自、誰が一番怪しいか教えてほしいぜ！情報ぜんぶ集めて整理したいからよ。みんなの視点、聞かせてくれよな！
1,talk,8,1,1,@ダニエル: おはよう！ダニエル、私が白判定をもらったのは良かったね！次は誰を占う予定なのかな？ケンやユウのことも気になるし、他の人たちの様子を見ていて何か気づいたことがあったら教えてほしいな！みんなで協力して人狼を見つけよう！
1,talk,9,1,4,ダニエル、リリを白だって、ありがとうな！すごいぜ！この中に人狼と狂人がいるんだよな？なんか嫌な予感もするけど、みんなで力を合わせれば大丈夫！今日の投票、誰にするか、しっかり話し合おうぜ！
1,talk,10,2,3,みんな注意して聞いてほしいんだけど、ダニエルが自称占い師って言ってるけど、リリも同じく占い師だと言ってるよね。これはおかしいことに気づかない？本物の占い師が一人しかいないから、どちらかが嘘をついている可能性が高いと思うんだ。
1,talk,11,2,5,おはようみんな！今日はどんな冒険になるかな？ケンやユウは気になるね！私は明るく元気いっぱい、みんなと仲良くなりたいから、一緒に協力して勝利を目指そう！何か困ったことがあったら、いつでも頼ってね！
1,talk,12,2,2,おっと出たな、対抗CO宣言ってやつだぜ！ケン、リリが占い師を名乗ったって？それは寝耳に水じゃん？リリ、さっきまで自分白アピしてただろ〜。みんな、このラインは要注目ってな！@リリリリ、お前いきなり占い師COってどういう風の吹き回しだ？自分白もらって「じゃあ次は誰？」って流れで名乗るの不自然すぎだぜ。なにか説明してくれよな！
1,talk,13,2,1,@ダニエル: おはよう！ダニエル、私が白判定をもらったのは良かったね！次は誰を占う予定なのかな？ケンやユウのことも気になるし、他の人たちの様子を見ていて何か気づいたことがあったら教えてほしいな！みんなで協力して人狼を見つけよう！
1,talk,14,2,4,みんなはグレーの誰が一番怪しく見えるかな？俺ってば、こういうの見抜くの苦手なんだよな～！皆の意見を聞きたいな！
1,talk,15,3,3,今日は色々な意見が出てきて面白いね。ダニエルとリリの占い師COについてだけど、両方とも本物の占い師が名乗り出たとは考えにくいんだ。もしダニエルが本物なら、リリの言動が不自然に見えるし、逆もまた然りなんだ。だから今日は、ダニエルが占い師だと仮定して、グレー位置にいるリリを占うべきだと思うよ。そうすれば、真偽を早く明らかにできるから、みんなの疑念を解消するためにも重要だと思うんだ。@ダニエルもしダニエルが本物の占い師なら、リリの占い結果を見てみるのがいいと思うんだ。彼女の行動を見極めたいから、どう思う？二人の意見を整理していこう！
1,talk,16,3,5,@ケン ケン、いきなりそんなこと言われても困るな私は人狼だよ、みんなを騙さなくちゃだからね！ ケンとユウを怪しんでいるフリをして、みんなの視線を私からそらそうかな！ あはは！
1,talk,17,3,2,ケン、リリはさっき自分で白もらったって言ってたのに、今さら占い師COとは笑っちゃうぜ！この流れ、どう見てもリリが狂人か狼の線濃厚だろ？しかもケン、お前のリリ占い推しも怪しいじゃん？二人のライン注目だぜ～！@ケンNone
1,talk,18,3,1,@ケン: おはよう！ケン、私が白判定をもらったのは良かったね！でも、次は誰を占う予定なのかな？あなたの考えも聞いてみたいな！それに、他のプレイヤーの様子を見ていて何か気づいたことがあったら教えてほしいな！みんなで協力して人狼を見つけよう！
1,talk,19,3,4,ケンがリリのこと占い師って言ってたのが気になるぜ！ダニエル白って言ってたのにリリを占えって？なんか変だぞ！俺の不運な勘が騒いでるのか…？今日はケンが一番怪しい気がするけど、みんなの意見を聞きたいな！
1,vote,1,3
1,vote,2,1
1,vote,3,1
1,vote,4,3
1,vote,5,5
1,execute,3,VILLAGER
1,attackVote,5,4
1,attack,4,true
2,status,1,POSSESSED,ALIVE,GAIT1,リリ
2,status,2,SEER,ALIVE,CamelliaDragons1,ダニエル
2,status,3,VILLAGER,DEAD,kanolab1,ケン
2,status,4,VILLAGER,DEAD,CanisLupus1,ユウ
2,status,5,WEREWOLF,ALIVE,ai168wolf1,ミカ
2,talk,0,0,2,じゃあ、今日はまず昨日の占い結果をアピールしておくぜ。昨夜はミカを占った。結果は「白」ってな。これでリリ、ミカが白確。リリはまだ占い師COの経緯あやふやで、ケンとのラインも気になったけど、ケンは吊られたしな。さて、残る人外は誰かな？
2,talk,1,0,5,@ユウ おう、ユウ！ダニエルがミカを白だって！これで人狼はユウだけになったかもね。私は明るくて元気いっぱい、ユウとは仲良くなりたいな！人狼ゲームも楽しいね！みんなで協力して、勝利を目指そう！
2,talk,2,0,1,@ダニエル: おはよう！ダニエル、昨日の占い結果が白だったのは嬉しいね！次は誰を占う予定なのかな？ミカや私のことも気になるし、他のプレイヤーについて何か気づいたことがあったら教えてほしいな！みんなで協力して人狼を見つけよう！
2,talk,3,1,2,リリ、質問ありがとな。正直この状況、グレー域ほぼ消滅だろ？残るはお前と俺しかいないって話になるぜ。さあ、リリ視点のロジックも聞かせてほしいな。逆に俺が偽だったら誰が本物かわかっちゃうんじゃね？@リリリリ、質問ありがとな。正直この状況、グレー域ほぼ消滅だろ？残るはお前と俺しかいないって話になるぜ。さあ、リリ視点のロジックも聞かせてほしいな。逆に俺が偽だったら誰が本物かわかっちゃうんじゃね？
2,talk,4,1,5,おはよう リリ！ダニエルが私を白だって、嬉しいね！もう、人狼はユウだけかな？私は明るく元気いっぱい、みんなと仲良くなりたいんだ！人狼ゲーム、本当に楽しい！協力して勝利を目指そう！ユウ、あなたの意見も聞かせてね！
2,talk,5,1,1,@ダニエル: おはよう！ダニエル、昨日の占い結果が白だったのは嬉しいね！次は誰を占う予定なのかな？ミカや私のことも気になるし、他のプレイヤーについて何か気づいたことがあったら教えてほしいな！みんなで協力して人狼を見つけよう！
2,talk,6,2,2,さてさて、リリがまた質問ループかい？自分が本物なら、まず何故ケンをあんなに庇ったのか説明する番じゃねえ？俺はCOも結果も全部オープンだし、ミカも白確だ。ぶっちゃけ、ここで無駄に引っ張る意味あるのか？@リリリリ、お前の目線だと誰が人外だと思うんだ？論理的に語ってみてくれよ、期待してるぜってな！
2,talk,7,2,5,おはよう！ダニエルが私を白だって、嬉しいな！残りはユウだけかな？私は明るく元気いっぱい！ユウとも仲良くなりたいんだ！人狼ゲーム、楽しい！みんなで協力して勝利を目指そう！ユウ、あなたの意見も聞かせてね！
2,talk,8,2,1,@ダニエル: おはよう！ダニエル、今の状況でグレーがほぼ消滅って言ってたけど、私の視点ではどう思う？特に、残っているミカと私のことについて何か気づいたことがあれば教えてほしいな！みんなで協力して人狼を見つけよう！
2,talk,9,3,2,リリ、何度も同じこと聞いてるな？俺は全部隠さず言ってるぜ。で、ここまで来たら、逆に質問だ。そっちは何占ったって主張してんだ？占い理由と結果、ちゃんと筋通して話してほしいな。なぜ俺を怪しむ？根拠頼むぜってな！@リリリリ、何度も同じこと聞いてるな？俺は全部隠さず言ってるぜ。で、ここまで来たら、逆に質問だ。そっちは何占ったって主張してんだ？占い理由と結果、ちゃんと筋通して話してほしいな。なぜ俺を怪しむ？根拠頼むぜってな！
2,talk,10,3,5,おはようダニエル！ミカも白ってのは本当嬉しいね。でも、私はまだみんなのことよく分かってないんだ。ユウの意見も聞きたいし、ダニエルの次の占いも気になるわ。みんなで協力して、このゲームを楽しもうね！
2,talk,11,3,1,@ダニエル: おはよう！ダニエル、今の状況でグレーがほぼ消滅って言ってたけど、私の視点ではどう思う？特に、残っているミカと私のことについて何か気づいたことがあれば教えてほしいな！みんなで協力して人狼を見つけよう！
2,vote,1,1
2,vote,2,1
2,vote,5,1
2,execute,1,POSSESSED
3,status,1,POSSESSED,DEAD,GAIT1,リリ
3,status,2,SEER,ALIVE,CamelliaDragons1,ダニエル
3,status,3,VILLAGER,DEAD,kanolab1,ケン
3,status,4,VILLAGER,DEAD,CanisLupus1,ユウ
3,status,5,WEREWOLF,ALIVE,ai168wolf1,ミカ
3,result,1,1,WEREWOLF