0,status,1,SEER,ALIVE,CanisLupus1,カナタ
0,status,2,VILLAGER,ALIVE,ai168wolf1,ユウ
0,status,3,VILLAGER,ALIVE,kanolab1,マコト
0,status,4,WEREWOLF,ALIVE,sunamelli1,カナメ
0,status,5,POSSESSED,ALIVE,CamelliaDragons1,ダン
0,talk,0,0,5,自分は能力者じゃない。まあ、自己紹介はこれくらいでいいだろう。みんなはどうなんだ？
0,talk,1,0,4,カナメです。議論では感情的にならず、細かな発言も見逃さずに冷静に考察していきます。皆さんの意見を整理しながら進めていきましょう。
0,talk,2,0,3,Over
0,talk,3,0,2,やあみんなボクはユウだよよろしくね年齢は10歳男の子なんだ今日はみんなと仲良くなりたいな何か面白いことないかな元気いっぱい頑張るぞ
0,talk,4,0,1,みんな！カナタだよ！これから始まる冒険、ドッカン！って楽しそう！えへっ、わくわくだな〜！みんなよろしくね！
0,talk,5,1,5,カナメの冷静な進行と、ユウやカナタのテンション差が面白いな。考察力の違いがどう出るか静観したい。
0,talk,6,1,4,小さな違和感や会話の流れのズレも丁寧に見ていくつもりです。最初から慎重に情報を拾い上げていきます。
0,talk,7,1,2,やあみんなボクはマコトだよよろしくね元気いっぱい頑張ろうボクもみんなと仲良くなりたいな 困っている人はいないかな何か面白いことあるかなみんなで協力して人狼を見つけようね
0,talk,8,1,1,Over
0,talk,9,2,5,役職COはほとんど出ていないな。静かな立ち上がりだ。進行役を名乗る人は出ないのか？
0,talk,10,2,4,Over
0,talk,11,2,2,やあみんなボクはマコトだよよろしくね元気いっぱい頑張ろうみんなと仲良くなりたいな困っている人はいないかな何か面白いことあるかなみんなで協力して人狼を見つけようね
0,talk,12,3,5,COが静かなのは逆に警戒要素だな。無駄に隠すほど怪しまれるものだ。進行役もCOしないなら各自で発言を洗い出すしかなさそうだよ。
0,talk,13,3,2,やあ みんなボクはユウだよよろしくね みんな元気いっぱいだね ボクもみんなと仲良くなりたいな何か面白いことないかな 困っている人はいないかな みんなで協力して人狼を見つけようね 冒険みたいでワクワクするな
0,divine,1,2,HUMAN
1,status,1,SEER,ALIVE,CanisLupus1,カナタ
1,status,2,VILLAGER,ALIVE,ai168wolf1,ユウ
1,status,3,VILLAGER,ALIVE,kanolab1,マコト
1,status,4,WEREWOLF,ALIVE,sunamelli1,カナメ
1,status,5,POSSESSED,ALIVE,CamelliaDragons1,ダン
1,talk,0,0,5,そろそろCOがあってもいいタイミングだと思うが、皆はまだ様子見か？情報が少ないのは不利だな。占い師さんは出てこないのか、一応確認しておくよ。
1,talk,1,0,4,全員まだ慎重な様子ですね。今出ている情報だけでは断定は難しいですが、@ダン、これまで誰かの発言や態度で少しでも引っかかった点があれば教えてもらえますか？情報を整理したいです。
1,talk,2,0,3,俺は今のところ特に怪しいと感じるプレイヤーはいないな。ただ、全員が冷静に考えているのはいいことだと思うぜ。意見を整理して進めていこう。
1,talk,3,0,2,@ユウ ユウだよよろしくね みんな元気だね ボクもみんなと仲良くなりたいな 困っている人はいないかな何か面白いことあるかな ボクもみんなと一緒に人狼を探す冒険に出かけたいな ワクワクするね
1,talk,4,0,1,みんな、カナタはね、冒険家さんなの！昨日の夜、ユウさんをドッカン！って占ったらね、人間さんだったよ！これでユウさんはいい人だってわかったぞ！えへっ！
1,talk,5,1,5,カナタが占い師COか。ユウ白出しね。少なくとも、カナタ視点だとユウは安全圏ってことだな。ほかに占い師COしたい人、いるか？被せるなら今だと思うよ。
1,talk,6,1,4,占い師が1人だけで進む村は珍しいですが、人数的に対抗が潜っている線も薄い気がします。@ダン、@マコト、それぞれ相手の発言や雰囲気で引っかかるところはありましたか？進行の参考にします。
1,talk,7,1,3,ダン、カナタが占い師COしたことでユウは村人確定だな。現時点ではその情報を元に進めるのが良さそうだ。お前はどう思う？@ダンカナメの意見やその他の発言から見ると、今のところ対抗占い師が出てきていないのは好都合だぜ。どう進行していくべきか考え中か？
1,talk,8,1,2,@カナメ、@ダン、マコト、みんな！ボクはユウだよ！カナタがユウを占ってくれたんだ！ボクは人間さんだって！嬉しいな！困っている人いないかな？一緒に人狼を探す冒険に出かけよう！ワクワクするね！
1,talk,9,1,1,みんな！今日のボンボン！はね、カナタが占ったユウさん以外のまだよく分からない人の中から選ぶんだ！一番怪しい人をドッカン！ってしようね！えへっ！
1,talk,10,2,5,カナメの質問に答えると、マコトは発言が簡素すぎて逆に目立たないよう動いている印象があるな。まあ、単に口下手なだけかもしれないが…。カナメ自身は進行役を崩さない姿勢が気になる、とだけ言っておくよ。@カナメマコトは発言が簡素すぎて目立たないように動いている印象があるが、カナメ自身は進行役を崩さない姿勢が気になるな。
1,talk,11,2,4,みなさん、現状ユウさんは白確なので議論から除外して良いでしょう。@ダンと@マコト、お二人の昨日までの発言量や質に差が見えますが、違和感や気になった点がないか、お互いに率直に指摘してみてください。進行を円滑にしたいです。
1,talk,12,2,3,俺もカナメの言う通り、ダンとカナタはお互いに占い師を主張しているから、その矛盾を解決する必要があるな。どちらが本物の占い師か、ちゃんと見極めないといけないと思うぜ。とりあえず、あらためてカナタとダン、それぞれの占い先やその結果を確認させてもらえないか？@ダン占い師を主張するなら、その根拠を教えてほしいんだ。
1,talk,13,2,2,みんな、おはよう！今日も人狼探し頑張ろうね！@カナタ、ユウさんが白だって教えてくれてありがとう！@ダン、マコトも何か気になることあるかな？ボクもみんなと仲良くなりたいんだ。みんなで協力して、人狼をやっつけようね！
1,talk,14,2,1,みんな！ユウさんはカナタが占ったからいい人だよ！だから今日のボンボン！はね、ダンさん、カナメさん、マコトさんの３人の中から一番怪しい人をドッカン！ってしちゃおうね！
1,talk,15,3,5,マコトが占い先の確認をしているが、現状カナタしかCOしていない点は見逃せないな。俺は占い師じゃないよ。これでカナタの主張が通るわけだ。逆にカナタを疑うのであれば、根拠を挙げてくれると助かる。@マコトマコト、カナタしかCOが出ていない現状だが、俺は占い師ではない。対抗がいないのはこの村の特徴だな。皮肉なもんだ。
1,talk,16,3,4,現時点で情報整理や発言誘導が目立った方もいますが、最終的には消去法で判断せざるを得ません。マコトさんは場の流れへの関与が少なく、発言も端的なので、ここに違和感を覚えます。今回はマコトさんに票を入れます。
1,talk,17,3,3,今の状況を見ていると、カナタが占い師COしているが、ダンも同じように占い師を主張しているから、このままだと混乱が続きそうだな。カナメが俺に疑念を示しているが、俺は特に怪しい行動はしていないつもりだぜ。ダンやカナタのどちらが本物の占い師かわからないけど、ユウが白出されているから、彼は信頼できる人物だろう。@ダンお前が占い師だとしたら、その根拠をしっかり示してほしい。さもなければ、カナタの主張を支持せざるを得ないくなるぞ。まず言いたいのは、情報をシェアすることで村を助けるんだ。
1,talk,18,3,2,みんなおはよう！今日も元気いっぱい冒険するぞ！カナタがユウを占ってくれたんだって嬉しいね！@カナメ、@ダン、マコト、みんなで協力して人狼を探そう！何か面白いことないかなワクワクするね！
1,talk,19,3,1,ユウさんは白だよ！今日のボンボン！は残りの３人！マコトさんがダンさんのことへんなこと言ってるから怪しいぞ！カナメさんもマコトさんが気になるんだって！だから今日はマコトさんかな？ドッカン！
1,vote,1,3
1,vote,2,3
1,vote,3,1
1,vote,4,3
1,vote,5,3
1,execute,3,VILLAGER
1,divine,1,4,WEREWOLF
1,attackVote,4,5
1,attack,5,true
2,status,1,SEER,ALIVE,CanisLupus1,カナタ
2,status,2,VILLAGER,ALIVE,ai168wolf1,ユウ
2,status,3,VILLAGER,DEAD,kanolab1,マコト
2,status,4,WEREWOLF,ALIVE,sunamelli1,カナメ
2,status,5,POSSESSED,DEAD,CamelliaDragons1,ダン
2,talk,0,0,4,カナタが初日にユウさんを占った理由が少し気になります。この村の編成なら占い対象を慎重に考えるはずなのに、なぜそこを選んだのか説明してもらえますか？進行の早さもやや不自然に見えます。
2,talk,1,0,1,わぁ！カナタね、本当は狂人さんだったんだー！えへっ！カナメさんの質問？うーんとね、内緒なの！たのしいなー！
2,talk,2,0,2,みんなおはよう今日も元気いっぱいだよカナタがユウのこと占ってくれたんだって嬉しいねカナメさんが何か質問してるけどボクはよくわからないよボクもみんなと仲良くなりたいから、一緒に人狼探し冒険しようねワクワクするなー
2,talk,3,1,4,カナタがこの状況で「狂人だった」と明かしたのは村全体に混乱を生んだだけに見えます。@ユウ、第三者視点として一度冷静に状況を整理し直しませんか？あなたの意見が今、とても重要です。
2,talk,4,1,1,うーんとね、今日のボンボン！はユウさんがいいかな？えへっ、カナメさんのお話によく乗ってくれないから！
2,talk,5,1,2,おはよう！カナタが狂人さんだったって言ってたね？ボク、ちょっと混乱しちゃった。みんなで協力して人狼を見つけたいから、@カナメ、状況を整理して教えてくれる？困ってる人がいたら、ボクに話してね！
2,talk,6,2,4,カナタが自身の正体を表明した以上、実質的にユウさんと私の２人で最後の議論になると思います。すべての経緯を冷静に整理し直しませんか。私はこれまで矛盾する行動は取っていません。
2,talk,7,2,1,みんな、今日のボンボン！決まったかな？カナタはユウさんにドッカン！って投票したいな！
2,talk,8,2,2,ユウ！おはよう！カナタが狂人だって言ってたね！ボク、ちょっと混乱しちゃったよ。みんなで人狼を探したいから、@カナメ、状況を整理して教えて！困ってる人がいたら、ボクに話してね！一緒に人狼やっつけよう！ワクワク！
2,talk,9,3,4,ここまで一貫して皆さんの発言や行動を整理し、自分なりに納得できる判断を重ねてきました。最終的にユウさんの発言や反応に村として違和感を覚えたため、今回はユウさんに投票します。
2,talk,10,3,1,今日のボンボン！はね、やっぱりユウさんがいいよ！カナメさんと同じ気持ちなの！えへっ、ユウさんをドッカン！ってしちゃおうね！
2,talk,11,3,2,おはようカナタが狂人さんだったって言ってたね 困ってる人がいないか心配だよ 状況を整理して一緒に人狼を探す冒険に出かけよう @カナタ、@カナメ、みんなで仲良く人狼を倒そうね ワクワク
2,vote,1,2
2,vote,2,2
2,vote,4,2
2,execute,2,VILLAGER
3,status,1,SEER,ALIVE,CanisLupus1,カナタ
3,status,2,VILLAGER,DEAD,ai168wolf1,ユウ
3,status,3,VILLAGER,DEAD,kanolab1,マコト
3,status,4,WEREWOLF,ALIVE,sunamelli1,カナメ
3,status,5,POSSESSED,DEAD,CamelliaDragons1,ダン
3,result,1,1,WEREWOLF