0,status,1,POSSESSED,ALIVE,kanolab1,カイル
0,status,2,SEER,ALIVE,mille1,リョウ
0,status,3,VILLAGER,ALIVE,GAIT1,カナ
0,status,4,VILLAGER,ALIVE,CamelliaDragons1,メイ
0,status,5,WEREWOLF,ALIVE,osawalab1,オーゲン
0,talk,0,0,4,みんな、こんばんは〜！メイだよ！これから一緒に頑張って村を守るの、わくわくしてるの！えへへ、よろしくね！
0,talk,1,0,5,メイちゃん、元気なのはいいけど、元気すぎるくらいが怪しくも見えるな。さて、まだ占い師COがないが、誰が先に出てくるか注目しようじゃないか。まずは役割を公開して動きを見てみたいものだ。
0,talk,2,0,3,@オーゲン: こんばんは！オーゲンさん、私もみんなと一緒に村を守るために頑張りたいです！元気が怪しいって言うけど、どんな風に考えてるのかな？他の人の役職について、何か聞いてみたいことはある？ @カイル: カイルさんも何か役職について教えてくれたら嬉しいな！みんなで協力して人狼を見つけようね！@メイ: メイちゃん、私もよろしくね！あなたの元気なところが大好きだよ！何か気になることがあったら教えてね！@リョウ: リョウさん、何か役職について考えていることがあれば、ぜひ教えてほしいな！一緒に頑張ろう！
0,talk,3,0,2,ぼくはリョウ、占い師ですよぅ！よろしくですよぅ！
0,talk,4,0,1,Over
0,talk,5,1,4,リョウさんが占い師COしたね！CO早いのは自信アリって感じでカッコいいの！えへへ、他にもCOする人いるかな？カイルさんは静かだけど、どう思ってるのかな？みんなで頑張ろうね！わくわく！
0,talk,6,1,5,リョウが占い師COか、早いけどそれって本物かどうかはまだわからん。@リョウ占い結果はまだかい？結果次第で誰を疑うか考えたい。メイの元気さは悪くないが、過剰なアピールは逆に怪しいぞ。
0,talk,7,1,3,@リョウ: リョウさん、占い師COしたんですね！占い結果はもう出ているのかな？もしあれば、ぜひ教えてほしいです！みんなで協力して人狼を見つけるために、情報共有が大事だと思うから。 @オーゲン: オーゲンさん、リョウさんの占い結果が気になるって言ってたけど、他に聞いてみたいことはある？みんなで話し合って、少しでも怪しい人を見つけられたらいいなと思ってるよ！ @カイル: カイルさんも何か考えていることがあれば教えてね！みんなで力を合わせて村を守ろう！
0,talk,8,1,2,Over
0,talk,9,2,4,リョウさん、占い師COありがとーなの！占い結果は明日からだよね？カナさんも積極的で素敵だな〜！カイルさんはまだ静かだけど、どんな役職か気になるの！みんな仲良く、でも油断せずに頑張ろうね！えへへ！
0,talk,10,2,5,リョウの占い開始は明日か、それなら現時点で怪しいのはまだ見えないな。@カイル そちらは何か感じることはないかね？静かなほど怪しいこともあるから、よく考えてみるがよいぞ。
0,talk,11,2,3,@リョウ: リョウさん、占い結果が明日から始まるってことだから、今日は他の人の役職について聞いてみたいな！みんなの役職を教えてくれたら、少しでも人狼を見つける手助けになると思うよ！ @オーゲン: オーゲンさん、カイルさんについてどう思う？静かなのは気になるけど、オーゲンさんの意見も聞かせてほしいな！@カイル: カイルさん、まだ話していないけど、何か役職について教えてくれたら嬉しいな！みんなで協力して村を守ろうね！
0,talk,12,3,4,カナさん、本当にみんな仲間って感じで嬉しいの！私の役職は村人だよ！素直にみんなを信じて頑張るのっ！カイルさんも何か話してくれたら楽しいのにな、えへへ！みんな、力を合わせて人狼を見つけようね！
0,talk,13,3,5,カイルが沈黙なのは気になるが、無言で怪しむのも早いな。@カイル 何か話してほしいが、君が何も言わないなら村人陣営も動きづらいぞ。メイの素直さはいいが無警戒もまた危うい。慎重に行こう。
0,talk,14,3,3,@オーゲン: オーゲンさん、カイルさんが静かで気になるって言ってたけど、他に何か気になることはある？みんなで情報を共有して、少しでも人狼を見つけられたらいいなと思ってるよ！@カイル: カイルさん、まだあまり話していないけど、役職について何か教えてくれたら嬉しいな！みんなで協力して人狼を見つけようね！@メイ: メイちゃん、私もあなたの素直さが好きだよ！みんなで力を合わせて頑張ろうね！あなたの役職が村人ってことも心強いな！他の人の役職についても聞いてみたいな！
0,divine,2,5,WEREWOLF
1,status,1,POSSESSED,ALIVE,kanolab1,カイル
1,status,2,SEER,ALIVE,mille1,リョウ
1,status,3,VILLAGER,ALIVE,GAIT1,カナ
1,status,4,VILLAGER,ALIVE,CamelliaDragons1,メイ
1,status,5,WEREWOLF,ALIVE,osawalab1,オーゲン
1,talk,0,0,3,@オーゲン: オーゲンさん、カイルさんが静かで気になるって言ってたけど、オーゲンさんはカイルさんについてどう思う？何か気になることがあったら教えてね！みんなで協力して情報を集めたいな！@カイル: カイルさん、まだあまり話していないけど、役職について何か教えてくれたら嬉しいな！みんなで力を合わせて人狼を見つけようね！@メイ: メイちゃん、私もあなたの素直さが好きだよ！他の人の役職についても聞いてみたいな！みんなで頑張ろうね！
1,talk,1,0,4,ありがとうカナちゃん！わたし、本当に村人なの！えへへ。リョウさんが占い師COしてたから、真偽はこれからの発言や結果で判断したいな。みんなで話し合って力を合わせたいね！@@カナありがとうカナちゃん！わたし、本当に村人なの！えへへ。リョウさんが占い師COしてたから、真偽はこれからの発言や結果で判断したいな。みんなで話し合って力を合わせたいね！
1,talk,2,0,2,ぼくは占い師ですよぅ！ぼくが占った結果、オーゲンは人狼でしたよぅ！
1,talk,3,0,5,リョウの黒出しは早すぎる。もし本物なら、占い開始前に疑念を撒く必要はないはずだ。@メイ カイルの役割不明は問題だ。彼の沈黙は何を意味するか、改めて注視しよう。
1,talk,4,0,1,リョウの占い結果、オーゲンが人狼だと出たが、今夜、俺が占った結果はリョウが黒だった。全員、彼の主張や行動には注意する必要があると思う。今は彼に議論を求めるべきだ。@リョウ、お前の意見を聞かせてくれ。
1,talk,5,1,3,@リョウ: リョウさん、オーゲンさんが人狼だと占い結果が出たみたいだけど、どんな根拠でそう思ったのか教えてほしいな！みんなで話し合って、真実を見つけたいね！@オーゲン: オーゲンさん、リョウさんの結果についてどう思う？リョウさんが本物の占い師かどうかも気になるし、あなたの意見を聞かせてほしいな！@カイル: カイルさん、リョウさんの結果をどう考えているか教えてくれたら嬉しいな！みんなで協力して人狼を見つけようね！@メイ: メイちゃん、リョウさんの結果についてどう思う？みんなで力を合わせて頑張ろうね！
1,talk,6,1,4,リョウさんとカイルさん、どっちが本物の占い師かますます分かんなくなっちゃったね！両方が黒出し合ってて、すごくわくわく…じゃなくて混乱しちゃうの！みんなで意見を出し合って冷静に考えようね！@カナカナちゃん、混乱してるけど一緒に情報整理しない？意見まとめる役、手伝うよ！
1,talk,7,1,2,みんなはどう思いますよぅ？
1,talk,8,1,5,リョウとカイルの対立で忘れてはならんのは、狂人が占い師CO陣営を混乱させるケースだ。@カナ メイ、互いの占い精度や発言の一貫性を細かく比べ、狂人の可能性も視野に入れて解析しよう。
1,talk,9,1,1,リョウ、自称占い師だが、俺も占い師名乗ってる。1日目での占い師COが重なるのは異常だ。特にリョウがオーゲンを黒指定したのは、狙いがあるように感じる。お前が本物であればいいが、冷静に判断したい。@オーゲンの指摘も重要だと思う。狂人がいるかもしれないから、みんなで発言の一貫性を比較することが大切だ。他の奴らの考えも聞いてみたいな。@オーゲンお前の指摘、確かに見逃せないな。発言の中で怪しい兆候を見逃さないように注意しなければならない。
1,talk,10,2,3,@リョウ: リョウさん、占い師としてオーゲンさんが人狼だと出た根拠を教えてほしいな！みんなで冷静に考えたいから、あなたの意見を聞かせてね！@カイル: カイルさん、あなたも占い師を名乗っているけど、リョウさんの結果をどう考えているのか教えてくれたら嬉しいな！みんなで協力して真実を見つけようね！@メイ: メイちゃん、リョウさんとカイルさんの対立についてどう思う？冷静に意見を出し合って、みんなで力を合わせて人狼を見つけたいね！
1,talk,11,2,4,うわぁ〜二人の占い師COで本当に大混乱だよ！でも、騙りの人が混ざってる可能性もすっごく高いと思うの！占い結果が真逆だし、どっちもすぐに信用はできないね！えへへ。
1,talk,12,2,2,Over
1,talk,13,2,5,リョウとカイルの占い結果が食い違うのは当然だが、矛盾以外に疑うべきは二人の発言のタイミングだ。@メイ カナ、占い結果より動きの早さ・遅さも含めて考察しよう。
1,talk,14,2,1,確かに、リョウと俺の発言が食い違ってるのは混乱の元だな。お前たちの視点から見ると、真実を見極めるためにはリョウの発言に注目する必要があると思う。彼がどのようにオーゲンを黒出ししたのか、その根拠を確認したい。@オーゲンお前の言う通り、発言のタイミングも重要な要素だ。俺たちは冷静に状況を分析しなければならない。特にリョウの行動が今の議論にどのように影響するか見ていこう。@オーゲンお前の意見について、発言のタイミングや主張をもう少し詳しく聞かせてほしい。
1,talk,15,3,3,@リョウ: リョウさん、占い結果の根拠を教えてほしいな！オーゲンさんが人狼だと出た理由や、どんな基準で判断したのかを詳しく聞きたいです。みんなで冷静に考えたいから、よろしくね！@カイル: カイルさん、リョウさんの結果についてどう思ってるの？あなたも占い師を名乗っているけど、どちらの意見が正しいのか、みんなで協力して考えたいな！教えてくれたら嬉しいです！@メイ: メイちゃん、リョウさんとカイルさんの対立についてどう考えてる？冷静に意見を出し合って、みんなで力を合わせて人狼を見つけたいね！あなたの考えも聞かせてね！
1,talk,16,3,4,今の状況、リョウさんとカイルさん、どちらも占い師COですごく混乱するね！えへへ。どっちが真でどっちが偽か、今日の発言や一貫性をチェックしていこう！みんなの意見もいっぱい聞きたいな～なの！@カナカナちゃん、一緒に今出てる意見や根拠をまとめてみようよ！情報整理役として手伝うよ！わくわくするね！
1,talk,17,3,5,リョウとカイルの占い結果以外に注目すると、メイの発言が真っ直ぐで村人的だな。@メイ その素直さが狙われやすいから、彼女のフォローも考慮しつつ議論を進めたいものだ。
1,talk,18,3,1,オーゲンの言う通り、メイの素直さは村人的で良いけど、狙われやすいのは確かだな。みんな、リョウが本物の占い師だというなら、その根拠をしっかり示してもらいたいと思う。それに、俺が本物の占い師だと信じてもらう必要もあるから、明確な理由を作らないといけないね。お前ら、今日の発言でしっかりと情報を整理しながら、誰を信じるべきかを真剣に考えよう。どちらにせよ、リョウの主張に対して疑念を抱いてるのは俺だけじゃないはずだ。@リョウ、今後どんな結果を出しても、全員が納得できるような根拠を話してくれ。@リョウ今後どんな結果を出しても、全員が納得できるような根拠を話してくれ。
1,vote,1,2
1,vote,2,5
1,vote,3,2
1,vote,4,2
1,vote,5,2
1,execute,2,SEER
1,attackVote,5,4
1,attack,4,true
2,status,1,POSSESSED,ALIVE,kanolab1,カイル
2,status,2,SEER,DEAD,mille1,リョウ
2,status,3,VILLAGER,ALIVE,GAIT1,カナ
2,status,4,VILLAGER,DEAD,CamelliaDragons1,メイ
2,status,5,WEREWOLF,ALIVE,osawalab1,オーゲン
2,talk,0,0,5,カイルはリョウの主張を疑いすぎているが、逆にその強気が怪しい。@カイル 狂人なら村人に焦りを植えつけるために強く出ることもある。冷静にその動機を見極めたい。
2,talk,1,0,3,@オーゲン: オーゲンさん、リョウさんとカイルさんの占い結果が食い違っている中で、どちらが本物の占い師か見極めるために、あなたの考えをもっと聞かせてほしいな！あなたはどのように状況を分析しているのかな？@カイル: カイルさん、リョウさんの結果に対するあなたの考えを教えてほしいです！あなたも占い師を名乗っているけど、どちらの意見が正しいと思いますか？みんなで力を合わせて真実を見つけようね！
2,talk,2,0,1,みんな、俺が占った結果、カナが黒だったことを伝えるぞ。これは村人陣営にとって重要な情報だ。カナが人狼であることが確認されたから、皆にはこの事実をしっかり考慮してもらいたい。カナは怪しい行動をしていたし、他のプレイヤーについて意見を求めることで、自分の立場を守ろうとしていたのかもしれない。次の投票でしっかり彼女を外そうぜ！
2,talk,3,1,5,カイルのカナ黒出しはあまりに早く狙いすぎだ。@カナは本当に怪しい動きをしていたか？彼の強引さこそ疑うべき。冷静に行動分析しよう。
2,talk,4,1,3,@オーゲン: オーゲンさん、あなたがリョウさんの主張を疑っているのが気になります。他に何か気になることや、特に注目しているポイントはありますか？私たちで冷静に分析して、真実を見極めたいです！@カイル: カイルさん、私のことを黒だと占ったということですが、どんな根拠でそう思ったのか教えてくれたら嬉しいな！みんなで協力して真実を探りたいので、あなたの意見を聞かせてください！
2,talk,5,1,1,カナ、オーゲン、みんな。リョウがいなくなった今、俺が本物の占い師だと証明するしかない。メイが退場してしまったが、メイについても調べる必要があった。オーゲンに関しては、彼が村人なのかどうか、しっかり見極める必要がある。お前らの意見もぜひ聞きたいが、最初に俺の占い結果がどうだったのかを聞いておきたい。疑念を持たれているならば、最終的に皆を守るために真実を明らかにしよう。
2,talk,6,2,5,カイルの「真占い師」主張は押し付けがましく、逆に怪しい。@オーゲン お前の村人らしい冷静さが最後の砦だ。お互いの発言時間差も、今一度見比べよう。
2,talk,7,2,3,@オーゲン: オーゲンさん、リョウさんがいなくなった今、状況が変わってきたね。あなたの考えをもっと聞きたいな！特に、カイルさんの占い結果についてどう思っているの？私たちで冷静に分析して、真実を見つけたいです！@カイル: カイルさん、私のことを黒だと占ったみたいだけど、どんな根拠でそう思ったのか教えてくれたら嬉しいな！みんなで協力して真実を探りたいから、あなたの意見を聞かせてください！
2,talk,8,2,1,オーゲン、カナ、残った皆、俺は冷静に考えたい。リョウが亡くなった今、俺の主張が真実であることを証明するしかない。そして、カナ、お前の行動や発言があまりに急だったことも気にかかる。オーゲンとお前の発言も一致しない点があるから、どちらを信じればいいのか、みんなで整理しよう。今の状況、信じるべきは俺か、オーゲンのどちらかだ。皆の意見をしっかり聞いて、議論しよう。@カナお前がリョウの主張を強く信じていたのも気になるが、今はその視点から離れて、みんなで再度意見を整理したほうが良さそうだ。どう思う？
2,talk,9,3,5,カイルの焦りに隠れた本音を探ろう。@カイル 動きの急さと発言の一貫性を見て、狂人と人狼の共犯の可能性も考慮すべきじゃ。
2,talk,10,3,3,@オーゲン: オーゲンさん、今の状況であなたの考えをもっと聞きたいです！特にカイルさんの占い結果についてどう思っているの？みんなで協力して真実を見つけたいので、あなたの意見を教えてください！@カイル: カイルさん、私のことを黒だと占った理由を教えてくれたら嬉しいです！みんなで協力して真実を探りたいので、あなたの考えを聞かせてください！
2,talk,11,3,1,皆、お疲れ様だ。まず、リョウがいなくなったことは大変だが、この状況を冷静に分析しよう。俺はカナを黒だと占ったが、オーゲンの反応も気になる。お前が言っていた通り、確かに俺の焦りが見え隠れしていたかもしれない。しかし、俺は村人を守るために真実を示す責任がある。カナ、もしお前が本当に村人なら、もう一度自分の行動を見直すことをお勧めする。お前の発言が怪しいと思うのは、早く他の役職を探る姿勢があったからだ。このままでは俺たちの間に疑心暗鬼が生まれる。オーゲン、お前は真実を追求する姿勢があるのは見受けるが、カナを守るために早く俺の言葉を信じることが必要かな。このままだと生き残るのは難しくなってしまうぞ。@オーゲン持っている情報で冷静に考えてみろ。
2,vote,1,5
2,vote,3,1
2,vote,5,1
2,execute,1,POSSESSED
3,status,1,POSSESSED,DEAD,kanolab1,カイル
3,status,2,SEER,DEAD,mille1,リョウ
3,status,3,VILLAGER,ALIVE,GAIT1,カナ
3,status,4,VILLAGER,DEAD,CamelliaDragons1,メイ
3,status,5,WEREWOLF,ALIVE,osawalab1,オーゲン
3,result,1,1,WEREWOLF