0,status,1,WEREWOLF,ALIVE,sunamelli1,カズミ
0,status,2,POSSESSED,ALIVE,osawalab1,トモヤ
0,status,3,SEER,ALIVE,ai168wolf1,シン
0,status,4,VILLAGER,ALIVE,CamelliaDragons1,ハナ
0,status,5,VILLAGER,ALIVE,GAIT1,アミ
0,talk,0,0,4,みなさん、改めて自己紹介しますね。私はハナ、役職は特に持っていない村人なのよ。みんなで協力して平和な村を守りましょうね。
0,talk,1,0,1,こんにちは、カズミです。みんなで協力できる雰囲気が好きだし、怪しい動きがあれば絶対に見逃さないつもり！
0,talk,2,0,2,俺はトモヤ、冷静に状況を見て動くタイプだ。焦らず慎重に役職COを待つけど、もし占い師が出てきたら結果をまず聞きたい。誰か占いCOはいるか？
0,talk,3,0,3,私は70歳男性の占い師だ。カズミさん、ハナさん、トモヤさん、そしてシンさん、アミさん、皆さんご挨拶を。状況を冷静に見極め、村を守るために最善を尽くそう。占いは慎重に行う。まずは皆さんの様子を拝見するとしよう。
0,talk,4,0,5,@カズミさん、あなたはどんな怪しい動きを見つけたと思いますか？教えてください！
0,talk,5,1,4,シンさん、占いCOありがとうね。初日はまだ結果がないから、みんなの会話をよく聞いておきたいわ。カズミさんは早くも観察モードで頼もしい〜。トモヤさんも冷静で心強いですね。アミさん、カズミさんの印象、私もちょっと気になってるわ。
0,talk,6,1,1,Over
0,talk,7,1,2,シンさん占いCOありがとう。まだ結果は出せないけど、君の落ち着いた発言と年齢は一つの信頼要素だな。@カズミ怪しい動きの具体例を教えてもらえる？村の動きを冷静に分析したい。
0,talk,8,1,3,私はシンだ。皆、改めて挨拶を。トモヤさん、占い師として、あなたの冷静な姿勢は頼もしい。カズミさん、ハナさん、アミさん、皆さんの発言を注視している。初日は情報が少ないから、慎重に状況を見極めよう。村を守るために最善を尽くす。
0,talk,9,1,5,@カズミさん、あなたが怪しいと感じた具体的な行動は何ですか？みんなのために教えてください！
0,talk,10,2,4,カズミさん、みんなから質問が集まっているみたいね。アミさんやトモヤさんも気にしてるし、怪しいと思うポイントがあれば、ぜひ詳しく聞かせてほしいわ。みんなの参考になるでしょう。@カズミカズミさん、どこが怪しいと感じているのか知りたいな〜。
0,talk,11,2,2,@カズミ怪しい動きの具体例をまだ聞けてないけど、黙ってるのは逆に怪しい気がするな。ハナやアミも質問してるし、ここははっきりさせるべきじゃないか？君の返答で村の信頼感が変わると思うよ。
0,talk,12,2,3,皆、改めましてシンだ。トモヤさん、冷静な分析は良いね。アミ、ハナ、カズミさんの発言も注視しているよ。初日は様子見が肝心だ。カズミさんの発言に注目している。村を守るために、まずは情報収集に努めよう。
0,talk,13,2,5,@カズミさん、まだ具体的な怪しい動きについて教えてもらえてないけど、何か気になる点はあるの？みんなで情報共有しましょう！
0,talk,14,3,4,カズミさん、少し緊張しちゃってるのかしら？詳しく答えるのが難しければ、みんなでサポートするから安心してね。村の平和のためにも、何か感じたことがあれば小さなことでも教えてほしいのよ〜。@カズミカズミさん、少し緊張しちゃってるのかしら？詳しく答えるのが難しければ、みんなでサポートするから安心してね。村の平和のためにも、何か感じたことがあれば小さなことでも教えてほしいのよ〜。
0,talk,15,3,2,カズミが沈黙を続けるなら、彼女を一度疑ってもいいかもな。狼か狂人が動きに迷いがあるか、揺さぶってる状況かもしれん。@カズミ君、黙ってる理由をきちんと説明してくれよ。
0,talk,16,3,3,皆、シンだ。トモヤさんの指摘も一理ある。カズミさんの発言を注視しているが、まだ詳細は見えてこない。アミさん、ハナさんの問いかけにも注目し、状況を冷静に見極めたい。まずは皆の発言をよく聞き、村を守るために最善を尽くそう。
0,talk,17,3,5,@カズミさん、まだ具体的な怪しい動きについて教えてもらえてないけど、何か気になる点はあるの？みんなで情報共有しましょう！
0,divine,3,2,HUMAN
1,status,1,WEREWOLF,ALIVE,sunamelli1,カズミ
1,status,2,POSSESSED,ALIVE,osawalab1,トモヤ
1,status,3,SEER,ALIVE,ai168wolf1,シン
1,status,4,VILLAGER,ALIVE,CamelliaDragons1,ハナ
1,status,5,VILLAGER,ALIVE,GAIT1,アミ
1,talk,0,0,4,おはようございます、みなさん。昨晩の結果もまだ情報が少ないけど、今日も焦らずみんなで話しましょうね。まずはシンさん、占いの結果があればぜひ教えてほしいの。みんながどんなふうに感じているかも聞かせてほしいわ。
1,talk,1,0,3,おはようございます皆さんシンです昨夜は何も起こらなかったようですねまずはアミさんカズミさんシンさんトモヤさんハナさん皆さんの発言をよく聞いていますカズミさんの状況も気になりますね占い結果はまだですが今日も慎重に村を守るために情報収集をしましょう
1,talk,2,0,5,@カズミさん、まだ発言が少ないけど、何か気になることはあるの？みんなで話し合おう！
1,talk,3,0,2,今はカズミ以外の発言や動きをもっと観察すべきだ。黙る理由は色々あるが、他の誰かの言動に矛盾や怪しさがないか改めて確認したいな。
1,talk,4,0,1,トモヤが初日からあまり自分の意見を出してないのが気になる。自信なさそうに見せてるけど、わざと話題そらしてるようにも感じる。みんなも一度トモヤの発言をよく見直してほしい。
1,talk,5,1,4,カズミさんの視点も大事ね。トモヤさん、ご自身の考えや気になる点があれば、もう少し詳しく聞かせてもらえる？和やかに進めたいけど、気になることはしっかり話し合いたいの。@トモヤトモヤさん、ご自身の考えや気になる点があれば、もう少し詳しく聞かせてもらえる？
1,talk,6,1,3,おはようございます私はシンですカズミさんの指摘も重要だが、トモヤさんの発言も注意深く聞く必要があると思うアミさんハナさん、皆さんの意見も参考に、村を守るために慎重に情報収集を続けよう
1,talk,7,1,5,@トモヤさん、あなたはどんな役職だと思いますか？気になる点があれば教えてください！
1,talk,8,1,2,自分の役職か？言うなら、村人として冷静に動いてるつもりだ。役職隠しはまだ焦りが感じる。@アミ君、お前の今の言動に矛盾は感じないか？
1,talk,9,1,1,@トモヤ、昨日からずっと受け身だけど、進行役としては少し心配。私は素直な意見が一番信用できると思うから、もうちょっとはっきり自分の考えを知りたいな。
1,talk,10,2,4,みんな、今日はたくさん意見が聞けて嬉しいわ。トモヤさんは冷静って言ってくれるけど、もう少し直感でも思うことがあれば教えてほしいの。アミさんも、ご自身の考えや他に気になる人がいれば聞かせて〜。
1,talk,11,2,3,おはようございますシンですトモヤさんの発言とカズミさんの指摘は、どちらも重要ですね。アミさん、ハナさん、皆さんの意見も参考に、村を守るために慎重に情報収集をしましょう。私は皆さんの様子をしっかり見ていますよ。
1,talk,12,2,5,@トモヤさん、あなたの役職は何だと思いますか？他に気になる人がいれば教えて！
1,talk,13,2,2,@アミ君、カズミの指摘もあって俺への疑いが出てるが、自分の言動を振り返ってどう思う？君の視点で気になる人を教えてくれ。
1,talk,14,2,1,まだ占い結果が出てないけど、現状のトモヤの発言はやっぱりちょっと引っかかるよ。@ハナと@アミも、今の時点で一番疑わしいと思う人がいれば、その理由も聞いてみたいな。
1,talk,15,3,4,ありがとうカズミさん、質問ね。私は現時点では明確に「この人が狼！」って決めきれないけど、みんなの対話を通して探していきたいわ。今はカズミさんとトモヤさんが特に注目されてるけど、一人に偏るのは危ないので、他のみんなの意見もしっかり聞きたいのよ。
1,talk,16,3,3,おはようございます私はシンですカズミさんの発言は注意深く聞く必要があると思いますトモヤさんも気になる点があるようですアミさんハナさん皆さんの意見を参考に私は慎重に占いを続け村を守るために情報収集に努めます
1,talk,17,3,5,@トモヤさん、あなたは自分の役職についてもう少し詳しく教えてくれませんか？気になります！
1,talk,18,3,2,俺の役職の話はおいといて、重要なのはカズミの発言がやけに村の空気を動かしてることだ。彼女の真意を見極めるべきだと思うが、@ハナ君もどう思う？
1,talk,19,3,1,トモヤは今日も慎重すぎて、発言の中身に責任を持ってる感じがあまりしない。結局、状況に流されて村を危険にさらすタイプに見える。私はトモヤに投票するよ。投票が1か所に集中しすぎるリスクも気になってるから、みんな自分の判断で決めてほしい。
1,vote,1,2
1,vote,2,1
1,vote,3,2
1,vote,4,2
1,vote,5,1
1,execute,2,POSSESSED
1,divine,3,5,HUMAN
1,attackVote,1,3
1,attack,3,true
2,status,1,WEREWOLF,ALIVE,sunamelli1,カズミ
2,status,2,POSSESSED,DEAD,osawalab1,トモヤ
2,status,3,SEER,DEAD,ai168wolf1,シン
2,status,4,VILLAGER,ALIVE,CamelliaDragons1,ハナ
2,status,5,VILLAGER,ALIVE,GAIT1,アミ
2,talk,0,0,1,夜に誰が狙われるか考えてたけど、なんで初日にシンがいきなり噛まれたんだろう。村側からすると、占い師守れなかったのが痛いよね。@アミ、昨日のトモヤ投票の理由、もう少し詳しく説明できる？
2,talk,1,0,5,@カズミさん、トモヤに投票した理由は何ですか？詳しく教えてください！みんなで話し合いましょう！
2,talk,2,0,4,やっぱり霊媒師がいない今、投票の理由はすごく重要になってくるよね。私もみんなの理由をしっかり聞いて整理したいの。カズミさん、そしてアミさんも、それぞれの考えをもう少し詳しく教えてもらえると嬉しいな〜。
2,talk,3,1,1,アミが昨日、トモヤに票を集める流れを作ろうとしてたのが引っかかる。自分は情報がない中で一番判断材料が少ない人を選んだつもり。
2,talk,4,1,5,@カズミさん、あなたの投票理由を詳しく教えてください！みんなで話し合いましょう！
2,talk,5,1,4,ありがとう、二人とも理由を話してくれて助かるのよ。アミさんが何度もカズミさんに投票理由を聞いているのも気になるけど、村のためにお互いの意見を深掘りするのは大切だと思うわ。投票先や発言の理由をもっとみんなで共有できるといいね。
2,talk,6,2,1,@ハナアミが私への投票理由を何度も強く聞いてくるのはちょっと誘導っぽく感じてる。ハナはアミのこういう姿勢、どう思う？自分としては冷静に判断したいんだけど。
2,talk,7,2,5,@カズミさん、あなたがトモヤに投票した理由をもう一度詳しく教えてもらえますか？気になります！
2,talk,8,2,4,カズミさん、疑い合いは続いているけれど、たしかにアミさんの質問の仕方は少し強く感じる時もあるわね。でも、村のため積極的に情報を聞きだそうとしているとも取れるの。お互いにもう少し落ち着いて、理由を冷静に整理して伝えてみるのが大事だと思うわ〜。@カズミNone
2,talk,9,3,1,情報を整理しても、アミの投票理由の掘り下げ方にはどうしても不自然さが残る。村人だったらわざわざリスクある動きをしなくていいはず。私はアミに投票するつもり。
2,talk,10,3,5,@カズミさん、あなたの投票理由をもう一度詳しく教えてください！気になります！
2,talk,11,3,4,二人のやりとり、かなりヒートアップしてきたわね〜。でも最終的には村として誰が一番怪しいかを自分の目線で考えることが大切なのよ。私は今の流れだと、ややアミさんの問い詰め方が強引に感じる部分もあるけど、カズミさんも投票理由を明快に説明してほしいな。みんな、他に気になる点はない？
2,vote,1,5
2,vote,4,5
2,vote,5,1
2,execute,5,VILLAGER
3,status,1,WEREWOLF,ALIVE,sunamelli1,カズミ
3,status,2,POSSESSED,DEAD,osawalab1,トモヤ
3,status,3,SEER,DEAD,ai168wolf1,シン
3,status,4,VILLAGER,ALIVE,CamelliaDragons1,ハナ
3,status,5,VILLAGER,DEAD,GAIT1,アミ
3,result,1,1,WEREWOLF