0,status,1,POSSESSED,ALIVE,osawalab1,リナ
0,status,2,SEER,ALIVE,ai168wolf1,ハナ
0,status,3,VILLAGER,ALIVE,CanisLupus1,トシ
0,status,4,VILLAGER,ALIVE,kanolab1,カンタ
0,status,5,WEREWOLF,ALIVE,sunamelli1,ユリ
0,talk,0,0,2,あら皆さんおはようございます私は占い師のユキよ。今日はどんな一日になるのかしら。皆さんの事が少しでも分かればいいな。困ったことがあればいつでも相談してね。
0,talk,1,0,1,ハナ占い師COありがとう！まだ結果は出てないんだね。誰か怪しい動きあったら教えてほしいな。私からは元気にみんなの様子を見ていくよ、リナだよ！よろしくね！
0,talk,2,0,3,我が名はトシだ。各地を巡り、古き出来事を識るのが好む。良き食や茶も欠かせぬな。
0,talk,3,0,4,Over
0,talk,4,0,5,こんにちは、ユリと言います！最初だから緊張するけど、みんなでいっぱいおしゃべりしようね。一人ひとりの意見をしっかり聞きたいな！
0,talk,5,1,2,あら皆さんおはようございます占い師のユキです。今日は皆さんとお話しできて嬉しいわ。私は皆さんの様子をよく見て、何かあれば力になりたいと思っています。どうぞよろしくお願いしますね。
0,talk,6,1,1,ユリの元気さがいいね！でもまだ怪しい人いないし、ハナ＠占い結果を教えて占いの初報告が待ち遠しいな。トシは静かすぎて動きが読めないのが気になるよ。
0,talk,7,1,3,Over
0,talk,8,1,5,わたし、ちょっとお菓子とか持ってきたんだ。みんなでつまみながらリラックスしていこうよ！
0,talk,9,2,2,あらあら皆さん、今日もいい天気ね。私は占い師のユキよ。皆さんの自己紹介、とても興味深いわ。特にトシさん、どこかミステリアスね。皆さんのこと、もっと知りたいわ。困ったことがあれば、遠慮なく相談してね。
0,talk,10,2,1,みんな和やかでいい感じだね！でもまだ人狼を疑う材料がないから、ハナ＠占い結果を教えて初報告を待ちたいな。ユリのお菓子でみんなリラックスできそうだし、うまく乗っかろう！
0,talk,11,2,5,Over
0,talk,12,3,2,あら、おはようございます皆さん。占い師のユキですわ。今日は良い天気ですね。皆さんのお話、とても興味深く聞いています。トシさん、少しミステリアスね。皆さんのことをもっと知りたいわ。困ったことがあれば、いつでも相談してくださいね。
0,talk,13,3,1,リナだよ、改めて自己紹介しとくね。好奇心旺盛で元気いっぱいの明るい16歳！みんなと仲良くなりつつ、怪しいところはしっかり見ていくからよろしくね。ハナ＠占い結果そろそろ聞かせてほしいな！
0,divine,2,3,HUMAN
1,status,1,POSSESSED,ALIVE,osawalab1,リナ
1,status,2,SEER,ALIVE,ai168wolf1,ハナ
1,status,3,VILLAGER,ALIVE,CanisLupus1,トシ
1,status,4,VILLAGER,ALIVE,kanolab1,カンタ
1,status,5,WEREWOLF,ALIVE,sunamelli1,ユリ
1,talk,0,0,4,僕は村人だよ！リナが占い師であることを宣言したのは心強いね。今後、彼女の占い結果を待ちながら、みんなで協力して人狼を見つけよう！
1,talk,1,0,1,まだ占い結果が一人だけってのはちょっと不安だな。ハナが本物なら次に白か黒を出すのは誰か気になる。みんなの発言も注目だよね。
1,talk,2,0,5,ハナが占い師って言ってるけど、一応慎重に考えたほうがいいよね。偽物が混ざってる可能性もあるし…。みんなはどう思ってる？
1,talk,3,0,2,おはようございます、皆さん占い師のユキよ。今日はカンタさんの発言が聞けて嬉しいわ。リナさんの占い結果も気になるけれど、ユリさんの言葉も心に留めておきたいわね。皆さんの意見を尊重しつつ、私も精一杯占いの結果を見ていきたいと思っています。
1,talk,4,0,3,@ハナ殿、昨夜の占いの報せを待ち望む。我は皆の言葉に耳を澄ますとしよう。
1,talk,5,1,4,みんなの意見を聞いていて、少し気になるのはユリだよ。彼女はハナを疑う姿勢を見せているけど、逆にハナが本物の占い師だった場合、村人陣営にとって重要な情報を持っているかもしれないね。@ユリ君はハナを疑う理由が何かあるのかな？その考えを聞かせてほしいんだ。
1,talk,6,1,1,ユリがハナを疑うけど、ハナの慎重さも信頼できる。ここはユリの発言と行動、両方をよく見て判断したいね。次の占い報告は誰から？
1,talk,7,1,5,リナがまとめてくれるのは助かるけど、みんなの意見が流されやすくなってないかな？もう少しそれぞれの意見も聞きたいな。
1,talk,8,1,2,あらおはようございます皆さん占い師のユキよ。カンタさんユリさんのやり取り、興味深く見ていますわ。トシさん、ハナさんの占い結果を待っているようね。皆さんの意見を参考に、私も慎重に占いの結果を見ていきますわ。
1,talk,9,1,3,初日は未確定者の中から断罪者を選ぶのが賢明であろう。
1,talk,10,2,4,僕も今日の展開が気になるな。トシが言ったように、未確定者からの選出は重要だと思うよ。占い結果を待つ間に、それぞれの意見を聞いておかないと、情報が薄くなっちゃうから、みんなの意見もぜひ聞かせてほしいな。
1,talk,11,2,1,トシが断罪を急ぐのは不自然だよね。宣言者以外はまだ安全とは言えないし、早急すぎる決めつけは怪しい気がする。
1,talk,12,2,5,ハナが占い師って一人だけ名乗ってるけど、もうちょっとみんなの意見聞いてから決めてもいいよね？@トシ、断罪を急ぐ理由って他にもあるのかな？ちょっと気になっちゃった！
1,talk,13,2,2,おはようございます皆さん占い師のユキです今日の皆さんの会話、とても興味深いですねトシさんの意見、少し気になりますわ断罪を急ぐ理由をもっと聞かせて欲しいですね皆さんの意見を参考に、私も慎重に占いの結果を見ていきますわ
1,talk,14,2,3,ハナ殿の結果が未だ無きこと、異形ならどう為す？皆の推測を乞う。
1,talk,15,3,4,みんな、ハナの結果がまだ出ていないのはちょっと不安だね。占い師がいるからには、早く結果が聞きたいところだよ。@トシ君、君の断罪を急ぐ理由についてもう少し詳しく説明してくれると、みんなも納得しやすいかもしれないね。僕としては、まだ情報が揃っていないから、慎重に行動したいなと思うんだ。@トシ君の意見が気になるし、もう少し理由を知りたいんだ。どう思うかな？
1,talk,16,3,1,トシの断罪急ぎが焦りなら、焦りから逆にトシが黒の可能性も。ハナの占いを待つフリして場をかき回してるかもね。
1,talk,17,3,5,私は今日はトシさんに投票しようと思うよ。初日の発言がなんだか焦っているように見えて気になったんだ。まだみんなを完全に信じてる訳じゃないし、明日になったら状況も変わるかもしれないけど。
1,talk,18,3,2,あら皆さんおはようございます占い師のユキです今日はどのような一日になるかしら？トシさん断罪を急ぐ理由、もう少し聞かせてほしいわね。私は皆さんの様子をよく見ています。皆さんの意見を参考に、私も慎重に占いの結果を見ていきますわ。
1,talk,19,3,3,我は村人。未確定者への断罪は、情報少なき故の合理策。焦りなど無い。村利を考えただけよ。真に目を凝らすべきは他にあるかもしれぬ。
1,vote,1,5
1,vote,2,1
1,vote,3,2
1,vote,4,3
1,vote,5,3
1,execute,3,VILLAGER
1,attackVote,5,4
1,attack,4,true
2,status,1,POSSESSED,ALIVE,osawalab1,リナ
2,status,2,SEER,ALIVE,ai168wolf1,ハナ
2,status,3,VILLAGER,DEAD,CanisLupus1,トシ
2,status,4,VILLAGER,DEAD,kanolab1,カンタ
2,status,5,WEREWOLF,ALIVE,sunamelli1,ユリ
2,talk,0,0,2,おはようございます皆さん占い師のユキですわ。トシさんの発言、やはり気になりますね。皆さんの意見を参考に、私も慎重に判断します。今日はどんな一日になるのかしら。皆さんのことをよく見ていますね。
2,talk,1,0,1,ハナの慎重さとトシの焦りが対照的すぎて、二人の共犯の可能性も捨てきれないね。ユリの視点も加えて慎重に見極めたいな。
2,talk,2,0,5,ハナって昨日カンタさんが疑われてたのに、特に理由もなくトシさんに投票誘導してたよね？それってどうしてだったのかな？
2,talk,3,1,2,おはようございます皆さん占い師のユキですわ。ユリさん、よくぞ聞いてくれました。カンタさんの件も気になっていたのです。トシさんの焦りも気がかりですが、皆さんの意見を聞きながら、私も慎重に見ていきたいと思っています。
2,talk,4,1,1,ハナの占い遅延は狙ってる感あるし、ユリの投票誘導も裏があるかも。二人の連携に注目して追求するのが次の一手かな。
2,talk,5,1,5,ハナが占い師って言ってるけど、今までの発言ちょっと曖昧じゃない？はっきりとした結果とか、理由をもう少し説明してほしいな。
2,talk,6,2,2,おはようございます皆さん占い師のユキですわ。ユリさんの疑問、もっともです。ハナさん、なぜ曖昧な発言をするのか、その理由を教えてほしいわね。そして、リナさん、ユリさんの投票誘導について、もう少し詳しく教えていただきたいわ。私は皆さんの発言をよく見ています。
2,talk,7,2,1,ユリの動きは投票誘導だけじゃなくて、ハナの占い結果が出る前に焦ってる感じもするな。真実はまだ見えてないけど、一歩引いて見守ろう。
2,talk,8,2,5,ハナって、占い師ならもっとしっかり結果教えてくれると思ってたんだけど、なんで昨日からそんなに曖昧なの？信じるのちょっとためらっちゃうな。リナはどう見てる？
2,talk,9,3,2,おはようございます皆さん占い師のユキですわ。ユリさん、ハナさんの発言についてもっと詳しく知りたいようね。私もそう思いますわ。リナさん、ユリさんの行動について、何か気になることでもあるのかしら。皆さんの意見を参考に、今日も慎重に見ていきましょう。
2,talk,10,3,1,ハナの慎重さの裏に隠れた焦り、ユリの積極的な攻めが変装かも。二人のやりとりに隠された本心を見逃さないでね。
2,talk,11,3,5,ハナは占い師って言ってるけど、結果が毎回はっきりしないし、やっぱり少し違和感があるんだよね。リナはどっちにも疑いを持ってる感じだけど、私は今日はハナに投票しようと思うよ。
2,vote,1,5
2,vote,2,5
2,vote,5,2
2,execute,5,WEREWOLF
3,status,1,POSSESSED,ALIVE,osawalab1,リナ
3,status,2,SEER,ALIVE,ai168wolf1,ハナ
3,status,3,VILLAGER,DEAD,CanisLupus1,トシ
3,status,4,VILLAGER,DEAD,kanolab1,カンタ
3,status,5,WEREWOLF,DEAD,sunamelli1,ユリ
3,result,2,0,VILLAGER