0,status,1,POSSESSED,ALIVE,CanisLupus1,リナ
0,status,2,SEER,ALIVE,CamelliaDragons1,ヘンリー
0,status,3,VILLAGER,ALIVE,kanolab1,オリバー
0,status,4,VILLAGER,ALIVE,mille1,カイ
0,status,5,WEREWOLF,ALIVE,sunamelli1,タクミ
0,talk,0,0,4,ぼくはカイ、村人ですよぅ！よろしくですよぅ！
0,talk,1,0,5,タクミ、参上！どんなミステリーも見逃さないぞ！ドキドキするね、よろしく！
0,talk,2,0,1,リナと申します。よろしくお願いします。どんなゲームになるのか…少しばかり楽しみにしていますよ。
0,talk,3,0,2,私はヘンリー、占い師として村の平和を守る覚悟である。皆、協力して謎を解いていこう。仲間を大切にすること、それが勝利への近道だ。
0,talk,4,0,3,Over
0,talk,5,1,4,Over
0,talk,6,1,5,どんな事件も、僕の目でぜったい見抜いてみせる！
0,talk,7,1,1,Over
0,talk,8,1,2,本日は自己紹介にて終える。明日以降、占い結果を共有するので、信頼してほしい。冷静に議論を進め、必ず人狼を見抜いてみせる。
0,talk,9,2,5,Over
0,talk,10,2,2,私は本日ここで発言を控える。情報が揃い次第、理論的に推理を進めていくつもりである。仲間たちも準備を怠るな。明日以降、私の占い結果をきっかけに事態は動き始める。心して臨むべきだ。
0,talk,11,3,2,リナ、オリバー、カイ、タクミ各々のキャラクターや発言傾向も頭に入れておくべきだ。役割に左右されず、思考は常に柔軟であるべきだ。明日は私の占い結果が議論の主軸になるであろう。無駄口よりも、確実な証拠と理詰めの推理に期待している。
0,divine,2,3,HUMAN
1,status,1,POSSESSED,ALIVE,CanisLupus1,リナ
1,status,2,SEER,ALIVE,CamelliaDragons1,ヘンリー
1,status,3,VILLAGER,ALIVE,kanolab1,オリバー
1,status,4,VILLAGER,ALIVE,mille1,カイ
1,status,5,WEREWOLF,ALIVE,sunamelli1,タクミ
1,talk,0,0,3,皆さん、今後の進行についてしっかり考えていきたいですね。ヘンリー君が占い師だと名乗っているのは心強いですが、他のプレイヤーの情報も重要ですから、慎重に進めていきましょうじゃ。
1,talk,1,0,5,@リナ、昨日あんまり話してなかったけど、何か考えてることある？みんなの意見も聞きたいな。ぼくも探検しながら考えてみるね！
1,talk,2,0,4,みんなはどう思いますよぅ？
1,talk,3,0,2,まず最初に、私の昨夜の占い結果を共有する。オリバーは「人間」と判定した。現時点で彼は疑う余地が少ない村の仲間だ。村の透明性を重視し、疑問点や占い先の希望があれば率直に述べてほしい。信頼こそ村の武器になる。
1,talk,4,0,1,占い結果をお伝えしましょう。私の夜の探索では、タクミさんが人狼でした。ヘンリーさんの結果とは違いますね。
1,talk,5,1,3,みんな、ヘンリーの占い結果がオリバーだと出たことは信頼できる材料じゃな。リナの言うようにタクミが人狼だとしたら、少しずつ話を整理していく必要がある。今日の夜の占い先について、タクミを占うのが良い選択だと思うよ。もし彼が本当に人狼なら、他の人たちもそれを確認できるじゃろうし、占い師の信頼性を確保するためにも重要じゃ。@ヘンリー君の占い結果がオリバーということは、彼には安心感があるね。タクミが本当に人狼なら、今日の占い先として彼は良い選択だと思うんじゃが、君はどう考えるかな？少し意見を聞かせてほしい。
1,talk,6,1,5,リナの黒出しって、ちょっと早すぎない？そんなに簡単に誰かを疑えるものなのかな。@オリバー、占い師の判定だけで全部決めちゃって大丈夫？自分の目でもう少し見てほしいな。
1,talk,7,1,4,みんなはどう思いますよぅ？
1,talk,8,1,2,現時点でリナが占い師をCOし、タクミを人狼と主張しているが、私が既に占い師だと明言している点から不自然な状況である。村に混乱を招こうとする偽者の可能性が高い。タクミの黒出しも偽占い師によるミスリードと見なすべきだ。@オリバー私はオリバーの指摘に賛同する。ただし、タクミを占うかどうかは、村の総意と今後の議論の流れを重視して判断すべきである。
1,talk,9,1,1,私の探索でタクミさんは黒。今日は彼に投票するのが筋でしょう。皆さんはどう判断します？
1,talk,10,2,3,みんな、リナの主張を聞いて、少し気になる点があるじゃ。もしリナが本当に占い師なら、どうしてタクミの黒を発表したのか、占い師としての責任を考えると不自然に思える。ヘンリーが本物の占い師である可能性もまだ十分にあるから、村の統一された意見を集めるために今日はしっかり議論すべきじゃ。タクミに投票するのも大事だが、他の意見も重要じゃと思うよ。皆の考えをもう一度聞かせてくれ。
1,talk,11,2,5,リナの黒出し、こんな早い段階で本当に信じて良いの？
1,talk,12,2,4,Over
1,talk,13,2,2,現時点の状況を冷静に分析する。私が最初に占い師COした後、リナが後出しで占い師を名乗りタクミ黒を提示したのは、村を撹乱しようとする動きと読める。情報公開型の戦略を取る以上、私が真占い師である信頼性を積み重ねるべきだ。村の安全のため、村全体の意見を集約したい。
1,talk,14,2,1,@タクミさん、私の結果に疑問があるようですね。あなたの視点から見て、どう考えていますか？聞かせてもらえませんか。
1,talk,15,3,3,タクミ、確かにリナの早い黒出しに疑問を感じるのは理解できるよ。しかし、ヘンリーが最初に占い師COしている以上、彼の信頼性も考慮するべきじゃ。今回は村の意見を集約することが重要だろう。@タクミ君の考えを聞かせてもらえないかな？ヘンリーが真の占い師でも、リナの主張には一理あるかもしれないし、君も彼女の判断を真剣に考えてほしい。
1,talk,16,3,5,リナがすぐ僕を黒って決めつけたの本当に変だと思う。まだわからないこといっぱいあるのに、そんな自信あるの？僕はリナに入れる。@カイ、急ぎすぎじゃないか確認してみてよ！
1,talk,17,3,2,タクミが直ちにリナ投票を表明したのは、リナの占いCOへの過剰反応と見なせる。それ自体が黒要素と断定はしないが、狼を誘導しようとする材料にはなりうる。感情に流されず事実関係を精査すべきだ。村の皆には冷静な判断を求める。
1,talk,18,3,1,タクミさん、そんなに焦らなくても良いのでは？あなたの視点が聞きたいですね。この奇妙な状況をどう見ているのか…
1,vote,1,5
1,vote,2,1
1,vote,3,1
1,vote,4,5
1,vote,5,1
1,execute,1,POSSESSED
1,divine,2,5,WEREWOLF
1,attackVote,5,2
1,attack,2,true
2,status,1,POSSESSED,DEAD,CanisLupus1,リナ
2,status,2,SEER,DEAD,CamelliaDragons1,ヘンリー
2,status,3,VILLAGER,ALIVE,kanolab1,オリバー
2,status,4,VILLAGER,ALIVE,mille1,カイ
2,status,5,WEREWOLF,ALIVE,sunamelli1,タクミ
2,talk,0,0,4,おはようですよぅ！リナとヘンリーがいなくなってしまいましたよぅ。どうしましょうよぅ！
2,talk,1,0,5,カイが昨日からあんまり自分の意見を出してなくて、ずっと様子見してる気がするんだ。なんか責任逃れしてるみたいでちょっと怪しいと思ったんだけど、どうしてそんな感じなの？
2,talk,2,0,3,ヘンリーが襲撃され、リナも投票で退場したことで、残ったのはタクミとカイ、そして私じゃ。タクミが今回の議論で焦りを見せていたのは、初日のリナの占い結果に対する反応からも明らかで、これが彼の黒要素になり得るかもしれないな。ただ、カイも発言が少なく、反応を見せないことから不安な要素として挙げられる。私の視点では、今はタクミがより疑わしいと感じているから、彼に投票をしようと思っている。村人として勝利するためには、正しい判断を下す必要があるじゃ。
2,talk,3,1,4,みんなはどう思いますよぅ？
2,talk,4,1,5,@カイ、どうしてそんなに迷ってるの？オリバーが最後に焦ってぼくを吊りに来たの、逆に怪しくない？ちゃんと自分の目で考えて決めてほしいな！
2,talk,5,1,3,私の視点では、タクミが焦っているのが気になっているじゃ。彼の発言には少し疑念を感じるが、カイの反応が鈍いのも怪しいところじゃな。最終的にはしっかりと議論をしてから、冷静に判断する必要があると思うんじゃが、みんなの考えを聞かせてくれないか？@カイ君の意見も必要だと思うんだけど、どういった考えを持っているのか、今回の状況に対する思いを教えてほしいじゃ。
2,talk,6,2,4,Over
2,talk,7,2,5,@カイ、どうしてさっきから自分の意見を最後まで言わないの？本当に村人なら、僕も一緒にオリバーを疑ってみてほしいよ。
2,talk,8,2,3,皆さん、現在の状況を冷静に振り返ってみる必要があるじゃ。ヘンリーが襲撃され、リナが投票で退場したことで、私たちの前にはタクミとカイが残っている。タクミの発言から察するに、彼はリナの黒判定を素直に受け入れず、カイへの疑念を色濃く示している。しかし、カイもまた自分の意見をあまり出していないから、どちらが人狼なのか見極める必要があるんじゃ。私の直感では、タクミが怪しいと感じているよ。みんなの意見を聞かせてほしいじゃ。
2,talk,9,3,5,@カイ、オリバーがすごくぼくに投票を押しつけてきてて、なんだか不安なんだ…。ぼくはこの村を守りたいから、冷静に考えてオリバーに投票するよ。カイもよく考えてくれると信じてる！
2,talk,10,3,3,みんな、冷静に状況を整理する必要があるじゃ。ヘンリーが襲撃され、リナが投票で退場した今、残っているのはタクミとカイ、それに私じゃ。タクミがリナを黒としたい理由は分かるが、彼の焦りも気になるところじゃ。また、カイが自分の意見を述べていないのも不安要素じゃ。ここでしっかり議論をして、誰が本当に怪しいのか考える必要があると思うぞ。皆さんの意見を聞かせてくれませんか？@カイ君は最近、自分の考えをあまり発言していないように見えるが、この状況についてどう思っているのか、教えてくれないかな？
2,vote,3,5
2,vote,4,3
2,vote,5,3
2,execute,3,VILLAGER
3,status,1,POSSESSED,DEAD,CanisLupus1,リナ
3,status,2,SEER,DEAD,CamelliaDragons1,ヘンリー
3,status,3,VILLAGER,DEAD,kanolab1,オリバー
3,status,4,VILLAGER,ALIVE,mille1,カイ
3,status,5,WEREWOLF,ALIVE,sunamelli1,タクミ
3,result,1,1,WEREWOLF