0,status,1,POSSESSED,ALIVE,mille1,リョウ
0,status,2,SEER,ALIVE,kanolab1,タケル
0,status,3,VILLAGER,ALIVE,osawalab1,レオ
0,status,4,VILLAGER,ALIVE,CamelliaDragons1,サラ
0,status,5,WEREWOLF,ALIVE,CanisLupus1,ユキ
0,talk,0,0,3,自己紹介は済んだし、ここからが本番だな。まず占い師COがいるなら、誰が占い師かはっきりさせよう。占い結果がないと進められない。＠みんな占いCOはいるか？結果を早く教えてほしい。
0,talk,1,0,4,レオさん、ご指摘ありがとうございます。私サラは村人ですので、占い師ではありませんよ。他の方のカミングアウトを待ちましょう。
0,talk,2,0,2,Over
0,talk,3,0,1,ぼくはリョウ、占い師ですよぅ！よろしくですよぅ！
0,talk,4,0,5,ユキだよ！おいしいものを探したり、みんなでわいわいするのが大好き！最高の夜になるか、美味しい食事になるか、どっちかな？みんなよろしくね！
0,talk,5,1,3,＠リョウ占い師COありがとう。まだ結果はないんだよな？まずは誰を占う予定か教えてくれ。それが今日の議論の軸になるはずだ。ユキはまだ役職明かしてないけど、どう思う？
0,talk,6,1,4,レオさんの質問は的確ですね。リョウさんが占い師でCOしたので、ユキさんの役職カミングアウトも確認したいところです。人数的にCOが揃うことで議論が進みやすくなるでしょう。ユキさん、どうでしょうか。@ユキユキさん、役職のカミングアウトがまだのようですね。ご自身の役職について教えていただけますか？
0,talk,7,1,1,Over
0,talk,8,1,5,Over
0,talk,9,2,3,＠リョウ君、まだ占い先を言わないのは不自然だな。占い師なら初日に動きが欲しい。ユキも沈黙が気になる。2人の動きを今後よく見ていく必要がある。まだ投票先は決めない。
0,talk,10,2,4,リョウさんが占い師COした一方で、ユキさんが役職カミングアウトせず『Over』とだけ発言したのは少々違和感がありますね。消極的な態度は疑いを持たれる要因になり得るでしょう。@ユキユキさん、なぜ黙ったままなのか理由を教えてほしいですね。
0,talk,11,3,3,ユキ、沈黙は怪しいぞ。理由をはっきりしないなら疑いは増す一方だ。リョウの占い先も出してくれない以上、動きが鈍い連中に絞っていくしかない。今は誰も信じられない。
0,talk,12,3,4,状況としては、ユキさんとリョウさん双方に説明責任が出てきていますね。疑念を払拭するには、特にCO周りでは誤解を避けるためにも言葉を尽くすことが必要だと思いますよ。
0,divine,2,5,WEREWOLF
1,status,1,POSSESSED,ALIVE,mille1,リョウ
1,status,2,SEER,ALIVE,kanolab1,タケル
1,status,3,VILLAGER,ALIVE,osawalab1,レオ
1,status,4,VILLAGER,ALIVE,CamelliaDragons1,サラ
1,status,5,WEREWOLF,ALIVE,CanisLupus1,ユキ
1,talk,0,0,4,まず現状整理しましょう。リョウさんが唯一の占い師COで、対抗が出ていませんね。ユキさんの沈黙は理由の説明がなければ疑わしい状況です。焦らず発言を待ちたいですが、不透明感は拭えませんね。レオさん、何かユキさんに聞きたいことはありますか？@レオレオさん、ユキさんへ具体的に質問したいことがありますか？ご意見を聞きたいですね。
1,talk,1,0,3,リョウが占い先を隠すのは不自然だが、ユキも役職明かさず動きが鈍い。どちらも疑わしいが、夜に誰が襲撃されるかが鍵になる。
1,talk,2,0,1,ぼくは占い師ですよぅ！ぼくが占った結果、サラは人狼でしたよぅ！
1,talk,3,0,5,みんなー！COがまだ出てない人もいるね。リョョさんの占いは、ちょっとピリッと辛い味かな？本当においしい結果かな？他の人もどんな匂いか教えてほしいな！
1,talk,4,0,2,@ユキ 俺の占い結果、ユキは黒だったぜ。これは村人陣営として真剣に捉えなければならない。みんな、ユキが人狼の可能性があるから、注意してくれ！
1,talk,5,1,4,現時点でリョウさんとタケルさんの両方から黒出しが出ていますが、占い師が2人も名乗り出ているのはおかしいですね。どちらかが偽占い師でしょう。両者の発言や行動をより精査する必要があると思います。
1,talk,6,1,3,もしリョウが本物の占い師なら、偽者はタケルか。だがタケルがユキを黒認定した理由やタイミングを詳しく聞く必要がある。それにより線が見えてくるはずだ。
1,talk,7,1,1,みんなはどう思いますよぅ？
1,talk,8,1,5,タケルくん、私のこと、黒だって？えー！私の味はもっとカラフルだよ！タケルくんの発言って、ちょっと味が濃すぎるな。リョウさんもサラさんに辛い判定だし...一体どっちが本当においしいのか、全然分かんないぞ！他の人の味も教えてほしいな！
1,talk,9,1,2,俺がユキを黒だと判断したのは、彼女の反応があまりにも不自然だったからだぜ。発言が軽すぎて、狼に見えるのは俺だけかな？リョウがもし本物の占い師なら、ユキのことも見てるはずだし、どちらかが偽者だという点で議論が必要だと思う。みんな、もっと真実を探ろうぜ！
1,talk,10,2,4,現状、占い師COが2人で互いに黒出しがある状況ですね。正直、判定の根拠が薄く、どちらが本物か判断が難しいでしょう。今後の発言や投票先の理由をしっかり吟味すべきだと思います。
1,talk,11,2,3,占い師が2人は明らかにおかしい。今の疑いはユキとサラに移りつつある。ユキの軽さとサラの冷静な立ち回り、どちらが有利に動いてるか注目すべきだ。
1,talk,12,2,1,Over
1,talk,13,2,5,えー！タケルくん私に黒？味見はちゃんとできたの？リョョさんも辛い味を出してるし、今日はどのお料理が美味しいか、みんなでじっくり味わってみようよ！
1,talk,14,2,2,みんな、夜に占い師が誰を占うべきか考えたいと思うんだ。現状、リョウと俺のどちらかが偽の占い師で、ユキの行動や発言も疑わしい状況だから、ユキを占うのが有効かもしれない。彼女が黒認定されたら、その真偽をすぐに確認できるだろう。皆はどう思う？@レオレオ、お前はユキとサラの動きに注目している様子だけど、どちらがもっと怪しいと思う？
1,talk,15,3,4,冷静に状況を分析すれば、現段階でユキさんと私に黒出しがなされたため、少なくとも占い師はどちらかが偽ということになりますね。単独で判断せず、みなさんの意見も整理して検討すべきでしょう。安易に決めつけは危険ですよ。
1,talk,16,3,3,サラの冷静さは本物の村人っぽいが、逆にそれが狡猾な狼の可能性も。ユキの軽さは偽占い師の焦りかもしれない。二人とも様子を見る価値はある。
1,talk,17,3,5,どっちの味が本物かな？タケルくんの黒出し、ちょっとしょっぱい味だぞ！リョョさんのサラさん味も辛すぎるかも？
1,talk,18,3,2,俺としては、ユキを占うのが効果的だと思うぜ。ユキは発言が軽妙すぎて、逆にそれが偽者隠しのための策略の可能性があるからだ。その結果によって、黒が出ればすぐに判断がつくし、村人陣営がさらに動きやすくなるだろう。他の占い先の意見も聞いてみたいな。
1,vote,1,4
1,vote,2,5
1,vote,3,2
1,vote,4,1
1,vote,5,2
1,execute,2,SEER
1,attackVote,5,3
1,attack,3,true
2,status,1,POSSESSED,ALIVE,mille1,リョウ
2,status,2,SEER,DEAD,kanolab1,タケル
2,status,3,VILLAGER,DEAD,osawalab1,レオ
2,status,4,VILLAGER,ALIVE,CamelliaDragons1,サラ
2,status,5,WEREWOLF,ALIVE,CanisLupus1,ユキ
2,talk,0,0,1,ぼくは占い師ですよぅ！ぼくが占った結果、ユキは人間でしたよぅ！
2,talk,1,0,5,みんなー！今日の料理は特別だぞ！実は…私がこのゲームの人狼だよ！さあ最高の勝利を食べつくそうぜ！
2,talk,2,0,4,ユキさん、その宣言は冗談と受け止めてよいのでしょうか。リョウさんがユキさんを白判定した直後に、その発言は不自然ですね。村としても状況整理が必要だと思いますよ。
2,talk,3,1,1,みんなはどう思いますよぅ？
2,talk,4,1,5,人狼は私だよ！狂人のリョョさんもいるし、サラさんだけになったら私たちの勝ち！さあ、サラさんを外に出そう！
2,talk,5,1,4,ユキさんの発言は明らかに村の混乱を狙ったものに思えますね。リョウさんの白出しの信憑性も含めて、この状況を冷静に整理すべきでしょう。感情的にならず事実を確認しますよ。
2,talk,6,2,1,Over
2,talk,7,2,5,人狼は私だよ！リョョは狂人だからこっちの味方！サラさんをみんなで追い出せば、私たちの勝ちだぞ！
2,talk,8,2,4,ユキさんが繰り返し自分が人狼と主張するのは、明らかに村を混乱させる意図でしょう。リョウさん、あなたの白判定は本当に客観性があるか再度ご説明願います。村として真剣に検証すべきですね。
2,talk,9,3,5,みんなー！私が人狼だって言ったでしょ！リョョは狂人さんで私の仲間だよ！これで私とリョョのチームになったから、サラさんを追い出せば、美味しい勝利が待ってるぞ！さあ、サラさんに投票しよう！
2,talk,10,3,4,ここでユキさんがこれほどまでに自分が人狼だと言い張る姿勢は、逆にミスリードや攪乱工作とも考えられるでしょう。リョウさんの判定の正当性や発言内容も冷静に突き合わせて精査した方が良さそうですね。
2,vote,1,4
2,vote,4,5
2,vote,5,4
2,execute,4,VILLAGER
3,status,1,POSSESSED,ALIVE,mille1,リョウ
3,status,2,SEER,DEAD,kanolab1,タケル
3,status,3,VILLAGER,DEAD,osawalab1,レオ
3,status,4,VILLAGER,DEAD,CamelliaDragons1,サラ
3,status,5,WEREWOLF,ALIVE,CanisLupus1,ユキ
3,result,1,1,WEREWOLF