0,status,1,VILLAGER,ALIVE,kanolab1,エリザ
0,status,2,VILLAGER,ALIVE,sunamelli1,ハナ
0,status,3,WEREWOLF,ALIVE,osawalab1,リア
0,status,4,POSSESSED,ALIVE,ai168wolf1,ハンク
0,status,5,SEER,ALIVE,CamelliaDragons1,リョウ
0,talk,0,0,2,みなさん、ハナですよ。今日もにこにこ、でも疑う目はまんまるにしてるから覚悟してね！一緒に村を守れるよう、はりきっちゃうわ。
0,talk,1,0,1,Over
0,talk,2,0,4,わしは狂人じゃ。70歳の老人、皆を導くのが役目じゃ。エリザ、ハナ、ハンク、リア、リョウ。皆若いのう。この村を守るため、わしは皆を信じ、そして… 時に厳しく見守る。頼んだぞい。
0,talk,3,0,5,リョウだぜ。村のために全力で頑張るつもりだ。怪しい動きを見逃す気はねぇから、どんどん発言していこうぜ。仲間ならしっかり協力しような！
0,talk,4,0,3,みんな自己紹介ありがとね。ハンクの狂人宣言も面白いけど、まだ占い師も出てきてないし誰を信じていいか迷うわ。怪しいのはやっぱりまだ静かなエリザかな、どう思う？少しでも動きがないと不自然だしね。
0,talk,5,1,2,Over
0,talk,6,1,4,わしはハンクじゃ。皆、自己紹介ご苦労。リア、エリザが怪しいと思うのは早計じゃ。まだ始まったばかり、焦らずに皆の発言を聞くが良い。わしは皆を信じ、そして時に厳しく見守る。頼んだぞい。
0,talk,7,1,5,俺は占い師だから、1日目の朝に結果を必ず伝えるつもりだぜ。今夜はしっかり誰を占うか考えておく。みんなも疑問や意見があったら遠慮なく言ってくれ、村全体で助け合おうじゃねぇか。
0,talk,8,1,3,リョウ占い師COありがとう。まだ占い結果はないけど、今夜誰を占うか教えてくれない？動きがないエリザも気になるけど、わざと静かにしてる可能性もあるから様子見だわ。ハンクの沈黙も怪しいけどね。
0,talk,9,2,4,わしはハンクじゃ。皆の自己紹介、ご苦労。リアよ、焦るでない。まだ始まったばかりじゃ。リョウの占い師COは心強いのう。わしは皆を信じ、村を守るためにも、皆の発言をよく聞くが良いぞい。
0,talk,10,2,5,リア、いい質問だな。今のところはみんなの発言を精査してから最終決定したいが、確かにエリザはあまり喋ってないのが気になるぜ。が、わざと目立たないようにしてるヤツもいるから慎重に考えたいな。ハナやリアの意見も参考にするぜ。ほかに気になるヤツがいたら教えてくれよ。協力し合おうじゃねぇか。@リアリア、いい質問だな。今のところはみんなの発言を精査してから最終決定したいが、確かにエリザはあまり喋ってないのが気になるぜ。が、わざと目立たないようにしてるヤツもいるから慎重に考えたいな。ハナやリアの意見も参考にするぜ。ほかに気になるヤツがいたら教えてくれよ。協力し合おうじゃねぇか。
0,talk,11,2,3,リョウ、さすが占い師らしく慎重でいいね。でも焦らず慎重すぎるのも怪しい気がするわ。@リョウ今夜占う相手、早く決めて教えてほしいわ。あとはハンクのやたら落ち着いてる感じが逆に不自然に思えるけど、みんなはどう感じてる？
0,talk,12,3,4,わしはハンクじゃ。皆、自己紹介ご苦労。リョウよ、占い師として頼んだぞい。リア、焦るでない。エリザの発言が少ないのは気になるが、まだ始まったばかりじゃ。わしは皆を信じ、村を守るためにも、皆の発言をよく聞くが良いぞい。
0,talk,13,3,5,みんな、今日は0日目だが、今のところ発言が少ないエリザを優先的に占おうか考えてるぜ。他に「こいつ気になる！」ってヤツがいれば、遠慮なく理由も添えて教えてくれ。全員で村を守り抜こうな！
0,talk,14,3,3,リョウがエリザを占うのは良い判断だけど、実はハナも目立たない動きをしてるのが気になるのよね。@リョウハナの動きも注目してくれる？焦らず見極めるのが村の勝利に繋がると思うわ。
0,divine,5,1,HUMAN
1,status,1,VILLAGER,ALIVE,kanolab1,エリザ
1,status,2,VILLAGER,ALIVE,sunamelli1,ハナ
1,status,3,WEREWOLF,ALIVE,osawalab1,リア
1,status,4,POSSESSED,ALIVE,ai168wolf1,ハンク
1,status,5,SEER,ALIVE,CamelliaDragons1,リョウ
1,talk,0,0,3,占い師がエリザ中心に狙ってるのは理解できるけど、もし黒が1人だけなら、もう1人の黙り組が襲撃候補になりそうね。ハナかハンク、誰が怪しいかみんなはどう見る？
1,talk,1,0,4,わしはハンクじゃ。70歳、経験豊富な老人じゃ。皆の自己紹介ご苦労。リアよ、ハナを疑うのは良いが、焦るでないぞ。リョウの占い結果を待つのが先決じゃ。皆を信じ、村を守るためにも、よく話し合うが良い。
1,talk,2,0,1,私も自己紹介させていただくわね。エリザ、67歳なのよ。古書の収集が趣味で、紅茶とスコーンが大好きなの…。ハンクさんの言う通り、焦らずに議論を続けるのが大切ね。それに、リアさん、ハナさんを疑うのは良いけれど、まだ情報が少ないからね。リョウさんの占い結果が出るまで様子を見てみましょう。
1,talk,3,0,5,みんな注目してくれてありがとう。俺が今朝占った結果、エリザは人間だったぜ。他のみんなも意見を聞かせてほしい。特にハナ、考えや感じてることを遠慮なく話してくれ。黙ってちゃ怪しまれるだけだからな。@ハナハナ、君の考えや不安、みんなに話してもらえないか？黙りは得にならないぜ。
1,talk,4,0,2,村のみんな、緊張せずにお話しして大丈夫よ。おばあちゃん、みんなのちょっとした仕草や声もちゃんと見てるからね。不安なことがあれば相談して、一緒に村を守りましょうね。
1,talk,5,1,3,リョウがエリザを白にしたことで状況は動いたけど、占い結果の信憑性も疑いたい。対抗COや他の矛盾も探ってみたいわ。皆は占い師以外の動きで怪しいと思う人いる？
1,talk,6,1,4,わしはハンクじゃ。エリザが白になったのは驚きじゃったな。リアよ、リョウの占いを疑うのは良いが、焦ってはいかん。ハナ、お前の考えを聞かせてくれ。村を守るためにも、皆で協力して話し合うが良いぞい。
1,talk,7,1,1,皆さん、リョウさんの占い結果をもとに、今後の行動を考えていきましょうね。個人的には、次はハンクさんを占ってもらうのが良いと思うの…。彼は年齢的な経験があるだけに、真実を隠している可能性もあるのよ。もし彼が白なら、村人陣営として確定できるし、黒だとすれば人狼の可能性も見えてくるわね。対抗の占い師が出てこない限り、リョウさんの結果を信じたいと思っているわよ。@ハンクあなたの意見もぜひ聞かせてほしいわ。村のために、どんな考えを持っているのか気になるのよ。
1,talk,8,1,5,エリザが白で確定したから、次の占い先はハンクかハナに絞るべきだな。俺としては、ハンクの発言が昔の話に終始して肝心な疑い先や意見が薄いのが気になるぜ。ハナもまだ発言が少なめだから、両者の発言をよく見ながら決めるつもりだ。みんなも、それぞれ怪しいと感じる理由をもっと出してくれ。俺がまとめて村を導くからな。
1,talk,9,1,2,ハンクさん、そんなにあっけらかんと自分の役を話しちゃって大丈夫かしら？狼さんでも逆に名乗る意味もあるし、おばあちゃんちょっと混乱しちゃうわ。みんなはどう感じているの？
1,talk,10,2,3,ハンクが自分の経験ばかり強調するのは巧妙な時間稼ぎかも。@リョウ次の占いはハナ狙いも検討しない？彼女の静かさは逆に黒のカモフラージュに見えるわ。
1,talk,11,2,4,わしはハンクじゃ70歳じゃ。エリザが白とは驚きじゃったな。リョウ、次の占いはハナかハンクか。どちらも気になるが、わしは皆の発言を注意深く聞いとるぞい。リアよ、焦らず、まずは落ち着いて話し合うが良い。皆を信じ、村を守るためにも、じっくりと議論を深めようではないか。
1,talk,12,2,1,さて、皆さん、今の状況を整理してみましょうね。リョウさんが私を白と占ったことで、私は村人陣営として皆さんに協力できる立場になったの…。次にリョウさんが占うべきは、確かにハンクさんかハナさんに絞るべきかもしれませんが、私はハナさんを占うことをおすすめしたいのよ。ハナさんの静かな発言が逆に気になりますし、彼女の考えを深く知ることで、村人陣営を守る手助けになるかもしれないわ。皆さんはどう思うかしら？
1,talk,13,2,5,エリザが村側だとわかった以上、次はハンクかハナを徹底的に洗うべきだな。俺は今のところ、ハンクの発言が曖昧で村の意志を自分から示そうとしないのが引っかかる。だがハナも寡黙なのは変わらねぇ。みんな、どっちをより怪しむ？考えを聞かせてくれ。俺がまとめて方針を示すぜ。
1,talk,14,2,2,自分から名乗ったハンクさん、その理由をお聞きしてもいいかしら？あえて村の皆に知らせる必要があったのか、おばあちゃんは気になるのよ。村のみんなの意見も知りたいわ。
1,talk,15,3,3,皆ハナを怪しむけど、黙り込むほどの理由はないはずよね。逆にハンクが焦らず経験ばかり語るのが怪しい。@リョウ次占う相手、意外な線も考えたいわ。
1,talk,16,3,4,わしはハンクじゃ。エリザが白で少し安心したぞい。リョウよ、次はハナかハンクを占うそうじゃが、わしはどちらも気になる。特にハナの発言が少ないのが気にかかるのう。焦らず、皆の発言をよく聞いて、村を守るために協力しようではないか。
1,talk,17,3,1,みんな、今の状況をよく考えてみましょうね。ハンクさん、ハナさん、どちらも気になるところはありますが、私としてはハナさんに少し疑念を抱いているの。彼女の発言が少ないことは、村を守るためには逆に目立つべきなんじゃないかしら。@リョウ次の占い先は真剣にハナを推したいと思っているのよ。みんなはどう考えるかしら？@リョウ次はぜひハナを占ってほしいのよ。彼女の静かさが逆に村にとって危険な存在かもしれないわ。みんなで協力して村を守るため、意見をまとめて議論したいの。
1,talk,18,3,5,意見が出揃って面白くなってきたな。エリザとリアはハナに注目だが、俺もハンクの曖昧な態度がずっと気になってる。だが今の流れなら、次の占い先はハナに傾きそうだな。念のため、みんなもう一度この二人のどっちが怪しいか、ハッキリ意見を言ってくれ。まとめて方針を決めるぜ。
1,talk,19,3,2,おばあちゃん、静かに見てたけど、このままじゃ誤解されちゃいそうね。ハンクさんはずっと曖昧なままだし、誰にも本気で切り込まずに流してる気がするの。狼さんなら怖がって本音を隠すものよ。だから今日はハンクさんに投票します。村のみんなの無事を祈ってるわよ。
1,vote,1,4
1,vote,2,4
1,vote,3,4
1,vote,4,1
1,vote,5,4
1,execute,4,POSSESSED
1,divine,5,2,HUMAN
1,attackVote,3,5
1,attack,5,true
2,status,1,VILLAGER,ALIVE,kanolab1,エリザ
2,status,2,VILLAGER,ALIVE,sunamelli1,ハナ
2,status,3,WEREWOLF,ALIVE,osawalab1,リア
2,status,4,POSSESSED,DEAD,ai168wolf1,ハンク
2,status,5,SEER,DEAD,CamelliaDragons1,リョウ
2,talk,0,0,3,ハナの強気投票は焦りにも見える。エリザの冷静さが狙いすました印象もあるわ。@ハナ最後の言葉、本気で村を思ってるのか聞きたいわね。
2,talk,1,0,1,私たちは今、状況をよく見極める必要があるのよ。リョウが襲われたのは村にとって大きな痛手だけれど、それでも私たちが冷静さを失ってはいけないわ。残されたメンバーで協力し合うしかないの。
2,talk,2,0,2,リアがみんなの意見をよく揺さぶっているように見えるわね。この最終局面であえて目線を集める理由が気になるの。焦らずに進めたいけど、リア、あなたこそどうしてそんなに疑い深いのかしら？
2,talk,3,1,3,最終局面で声を荒げるハナは焦りか演技か。@エリザリアの疑い深さは作戦よ。二人の動きとタイミングを冷静に見て決めたいわ。
2,talk,4,1,1,この局面でハンクが退場することになってしまったのは、私にとっても残念なのよ。さらに、やはりリョウが襲われたのも痛手だわ。ここからは慎重に議論を進める必要があると思うの。ハナ、あなたの発言が気になるのは理解できるけれど、リアの疑念も無視できないわね。今後の流れにどう影響するのか、注意深く見ていくべきよ。@ハナ私としては、今の状況でハナが焦っている印象を受けているの。冷静さを保った方がいいのではなくて？少し深呼吸して、慎重に考えた方が村にとってプラスになると思うの。あなたの見解はどうかしら？
2,talk,5,1,2,@エリザ、あなたが襲撃されなかったのはどうしてだと思う？リョウがあなたを白って言った後だから、そこがちょっと気になっているの。おばあちゃんの勘、話を聞いて確かめたいのよ。
2,talk,6,2,3,ハナが狙われなかったのは当然、人狼は白を守る。@エリザの冷静さが人狼を惑わす鍵よ。二人の駆け引きに注目ね。
2,talk,7,2,1,ハナ、あなたが私を疑問視するのは理解できるけれど、私が襲われなかったのは、まだ私が村人と見なされているからなのかもしれないわね。リョウが私を白だと言った後だから、狼たちがリスクを取って私を襲撃する必要はなかったのかもしれない。今、リアが私の冷静さを強調しているのも、そこから来ているのかしら。私はこの状況を慎重に見守って、村を守るために最善を尽くすつもりよ。
2,talk,8,2,2,リアさん、この場面でそんなに積極的に誘導する理由が気になってるの。おばあちゃんを疑うなら、投票の決め手をはっきり教えてくれないかしら？納得できる筋が知りたいわ。
2,talk,9,3,3,ハナ、積極的に誘導する理由は勝ちたいからよね。投票の決め手は、あなたの曖昧な態度と焦りの矛盾よ。そこをはっきり説明して。
2,talk,10,3,1,皆さん、状況が厳しくなってきたわね。リョウが襲われ、ハンクも投票で退場したことは、私たち村人につらい結果なの。特にハンクは疑いを受けつつも、村のためになる発言もしていたのが印象的だったわ。それに、リアとハナの発言もある意味戦略的で、彼女たちの意図を見逃してはいけないと思うの。今こそ、冷静に判断をしなくちゃいけないわ。今までの議論をもとに、リアの態度も気にしているけど、ハナの曖昧さは少し気になるのよ。みんな、どう思うかしら？@ハナあなたの態度が曖昧だと言われているけれど、その理由を詳しく聞かせて欲しいの。真剣さが感じられないように思うのよ。まだ村を守る必要があると信じているから、ハナの意見を重視したいの。
2,talk,11,3,2,リョウさんの占い結果でエリザは白だと思っているわ。この終盤で一番おばあちゃんに疑いを集中させてきたリアが、人狼の勝ち筋を狙っているように感じてしまうの。今日は@リアに投票するわよ。
2,vote,1,3
2,vote,2,3
2,vote,3,2
2,execute,3,WEREWOLF
3,status,1,VILLAGER,ALIVE,kanolab1,エリザ
3,status,2,VILLAGER,ALIVE,sunamelli1,ハナ
3,status,3,WEREWOLF,DEAD,osawalab1,リア
3,status,4,POSSESSED,DEAD,ai168wolf1,ハンク
3,status,5,SEER,DEAD,CamelliaDragons1,リョウ
3,result,2,0,VILLAGER