0,status,1,WEREWOLF,ALIVE,SunameLLi-A1,ユミ
0,status,2,WEREWOLF,ALIVE,kanolab-b1,ミドリ
0,status,3,WEREWOLF,ALIVE,kanolab3,シュンイチ
0,status,4,BODYGUARD,ALIVE,CanisLupus-C1,ヴィクトリア
0,status,5,MEDIUM,ALIVE,SunameLLi-C1,セルヴァス
0,status,6,POSSESSED,ALIVE,GAIT1,ケンジ
0,status,7,SEER,ALIVE,SunameLLi-B1,ミナト
0,status,8,VILLAGER,ALIVE,CamelliaDragons1,メイ
0,status,9,VILLAGER,ALIVE,mille1,ベンジャミン
0,status,10,VILLAGER,ALIVE,kanolab-c1,タクミ
0,status,11,VILLAGER,ALIVE,CanisLupus-B1,ミナコ
0,status,12,VILLAGER,ALIVE,kanolab-a1,ミサキ
0,status,13,VILLAGER,ALIVE,CanisLupus-A1,ミオ
0,whisper,0,0,2,今日も元気ですね！皆さんの様子はどうですか？
0,whisper,1,0,1,ユミです。人狼です。
0,whisper,2,0,3,今日は俺の調子も悪くないよ。君たちはどう？
0,whisper,3,1,2,ユミさん、シュンイチさん、みんなの考えを聞きたいよね。
0,whisper,4,1,1,Over
0,whisper,5,1,3,ミドリ、ユミ、仲間には騎士や占い師が怪しいよな。
0,whisper,6,2,2,シュンイチさん、それなら占い師の動向が気になるよね。
0,whisper,7,2,3,そうだね、占い師がいるなら次に誰を占うか気になる。
0,whisper,8,3,2,私たちが狙うべきは騎士や占い師かしらね。他には誰を見てる？
0,whisper,9,3,3,そうだね、ミドリ。霊媒師の存在が気になる。
0,talk,0,0,13,みんな！よろしくね！ミオだよ！探検が好きだよ！
0,talk,1,0,5,セルヴァスと申します。年の功で少し役立てれば幸いです
0,talk,2,0,8,みんな改めてよろしくね！メイだよ、推理は得意なほうかな。楽しんでいこうでしょ？ふふっ
0,talk,3,0,4,ヴィクトリアですわ。書物を読むのが趣味です。
0,talk,4,0,6,みんな、よろしくね！ケンジだよ！今日はどんな展開になるか楽しみだね！
0,talk,5,0,1,いっぱい考えて、私なりに推理してみるよ！
0,talk,6,0,3,Over
0,talk,7,0,9,ぼくはベンジャミン、村人ですよぅ！よろしくですよぅ！
0,talk,8,0,12,Over
0,talk,9,0,2,Over
0,talk,10,0,7,ミナトです…ちょっと緊張してるけど、がんばるね
0,talk,11,0,10,Over
0,talk,12,0,11,ミナコです。体力には自信があります。村の力になれれば。
0,talk,13,1,13,Over
0,talk,14,1,5,無意識の仕草も時に真実を語るものです
0,talk,15,1,8,役職カミングアウトなら今がチャンスよ！ふふっ。
0,talk,16,1,4,Over
0,talk,17,1,6,みんな、がんばろう！ケンジはワクワクしてるよ！推理を楽しみにしてる！
0,talk,18,1,1,Over
0,talk,19,1,9,Over
0,talk,20,1,7,うまく話せるかわからないけど、一生懸命考えるよ
0,talk,21,1,11,Over
0,talk,22,2,5,Over
0,talk,23,2,8,みんな静かすぎ！初日の意気込みや作戦教えて！
0,talk,24,2,6,そうだね、初日の作戦を話そう！まずみんなの意見を聞きたいな。君たちはどうする？
0,talk,25,2,7,Over
0,talk,26,3,8,推理は積極共有型で行くよ。怪しい所は指摘するね。
0,talk,27,3,6,いいね、メイ！積極的に指摘していこう！僕も怪しいところは言うよ。協力しよう！
0,whisper,0,0,3,Over
0,whisper,1,0,1,ユミです。人狼です。
0,whisper,2,0,2,Over
0,whisper,3,1,1,Over
0,divine,7,6,HUMAN
1,status,1,WEREWOLF,ALIVE,SunameLLi-A1,ユミ
1,status,2,WEREWOLF,ALIVE,kanolab-b1,ミドリ
1,status,3,WEREWOLF,ALIVE,kanolab3,シュンイチ
1,status,4,BODYGUARD,ALIVE,CanisLupus-C1,ヴィクトリア
1,status,5,MEDIUM,ALIVE,SunameLLi-C1,セルヴァス
1,status,6,POSSESSED,ALIVE,GAIT1,ケンジ
1,status,7,SEER,ALIVE,SunameLLi-B1,ミナト
1,status,8,VILLAGER,ALIVE,CamelliaDragons1,メイ
1,status,9,VILLAGER,ALIVE,mille1,ベンジャミン
1,status,10,VILLAGER,ALIVE,kanolab-c1,タクミ
1,status,11,VILLAGER,ALIVE,CanisLupus-B1,ミナコ
1,status,12,VILLAGER,ALIVE,kanolab-a1,ミサキ
1,status,13,VILLAGER,ALIVE,CanisLupus-A1,ミオ
1,talk,0,0,4,占い師の方は、早めに名乗り出るべきですわ。
1,talk,1,0,3,俺もみんなと同じだ。信頼できる情報を交換しよう。
1,talk,2,0,9,そうですよぅ！
1,talk,3,0,8,朝の雰囲気いいね！役職出やすいように協力するよ。
1,talk,4,0,7,そんなに早く名乗り出るの、ちょっと危なくないかな…？
1,talk,5,0,6,みんな、占い師や霊媒師の早めの名乗り出は危険かも。特定されるとまずいよ。慎重に行動しよう！どう思う？
1,talk,6,0,1,最初ってすごくドキドキする…！でも、すぐ名乗り出るのも危ないかも？みんなの考え聞きたいな
1,talk,7,0,12,みんな、占い師は慎重に行動するべきです。
1,talk,8,0,5,声が小さい方にも目を向けてみましょう。静かさは時に隠し事の兆しです。
1,talk,9,0,11,落ち着いて、真実を見抜くため議論しましょう。
1,talk,10,0,10,みんな、慎重さが大事だぞ。顔色を見て判断しよう。
1,talk,11,0,13,占い師さん、誰か占った？教えてくれると嬉しいな！
1,talk,12,0,2,慎重に進めるのが大事よね。占い師、霊媒師は特に注意して！
1,talk,13,1,4,ふむ、皆さま慎重ですわね。
1,talk,14,1,3,みんな慎重なのは大事だが、早めに推理したほうがいいかもだ。@ミオ占い師に関しては、宣言が無ければ無理に名乗る必要はないと思うんだ。どう思う？
1,talk,15,1,9,シュンイチの意見には賛成ですよぅ！
1,talk,16,1,8,静かな子も遠慮せず話していいよ！盛り上げるよ！
1,talk,17,1,7,みんなの好きなことや、気になる人の話も聞いてみたいな
1,talk,18,1,6,占い師や霊媒師は慎重に行動すべきだ。早めに名乗り出ると狙われるリスクが高まるよ。
1,talk,19,1,1,積極的な人の意見が参考になるけど、焦らずいきたいな
1,talk,20,1,12,占い師は慎重に行動すべきですね。他の意見はどうですか？@シュンイチあなたの意見も参考にしたいですが、その考えはどうせいまいちですか？
1,talk,21,1,5,静かな方からも小さな違和感を見逃さぬよう心掛けましょう
1,talk,22,1,11,皆様、まだ役職が出ませんね。
1,talk,23,1,10,みんな、焦らずに議論を続けよう。情報が大事だぞ！@シュンイチお前の意見も大事だが、慎重さが必要だと思うんだ。どう考える？
1,talk,24,1,13,みんな、今日の投票先はグレランにしない？教えて！
1,talk,25,1,2,私も慎重に進めることが重要だと思うよね。@シュンイチあなたの考えについて聞かせてほしいわ。
1,talk,26,2,4,皆さま、本日はグレー投票で宜しいでしょう？
1,talk,27,2,3,グレランは無難だが、いくつか気になる点がある。
1,talk,28,2,9,グレランの言うことは理解できるが、ちょっと疑問があるですよぅ！
1,talk,29,2,8,慎重すぎるかも？違和感・気になること発言しよう！
1,talk,30,2,7,@セルヴァス、静かな人って誰を指してるの？
1,talk,31,2,6,みんな、静かな人にも目を向けることが大事だね。隠していることがあるかもしれないよ！どう思う？
1,talk,32,2,1,グレランもいいけど、できるだけ慎重に進めたいな
1,talk,33,2,12,私も慎重に進めたいです。でも、静かな方の意見も重要だと思います。
1,talk,34,2,5,投票は直感だけでなく、小さな違和感も重視しましょう
1,talk,35,2,11,静かな方に注目し議論しませんか。
1,talk,36,2,10,俺はグレランで投票するのが賢明だと思うぞ。みんなの意見を聞いて、静かに思考を深めよう。
1,talk,37,2,13,みんな、人狼さんだったらどうするかな？
1,talk,38,2,2,グレランも良いけど、静かなプレイヤーが気になるわよね。探ってみない？
1,talk,39,3,4,静かさにも目を向けるのは賢明な考えですわ。
1,talk,40,3,3,俺も静かさに注目することが大事だと思う。特に@ベンジャミン、君はどう考える？@ベンジャミン少し意見が少ない気がするんだけど、何か気になることあれば教えてほしい
1,talk,41,3,9,Over
1,talk,42,3,8,違和感あったら遠慮せず言お！場を温めよ！
1,talk,43,3,7,僕は発言が控えめな@ベンジャミンが少し気になる。今日はそこに投票するよ
1,talk,44,3,6,みんな、静かな人に注目しよう！@ベンジャミンは発言が少ないから、今日は彼に投票してもいいと思う！
1,talk,45,3,1,私も@ベンジャミンがちょっと気になってるよ。今日はそこに投票するね
1,talk,46,3,12,私も静かなプレイヤーには目を向けています。何か気になる点があれば教えて！@ベンジャミン今日は少し発言が控えめだったけど、どう思っているの？何か考えがあれば教えてほしいです。
1,talk,47,3,5,静かな人へ注目集まるのは自然ですが、発言量だけで判断せず慎重に考えましょう。
1,talk,48,3,11,疑念の根拠を明確にする必要があります。
1,talk,49,3,10,みんな、静かにしてるお前たちが気になるぞ。今日はそこに投票しようと思ってる。@ベンジャミンお前が控えめな発言を続けると、怪しまれてしまうかも。何か意見を言ってほしいぞ！
1,talk,50,3,13,みんなの推理聞かせてほしいな！
1,talk,51,3,2,私も静かな人には目を向けるべきだと思うのよね。特に注意深く！@ベンジャミン静かな発言が続くと、何か隠しているように思えるけど、あなたはどう感じてるの？
1,vote,1,9
1,vote,2,9
1,vote,3,9
1,vote,4,9
1,vote,5,9
1,vote,6,9
1,vote,7,9
1,vote,8,9
1,vote,9,12
1,vote,10,9
1,vote,11,9
1,vote,12,9
1,vote,13,9
1,execute,9,VILLAGER
1,divine,7,12,HUMAN
1,whisper,0,0,1,今回の噛みはメイが良さそう。目立たず票は散らす方向でいくね。占い騙りどうする？
1,whisper,1,0,2,ユミさん、メイを噛むのは良い考えよね。目立たないし、役職持ちかも。
1,whisper,2,0,3,俺は今、とにかく動向を見守るべきだと思う。
1,whisper,3,1,1,今夜はメイ噛みでどう？票はバラつかせておくね。占い騙りは進行で様子見る。
1,whisper,4,1,2,皆さん、今日はどうする？意見を聞きたいよね。
1,whisper,5,1,3,皆、現時点での情報を元に、占い師が名乗り出ていないのは興味深いな。
1,whisper,6,2,1,あまり物騒なことは言えないな。
1,whisper,7,2,2,まだ情報が少ない状況だね。慎重に考えないと、話の流れが危うくなるよ。
1,whisper,8,2,3,今回はやっぱり静かなプレイヤー、ケンジが怪しいと思う。
1,whisper,9,3,1,今夜はミナコ狙いを提案したいな。理由は発言が控えめで、役職潜伏の可能性もあるから。
1,whisper,10,3,2,シュンイチさんが言う通り、ケンジが怪しいかもね。目立たず、発言も少ないし。
1,whisper,11,3,3,俺はまだ、誰が怪しいか具体的に絞れないけど、メイとか控えめな様子が気になるかな。
1,guard,4,1,WEREWOLF
1,attackVote,1,8
1,attackVote,2,6
1,attackVote,3,11
1,attack,8,true
2,status,1,WEREWOLF,ALIVE,SunameLLi-A1,ユミ
2,status,2,WEREWOLF,ALIVE,kanolab-b1,ミドリ
2,status,3,WEREWOLF,ALIVE,kanolab3,シュンイチ
2,status,4,BODYGUARD,ALIVE,CanisLupus-C1,ヴィクトリア
2,status,5,MEDIUM,ALIVE,SunameLLi-C1,セルヴァス
2,status,6,POSSESSED,ALIVE,GAIT1,ケンジ
2,status,7,SEER,ALIVE,SunameLLi-B1,ミナト
2,status,8,VILLAGER,DEAD,CamelliaDragons1,メイ
2,status,9,VILLAGER,DEAD,mille1,ベンジャミン
2,status,10,VILLAGER,ALIVE,kanolab-c1,タクミ
2,status,11,VILLAGER,ALIVE,CanisLupus-B1,ミナコ
2,status,12,VILLAGER,ALIVE,kanolab-a1,ミサキ
2,status,13,VILLAGER,ALIVE,CanisLupus-A1,ミオ
2,talk,0,0,12,今日の流れでは、静かな人が怪しまれる傾向にあるようです。他に気になることがあれば教えてください。
2,talk,1,0,3,まずはベンジャミンが退場したのは痛手だ。俺達は冷静に考えていこう。
2,talk,2,0,4,霊媒師の方、ベンジャミンさんの結果は？
2,talk,3,0,6,皆さん、ベンジャミンの退場は痛手ですが、冷静に議論を続けましょう！
2,talk,4,0,13,霊媒師さん！昨日の人、どうだった？結果早く知りたいな！
2,talk,5,0,5,ベンジャミンは人間でした。村のペースを取り戻しましょう
2,talk,6,0,7,@シュンイチ冷静なのはいいけど、消極的すぎない？
2,talk,7,0,1,セルヴァスが結果出したけど、他に出たい人いる？
2,talk,8,0,11,メイさんが…襲撃とは、痛ましい。霊媒結果が出た。冷静に。
2,talk,9,0,2,ベンジャミンが退場してしまったね。冷静に議論を進めよう。@セルヴァスの結果について考えたいけど、影響は大きいよね。@セルヴァス結果を元にさらなる考察を共有してほしいのよ
2,talk,10,0,10,みんな、ベンジャミンが村人だとわかって、次は誰が怪しいかな？過去の発言から見極めよう！
2,talk,11,1,12,私も冷静に進めるべきだと思います。@シュンイチの消極的な姿勢は少し気になりますね。@シュンイチ昨日の発言から慎重になりすぎている印象がありますが、
2,talk,12,1,3,静かな発言をしているプレイヤーに目を向けよう。特に@ミナト、君の考えはどうする？@ミナト状況が変化しているから、君の意見が知りたい。
2,talk,13,1,4,セルヴァスさん、ベンジャミン氏は人間でしたか。
2,talk,14,1,6,皆さん、ベンジャミンは人間です。静かなプレイヤーを疑いましょう！@ミナトや@シュンイチの意見を聞きましょう！
2,talk,15,1,13,みんな、シュンイチさんが少し気になってるな。どんなこと考えてるか聞きたいな！
2,talk,16,1,5,静かな方の動きも見逃せません。発言に注目しましょう。
2,talk,17,1,7,慎重な人が多いけど、意見を急に変えた人もちょっと気になる
2,talk,18,1,1,ミナトって今日は発言控えめだよね、様子見かな？
2,talk,19,1,11,霊媒師殿が偽物ならば、状況は全く変わります。
2,talk,20,1,2,今回はメイさんが襲撃されてしまったのが痛いわね。静かなプレイヤーに注目して、特に@シュンイチや@ミナトの発言から怪しさを感じるのよね。もっと意見を聞かせてほしいの。@シュンイチ発言が慎重すぎる
2,talk,21,1,10,気になるのはシュンイチだぞ。慎重すぎる印象を受ける。正直な意見が聞きたい！@シュンイチお前の考えが気になる。もっと発言してくれると助かるぞ！
2,talk,22,2,12,@シュンイチの発言が慎重すぎて少し気になりますね。理由をもっと聞きたいです。@シュンイチ慎重すぎる印象を持ってい
2,talk,23,2,3,みんな、今は静かなプレイヤーに目を向ける時だ。特に@ミナト、君の意見が少なくて気になる。占い師には君を占ってほしい。理由は、発言が控えめだからだ。謎を解く手が
2,talk,24,2,4,まだ情報が少ないゆえ、特定の誰かではなくグレーの方へ投票が賢明ですわね。
2,talk,25,2,6,皆さん、@シュンイチや@ミナトに注目しましょう！彼らの意見を聞きたいです。どう思いますか？
2,talk,26,2,13,みんなの意見、もっと聞かせてほしいな！話し合いが大事だよ！
2,talk,27,2,5,声の大きさや話す速さの変化も観察してみましょう
2,talk,28,2,7,@ミナコが昨日はあんまり喋ってなかったのが不安だな
2,talk,29,2,1,タクミの発言、昨日と少し雰囲気が違う気がする
2,talk,30,2,11,静かな人追放だけでは危険です。霊媒結果の精査が先決では。
2,talk,31,2,2,私も霊媒結果を元に議論をしたいのよね。@ミナコの意見には賛成だわ。静かな発言だけだと、本当のことが見@シュンイチの発言が慎重すぎるのが気になるわね。もっと意見を聞かせてほしいのよ。
2,talk,32,2,10,みんな、メイが襲撃されて痛手だぞ。無駄に発言しない者が怪しいかも。特にシュンイチの発言に注目したい。
2,talk,33,3,12,ベンジャミンが村人だったのは痛手ですね。静かな人を疑う意見が多いですが、シュンイチの慎重さにも注目し
2,talk,34,3,3,俺は静かなミナトにちょっと注目している。彼の発言が少なすぎて、不安増大だ。
2,talk,35,3,4,セルヴァス殿の結果を踏まえ、怪しき人物を見極めましょう。
2,talk,36,3,6,皆さん、静かなプレイヤーに注目するのは重要ですが、@シュンイチや@ミナトの意見も聞きたいです！
2,talk,37,3,13,シュンイチさんが少し気になるんだ！みんなはどう思うかな？
2,talk,38,3,5,私はシュンイチに投票します。慎重すぎる姿勢が気になります
2,talk,39,3,7,今日はシュンイチに入れるよ。みんなが同じ方向だと逆に不安になっちゃう。
2,talk,40,3,1,もしシュンイチが違った場合、明日すぐに考え直すね
2,talk,41,3,11,メイさん…痛ましい。しかし、霊媒結果を精査しましょう。
2,talk,42,3,2,今回はベンジャミンが退場したのが痛手ね。シュンイチの慎重さが気になるけど、特に投票が集まった彼には怪@シュンイチあなたの発言は慎重すぎる気がするのよ。もっと意見を出してもらえると助かるわ。
2,talk,43,3,10,みんな、ベンジャミンが村人だったのが痛い。そうなると慎重すぎるシュンイチが怪しくなるぞ！@シュンイチお前の意見がもっと聞きたいんだ。みんなに説明できるか？
2,vote,1,3
2,vote,2,3
2,vote,3,13
2,vote,4,3
2,vote,5,3
2,vote,6,3
2,vote,7,3
2,vote,10,3
2,vote,11,10
2,vote,12,3
2,vote,13,3
2,execute,3,WEREWOLF
2,divine,7,11,HUMAN
2,whisper,0,0,1,今夜はセルヴァスを噛みたい。騎士護衛だったらミオ狙いに変更どう？進行役を減らして村を混乱させたい。
2,whisper,1,0,2,みんなの意見を聞くと、タクミが気になるよね。発言が少ないし、役職隠してる可能性あるかも。
2,whisper,2,1,1,今回はセルヴァス噛みを推したいよ。進行混乱が狙えるし効果大きいと思う。
2,whisper,3,1,2,今日は静かなプレイヤー、ミナトを襲撃するのがいいかも。おそらく役職潜伏の可能性があるし、情報を集めや
2,whisper,4,2,1,セルヴァス狙いでどうかな？護衛ならミオかヴィクトリア噛みも選択肢だよ。意見ある？
2,whisper,5,2,2,ユミさん、セルヴァスが霊媒師として正直に言っていたことに疑念が湧くよね。彼を狙うのがいいかも。
2,whisper,6,3,1,セルヴァス噛み優先で進めたい。無理ならミオやヴィクトリア狙いどう？
2,whisper,7,3,2,セルヴァスは霊媒師として信用度高そうだから、狙うならミナコが無難かな。
2,guard,4,5,MEDIUM
2,attackVote,1,5
2,attackVote,2,10
2,attack,10,true
3,status,1,WEREWOLF,ALIVE,SunameLLi-A1,ユミ
3,status,2,WEREWOLF,ALIVE,kanolab-b1,ミドリ
3,status,3,WEREWOLF,DEAD,kanolab3,シュンイチ
3,status,4,BODYGUARD,ALIVE,CanisLupus-C1,ヴィクトリア
3,status,5,MEDIUM,ALIVE,SunameLLi-C1,セルヴァス
3,status,6,POSSESSED,ALIVE,GAIT1,ケンジ
3,status,7,SEER,ALIVE,SunameLLi-B1,ミナト
3,status,8,VILLAGER,DEAD,CamelliaDragons1,メイ
3,status,9,VILLAGER,DEAD,mille1,ベンジャミン
3,status,10,VILLAGER,DEAD,kanolab-c1,タクミ
3,status,11,VILLAGER,ALIVE,CanisLupus-B1,ミナコ
3,status,12,VILLAGER,ALIVE,kanolab-a1,ミサキ
3,status,13,VILLAGER,ALIVE,CanisLupus-A1,ミオ
3,talk,0,0,6,皆さん、シュンイチの追放は痛手です。次の疑いを決めましょう。@ミナトや@ミナコに注目を。
3,talk,1,0,13,みんな、おはよう！今日で３日目！縄計算はね、あと４回処刑できるよ。力を合わせようね！
3,talk,2,0,1,@ミナコ、昨日の投票理由をもう少し詳しく教えてほしいな
3,talk,3,0,5,私は霊媒師です。ベンジャミンは人間、シュンイチは人狼でした
3,talk,4,0,12,今日はシュンイチが人狼だったと聞いて、みんなの意見を再確認したいです。占い師には、慎重で静かなミナト
3,talk,5,0,7,ミドリさん、あまり話してないみたいだけど、どう思う？
3,talk,6,0,11,霊媒師様の報告、承知いたしました。襲撃された方々は村人でしょう。冷静に議論を進めましょう。
3,talk,7,0,2,今日は霊媒師からの情報が重要よね。セルヴァスの報告を信じるとして、シュンイチが人狼だとすると、次は誰
3,talk,8,0,4,セルヴァス殿、シュンイチ氏は人狼でしたか。貴重な情報ですわね。
3,talk,9,1,6,皆さん、シュンイチが人狼でした。次に疑うプレイヤーを考えましょう。@ミナト、@ミドリの意見も聞きたいです。
3,talk,10,1,13,@ミナコさん、発言に少しだけ不安を感じたの…理由を教えて？
3,talk,11,1,1,@ミナコ、昨日よりちょっと発言控えめかな？気になる
3,talk,12,1,5,静かにしている方の中にも重要な情報があるはずです
3,talk,13,1,12,今日はシュンイチが人狼だったことを確認しましたね。次の疑い対象について意見を聞かせてください。@ユミ昨日の発言が少し控えめだったように感じますが、今はどう考えていますか？
3,talk,14,1,7,ヴィクトリアさんがあまり発言してないのが少し気になる
3,talk,15,1,11,@ケンジ殿、「痛手」とは？減ったのは災厄でしょう。
3,talk,16,1,2,霊媒師の報告は重要よね。これを基に皆で考えるべきよ。@ミナトあなたの考えはどう？@ミナト特に、静かな発言をしているあなたの意見が必要よ。
3,talk,17,1,4,霊媒師殿へのミナコさんのご指摘、鋭いですね。
3,talk,18,2,6,皆さん、シュンイチが人狼でした。@ミナコや@ユミにも疑いを向けましょう！意見があれば教えてください。@ミナコ@ミナコ、私が言いたかったのは、シュンイ
3,talk,19,2,13,あのね、ミナコさんの「痛手」発言、どういう意味かな？ちょっと気になったの。
3,talk,20,2,1,ヴィクトリアさん、昨日より少し静かな気がするよ
3,talk,21,2,5,投票でシュンイチを守った方の意図、気になります
3,talk,22,2,12,シュンイチは見極めなければならないですね。彼が人狼とは信じがたいですけど、すでに結果が出ているので次@ユミのような控えめな発言者です。皆さんの意見をお聞きしたいです。
3,talk,23,2,7,ヴィクトリアがあんまり話さないの、ちょっと気になる
3,talk,24,2,11,@ケンジ殿、人狼追放痛手発言は不自然。あなたに投票を提案します。
3,talk,25,2,2,これから怪しいプレイヤーをよく考えるべきよね。@ユミ静かすぎると感じるけど、どう思ってるの？@ユミあなたの意見をもっと聞きたいわ。
3,talk,26,2,4,ケンジ殿の発言について、私も疑問を感じますわ。
3,talk,27,3,6,皆さん、@ユミや@ヴィクトリアの静かな発言が気になります。彼女たちの意見を聞きましょう！@ミナコ@ミナコ、私の発言
3,talk,28,3,13,ミナコさんの言葉、なんだか考えちゃうな。
3,talk,29,3,1,私はケンジさんに投票するよ。痛手発言がやっぱり引っかかるんだ
3,talk,30,3,5,私はケンジに投票。違和感を大切に、冷静な選択をしましょう
3,talk,31,3,12,今日までの状況を見ていると、静かなプレイヤーがやはり気になります。@ミナコは強い意見を言っていますが@ユミの発言が少し静かになっているのが心配です。何か意見があればぜひ教えてください！@ユミ最近、発言が控え
3,talk,32,3,7,ヴィクトリアさんが静かで気になったので、投票してみる
3,talk,33,3,11,@ケンジ殿、痛手発言の意図を。
3,talk,34,3,2,シュンイチが人狼だった結果を受け、今後はもっと発言してほしいよね。@ミナコの意見が強くても、他の静か@ヴィクトリアの考えも聞きたいわ。@ミナコあなたの投票理由について教えてほしいの。さらに考えてみたいから。
3,talk,35,3,4,ミナコさんの指摘通り、ケンジ殿の発言は不自然ね。
3,vote,1,6
3,vote,2,4
3,vote,4,6
3,vote,5,6
3,vote,6,1
3,vote,7,4
3,vote,11,6
3,vote,12,4
3,vote,13,11
3,execute,6,POSSESSED
3,divine,7,4,HUMAN
3,whisper,0,0,2,皆さん、今日は静かなミナトが気になりますよね。行動が乏しいと。
3,whisper,1,0,1,セルヴァス狙いでいく？ミドリも進行強いから次点にしたい。投票は静かな枠誘導どうする？
3,whisper,2,1,2,ユミさん、今回はヴィクトリアが静かだからいい狙いかもしれないね。
3,whisper,3,1,1,今夜はセルヴァス噛み狙いたいな。失敗時はミドリどうする？進行役には表で共感寄りにいくね。
3,whisper,4,2,2,ユミさん、今夜の襲撃先はどちらにする？ミナコが怪しいと思うけど、他の意見も聞きたいよね。
3,whisper,5,2,1,セルヴァス噛み狙う？進行系残すときついよね。護衛見てダメならミドリかミオに切り替え推奨したい。
3,whisper,6,3,2,ユミさん、今夜は誰を襲撃するか考えた？静かなプレイヤーが多いから、発言少ないとこを狙うのがいいよね。
3,whisper,7,3,1,今夜はセルヴァス噛みに賛成。もし護衛に守られたらミナコ優先かな。
3,guard,4,5,MEDIUM
3,attackVote,1,5
3,attackVote,2,4
3,attack,4,true
4,status,1,WEREWOLF,ALIVE,SunameLLi-A1,ユミ
4,status,2,WEREWOLF,ALIVE,kanolab-b1,ミドリ
4,status,3,WEREWOLF,DEAD,kanolab3,シュンイチ
4,status,4,BODYGUARD,DEAD,CanisLupus-C1,ヴィクトリア
4,status,5,MEDIUM,ALIVE,SunameLLi-C1,セルヴァス
4,status,6,POSSESSED,DEAD,GAIT1,ケンジ
4,status,7,SEER,ALIVE,SunameLLi-B1,ミナト
4,status,8,VILLAGER,DEAD,CamelliaDragons1,メイ
4,status,9,VILLAGER,DEAD,mille1,ベンジャミン
4,status,10,VILLAGER,DEAD,kanolab-c1,タクミ
4,status,11,VILLAGER,ALIVE,CanisLupus-B1,ミナコ
4,status,12,VILLAGER,ALIVE,kanolab-a1,ミサキ
4,status,13,VILLAGER,ALIVE,CanisLupus-A1,ミオ
4,talk,0,0,1,静かすぎるミナト、意見もう少し聞きたいな
4,talk,1,0,5,ケンジは村人でした。進行に迷いがあれば整理します。
4,talk,2,0,13,Skip
4,talk,3,0,12,今、静かにプレイしているミナトとミナコが怪しいです。お二人はどう考えていますか？
4,talk,4,0,2,確かに、シュンイチが人狼だとしたらその後の静かな動きが気になるよね。今回はミナトやミナコの意見に注目
4,talk,5,0,11,セルヴァス殿、報告感謝します。真実を。静かな方の意見も聞きましょう。
4,talk,6,0,7,ミナコは静かだけど、ぼくは今のところ怪しく見えないよ
4,talk,7,1,1,ミサキの進行はありがたい。けど静かな人＝人狼とも限らないよね
4,talk,8,1,5,静けさだけでなく、投票先や動きも見直しましょう
4,talk,9,1,13,ミナコさんの昨日の発言、ちょっと不自然だったな！
4,talk,10,1,12,セルヴァスさんの発言を聞くと、静かなプレイヤーに目を向けることは重要ですね。@ミナコは不自然な発言があったと感じますが、他の静かなお二人、特にミナトはどう考えていますか？@ミナコあなた
4,talk,11,1,2,私が思うに、占い師はミナトを占うといいと思うのよね。@ミナト今までの様子から怪しさを感じるから、はっきりさせるにはいいタイミングよ。あなたの意見も聞かせてほしい
4,talk,12,1,11,セルヴァス殿、報告ありがとうございます。ケンジ殿は村人でしたか。私の判断は誤りでした。
4,talk,13,1,7,@ミオ、ミナコ疑いの理由がちゃんと知りたいな
4,talk,14,2,1,静かな人が注目されてるけど、断定はまだ早いかも
4,talk,15,2,5,投票前に全員、理由を簡単に述べてみませんか
4,talk,16,2,13,時間が過ぎちゃう前に、しっかり考えようね！
4,talk,17,2,12,今日はミナトを占うべきだと思います。彼は静かで、発言が少ないため人狼の可能性があるのです。
4,talk,18,2,2,消去法でミナコを疑うつもりよ。彼女の発言が矛盾しているし、静かなプレイヤー層に入ってしまうから、投票
4,talk,19,2,11,ミドリ殿の消去法発言と、@ミサキ殿との占い推奨ラインが気になります。
4,talk,20,2,7,静かに見えるかもしれないけど、みんなの発言はちゃんと見てるよ。@ミオ、ミナコの考え方どう思う？
4,talk,21,3,1,今回はミナコに投票するつもり。でもまだ断定したくはない
4,talk,22,3,5,終盤は細かな動きが大事です。私はミナコに投票します
4,talk,23,3,13,ミナコさんの昨日の発言、少し不自然だったな…！みんなはどう思う？
4,talk,24,3,12,今日はミナコを占うべきだと思います。彼女の言動が疑わしいので、はっきりさせるべきです。@ミナコ静かなあなたの発言が目立ちますね。占い次第で真実が見えるかもしれません。どう思う？
4,talk,25,3,2,私はミナコの意見を支持したいわ。彼女とミナトの動きが気になるし、モールス信号のような静寂感は危険な香@ミナトあなたの発言が不足しているから、よりはっきり意見を聞かせてもらえると助かるわ。今後の投票についても、
4,talk,26,3,11,@ミドリ殿の消去法発言が気になります。本日は@ミドリ殿へ投票します。
4,talk,27,3,7,静かな人ばかり疑うのは違うと思う。ミドリさんに投票します
4,vote,1,11
4,vote,2,11
4,vote,5,11
4,vote,7,2
4,vote,11,2
4,vote,12,11
4,vote,13,11
4,execute,11,VILLAGER
4,divine,7,13,HUMAN
4,whisper,0,0,1,ミオ噛みしたいな。セルヴァス護衛されてそうだし、どう思う？
4,whisper,1,0,2,ミナトさんの発言が少ないから、怪しい気がするよね。
4,whisper,2,1,1,セルヴァスは護衛鉄板だよね、今夜はミオ噛みどう？ミサキ残しで誘導されても対応できるよ
4,whisper,3,1,2,今夜はミオ噛みが良さそうだね。セルヴァスは護衛してるかも。無理ならミナトも選択肢だよ。
4,whisper,4,2,1,あまり物騒なことは言えないな。
4,whisper,5,2,2,まだ疑わしいのはミナトよね。発言が少ないと役職潜伏の可能性もあるし、どう思う？
4,whisper,6,3,1,ミオ噛みでどうかな？発言力高いしここで消したい。セルヴァスは次がいいと思う。
4,whisper,7,3,2,今夜はミオを狙うのがいいと思う。セルヴァスは護衛されそうだから、安全策を考えたいよね。
4,attackVote,1,13
4,attackVote,2,7
4,attack,13,true
5,status,1,WEREWOLF,ALIVE,SunameLLi-A1,ユミ
5,status,2,WEREWOLF,ALIVE,kanolab-b1,ミドリ
5,status,3,WEREWOLF,DEAD,kanolab3,シュンイチ
5,status,4,BODYGUARD,DEAD,CanisLupus-C1,ヴィクトリア
5,status,5,MEDIUM,ALIVE,SunameLLi-C1,セルヴァス
5,status,6,POSSESSED,DEAD,GAIT1,ケンジ
5,status,7,SEER,ALIVE,SunameLLi-B1,ミナト
5,status,8,VILLAGER,DEAD,CamelliaDragons1,メイ
5,status,9,VILLAGER,DEAD,mille1,ベンジャミン
5,status,10,VILLAGER,DEAD,kanolab-c1,タクミ
5,status,11,VILLAGER,DEAD,CanisLupus-B1,ミナコ
5,status,12,VILLAGER,ALIVE,kanolab-a1,ミサキ
5,status,13,VILLAGER,DEAD,CanisLupus-A1,ミオ
5,talk,0,0,5,静かな方の投票傾向にも意識を向けてみませんか
5,talk,1,0,12,まだ残るプレイヤーは少ないですね。最終的な投票でしっかり話し合いましょう。@ミナト、あなたの考えも聞きたいです。何か意見があればぜひ教えてください。@ミナトあなたが気になることや他の
5,talk,2,0,1,ミナトさん、今日の意見少なめだね。何か考えてる？
5,talk,3,0,7,@ユミ、今までも便乗多い気がして…少し心配
5,talk,4,0,2,私たちの中で疑念が強いのはタクミさんね。他の人の意見も伺いたいけれど、彼の動きが気になるの。
5,talk,5,1,5,静かな発言には注意が必要です。率直な動機を聞かせてください
5,talk,6,1,12,今回はミナトを疑うべきかもしれません。彼の考えが他のプレイヤーの意見に便乗しているように感じます。自@ミナトあなたの考えをもっと聞かせてくれませんか？今の姿勢では怪しまれるかもしれないと思います。見解をお願い
5,talk,7,1,1,ミナトは発言少なめだけど理由あるのかな？
5,talk,8,1,7,@セルヴァス、霊媒師の視点で今一番怪しい人は誰？
5,talk,9,1,2,静かなプレイヤーと積極的なプレイヤー、どっちが怪しいか考えてみましょう。特にユミが発言少なくて心配よ@ユミあなたが消極的な理由について、ぜひ教えてほしいわ。自分の考えも共有してほしいの。
5,talk,10,2,5,静かな方にも目を配りましょう。消極さも要注意
5,talk,11,2,12,今日は意見を統一して、静かなプレイヤーに注目しましょう。特にミナトさんとミドリさんの動きが気になりま
5,talk,12,2,1,急に投票先を決めるのは難しいよね…。慎重に考えたい
5,talk,13,2,7,@ミドリ、昨日の投票の理由ちょっと聞かせてほしいな
5,talk,14,2,2,今日の夜はタクミを占うべきだと思うのよね。彼の発言は少ないし、怪しい動きが目立つから。一度はっきりさ
5,talk,15,3,5,声が小さい人ほど見落としやすいものです。私はミナトに投票します
5,talk,16,3,12,今日は慎重さが気になるミナトに投票しようかと思います。彼の意見が他の意見に便乗しているように思えるの@ミナトあなたの意見についてもっと聞きたいです。静か過ぎると、逆に疑念が高まります。
5,talk,17,3,1,静かな人が残るのは少し不安…私はミナトに投票します
5,talk,18,3,7,静かな人ばかり疑うのは危ないと思うぼくはミサキが便乗っぽく見えて一番怪しいよ村人だから…信じてもらえ
5,talk,19,3,2,私たちの中で疑いを持たれているのはタクミよね。彼の行動が怪しいから、ここは彼に投票すべきだと思うの。
5,vote,1,7
5,vote,2,12
5,vote,5,2
5,vote,7,5
5,vote,12,7
5,execute,7,SEER
6,status,1,WEREWOLF,ALIVE,SunameLLi-A1,ユミ
6,status,2,WEREWOLF,ALIVE,kanolab-b1,ミドリ
6,status,3,WEREWOLF,DEAD,kanolab3,シュンイチ
6,status,4,BODYGUARD,DEAD,CanisLupus-C1,ヴィクトリア
6,status,5,MEDIUM,ALIVE,SunameLLi-C1,セルヴァス
6,status,6,POSSESSED,DEAD,GAIT1,ケンジ
6,status,7,SEER,DEAD,SunameLLi-B1,ミナト
6,status,8,VILLAGER,DEAD,CamelliaDragons1,メイ
6,status,9,VILLAGER,DEAD,mille1,ベンジャミン
6,status,10,VILLAGER,DEAD,kanolab-c1,タクミ
6,status,11,VILLAGER,DEAD,CanisLupus-B1,ミナコ
6,status,12,VILLAGER,ALIVE,kanolab-a1,ミサキ
6,status,13,VILLAGER,DEAD,CanisLupus-A1,ミオ
6,result,2,2,WEREWOLF