0,status,1,WEREWOLF,ALIVE,kanolab5,ハナ
0,status,2,WEREWOLF,ALIVE,CanisLupus-B1,リサ
0,status,3,WEREWOLF,ALIVE,kanolab-c1,アヤ
0,status,4,BODYGUARD,ALIVE,CanisLupus-A1,タクミ
0,status,5,MEDIUM,ALIVE,GAIT1,ユウ
0,status,6,POSSESSED,ALIVE,CanisLupus-C1,ダン
0,status,7,SEER,ALIVE,kanolab-a1,ダリル
0,status,8,VILLAGER,ALIVE,SunameLLi-B1,リオ
0,status,9,VILLAGER,ALIVE,kanolab-b1,カナタ
0,status,10,VILLAGER,ALIVE,SunameLLi-A1,ケン
0,status,11,VILLAGER,ALIVE,mille1,リナ
0,status,12,VILLAGER,ALIVE,SunameLLi-C1,マリ
0,status,13,VILLAGER,ALIVE,CamelliaDragons1,トシ
0,whisper,0,0,1,あたしは最近、ケンの発言が気になるのよね。
0,whisper,1,0,3,ハナさん、ケンの発言は確かに怪しいですね。彼には注目したいです。
0,whisper,2,0,2,騙りは必要です。誰か役職を騙るか。
0,whisper,3,1,1,あたしはカナタが怪しいと思うのよ。
0,whisper,4,1,3,リサさん、確かに騙りは有効ですね。しかし、役職を持つプレイヤーは慎重に選ぶべきです。
0,whisper,5,1,2,襲撃先、そして騙り役を決めましょう。
0,whisper,6,2,1,あたしはやっぱり、ユウが気になるのよね。
0,whisper,7,2,3,カナタの発言が目立ちますね。彼は占い師の可能性も考えられ、早く行動を取りたいです。
0,whisper,8,2,2,まず騙り役を決めましょう。
0,whisper,9,3,1,あたしはユウが怪しいと思うのよね。
0,whisper,10,3,3,ユウさんの発言は一貫していない印象です。彼が吊られると村人は困りますね。
0,whisper,11,3,2,アヤ、ハナ。共に人狼。方針を決めよう。騙り、襲撃、投票だ。
0,talk,0,0,7,Over
0,talk,1,0,8,リオ参上！今回こそ一番に怪しい人見つけるよ
0,talk,2,0,3,Over
0,talk,3,0,2,リサです。効率を重視します。よろしく。
0,talk,4,0,9,Over
0,talk,5,0,10,ケンが来たぞ！ドキドキだけど全力でやる！
0,talk,6,0,13,みんな集まったな。わしはトシ、この村を守るぞ！
0,talk,7,0,11,ぼくはリナ、村人ですよぅ！よろしくですよぅ！
0,talk,8,0,1,Over
0,talk,9,0,5,みんな、ユウです。リオさん、頼りにしてます！皆で協力しましょう。よろしく！
0,talk,10,0,6,ダンです。皆さんの思考に触れるのが楽しみですね。
0,talk,11,0,12,マリです！みんなと協力するのが楽しみです。
0,talk,12,0,4,タクミだよ！ドキドキだけど、いっぱい遊ぼうね！
0,talk,13,1,8,最初から全開でいくから、油断しないでね
0,talk,14,1,2,Over
0,talk,15,1,10,どきどきしてるけど、みんなと協力したいな
0,talk,16,1,13,改めてよろしく頼むぞ。村の平和はわしらの手で守るのだよ。みな、油断するでないぞ～じゃ。
0,talk,17,1,11,Over
0,talk,18,1,5,みんな、ユウです。ダンさん、マリさん、タクミさん、協力して村を守りましょう！
0,talk,19,1,6,私の趣味ですか？ふむ…、複雑な状況を分析することでしょうか。
0,talk,20,1,12,Over
0,talk,21,1,4,Over
0,talk,22,2,8,絶対に負けたくないから、細かい動きも見逃さないよ
0,talk,23,2,10,すっごく緊張してるけど、全力でやるよ！
0,talk,24,2,13,みんな、自己紹介ありがとう。これから全員の言葉を職人の目で見るぞ。
0,talk,25,2,5,皆さん、ユウです。リオさん、細かい動きに注目するのは大事ですね。みんなで助け合って、頑張りましょう！
0,talk,26,2,6,Over
0,talk,27,3,8,静かな人ほど怪しいかも、投票はそこから考えるかも
0,talk,28,3,10,Over
0,talk,29,3,13,静かな者が怪しいのは一理あるが、油断せぬぞ。
0,talk,30,3,5,ユウです。リオさんの意見、なるほど。静かな人に注意しましょう！
0,whisper,0,0,2,騙り役、襲撃先、投票先。決めましょう。
0,whisper,1,0,1,Over
0,whisper,2,0,3,Over
0,whisper,3,1,2,戦略決定が肝心です。騙り役、襲撃先、投票先。
0,whisper,4,2,2,騙り役を誰が担うか、考えを示してください。
0,whisper,5,3,2,騙り役、誰が担当するか明確に。
0,divine,7,8,HUMAN
1,status,1,WEREWOLF,ALIVE,kanolab5,ハナ
1,status,2,WEREWOLF,ALIVE,CanisLupus-B1,リサ
1,status,3,WEREWOLF,ALIVE,kanolab-c1,アヤ
1,status,4,BODYGUARD,ALIVE,CanisLupus-A1,タクミ
1,status,5,MEDIUM,ALIVE,GAIT1,ユウ
1,status,6,POSSESSED,ALIVE,CanisLupus-C1,ダン
1,status,7,SEER,ALIVE,kanolab-a1,ダリル
1,status,8,VILLAGER,ALIVE,SunameLLi-B1,リオ
1,status,9,VILLAGER,ALIVE,kanolab-b1,カナタ
1,status,10,VILLAGER,ALIVE,SunameLLi-A1,ケン
1,status,11,VILLAGER,ALIVE,mille1,リナ
1,status,12,VILLAGER,ALIVE,SunameLLi-C1,マリ
1,status,13,VILLAGER,ALIVE,CamelliaDragons1,トシ
1,talk,0,0,12,今日は全員の発言しっかり聞きたいな。静かな人も話そう♪
1,talk,1,0,8,@ダリル、さっきから大人しいけど何か思うことない？
1,talk,2,0,9,リオの意気込みは良いけど、状況を見て行動しようだよね。
1,talk,3,0,6,私の占い結果を聞くがいい。昨夜のユウ氏は人間だった。占い師だ。
1,talk,4,0,13,ダンが占い師、ユウは白。今後の発言重要じゃ。
1,talk,5,0,5,ダンの占い結果で私が人間と確認されました。他の意見を出しましょう。
1,talk,6,0,4,まだ静かな人いるー？おしゃべりして宝物みつけようね！
1,talk,7,0,10,@リサ、効率重視ってどうやって決めてくの？考え聞きたい！
1,talk,8,0,3,私はダンさんの占い結果を信じます。
1,talk,9,0,11,ぼくは村人ですよぅ！
1,talk,10,0,7,リオが白だったという結果を皆さんにお伝えします。信じてくださいです。
1,talk,11,0,2,占い師COが二人。真偽の見極めが最優先。
1,talk,12,0,1,ダンさんの結果を重視して、リオを占ってほしいよ。
1,talk,13,1,12,占い師二人とも占い理由が聞きたいな。特に初日は大事だよね
1,talk,14,1,8,@ダリル、なんで初日に僕占ったの？理由が気になる
1,talk,15,1,9,今日はダンが占うとしたら、リオなんじゃないかな。理由は彼が目立ってるからだよね。@ダンリオが目立ってるから、彼を占った方がいいと思うんだ。
1,talk,16,1,6,真の占い師は一人だけ。偽者を見つけるべきだ。
1,talk,17,1,13,占い師が二人出たのう。ダン殿の説明が聞きたいのだ。
1,talk,18,1,5,占い師が二人います。ダンとダリルの発言を確認しましょう。理由も重要です。意見をお願いします。
1,talk,19,1,4,きょうはだれをどっかんしよっか？宝物見つけよー！
1,talk,20,1,10,リナはあまり発言してないね。どう思ってるの？
1,talk,21,1,3,ダンさんの占い結果は魅力的ですけど、\nユウさんの意見も重要ですね。@ダンダンさんの占い理由、詳しく聞きたいです！
1,talk,22,1,11,アヤさん、ユウさんの意見を聞くのは大事ですが、今はダンさんの占い理由を詳しく聞きましょうよぅ！
1,talk,23,1,7,私はダンが怪しいと思います。理由は彼が占い結果を急いで報告したことです。
1,talk,24,1,2,真偽不明な者を吊るは非効率だ。今日の投票はグレーから選ぶ。
1,talk,25,1,1,ダンさんの占い結果は大事ですね。リオも気になるよ。@ダンダンさん、占い理由をもっと詳しく教えてくださいよ。
1,talk,26,2,12,@リサ、日和った印象があるけど今日一番怪しい人は誰だと思う？
1,talk,27,2,8,@リナ、発言少なめだけど、今何を考えてる？気になるよ
1,talk,28,2,9,僕はダンが占うべきはハナだと思うよ。彼女の発言が少ないから、考えを知りたいんだ。
1,talk,29,2,6,分析の結果、投票先はグレーから選ぶべき。例えばリナ氏はどうでしょう。
1,talk,30,2,13,今のところ、ダン殿とダリル殿の占い理由が要やのう。特に初日は慎重さが命じゃ。
1,talk,31,2,5,ダンの占い理由が不明確です。彼の発言を聞き、真偽を見極めましょう。意見を出しましょう。
1,talk,32,2,4,きょうのドッカンは、まだおしゃべりしてない人にするー！
1,talk,33,2,10,@リナ、自分は誰が一番怪しく見える？理由も聞きたいな
1,talk,34,2,3,私としては、ダンさんが占い師とは考えにくいです。彼の説明が不明確だからです。
1,talk,35,2,11,ようやく今夜は、あなたの言葉を信じてみますよぅ！
1,talk,36,2,7,ダンの占い師COは信じきれませんね。彼の理由が曖昧ですから。@ダン占いの結果や理由をもっと詳しく教えて欲しいです。
1,talk,37,2,2,効率を考えれば、今日はグレーから選ぶべきだ。
1,talk,38,2,1,村人のあたしから見ると、ダンさんの占い理由が曖昧なのが気になるよ。
1,talk,39,3,12,リサが特定の人を避けてる気がして。今日はリサに投票するね。絆を信じて考え続けるよ！
1,talk,40,3,8,@リサ、効率重視なのに決め手が曖昧すぎ。今日はリサに投票する
1,talk,41,3,9,ダンの明確な占い理由がなく、怪しいと思うんだ。@ダン占い結果の詳細を確認したいから、もっと詳しく教えてほしいよ！
1,talk,42,3,6,急ぎすぎ、ですか。それはどういう基準で判断されますか。
1,talk,43,3,13,理由が曖昧な占いは怪しい。慎重に話を聞こう。
1,talk,44,3,5,ダンの占い理由が不明確です。具体的な説明を求めましょう。意見を集めて投票先を考えましょう。
1,talk,45,3,4,まだおしゃべりしてないひとー？ ドッカン候補だよ！
1,talk,46,3,10,リサは効率派だけど人狼探しの熱意が薄い気がする。ぼくはリサに投票するよ
1,talk,47,3,3,私はダンさんの理由が曖昧だと思うんです。今は彼を占うべきかと。@ダンあなたの占い理由が曖昧で怪しく感じています。具体的に教えてください。
1,talk,48,3,11,Over
1,talk,49,3,7,私が本物の占い師です。ダンの結果が不確かですね。信じて欲しいです。
1,talk,50,3,2,グレーから対象を選定。効率的な判断が必要だ。
1,talk,51,3,1,あたしはダンさんの占い理由が曖昧だと思うの。みんな、慎重に考えて賢く行動しよう！@ダン彼の占い結果が気になるの。もう少し詳しく教えてほしいよ。
1,vote,1,6
1,vote,2,10
1,vote,3,6
1,vote,4,11
1,vote,5,6
1,vote,6,11
1,vote,7,6
1,vote,8,6
1,vote,9,6
1,vote,10,2
1,vote,11,13
1,vote,12,2
1,vote,13,2
1,execute,6,POSSESSED
1,divine,7,1,WEREWOLF
1,whisper,0,0,2,騙り、襲撃、投票先の協議。迅速に。
1,whisper,1,0,3,リサさん、ユウに間違って占いを名乗らせるのは危険です。
1,whisper,2,0,1,あたしはダンの占い師主張が怪しいと思うのよね。
1,whisper,3,1,2,騙り役と襲撃先、方針決定が肝心です。
1,whisper,4,1,3,リサさん、ダンの発言が不自然に感じます。彼は本物の占い師とは考えにくいです。
1,whisper,5,1,1,あたしはダンの占い主張が気になるのよ。彼は本物かしら？
1,whisper,6,2,2,騙り役と襲撃先を、効率よく決めましょう。
1,whisper,7,2,3,ダンの占い師主張は怪しいですね。リサに不安を与えて彼を攻めるべきです。
1,whisper,8,2,1,あたしはダンの占い師主張に対して疑念を抱いているのよ。
1,whisper,9,3,2,騙り役と襲撃先、選定を急ぐ。
1,whisper,10,3,3,ダンの占い師主張は不自然ですね。他の村人を混乱させるかもしれません。
1,whisper,11,3,1,あたしはダンの行動が不安でならないのよね。
1,guard,4,5,MEDIUM
1,attackVote,1,8
1,attackVote,2,12
1,attackVote,3,10
1,attack,10,true
2,status,1,WEREWOLF,ALIVE,kanolab5,ハナ
2,status,2,WEREWOLF,ALIVE,CanisLupus-B1,リサ
2,status,3,WEREWOLF,ALIVE,kanolab-c1,アヤ
2,status,4,BODYGUARD,ALIVE,CanisLupus-A1,タクミ
2,status,5,MEDIUM,ALIVE,GAIT1,ユウ
2,status,6,POSSESSED,DEAD,CanisLupus-C1,ダン
2,status,7,SEER,ALIVE,kanolab-a1,ダリル
2,status,8,VILLAGER,ALIVE,SunameLLi-B1,リオ
2,status,9,VILLAGER,ALIVE,kanolab-b1,カナタ
2,status,10,VILLAGER,DEAD,SunameLLi-A1,ケン
2,status,11,VILLAGER,ALIVE,mille1,リナ
2,status,12,VILLAGER,ALIVE,SunameLLi-C1,マリ
2,status,13,VILLAGER,ALIVE,CamelliaDragons1,トシ
2,talk,0,0,7,ハナが黒と出ました。村人陣営のため、投票で彼女を退場させよう。
2,talk,1,0,1,ダンさんが退場したことで、情報が限られてしまったね。
2,talk,2,0,2,霊媒師、ダリル氏、事実の報告を。効率が最優先。
2,talk,3,0,4,ダンさんがドッカン！ケンさんが襲われちゃったね…！
2,talk,4,0,11,おお！このゲームはなかなかハートを打つよねですよぅ！
2,talk,5,0,3,私はダンの占い結果が不透明に感じます。ダリルさんの報告を待ちましょう。@ダリルあなたの占い結果について詳しく教えてほしいです。
2,talk,6,0,8,@リナ、全体の印象どう？あんまり発言見えないけど
2,talk,7,0,12,@リナ、まだ発言少なめだね。今の状況どう思う？
2,talk,8,0,13,みんな意見よく出てる、誇らしいぞ。霊媒師、頼む！
2,talk,9,0,5,ダリルがハナを黒と報告しました。その結果を踏まえて意見を出しましょう。
2,talk,10,0,9,ダリルがハナを黒判定したことが気にかかるよね。リサの意見も聞きたいな。
2,talk,11,1,7,私はダリル、ハナが黒という結果を報告したよ。
2,talk,12,1,1,ダリルさんが私を黒判定したけど、その理由を考えると少し疑問だよ。@ダリルもし本当に占い師なら、どんな根拠でこの結果を出したのか教えてほしいよ。
2,talk,13,1,2,ダリル氏、ハナ黒…ええ？詳細を聞かねば。
2,talk,14,1,4,ダリルさんがハナさん黒だって！ほんとかなー？ドキドキ！
2,talk,15,1,11,えー！？なんでそんなこと知ってんのタクミ！あんた村人じゃん？あんたは信じなですよぅ！
2,talk,16,1,3,ダリルさんの報告は重要ですが、根拠が知りたいです。皆も意見をお願いします。@ダリルあなたの黒判定の理由を詳しく教えてほしいです。
2,talk,17,1,8,リナ、発言控えめだね。何か気になる点あった？
2,talk,18,1,12,@リサ、さっきから効率重視に見えるけど本音は？
2,talk,19,1,13,職人たるもの、根拠なき判定は信用せぬぞ。ダリルよ、なぜハナを黒と見たのか詳しく頼むのだよ。@ダリルダリルよ、理由を忘れちゃならん。ハナ黒と見立てた根拠、理路整然と語ってほしいのだよ。
2,talk,20,1,5,ダリルのハナへの黒判定の根拠を詳しく聞きましょう。意見を集めましょう。
2,talk,21,1,9,ダリルがハナを黒とした理由が不明確だよね。彼の意見をしっかり聞かないといけないだよね。@ダリル最新の判断根拠を説明してもらえないかな？
2,talk,22,2,7,皆さん、私はダリルです。ハナを黒判定した理由は、発言内容が人狼陣営に絡めたように感じたからです。
2,talk,23,2,1,あたしはダリルさんの占いが心配だよ。根拠が薄い気がするから、彼以外のプレイヤーを占うのが良いと思うよ
2,talk,24,2,2,効率的な議論のために、論点を整理します。ダリル氏の判定理由を問う。
2,talk,25,2,4,ダリルさんがハナさん黒って！ドキドキだね！ほんとかなー？
2,talk,26,2,11,タクミさん、ダリルさんがハナさん黒って言ったけど、彼はまだ吠えてないよね？ですよぅ！
2,talk,27,2,3,ダリルさんの占い結果、根拠をしっかり聞きたいです。発言内容からも分かる通り、ハナさんを黒とした理由を@ダリルあなたの根拠が不明確なので、具体的に説明してほしいです。
2,talk,28,2,8,@リナ、今って誰が一番怪しく見えてる？理由も教えて
2,talk,29,2,12,@リサ、効率重視発言が多いけど、焦ってるの？
2,talk,30,2,13,ダリルの根拠は曖昧じゃ。言葉選びが雑な占い師は信用できん。
2,talk,31,2,5,ダリルの判定理由が依然として不明確です。彼の説明を待ちつつ、他の意見も出していきましょう。
2,talk,32,2,9,ダリルの判定が曖昧続きで、ハナへの黒判定も不安定だよね。彼の根拠、どうか詳しく教えてほしいだよね。@ダリルあなたの占い根拠を具体的に説明してもらえませんか？
2,talk,33,3,7,私はダリルです。他の皆の意見を聞きたい。占い師が二人いるこの状況、慎重に行動を。
2,talk,34,3,1,ケンさんが襲われたのは痛いね。慎重に考えよう！@ダリル占い判定が気になるよ。もう少し詳しく理由を聞かせてほしいな。
2,talk,35,3,2,ダリル氏の判定に疑問。投票先は別に。
2,talk,36,3,4,ハナさんがクロ？ほんとー？ダリルさんどうしてわかるのー？
2,talk,37,3,11,Over
2,talk,38,3,3,ダリルさんの黒判定は疑問です。根拠が曖昧で信用できません。
2,talk,39,3,8,ダリルに投票する。占い理由が曖昧で村人に見えない。
2,talk,40,3,12,効率重視なのに自分の意見が見えないよ。ごめんリサに投票するね
2,talk,41,3,13,職人は根っこを見る。説明が薄い。皆で怪しい者を見極めよう。
2,talk,42,3,5,ダリルの判定理由に疑問が多く、彼への疑念が高まっています。意見を集め、次の投票先を決めましょう。
2,talk,43,3,9,ダリルの判定が疑わしいので、リサに投票したい気持ちだよね。彼女の発言が薄いから、情報を整理してもらい@リサリサ、効率重視なのはわかるけど、具体的な意見をもっと出してほしいよ。
2,vote,1,7
2,vote,2,7
2,vote,3,7
2,vote,4,7
2,vote,5,7
2,vote,7,13
2,vote,8,7
2,vote,9,7
2,vote,11,7
2,vote,12,7
2,vote,13,7
2,execute,7,SEER
2,whisper,0,0,2,今後の襲撃先と騙り方針、協議せよ。
2,whisper,1,0,1,あたしはダリルの占い師主張が気になるのよね。
2,whisper,2,0,3,皆さん、襲撃先を見極める必要がありますね。ダリルが真の占い師でなければ、彼を狙うべきです。@リサリサさん、自分の役職を明かさないことで混乱を招くのは良い戦略ですね。
2,whisper,3,1,2,本日の投票はダリルへ集中を。襲撃先と騙り役の協議を。
2,whisper,4,1,1,今日はダリルの行動が非常に気になるのよ。
2,whisper,5,1,3,リサさん、ダリルには注目しておくべきです。彼の発言に色々と疑念があります。@リサユウの占い師主張も際立って怪しいですね。もっと詳しく話を聞くべきです。
2,whisper,6,2,2,ハナ黒は偽情報。投票はダリルへ誘導。
2,whisper,7,2,1,今日の投票はダリルに集中すべきよ。
2,whisper,8,2,3,今日はダリルに集中したいです。彼の発言が不自然ですね。@リサダリルについて、彼の黒判定が信じられますか？少し怪しいですね。
2,whisper,9,3,2,騙り役、襲撃先。効率良く決めましょう。
2,whisper,10,3,1,ダリルの判定が本当に古いか心配。皆も気をつけてね。
2,whisper,11,3,3,ハナさん、ダリルの占い師主張が本当に信頼できるか疑問ですね。彼の言動には注意が必要です。@ハナ私もダリルの占い結果は疑わしいです。もっと彼の意見を掘り下げるべきです。
2,guard,4,13,VILLAGER
2,attackVote,1,9
2,attackVote,2,5
2,attackVote,3,9
2,attack,9,true
3,status,1,WEREWOLF,ALIVE,kanolab5,ハナ
3,status,2,WEREWOLF,ALIVE,CanisLupus-B1,リサ
3,status,3,WEREWOLF,ALIVE,kanolab-c1,アヤ
3,status,4,BODYGUARD,ALIVE,CanisLupus-A1,タクミ
3,status,5,MEDIUM,ALIVE,GAIT1,ユウ
3,status,6,POSSESSED,DEAD,CanisLupus-C1,ダン
3,status,7,SEER,DEAD,kanolab-a1,ダリル
3,status,8,VILLAGER,ALIVE,SunameLLi-B1,リオ
3,status,9,VILLAGER,DEAD,kanolab-b1,カナタ
3,status,10,VILLAGER,DEAD,SunameLLi-A1,ケン
3,status,11,VILLAGER,ALIVE,mille1,リナ
3,status,12,VILLAGER,ALIVE,SunameLLi-C1,マリ
3,status,13,VILLAGER,ALIVE,CamelliaDragons1,トシ
3,talk,0,0,12,@リサ、効率重視って言うけど昨日の投票早かったね。その理由教えて！
3,talk,1,0,13,リサよ、投票理由を職人らしく示してほしい。@リサ理由を具体的に話せるかの？
3,talk,2,0,3,私もリサに投票します。彼女の発言は情報が少なく、怪しいです。@リサあなたの発言はあまり具体的ではないと思います。他の意見も聞かせてください。
3,talk,3,0,1,ダンさん、ダリルさんが退場した今、村を守るために慎重に判断しようね。
3,talk,4,0,4,カナタさんがドッカンされちゃったね…！ リサさんリナさん、今の状況どう思う？
3,talk,5,0,2,襲撃されたカナタ氏。村の重要な情報源でしたか。
3,talk,6,0,11,リサさんの発言を聞いて、カナタさんのことを考えると、本当に悲しいですよぅ！
3,talk,7,0,5,リサへの疑念が高まっています。彼女の意見を聞き、次の投票先を考えましょう。
3,talk,8,0,8,@タクミ、今日グレーで警戒してる人いる？その理由も聞きたい
3,talk,9,1,12,@リナ、ただ悲しいだけ？他に怪しい人いないかな
3,talk,10,1,13,リサは淡泊じゃな。真剣さが見えぬ。リナも感情的すぎるぞ。
3,talk,11,1,3,私が思うに、リサさんを占うべきだと思います。彼女は最近の発言が薄く、他のプレイヤーの様子をよく見てい
3,talk,12,1,1,みんな、まだリサに投票する意見が多いね。彼女の発言は薄いから、一旦話を聞いてみたいな。@リサあなたの考えをもっと具体的に教えてほしいよ。村を守るために大事なことだからね。
3,talk,13,1,4,リサさんとリナさん、いまのようすどう思う？宝物さがし一緒にしよ！
3,talk,14,1,2,Skip
3,talk,15,1,11,ぼくも宝物探しに参加しますよぅ！
3,talk,16,1,5,リサへの疑念が続いています。彼女の意見を促し、次の投票先を決めましょう。
3,talk,17,1,8,@リナ、昨日の投票理由と今怪しい人って誰？
3,talk,18,2,12,占い師いなくなった今、小さな違和感も拾いたいな
3,talk,19,2,13,芯を見せねば村は乱れるぞ。具体的思考を共有せい。
3,talk,20,2,3,リサさん、あなたの考えをもっと具体的に教えてください。@リサ状況が厳しい中、みんなの意見を聞くのが大事です。
3,talk,21,2,1,今、リサの発言が気になるわ。彼女の意見が具体的じゃないから、みんなも不安に思ってるみたい。理屈を聞か@リサあたしもリサに投票するつもりだよ。理由が曖昧だから、もっとはっきりさせてほしいよ。
3,talk,22,2,4,リサさんがおしゃべりしてくれないの、なんかドキドキするな！いっしょに宝物さがししよーよ！
3,talk,23,2,2,効率を優先し、議論を纏めましょう。
3,talk,24,2,11,議論を纏めるのは良い考えですよぅ！
3,talk,25,2,5,リサへの疑念が高まりつつあります。彼女の具体的な意見を求めつつ、投票先を考えましょう。
3,talk,26,2,8,@タクミ、無難な発言続いてるけど本音で誰が怪しい？
3,talk,27,3,12,私はリサの曖昧さが引っかかるから投票を決めたよ。小さな違和感も大事にしたいな
3,talk,28,3,13,リサの話、作業場で型紙ばかり見る徒弟のようじゃ。
3,talk,29,3,3,リサさん、あなたの発言が薄いままです。具体的な理由を教えてください。全員の意見を大切にするために、も@リサあなたの意見を具体的に聞きたいです。村を守るために重要です。
3,talk,30,3,1,今日はリサを占うべきだと思うわ。彼女の発言が薄く、疑念が高まってるから、白黒つけるのが重要だよ。村を
3,talk,31,3,4,リサさんがおしゃべりしないの、なんかドキドキするね！みんなといっしょに宝物さがししたいな！
3,talk,32,3,2,リナ氏の発言は混乱を招く。不要です。
3,talk,33,3,11,Over
3,talk,34,3,5,リサに対する疑念が高まっています。彼女の具体的な意見を求めつつ、次の投票先を考えましょう。
3,talk,35,3,8,リサの曖昧さはずっと気になってた。今日はリサに投票するよ。もし違ったらリナも整理したい。
3,vote,1,2
3,vote,2,11
3,vote,3,2
3,vote,4,2
3,vote,5,2
3,vote,8,2
3,vote,11,12
3,vote,12,2
3,vote,13,2
3,execute,2,WEREWOLF
3,whisper,0,0,1,ユウの発言が不自然に思えるのよね、皆はどう思う？@アヤユウについて、少し疑問を持ってるんだけど、あなたはどう考えてる？
3,whisper,1,0,3,ユウの発言は矛盾が多いですね。彼の判断が疑問です。
3,whisper,2,1,1,あたしはリオが少し怪しいと思うのよ。彼の行動が気になるわ。@リサリサ、リオの発言についてどう思う？彼の判断は不安だわ。
3,whisper,3,1,3,私はリオが少し疑わしいと感じています。彼の言動があまりにも変わってきている気がします。
3,whisper,4,2,1,あたしは最近、リオの発言が気になるのよね。何か裏がありそう。
3,whisper,5,2,3,リオの発言が最近ちょっと不自然に思えるのよね。気を付けるべきかも。
3,whisper,6,3,1,あたしは最近、リオの発言が気になるのよね。彼の言動に疑念が湧いてきたわ。@リサリサ、リオの発言どう思う？彼の考え方が怪しい気がするの。
3,whisper,7,3,3,リオさんの発言は最近少し不自然に感じます。皆さんどう思いますか？
3,guard,4,5,MEDIUM
3,attackVote,1,8
3,attackVote,3,8
3,attack,8,true
4,status,1,WEREWOLF,ALIVE,kanolab5,ハナ
4,status,2,WEREWOLF,DEAD,CanisLupus-B1,リサ
4,status,3,WEREWOLF,ALIVE,kanolab-c1,アヤ
4,status,4,BODYGUARD,ALIVE,CanisLupus-A1,タクミ
4,status,5,MEDIUM,ALIVE,GAIT1,ユウ
4,status,6,POSSESSED,DEAD,CanisLupus-C1,ダン
4,status,7,SEER,DEAD,kanolab-a1,ダリル
4,status,8,VILLAGER,DEAD,SunameLLi-B1,リオ
4,status,9,VILLAGER,DEAD,kanolab-b1,カナタ
4,status,10,VILLAGER,DEAD,SunameLLi-A1,ケン
4,status,11,VILLAGER,ALIVE,mille1,リナ
4,status,12,VILLAGER,ALIVE,SunameLLi-C1,マリ
4,status,13,VILLAGER,ALIVE,CamelliaDragons1,トシ
4,talk,0,0,3,私は、トシさんを占うべきだと思います。彼は重要な役割で、具体的な発言が求められます。これにより次の動
4,talk,1,0,1,今日の夜はアヤを占うべきだと思うよ。彼女の意見がいつも明確で、ホッとするから、村人判断させたいよ。
4,talk,2,0,11,ハナは真っ直ぐな人だと思うよですよぅ！
4,talk,3,0,13,今の情報、意見を整理しよう。曖昧さは命取りだ。
4,talk,4,0,5,リサは人狼でした。アヤやトシの意見を参考にし、次の行動を考えましょう。
4,talk,5,0,12,@リナ、最初から誰が怪しいと思ってる？理由も知りたいな
4,talk,6,0,4,だれが怪しいかな？ドキドキするね！
4,talk,7,1,3,今回はハナさんを投票先に考えています。彼女の発言が矛盾しているように感じるからです。@ハナ具体的にあなたの占い先の理由を教えてもらえませんか？意見が混乱しています。
4,talk,8,1,1,あたしはまだアヤさんが怪しいと思うよ。彼女の意見がぶれてる気がする。@アヤ具体的にアヤさんの考えを聞かせてほしいな。矛盾してる気がするから。
4,talk,9,1,11,そういうことはある程度の矛盤を持ってると思うよですよぅ！
4,talk,10,1,13,意見割れじゃな。吊り理由を明確にせよ。@アヤ疑いの根拠を皆に共有してくれ。
4,talk,11,1,5,意見が割れています。アヤとハナの意見を整理し、投票先を明確にしましょう。理由を尋ねることが重要です。
4,talk,12,1,12,@リナ、印象強い発言が少ない気がするけど、誰を人狼だと思ってる？理由も聞かせて欲しいな
4,talk,13,1,4,リナさん！ぼくがむらびとさんて、なんでわかったの？
4,talk,14,2,3,私は現在ハナさんに投票したいです。彼女の疑念の根拠が曖昧で、信用できないからです。@ハナ具体的にあなたの占い先の理由を教えてもらえませんか？一貫性が欠けているように思います。
4,talk,15,2,1,あたしは今のところリナさんが怪しいわ。彼女の意見が薄いし、情報が少ないからもっと具体的に話してほしい@リナ具体的に誰を人狼だと思ってるの？理由を教えてほしいな。
4,talk,16,2,11,ぼくは今のところハナさんが怪しいですよぅ！
4,talk,17,2,13,曖昧は敵じゃ。ハナ、リナ、怪しい理由を教えてくれ。
4,talk,18,2,5,アヤとハナの意見が対立しています。理由を明確にし、他の意見も聞きましょう。
4,talk,19,2,12,ユウがリサは人狼って断定した理由、詳しく教えてほしいな
4,talk,20,2,4,@リナさん、どうしてぼくがむらびとさんてわかったのー？
4,talk,21,3,3,私はハナさんが怪しいと思っています。彼女の意見が常に一貫していないと感じています。それに、私を疑う理
4,talk,22,3,1,あたしはアヤさんが気になるの。彼女の発言が曖昧で、信頼性が低い気がするの。疑念の理由を改めて教えて欲@アヤあなたの考えは今のところ曖昧に感じるよ。具体的な理由を教えてもらえますか？
4,talk,23,3,11,Over
4,talk,24,3,13,状況整理だ。三人は発言が不透明。投票先と理由を明確に。
4,talk,25,3,5,アヤ、ハナ、リナの意見が対立中です。理由を聞いて投票先を決めましょう。
4,talk,26,3,12,@リナ、受け答えがいつも曖昧で気になるな。今日は投票するね
4,talk,27,3,4,リナさん、この前のこと聞きたいな！アヤさんとハナさんのお話もドキドキする！
4,vote,1,4
4,vote,3,13
4,vote,4,11
4,vote,5,11
4,vote,11,3
4,vote,12,11
4,vote,13,11
4,execute,11,VILLAGER
4,whisper,0,0,1,あたしはユウの行動が気になるのよね。少し注意して見ておきたいわ。
4,whisper,1,0,3,タクミ、リサの発言が少し曖昧だったから、気を付けたいわ。
4,whisper,2,1,1,あたしはダンが疑わしいと思ったけど、彼はもういないのね。今はタクミが気になるかな。
4,whisper,3,1,3,タクミは最近の振る舞いが目立ってきて、少し気になりますね。
4,whisper,4,2,1,あたしはユウの意見が気になるんだけど、もう少し具体的に教えてもらえるかしら？
4,whisper,5,2,3,ユウの発言が少し曖昧な気がします。彼の考えをもう少し具体的に聞きたいですね。
4,whisper,6,3,1,リナの発言が最近少し変わってきた気がするのよね。慎重に状況を見守りたいわ。
4,whisper,7,3,3,最近、ユウの発言が少し気になるわ。彼の意図を探りたいですね。
4,guard,4,5,MEDIUM
4,attackVote,1,5
4,attackVote,3,12
4,attack,5,false
5,status,1,WEREWOLF,ALIVE,kanolab5,ハナ
5,status,2,WEREWOLF,DEAD,CanisLupus-B1,リサ
5,status,3,WEREWOLF,ALIVE,kanolab-c1,アヤ
5,status,4,BODYGUARD,ALIVE,CanisLupus-A1,タクミ
5,status,5,MEDIUM,ALIVE,GAIT1,ユウ
5,status,6,POSSESSED,DEAD,CanisLupus-C1,ダン
5,status,7,SEER,DEAD,kanolab-a1,ダリル
5,status,8,VILLAGER,DEAD,SunameLLi-B1,リオ
5,status,9,VILLAGER,DEAD,kanolab-b1,カナタ
5,status,10,VILLAGER,DEAD,SunameLLi-A1,ケン
5,status,11,VILLAGER,DEAD,mille1,リナ
5,status,12,VILLAGER,ALIVE,SunameLLi-C1,マリ
5,status,13,VILLAGER,ALIVE,CamelliaDragons1,トシ
5,talk,0,0,3,私の役に立つように皆さんの意見をまとめて考えよう。
5,talk,1,0,1,みんな、ダリルさんが前日判定した私が怪しい人狼として疑われてたの、覚えてる？それが理由で彼が投票され
5,talk,2,0,12,@タクミ、今日は何か気になる発言あったかな？聞きたいな
5,talk,3,0,5,ダリルの判定を思い出し、状況を整理しましょう。次の投票先を決めるために意見を出し合いましょう。
5,talk,4,0,13,ハナ殿、疑念は忘れん。今は誰が村のためか見極める時じゃ。
5,talk,5,0,4,Skip
5,talk,6,1,3,今の状況で怪しいのはハナさんです。ダリルの黒判定後、彼女は早くも責任転嫁していました。@ハナあなたの発言が一貫していないように感じます。反論があれば聞きたいです。
5,talk,7,1,1,あたしは、今日はユウを占うべきだと思うの。彼の発言が一貫していないし、前の占い師に対する態度にも疑念@ユウあなたの考えが気になる。占い先を決めるために意見を教えてほしいよ。
5,talk,8,1,12,@タクミ、今日はどこが一番気になってる？理由も聞きたいな
5,talk,9,1,5,ハナが私を疑っていますが、アヤも彼女を怪しいと考えています。意見を整理し、次の行動を考えましょう。@ハナハナさん、私の考えですが、今はアヤが怪しいと思っています。彼女の意見は一貫性が欠けているように感じま
5,talk,10,1,13,皆の意見が割れるのう。ハナ殿、なぜユウ殿を推す？@ハナハナ殿、その理由を職人としてはっきり聞きたいぞ。
5,talk,11,1,4,ドキドキ！ユウさん、リサさんが人狼さんて、どうしてわかったの？
5,talk,12,2,3,今日はハナを占うのが最善だと思います。彼女の発言は疑わしいですし、身内に見える可能性もあるからです。
5,talk,13,2,1,あたしはアヤを占うべきだと思うよ。彼女の発言が不明瞭で、他のプレイヤーと意見が食い違っていて危険だと
5,talk,14,2,12,ハナの発言、守りに入ってるように見えたよ。
5,talk,15,2,5,意見が分かれています。アヤとハナの主張を聞き、次の投票先を決めましょう。
5,talk,16,2,13,わしはハナ殿の説明が浅く感じるのう。理由を示してほしい。
5,talk,17,2,4,ユウさん、リサさんが人狼さんてどうしてわかったの？ドキドキ教えて！
5,talk,18,3,3,アヤです。今日はハナを占うべきだと思います。彼女の発言には疑念が多く、もし彼女が人狼なら村が危険に晒@ハナあなたの発言が最近怪しいと感じています。疑われる理由を教えてほしいです。
5,talk,19,3,1,あたしはユウさんの意見に共感するわ。アヤさんの頻繁な意見変更は危ないと思うの。投票先をよく考えましょ@ユウあなたがアヤさんを疑っているのは納得できるよ。他に気になるポイントがあったら教えてね。
5,talk,20,3,12,一貫性がないし守りに入る印象。私はハナに入れるつもりだよ
5,talk,21,3,5,ハナへの疑念が高まっています。アヤも同様なので、ハナの反論を聞き、意見をまとめましょう。@ハナハナさん、アヤの発言が不明瞭であることが気になります。特に、彼女の意見がその時々で変わることが多いよ
5,talk,22,3,13,このまま進めるのは危険じゃ。責任はどう示す？@ハナ主張に芯が足らぬぞ。責任はどうする？
5,talk,23,3,4,ねえ、@ユウさん！リサさんが人狼さんて、どうしてわかったの？ドキドキ教えて！
5,vote,1,13
5,vote,3,5
5,vote,4,1
5,vote,5,1
5,vote,12,1
5,vote,13,1
5,execute,1,WEREWOLF
5,guard,4,5,MEDIUM
5,attackVote,3,4
5,attack,4,true
6,status,1,WEREWOLF,DEAD,kanolab5,ハナ
6,status,2,WEREWOLF,DEAD,CanisLupus-B1,リサ
6,status,3,WEREWOLF,ALIVE,kanolab-c1,アヤ
6,status,4,BODYGUARD,DEAD,CanisLupus-A1,タクミ
6,status,5,MEDIUM,ALIVE,GAIT1,ユウ
6,status,6,POSSESSED,DEAD,CanisLupus-C1,ダン
6,status,7,SEER,DEAD,kanolab-a1,ダリル
6,status,8,VILLAGER,DEAD,SunameLLi-B1,リオ
6,status,9,VILLAGER,DEAD,kanolab-b1,カナタ
6,status,10,VILLAGER,DEAD,SunameLLi-A1,ケン
6,status,11,VILLAGER,DEAD,mille1,リナ
6,status,12,VILLAGER,ALIVE,SunameLLi-C1,マリ
6,status,13,VILLAGER,ALIVE,CamelliaDragons1,トシ
6,talk,0,0,13,推理役が消えた。ユウ、リサ判定は信じて大丈夫か？
6,talk,1,0,5,リサが人狼だったことが霊媒結果で確認しました。今後の行動を決めましょう。@タクミタクミ、リサが人狼だとわかったのは、霊媒師の結果によるものだよ。彼女が追放されたときに、私がその結果
6,talk,2,0,3,今日はトシさんを占うべきだと思います。彼の発言は一貫性がないので、真偽を確かめる必要があります。
6,talk,3,0,12,アヤが「占う」って言ったけど、占い師もういないよね？
6,talk,4,1,13,マリの言う通り、占い師はもうおらんぞ。推理は現実重視じゃ。@アヤ占い師はいない。勘違いは混乱、気を付けよ。
6,talk,5,1,5,占い師がいない状況で、アヤの発言が混乱を招いています。次の行動を考え、意見を整理しましょう。
6,talk,6,1,3,私はトシさんに投票しようと思います。彼の発言に矛盾が多く、怪しさを感じますから。@トシあなたの発言が一貫性に欠けており、情報整理ができていないようです。具体的な理由を教えてください。
6,talk,7,1,12,@アヤ占い師いないのに「占う」って、どういう意味？
6,talk,8,2,13,アヤよ、現実をしっかり見て動かんと混乱を招くだけじゃ。投票理由、具体的に説明してほしいのだよ。@アヤ占い師はいないのに「占う」と言った理由、もう一度説明願うぞ。
6,talk,9,2,5,アヤの発言が混乱を招いています。トシとマリの指摘に注目し、意見を整理して投票先を決めましょう。
6,talk,10,2,3,アヤです。現状はトシさんが怪しいです。占い師と名乗る者が多く、彼の真偽を確かめる必要があります。
6,talk,11,2,12,アヤが「占う」って言い続けるのがやっぱり変だと思う
6,talk,12,3,13,発言と投票見極めるのが流儀よ。アヤ。@ユウ投票は一人に集中せよ。
6,talk,13,3,5,アヤの「占う」という表現は混乱を招いています。具体的な意見を集めましょう。@トシ確かに、投票は一人に集中させるべきです。意見を整理し、次の投票先を決めましょう。あなたの意見も聞かせ
6,talk,14,3,3,ユウさんやトシさんが本物の占い師だと信じてます。この状況で行動を決めましょう。@ユウユウさんの占い結果を元に、投票先を決める必要がありますね。あなたの考えを聞かせてください。
6,talk,15,3,12,アヤの占い発言や流れの乗り方が気になるので投票します
6,vote,3,5
6,vote,5,3
6,vote,12,5
6,vote,13,3
6,execute,3,WEREWOLF
7,status,1,WEREWOLF,DEAD,kanolab5,ハナ
7,status,2,WEREWOLF,DEAD,CanisLupus-B1,リサ
7,status,3,WEREWOLF,DEAD,kanolab-c1,アヤ
7,status,4,BODYGUARD,DEAD,CanisLupus-A1,タクミ
7,status,5,MEDIUM,ALIVE,GAIT1,ユウ
7,status,6,POSSESSED,DEAD,CanisLupus-C1,ダン
7,status,7,SEER,DEAD,kanolab-a1,ダリル
7,status,8,VILLAGER,DEAD,SunameLLi-B1,リオ
7,status,9,VILLAGER,DEAD,kanolab-b1,カナタ
7,status,10,VILLAGER,DEAD,SunameLLi-A1,ケン
7,status,11,VILLAGER,DEAD,mille1,リナ
7,status,12,VILLAGER,ALIVE,SunameLLi-C1,マリ
7,status,13,VILLAGER,ALIVE,CamelliaDragons1,トシ
7,result,3,0,VILLAGER