0,status,1,POSSESSED,ALIVE,SunameLLi-B1,シズエ
0,status,2,SEER,ALIVE,SunameLLi-C1,サクラ
0,status,3,VILLAGER,ALIVE,CamelliaDragons1,トシオ
0,status,4,VILLAGER,ALIVE,kanolab-b1,メイ
0,status,5,VILLAGER,ALIVE,SunameLLi-A1,シオン
0,status,6,VILLAGER,ALIVE,CanisLupus-A1,シュンイチ
0,status,7,VILLAGER,ALIVE,kanolab-a1,ミナト
0,status,8,VILLAGER,ALIVE,kanolab5,アスカ
0,status,9,WEREWOLF,ALIVE,kanolab-c1,ミドリ
0,status,10,WEREWOLF,ALIVE,GAIT1,ミサキ
0,status,11,WEREWOLF,ALIVE,CanisLupus-C1,ヴィクトリア
0,status,12,BODYGUARD,ALIVE,CanisLupus-B1,リュウジ
0,status,13,MEDIUM,ALIVE,mille1,セルヴァス
0,whisper,0,0,11,戦略について確認したい偽装と襲撃
0,whisper,1,0,10,Over
0,whisper,2,0,9,ヴィクトリアさん、サクラは占い師の可能性が高いです。
0,whisper,3,1,11,偽装役の担当と襲撃方針を協議したい。
0,whisper,4,1,9,まず、サクラは占い師の可能性が高いです。
0,whisper,5,2,11,偽装役と襲撃対象を決めたい。
0,whisper,6,2,9,アスカは行動が慎重で怪しいですね。
0,whisper,7,3,11,騙り役と襲撃先を協議したい。
0,whisper,8,3,9,アスカは行動が慎重で怪しいですね。村人からの情報も少ないから、役職を持っていそうです。
0,talk,0,0,1,シズエと申します。年寄りですが、みなさんと楽しく過ごしたいです。
0,talk,1,0,5,シオンだ。目立つ気はないが、流れは見逃さないつもりだ。
0,talk,2,0,10,よろしく、シズエさん、シオンさん。楽しい時間を楽しみにしています。お互いに頑張りましょう。
0,talk,3,0,6,私はシュンイチ。思索と読書に時間を費やす。無駄話は不要だ。
0,talk,4,0,2,サクラだよ！へんなミスしないように、がんばるぞ～！
0,talk,5,0,12,私はリュウジだ。趣味は思索。…皆と共にこの遊戯を観測しよう。
0,talk,6,0,8,Over
0,talk,7,0,11,ヴィクトリアです。観察し判断します。
0,talk,8,0,9,Over
0,talk,9,0,3,トシオだ。目立つのは好まないが、無駄な対立は避けたい。冷静に情報を観察する。
0,talk,10,0,13,ぼくはセルヴァス、霊媒師ですよぅ！よろしくですよぅ！
0,talk,11,0,4,Over
0,talk,12,0,7,Over
0,talk,13,1,1,Over
0,talk,14,1,5,私なりのやり方がある。焦る気はないから安心してほしい。
0,talk,15,1,10,皆さん、よろしくお願いします。冷静に進めていきましょう。情報を観察し、判断します。
0,talk,16,1,6,Over
0,talk,17,1,2,何か面白いことが起きないかな～？サクラ探偵団、出動！
0,talk,18,1,12,Over
0,talk,19,1,11,Over
0,talk,20,1,3,セルヴァスが霊媒師COだ。対抗の有無と占い師のカミングアウトを待つ。
0,talk,21,1,13,Over
0,talk,22,2,5,Over
0,talk,23,2,10,サクラさん、探偵団の活躍を期待しています。冷静に進めましょう。
0,talk,24,2,2,Over
0,talk,25,2,3,占い師のカミングアウトが出ていない。この沈黙、気になる要素だ。誰か動くべきだろう。
0,talk,26,3,10,占い師のカミングアウトがないのは気になりますね。状況に注意しましょう。
0,talk,27,3,3,占い師が名乗り出ない理由を考えたい。潜伏か、偽が様子見しているのか。どちらも警戒すべきだ。
0,whisper,0,0,10,Over
0,whisper,1,0,11,戦略について。偽装役、襲撃、投票先を。
0,whisper,2,0,9,Over
0,whisper,3,1,11,戦略を。騙り役、襲撃、投票先決めたい。
0,whisper,4,2,11,戦略会議だ。騙り、襲撃先、投票先を決める
0,whisper,5,3,11,騙り役、襲撃先、そして今日の投票先。
0,divine,2,3,HUMAN
1,status,1,POSSESSED,ALIVE,SunameLLi-B1,シズエ
1,status,2,SEER,ALIVE,SunameLLi-C1,サクラ
1,status,3,VILLAGER,ALIVE,CamelliaDragons1,トシオ
1,status,4,VILLAGER,ALIVE,kanolab-b1,メイ
1,status,5,VILLAGER,ALIVE,SunameLLi-A1,シオン
1,status,6,VILLAGER,ALIVE,CanisLupus-A1,シュンイチ
1,status,7,VILLAGER,ALIVE,kanolab-a1,ミナト
1,status,8,VILLAGER,ALIVE,kanolab5,アスカ
1,status,9,WEREWOLF,ALIVE,kanolab-c1,ミドリ
1,status,10,WEREWOLF,ALIVE,GAIT1,ミサキ
1,status,11,WEREWOLF,ALIVE,CanisLupus-C1,ヴィクトリア
1,status,12,BODYGUARD,ALIVE,CanisLupus-B1,リュウジ
1,status,13,MEDIUM,ALIVE,mille1,セルヴァス
1,talk,0,0,7,僕も観察するよ！みんなの発言をよく聞こうね。
1,talk,1,0,6,占い師は自身の観測結果を共有すべきではないか？
1,talk,2,0,5,多弁や進行役に狼が紛れることもある。初日占い先は思い切って前に出ている者でいいと思う。
1,talk,3,0,1,皆さん、よく眠れましたか？落ち着いて進めましょうね
1,talk,4,0,2,発言いっぱいだと逆にドキドキしちゃうね。最初にリードする人、じっくり観察しよ～っと！
1,talk,5,0,10,皆さんの意見を聞くと、占い師の動きが気になりますね。今日は誰が怪しいか考えたいと思います。
1,talk,6,0,11,情報の開示を求めよう。占い師は速やかに結果を出せ。
1,talk,7,0,13,ぼくは霊媒師ですよぅ！
1,talk,8,0,3,占い師がまだ出ない理由が理解できない。結果報告を求める。
1,talk,9,0,9,皆さん、占い師が出ないのは不気味ですね。情報収集のため、早く名乗り出て欲しいです。
1,talk,10,0,4,早く占い師が名乗り出て、状況を整理するべきだね。
1,talk,11,0,12,占い師は観測結果を共有せよ。沈黙は不要だ。
1,talk,12,0,8,占い師は出ないと不安ですね。早く名乗るべきです。
1,talk,13,1,7,占い師が名乗り出ないのは危険だよ。投票先考えよう！@シオンシオンの意見に賛成だけど、占い師が気になるね。
1,talk,14,1,6,情報を引き出す。本日はグレーから選ぶべきだ。
1,talk,15,1,5,占い師のCOを急かす声が多いな…逆に怪しい気もする
1,talk,16,1,1,COをせかす声が多いけれど、急ぐ理由が気になるわ。
1,talk,17,1,2,私、占い師なんだ！トシオさんを占ったら人間だったよ
1,talk,18,1,10,サクラさんが占い師を名乗りましたね。他の意見も気になります。今日は慎重に投票を考えましょう。
1,talk,19,1,11,サクラのCOとトシオの判定、これを議論の出発点とする。
1,talk,20,1,13,ぼくの霊視では、サクラの霊が濃く霊媒師を指し、トシオを狙うですよぅ！
1,talk,21,1,3,サクラが占い師CO、私白。他に対抗は？慎重に発言を見る。
1,talk,22,1,9,サクラさんのCO、トシオさん白は重要ですね。逆にサクラさんが真占いなら、他が出るべきです。@ミサキ心配ないと思うけど、トシオさんの白が確定なら、次の進行をどうするか考えませんか？
1,talk,23,1,4,サクラの占い結果は重要だよ。どう思う？@トシオサクラの情報をもとに投票行動を考えるべきだね。
1,talk,24,1,12,情報の少ない段階では、不確定な個体から観測するのが理に適う。
1,talk,25,1,8,サクラの占い結果は重要ですね。詳細を聞きたいです。@サクラ他に占い師が出るべきだと思うけど、どう思う？
1,talk,26,2,7,意見も大事だけど、サクラが真なら対抗の動きが必要だよ。みんな、誰か占い師いるのかな？
1,talk,27,2,6,単独COの真偽は不明。情報が無い以上、残るはグレーからの選定か。
1,talk,28,2,5,発言が控えめな者にも光を当てるべきだろう
1,talk,29,2,1,COを急がせる流れは誰が得をするのか、考えましょう
1,talk,30,2,2,みんなの会話メモ中だよ♪発言控えめな人も要チェックかも？
1,talk,31,2,10,サクラさんのCOに対して皆さんの意見が活発ですね。占い結果をもとに、他の参加者の動きを見極めます。@ミドリミドリさん、トシオさんが白確定なら、次の進行は重要ですね。サクラさんの占い結果をもとに、他の参加者の
1,talk,32,2,11,情報は少ない。残る未確定要素へ投票すべきだ。
1,talk,33,2,13,ぼくは信じるぜですよぅ！
1,talk,34,2,3,サクラの単独COは不自然だ。他に対抗が出ない理由も不可解だ。冷静に進行を見極める必要がある。
1,talk,35,2,9,サクラさんのCOを受け、トシオさんが白確定なら他に占い師が出るべきです。この状況は注意が必要です。
1,talk,36,2,4,情報が多様化しているね。慎重な議論を続けよう！
1,talk,37,2,12,理に基づけば、未判別の個体を排除すべきだ。
1,talk,38,2,8,私の意見としては、サクラのCOは注視すべきですね。彼女が真なら他の占い師が名乗り出るべきです。
1,talk,39,3,7,今日の夜は占い師に、慎重にグレーから選んでほしいよ。特に発言の少ない人は気になるな。@シュンイチシュンイチの言う通り、未判別の個体を排除するのは賛成だよ。
1,talk,40,3,6,単独COへの投票は尚早。確定情報無く、グレーから選定を。
1,talk,41,3,5,進行を急ぎすぎる動きは危ない。ヴィクトリアに投票する
1,talk,42,3,1,COを急かす方は、村に混乱を生んでいる気がするの。投票は@リュウジさんにするわ。
1,talk,43,3,2,トシオは白だったよ！@ヴィクトリアに投票するね、発言が静かでちょっと心配。
1,talk,44,3,10,サクラさんの占い結果について議論中ですね。私も彼女を信じ、他の占い師の名乗り出を促すべきです。
1,talk,45,3,11,私の静観を投票根拠とするのは論理が不足している。
1,talk,46,3,13,Over
1,talk,47,3,3,サクラ単独COの真偽は依然不明だ。村の進行はグレー中心で進めるべきだろう。
1,talk,48,3,9,最近の発言から、サクラさんが占い師なのは重要ですね。彼女を信じつつ、他の占い師も出るべきです。@ミサキミサキさん、サクラさんの判定を知りたがるのは理解できますが、他の意見もじっくり考えましょう。
1,talk,49,3,4,情報が多様化して混乱してるね。どこを優先して議論すべきかな？@トシオトシオの冷静な視点は参考になるよ。意見をもっと聞きたいな！
1,talk,50,3,12,理に基づけば、未判別の個体を排除するのが妥当だ。
1,talk,51,3,8,サクラの占い結果をもとに進行を考えるべきですね。他の占い師が出るべきです。@シュンイチシュンイチの意見、確かに冷静ですね。ただ、サクラが真なら動きが必要と思います。あなたはどう考えますか
1,vote,1,12
1,vote,2,5
1,vote,3,11
1,vote,4,9
1,vote,5,2
1,vote,6,4
1,vote,7,11
1,vote,8,12
1,vote,9,3
1,vote,10,6
1,vote,11,8
1,vote,12,8
1,vote,13,2
1,execute,8,VILLAGER
1,divine,2,12,HUMAN
1,whisper,0,0,11,騙り役、襲撃対象、翌日投票先を決めよう。
1,whisper,1,0,9,ミサキさん、トシオは初動から怪しいですね。
1,whisper,2,0,10,Over
1,whisper,3,1,11,騙り役、襲撃対象、翌日投票先を決めよう。
1,whisper,4,1,9,サクラの占いCOは、彼女の行動がさりげなく信頼を得る狙いですね。
1,whisper,5,2,11,騙り役は誰か。襲撃先案と明日の投票方針を。
1,whisper,6,2,9,皆さん、サクラの占いが不自然に感じますね。
1,whisper,7,3,11,騙り役は誰か。襲撃先案と明日の投票方針を。
1,whisper,8,3,9,トシオはサクラの白確定を受けて、急に冷静ですね。
1,guard,12,2,SEER
1,attackVote,9,2
1,attackVote,10,3
1,attackVote,11,6
1,attack,6,true
2,status,1,POSSESSED,ALIVE,SunameLLi-B1,シズエ
2,status,2,SEER,ALIVE,SunameLLi-C1,サクラ
2,status,3,VILLAGER,ALIVE,CamelliaDragons1,トシオ
2,status,4,VILLAGER,ALIVE,kanolab-b1,メイ
2,status,5,VILLAGER,ALIVE,SunameLLi-A1,シオン
2,status,6,VILLAGER,DEAD,CanisLupus-A1,シュンイチ
2,status,7,VILLAGER,ALIVE,kanolab-a1,ミナト
2,status,8,VILLAGER,DEAD,kanolab5,アスカ
2,status,9,WEREWOLF,ALIVE,kanolab-c1,ミドリ
2,status,10,WEREWOLF,ALIVE,GAIT1,ミサキ
2,status,11,WEREWOLF,ALIVE,CanisLupus-C1,ヴィクトリア
2,status,12,BODYGUARD,ALIVE,CanisLupus-B1,リュウジ
2,status,13,MEDIUM,ALIVE,mille1,セルヴァス
2,talk,0,0,13,ぼくは霊媒師ですよぅ！ぼくの霊媒の結果、アスカは人間でしたよぅ！
2,talk,1,0,4,セルヴァスの霊媒師COは信頼に足る動きだね。みんな、サクラを見守ろう！
2,talk,2,0,5,アスカに票が集まった理由、納得できる説明が欲しいな
2,talk,3,0,2,リュウジ占ってみたら、人間だったよ！安心していいかも！
2,talk,4,0,9,占い師が次に占うべきは重要です。リュウジが人間だったので、次はグレー枠のシオンやミナトを考えるべきで
2,talk,5,0,3,アスカ白、リュウジ白。サクラ真固定はまだ早い。両者精査提案。
2,talk,6,0,12,霊媒は偽装濃厚。占い師の真偽を見極める。
2,talk,7,0,7,リュウジが霊媒を疑うのは分かるけど、サクラの結果も信じてみるべきだよ。みんなもどう思う？
2,talk,8,0,11,情報が出揃った。二つの結果、精査が必要だ。シュンイチを失った。冷静に判断しよう。
2,talk,9,0,1,セルヴァスの霊媒判定だけで安心はできないかしら？
2,talk,10,0,10,シュンイチさんの襲撃は痛手ですね。サクラさんの占い結果を分析しましょう。皆さん、どう思いますか？@ミドリミドリさん、確かにサクラさんの判定だけにこだわるのはよくないですね。みんなの意見をしっかり考慮しなが
2,talk,11,1,13,ミサキさん、分析を聞く前に皆さんの意見を聞かないのは問題ですよぅ！
2,talk,12,1,4,リュウジの霊媒疑惑は深刻だね。サクラの占い結果は信じられるのかな？@ミドリミドリさん、リュウジの疑念についてはどう思う？サクラを信じるべきか迷ってる。
2,talk,13,1,5,ミドリが安全圏ばかり指摘してるのが妙だな。意図は何だ？
2,talk,14,1,2,@シオン、今日ちょっと元気なさそう？何か気になることある？
2,talk,15,1,9,リュウジの霊媒疑惑、気になりますね。少しこちらも整理しましょう。@サクラサクラさん、リュウジの信頼度についてもう一度考えてみませんか？彼の意見は重要です。
2,talk,16,1,3,サクラ真占い師仮定で進むのは危険だ。両軸で精査する。
2,talk,17,1,12,シュンイチ氏の襲撃の意味を考察せねば。
2,talk,18,1,7,サクラの結果、トシオは人間だし、リュウジの疑惑は考え直してみてほしいよ。皆はどう思ってるか気になる！@シズエシズエはリュウジの霊媒疑惑をどう考えてるのかな？少し気になっているよ。
2,talk,19,1,11,@リュウジ その評価の根拠、明確に示せ。
2,talk,20,1,1,サクラさんもセルヴァスさんも、少し慎重に見ていきたいわ
2,talk,21,1,10,村人陣営の反応が様々ですね。シュンイチさんの襲撃についてリュウジさんが気になります。
2,talk,22,2,13,ミサキさんの発言を聞いたら、シュンイチさんの襲撃をしていたのは彼ですよぅ！
2,talk,23,2,4,サクラの占い結果とセルヴァスの霊媒CO、信じる方向で進みたいね。サクラにもう一人占ってほしい！
2,talk,24,2,5,サクラとセルヴァスを絶対視するのは危険だと思う
2,talk,25,2,2,@ヴィクトリアみんな見てるだけ？ヴィクトリアさんは誰が怪しいと思う？
2,talk,26,2,9,リュウジさんの発言、少し慎重さに欠けている気がします。キャラの言動、再評価しましょう。
2,talk,27,2,3,感情論は排除すべきだ。サクラとセルヴァス両軸の情報精査が妥当だろう。ミドリの進行誘導は観測対象。
2,talk,28,2,12,今日は霊媒師殿に焦点を定めるのが理に適う。
2,talk,29,2,7,サクラとセルヴァスの占い結果を基に考えると、リュウジの意見は少し不安定に感じるよ。特に霊媒師を疑うの
2,talk,30,2,11,@リュウジ その評価の根拠、明確に示せ。
2,talk,31,2,1,サクラさんの結果だけで決め付けたくないの。誰が真か、まだ見極めが必要ね。
2,talk,32,2,10,皆さんの意見が分かれていますね。シュンイチさんの襲撃について冷静に進めましょう。
2,talk,33,3,13,Over
2,talk,34,3,4,リュウジの霊媒疑惑、やっぱり気になるね。丁寧に反論しておくべきかな。@リュウジ霊媒師を疑う理由、具体的に教えてほしいな。どう思ってるのかな？
2,talk,35,3,5,ここまでの圧力発言、ヴィクトリアに投票する理由になる
2,talk,36,3,2,今日はヴィクトリアにいれるよ。明日はミドリ占うかも！
2,talk,37,3,9,サクラさん、占い結果について、私も賛成です。リュウジさんに注目すべきですね。@リュウジリュウジさん、霊媒師を疑う理由について、もう少し詳しく教えてもらえると助かります。
2,talk,38,3,3,両陣営の情報は偏ってる。サクラとセルヴァスはまだ怪しい。投票理由を必ず示そう。
2,talk,39,3,12,霊媒師殿の発言…能力とは関係ない。偽装と観測する。
2,talk,40,3,7,リュウジが霊媒を疑うのは、少し無理があるように思うよ。サクラの占い結果も信じるべきだし、彼の考えには@リュウジリュウジさん、霊媒師を疑う理由についてもう一度詳しく教えてほしいな。どう思ってるのかな？
2,talk,41,3,11,リュウジ、指摘に根拠が無い。それでは説得力に欠ける。
2,talk,42,3,1,決め手はないけれど、今はヴィクトリアさんに投票しますね。
2,talk,43,3,10,リュウジさんへの疑念が高まっています。サクラさんはヴィクトリアさんに投票意向です。他の意見も聞きたい
2,vote,1,11
2,vote,2,11
2,vote,3,12
2,vote,4,12
2,vote,5,11
2,vote,7,12
2,vote,9,12
2,vote,10,12
2,vote,11,12
2,vote,12,13
2,vote,13,11
2,execute,12,BODYGUARD
2,divine,2,7,HUMAN
2,whisper,0,0,10,Over
2,whisper,1,0,9,サクラの占い師COが強烈ですね。真贋見極めが急務です。
2,whisper,2,0,11,今日の投票先を決めたい。騙り役と次の襲撃候補案を。
2,whisper,3,1,9,サクラの判断は冷静ですが、リュウジの真贋が気になりますね。
2,whisper,4,1,11,戦略を決めたい。騙り、襲撃、投票先を。
2,whisper,5,2,9,ミナトはサクラの信頼を得ているので、注意が必要ですね。
2,whisper,6,2,11,騙り役、襲撃先、投票先を決めよう
2,whisper,7,3,9,リュウジさんの霊媒師COが少し気になりますね。
2,whisper,8,3,11,潜伏で良いか。襲撃先案と明日の投票先。
2,attackVote,9,1
2,attackVote,10,3
2,attackVote,11,7
2,attack,1,true
3,status,1,POSSESSED,DEAD,SunameLLi-B1,シズエ
3,status,2,SEER,ALIVE,SunameLLi-C1,サクラ
3,status,3,VILLAGER,ALIVE,CamelliaDragons1,トシオ
3,status,4,VILLAGER,ALIVE,kanolab-b1,メイ
3,status,5,VILLAGER,ALIVE,SunameLLi-A1,シオン
3,status,6,VILLAGER,DEAD,CanisLupus-A1,シュンイチ
3,status,7,VILLAGER,ALIVE,kanolab-a1,ミナト
3,status,8,VILLAGER,DEAD,kanolab5,アスカ
3,status,9,WEREWOLF,ALIVE,kanolab-c1,ミドリ
3,status,10,WEREWOLF,ALIVE,GAIT1,ミサキ
3,status,11,WEREWOLF,ALIVE,CanisLupus-C1,ヴィクトリア
3,status,12,BODYGUARD,DEAD,CanisLupus-B1,リュウジ
3,status,13,MEDIUM,ALIVE,mille1,セルヴァス
3,talk,0,0,9,今日はサクラさんの占い結果が重要です。冷静に検討し、進めましょう。
3,talk,1,0,2,ミナトさん、朝イチ爽やかだったね！私の予想では安心グループかな
3,talk,2,0,13,ぼくは霊媒師ですよぅ！ぼくの霊媒の結果、リュウジは人間でしたよぅ！
3,talk,3,0,5,@ミナト、昨日なぜその投票先を選んだ？理由を聞く
3,talk,4,0,4,みんな、リュウジが退場した今、状況はさらに複雑だね。サクラ、あなたの次の占い先は重要だよ。
3,talk,5,0,3,サクラの占い先と理由を明確に聞きたい。情報整理が必要だ。@サクラサクラ、占い先とその根拠を簡潔に示せ。
3,talk,6,0,10,リュウジさんの追放で状況が変わりましたね。サクラさんの占い結果についてどう進めますか？
3,talk,7,0,11,判定結果が出た。これらを基に精査すべきだ。
3,talk,8,0,7,僕はサクラの占い結果を信じているよ。次は誰を占うのか動向が気になるな。
3,talk,9,1,9,今日の投票は慎重に選びましょう。サクラさんの占い先が重要ですね。@サクラ占いの結果をどう考えていますか？次の占い先は誰になりますか？
3,talk,10,1,2,ミナト占ったら人間だったよ！今日はちょっと安心した気分
3,talk,11,1,13,サクラ、あなたは信用できないですよぅ！
3,talk,12,1,5,サクラの占い先、毎回無難すぎないか？次も白狙いか？
3,talk,13,1,4,サクラの占い結果が続いているのが気になるね。次候補も考えた方がいいよ。@サクラ占い先の選択、ちょっと慎重になってる感じがするよ。根拠を詳しく教えて！
3,talk,14,1,3,サクラ、同じく根拠が薄いと感じる。真なら黒狙いも必要だろう。@サクラサクラ、同じく根拠が薄いと感じる。真なら黒狙いも必要だろう。
3,talk,15,1,10,サクラさんの占い結果に疑念があります。次の占い先が気になります。皆さんはどう思いますか？
3,talk,16,1,11,確定情報から論理的に判断を進めろ。
3,talk,17,1,7,今日はサクラの占い先を見極めるのが重要だね。ミドリも怪しまれてる？ちょっと心配だな。@サクラサクラ、明日の占い先について考えを教えてほしいよ。次は誰を占うのかな？
3,talk,18,2,9,サクラさん、次の占い先は慎重に考えましょうね。白狙いだと情報が少なくなりますし、黒も視野に入れてほし
3,talk,19,2,2,今日はミドリさんを注目しちゃうかも。発言がふわっとしてる気がするよ！
3,talk,20,2,13,ミドリさんは昔はいい霊媒師だったけど今は危ないですよぅ！
3,talk,21,2,5,白続きの占い…本気なら次は黒狙いで動いてほしいな。
3,talk,22,2,4,サクラ、次の占い対象は慎重に選んでね。ここは重要だよ。@サクラ占い先が決まったら理由も教えてほしいな。次も白狙いだけじゃ不安だよ。
3,talk,23,2,3,議論が白狙いばかりで展開が鈍い。黒狙いの占いが不可欠だ。
3,talk,24,2,10,サクラさんがミドリさんを占う考えを示しましたが、皆さんの反応が気になります。
3,talk,25,2,11,判定結果に基づき、論理的な絞り込みを。
3,talk,26,2,7,サクラの占い先は慎重に考える必要があるよ。ミドリも黒の可能性を考慮してほしいな。
3,talk,27,3,9,サクラさん、次の占い対象はいかがですか？慎重に決めてもらえると安心です。@サクラ次も白狙いだと情報が乏しくなるかもしれません。理由を教えてくださいね。
3,talk,28,3,2,明日はミドリを占うね。今日はセルヴァスに投票するよ、進行の動きが少し変だったから。
3,talk,29,3,13,Over
3,talk,30,3,5,ミドリは白に紛れたい人狼に見える。自分はミドリに投票する
3,talk,31,3,4,最近の状況、特にサクラの占いが気になるね。ミドリが怪しい印象、理由を説明してくれる？進行のためにも大
3,talk,32,3,3,ミドリは曖昧で流れに便乗しがち。投票予定。@ミドリ曖昧で流れに便乗。精査が必要。
3,talk,33,3,10,サクラさんがミドリさんを占うようですが、疑念が高まっていますね。意見を聞かせてください。
3,talk,34,3,11,判定結果と犠牲が出ている。情報に基づき判断せよ。
3,talk,35,3,7,サクラの占いが不安な状況なので、次は黒狙いが必要だよね。皆で情報を精査しよう。@ミドリミドリはサクラの占い先について、理由を詳しく教えてほしいよ。どう思ってるのかな？
3,vote,2,9
3,vote,3,9
3,vote,4,2
3,vote,5,9
3,vote,7,3
3,vote,9,3
3,vote,10,2
3,vote,11,5
3,vote,13,9
3,execute,9,WEREWOLF
3,divine,2,4,HUMAN
3,whisper,0,0,10,Over
3,whisper,1,0,11,私の今日の投票先はシオン。騙り、襲撃について。
3,whisper,2,1,11,襲撃先、メイを提案する。意見を聞かせてくれ。
3,whisper,3,2,11,メイを襲撃する。同意を。明日はシオンへ投票予定だ。
3,whisper,4,3,11,襲撃対象はメイ。明日の投票先はシオンだ。
3,attackVote,10,4
3,attackVote,11,4
3,attack,4,true
4,status,1,POSSESSED,DEAD,SunameLLi-B1,シズエ
4,status,2,SEER,ALIVE,SunameLLi-C1,サクラ
4,status,3,VILLAGER,ALIVE,CamelliaDragons1,トシオ
4,status,4,VILLAGER,DEAD,kanolab-b1,メイ
4,status,5,VILLAGER,ALIVE,SunameLLi-A1,シオン
4,status,6,VILLAGER,DEAD,CanisLupus-A1,シュンイチ
4,status,7,VILLAGER,ALIVE,kanolab-a1,ミナト
4,status,8,VILLAGER,DEAD,kanolab5,アスカ
4,status,9,WEREWOLF,DEAD,kanolab-c1,ミドリ
4,status,10,WEREWOLF,ALIVE,GAIT1,ミサキ
4,status,11,WEREWOLF,ALIVE,CanisLupus-C1,ヴィクトリア
4,status,12,BODYGUARD,DEAD,CanisLupus-B1,リュウジ
4,status,13,MEDIUM,ALIVE,mille1,セルヴァス
4,talk,0,0,13,ぼくは霊媒師ですよぅ！ぼくの霊媒の結果、ミドリは人狼でしたよぅ！
4,talk,1,0,11,セルヴァスはミドリを人狼と見た。これが何を意味するか議論が必要だ。
4,talk,2,0,2,私の占った人たちは平和そう…だから他の人を観察中！
4,talk,3,0,3,セルヴァス黒は展開に大影響。皆、サクラ真決め打ち危険。冷静に選べ。
4,talk,4,0,5,セルヴァス真なら残り2だけど、決め打ちはまだ早い
4,talk,5,0,10,ミドリさんの追放とメイさんの襲撃で状況が変わりました。セルヴァスさんの霊媒結果は重要です。どう思いま
4,talk,6,0,7,これからの進行は慎重に行いたいね。サクラの結果を信じ続けるべきだよ。
4,talk,7,1,13,ミナトの意見には賛成するよですよぅ！
4,talk,8,1,11,@シオン なぜ私を疑った。根拠を明示せよ。
4,talk,9,1,2,ヴィクトリアの今朝の話し方、ちょっぴりかためかもって思った！
4,talk,10,1,3,現状、セルヴァスの判定だけで判断は危険だ。襲撃筋も合わせて、両視点分岐を整理する。
4,talk,11,1,5,セルヴァス、昨日のミドリ黒判定、具体的にどう見てた？
4,talk,12,1,10,村人陣営の反応が気になります。特にセルヴァスさんの霊媒結果について、皆さんの意見は？
4,talk,13,1,7,サクラは占い結果をもとに行動すべきだよ。観察が必要だね。@セルヴァスセルヴァス、霊媒結果をもう一度詳しく教えてほしい。ミドリの疑惑はどう見てた？
4,talk,14,2,13,ミドリさん、今までの行動についてもう一度考えてみてくださいですよぅ！
4,talk,15,2,11,@シオン 過去の投票理由を示せ。なぜ黙秘する。
4,talk,16,2,2,今日のワクワク観察ターゲットはヴィクトリアさんにしてみよっかな
4,talk,17,2,3,グレー精査推奨。飛びつきや安易な真視は危険。根拠示せ。
4,talk,18,2,5,ミナトとミサキは他人に乗りすぎじゃないか？自分の考えが見えない
4,talk,19,2,10,村人の議論が活発ですね。サクラさんがヴィクトリアさんに注目していますが、他の皆さんはどう思いますか？
4,talk,20,2,7,ここまでの流れを考えると、セルヴァスは真霊媒師として注目だね。でも、サクラの占い結果も大事にしたいな
4,talk,21,3,13,Over
4,talk,22,3,11,シオンの沈黙は怪しい。他にも注視すべき者はいる。
4,talk,23,3,2,ヴィクトリアの言葉、最初からちょっと固い気がするんだよね。今日も投票しちゃうよ！
4,talk,24,3,3,ヴィクトリアに偏りすぎ。理由を明確にして投票しよう。
4,talk,25,3,5,ミサキは誰かに乗りすぎだ。自分の考えが見えないから投票する
4,talk,26,3,10,状況が混沌としてきましたね。サクラさんがヴィクトリアさんに投票する意向ですが、他の意見は？
4,talk,27,3,7,今の状況を整理すると、サクラは信じるべきだと思うよ。ヴィクトリアがちょっと固い発言が気になるな。@ヴィクトリアヴィクトリアの考え方について、もう一度詳しく教えてほしい。どう思うかな？
4,vote,2,11
4,vote,3,11
4,vote,5,11
4,vote,7,13
4,vote,10,5
4,vote,11,5
4,vote,13,5
4,execute,11,WEREWOLF
4,divine,2,10,WEREWOLF
4,attackVote,10,13
4,attack,13,true
5,status,1,POSSESSED,DEAD,SunameLLi-B1,シズエ
5,status,2,SEER,ALIVE,SunameLLi-C1,サクラ
5,status,3,VILLAGER,ALIVE,CamelliaDragons1,トシオ
5,status,4,VILLAGER,DEAD,kanolab-b1,メイ
5,status,5,VILLAGER,ALIVE,SunameLLi-A1,シオン
5,status,6,VILLAGER,DEAD,CanisLupus-A1,シュンイチ
5,status,7,VILLAGER,ALIVE,kanolab-a1,ミナト
5,status,8,VILLAGER,DEAD,kanolab5,アスカ
5,status,9,WEREWOLF,DEAD,kanolab-c1,ミドリ
5,status,10,WEREWOLF,ALIVE,GAIT1,ミサキ
5,status,11,WEREWOLF,DEAD,CanisLupus-C1,ヴィクトリア
5,status,12,BODYGUARD,DEAD,CanisLupus-B1,リュウジ
5,status,13,MEDIUM,DEAD,mille1,セルヴァス
5,talk,0,0,7,今の状況、だいぶ厳しくなってきたね。サクラの判断が重要だと思うよ。彼女を信用するのがいいね。
5,talk,1,0,2,今朝ミサキ占いで人狼だった！@トシオと@ミナトにも見てほしい！
5,talk,2,0,10,サクラさんが私を人狼と占った結果を発表しました。皆さんの意見は？
5,talk,3,0,3,霊媒が消えた今、占い結果は鵜呑みできない。発言を再確認しよう。
5,talk,4,0,5,サクラ真ならミサキ吊り一択だが、都合がよすぎないか
5,talk,5,1,7,サクラがミサキを人狼と見抜いたのはすごいね！これで疑念を整理できるよ。サクラの言葉を信じよう。@トシオトシオの言う通り、慎重な議論を続けることが大事だと思うよ。サクラについてはどう思う？
5,talk,6,1,2,サクラの予想大当たり！ミサキさんは今朝の占いで人狼判定。ここは吊りたい！
5,talk,7,1,10,状況が厳しいですね。サクラさんの主張が強いですが、皆さんの意見は？私が人狼とされることについてどう思
5,talk,8,1,3,占い黒判定は決定打とならない。ミサキの過去発言と投票傾向を見直して冷静に判断する必要がある。
5,talk,9,1,5,ミナトはサクラを信じ切ってるけど、理由が単純すぎないか？
5,talk,10,2,7,今の状況ではサクラの占い結果を信じるべきだと思うよ。ミサキは投票による疑念も高いね。
5,talk,11,2,2,明日もし生きてたら、次はシオンを占ってみたいな！
5,talk,12,2,10,冷静に状況を分析しましょう。サクラさんの意見について皆さんはどう思いますか？
5,talk,13,2,3,サクラ黒確だけ即断危険。発言や投票、票操作も見直そう。
5,talk,14,2,5,@ミナト、サクラを強く信じる理由を詳しく教えてくれ
5,talk,15,3,7,サクラの結果でミサキが人狼というのは重要だね。みんな、次はどう行動する？@トシオトシオはミサキの行動が黒に見えるかどうか、どう考えてる？意見を教えてほしいよ。
5,talk,16,3,2,占いの力でミサキに投票！今日こそ村を守るぞ～！
5,talk,17,3,10,今日はサクラさんが私に投票する考えを示しましたね。他の皆さんはこの状況についてどう考えていますか？
5,talk,18,3,3,ミサキは発言が一貫だが防御的で黒要素が増えてる。@ミナトサクラ盲信は危険。決め打ちは狼の思う壺だ。
5,talk,19,3,5,サクラの黒判定は都合よく感じるが、今はミサキ吊りで行く
5,vote,2,10
5,vote,3,10
5,vote,5,7
5,vote,7,10
5,vote,10,7
5,execute,10,WEREWOLF
6,status,1,POSSESSED,DEAD,SunameLLi-B1,シズエ
6,status,2,SEER,ALIVE,SunameLLi-C1,サクラ
6,status,3,VILLAGER,ALIVE,CamelliaDragons1,トシオ
6,status,4,VILLAGER,DEAD,kanolab-b1,メイ
6,status,5,VILLAGER,ALIVE,SunameLLi-A1,シオン
6,status,6,VILLAGER,DEAD,CanisLupus-A1,シュンイチ
6,status,7,VILLAGER,ALIVE,kanolab-a1,ミナト
6,status,8,VILLAGER,DEAD,kanolab5,アスカ
6,status,9,WEREWOLF,DEAD,kanolab-c1,ミドリ
6,status,10,WEREWOLF,DEAD,GAIT1,ミサキ
6,status,11,WEREWOLF,DEAD,CanisLupus-C1,ヴィクトリア
6,status,12,BODYGUARD,DEAD,CanisLupus-B1,リュウジ
6,status,13,MEDIUM,DEAD,mille1,セルヴァス
6,result,4,0,VILLAGER