0,status,1,MEDIUM,ALIVE,SunameLLi-A1,ハンス
0,status,2,POSSESSED,ALIVE,CanisLupus-A1,リョウ
0,status,3,SEER,ALIVE,GAIT1,アラン
0,status,4,VILLAGER,ALIVE,CamelliaDragons1,アルト
0,status,5,VILLAGER,ALIVE,kanolab-c1,アリス
0,status,6,VILLAGER,ALIVE,kanolab-b1,ユイ
0,status,7,VILLAGER,ALIVE,CanisLupus-B1,ユウ
0,status,8,VILLAGER,ALIVE,SunameLLi-B1,ケン
0,status,9,VILLAGER,ALIVE,kanolab-a1,リナ
0,status,10,WEREWOLF,ALIVE,mille1,アヤ
0,status,11,WEREWOLF,ALIVE,kanolab1,リリ
0,status,12,WEREWOLF,ALIVE,CanisLupus-C1,タケル
0,status,13,BODYGUARD,ALIVE,SunameLLi-C1,ダン
0,whisper,0,0,10,ぼくはアヤ、人狼ですよぅ！霊媒師のふりをしますよぅ！よろしくですよぅ！
0,whisper,1,0,11,アヤちゃん、本当に霊媒師なの？それ怪しいかもだよ！@アヤ私も本物の村人だよ！一緒に頑張ろう！
0,whisper,2,0,12,Skip
0,whisper,3,1,10,Over
0,whisper,4,1,11,あれ？アヤちゃんの発言、ちょっと変だよ！本当に霊媒師なのかな？みんな注意してみてね！
0,whisper,5,1,12,<ここにアクション対象のプレイヤー名(例: 「タクミ」)または発言内容（例: 「今日はグレランをしよ
0,whisper,6,2,11,みんな、アヤちゃんが人狼って言ってるけど、恐ろしい展開だよね？
0,whisper,7,2,12,<ここにアクション対象のプレイヤー名(例: 「タクミ」)または発言内容（例: 「今日はグレランをしよ
0,whisper,8,3,11,みんな、アヤちゃんが人狼って言っててちょっと混乱してるね！あの子から目を離さない方が良いかもだよ！
0,whisper,9,3,12,<ここにアクション対象のプレイヤー名(例: 「タクミ」)または発言内容（例: 「今日はグレランをしよ
0,talk,0,0,4,みんなよろしくね！自己紹介とかキャラ設定とか、聞いてみたいな〜誰から話す？
0,talk,1,0,8,ケンです。みんなと話すの楽しみにしてたんだ！
0,talk,2,0,10,ぼくはアヤ、霊媒師ですよぅ！よろしくですよぅ！
0,talk,3,0,9,Over
0,talk,4,0,7,ユウだよ！みんなよろしくな！冒険が大好きだ！
0,talk,5,0,6,Over
0,talk,6,0,3,アランです！よろしく！オシャレに気を使ってるよ。みんなも自己紹介してね！
0,talk,7,0,12,Skip
0,talk,8,0,2,リョウだ。趣味は鍛錬と、少しだけ調べ物だ。
0,talk,9,0,11,Over
0,talk,10,0,1,わしはハンス。見抜く力なら誰にも負けんつもりだ。
0,talk,11,0,13,ダンです。小さな違和感も見逃さない覚悟で臨む
0,talk,12,0,5,Over
0,talk,13,1,4,自己紹介盛り上がってるね！みんなのキャラもっと知りたいな！
0,talk,14,1,8,Over
0,talk,15,1,10,Over
0,talk,16,1,7,Over
0,talk,17,1,3,アランだよ！みんなのキャラ設定を聞くのが楽しみだね。どんな特技や趣味があるのかな？もっと教えて！
0,talk,18,1,12,<ここにアクション対象のプレイヤー名(例: 「タクミ」)または発言内容（例: 「今日はグレランをしよ
0,talk,19,1,2,Over
0,talk,20,1,1,Over
0,talk,21,1,13,表情や言葉の揺らぎも手掛かりになるはずだ
0,talk,22,2,4,リリさんとアリスさん、まだ分からないこと多いね。特技や面白話知りたいな！
0,talk,23,2,3,アランだよ！リリさんとアリスさんの特技や面白い話、ぜひ聞かせてほしいな！みんなで盛り上がろう！
0,talk,24,2,12,タケルと申す。古きものや物語に心を惹かれる。
0,talk,25,2,13,Over
0,talk,26,3,4,リリさん、アリスさん〜！趣味とか好きな食べ物とかある？気軽に教えてほしいな〜みんなで仲良くしたいし！
0,talk,27,3,3,アランだよ！タケルさん、古い物語が好きなんだね。リリさんやアリスさんの趣味も聞きたいな！
0,talk,28,3,12,<ここにアクション対象のプレイヤー名(例: 「タクミ」)または発言内容（例: 「今日はグレランをしよ
0,whisper,0,0,12,<ここにアクション対象のプレイヤー名(例: 「タクミ」)または発言内容（例: 「今日はグレランをしよ
0,whisper,1,0,11,Over
0,whisper,2,0,10,Over
0,whisper,3,1,12,<ここにアクション対象のプレイヤー名(例: 「タクミ」)または発言内容（例: 「今日はグレランをしよ
0,whisper,4,2,12,<ここにアクション対象のプレイヤー名(例: 「タクミ」)または発言内容（例: 「今日はグレランをしよ
0,whisper,5,3,12,<ここにアクション対象のプレイヤー名(例: 「タクミ」)または発言内容（例: 「今日はグレランをしよ
0,divine,3,10,WEREWOLF
1,status,1,MEDIUM,ALIVE,SunameLLi-A1,ハンス
1,status,2,POSSESSED,ALIVE,CanisLupus-A1,リョウ
1,status,3,SEER,ALIVE,GAIT1,アラン
1,status,4,VILLAGER,ALIVE,CamelliaDragons1,アルト
1,status,5,VILLAGER,ALIVE,kanolab-c1,アリス
1,status,6,VILLAGER,ALIVE,kanolab-b1,ユイ
1,status,7,VILLAGER,ALIVE,CanisLupus-B1,ユウ
1,status,8,VILLAGER,ALIVE,SunameLLi-B1,ケン
1,status,9,VILLAGER,ALIVE,kanolab-a1,リナ
1,status,10,WEREWOLF,ALIVE,mille1,アヤ
1,status,11,WEREWOLF,ALIVE,kanolab1,リリ
1,status,12,WEREWOLF,ALIVE,CanisLupus-C1,タケル
1,status,13,BODYGUARD,ALIVE,SunameLLi-C1,ダン
1,talk,0,0,10,おはようですよぅ！今日はどうしましょうよぅ？
1,talk,1,0,4,おはようアヤ！まずは占いCO、霊媒COが他にいないか整理したいね。
1,talk,2,0,11,占い師や霊媒師のCOが気になるよ！みんな意見を聞かせて！
1,talk,3,0,5,アヤが霊媒師であるなら、信頼できる情報源ね…わ。
1,talk,4,0,1,この村は静かな奴ほど怪しい。@ユイ、黙ってどうした？
1,talk,5,0,8,僕は推理で勝ちたい！占い師のCOも聞いてみたいよ
1,talk,6,0,3,アヤさん、おはよう！意見を出し合いましょう。アルトさん、霊媒師のCOは？リリさん、怪しい動きは？
1,talk,7,0,13,一貫性や思考の流れを重視して質問していきたい
1,talk,8,0,9,私も意見を出したいわ。信頼できる情報を大事にしたいわね。
1,talk,9,0,2,昨夜、ユイを占った。…人間だった。
1,talk,10,0,12,<ここにアクション対象のプレイヤー名(例: 「タクミ」)または発言内容（例: 「今日はグレランをしよ
1,talk,11,0,6,あたしもみんなの意見を聞きたいな！信頼関係が大事だよね〜
1,talk,12,0,7,アヤさん霊媒！リョウさん占い師！他の役職さんも力を貸してくれ！この冒険をクリアするぞ！
1,talk,13,1,10,役職さんたち、リョウさんを傷つけたいんですけど、今はそんなことより大事なことがありますよぅ！
1,talk,14,1,4,リョウが占いCOしたね！他に占いCOいる人いないかな？グレーに注目しつつ進めたいんだ。
1,talk,15,1,11,ユウさんは頼もしいね！でも、リョウさんが占いCOしたのが気になるよ。@ユウリョウさんが占い師だって本当かな？
1,talk,16,1,5,グレーの中からリリの様子が気になるわ…結果を見てから考えます。@リリ考えを整理してみたらどうかしら？皆の意見も必要ね。
1,talk,17,1,1,晩飯選びも慎重だが、今日はグレー吊りが無難に思えるぞ
1,talk,18,1,8,みんなグレーに注目って言うけど、誰が気になる？
1,talk,19,1,3,アヤさんの発言が気になります。リョウさんを傷つけたい理由は何ですか？皆さんはどう思いますか？
1,talk,20,1,13,@アリス、昨日の票の動き、少し気になる。理由は？
1,talk,21,1,9,私は今、アヤさんの発言が気になるわ。少し疑わしいわね。@アヤその発言の意図を教えて欲しいわ。どう思う？
1,talk,22,1,2,アヤの『傷つけたい』…何を示す？その言葉は真を曇らせる。
1,talk,23,1,12,<ここにアクション対象のプレイヤー名(例: 「タクミ」)または発言内容（例: 「今日はグレランをしよ
1,talk,24,1,6,みんなの意見を聞いて、考えを整理したいな〜@アヤアヤさん、発言の意図をもうちょっと詳しく教えてほしいな！
1,talk,25,1,7,占い師と霊媒師が出たけど、狂人や人狼もいるかもな！
1,talk,26,2,10,あなたの言葉を信じるよ、ユウさんですよぅ！
1,talk,27,2,4,グレー多いし、寡黙な人もまだいるね。ユイさん、今日は誰が怪しいと思う？雑談でもOKだよ！@ユイNone
1,talk,28,2,11,今日は皆さんにグレー吊りを提案したいよ！なぜなら、まだ怪しい人が多くいるからだよ！
1,talk,29,2,5,今日は占い師の方には、リナさんを占ってほしいわ。疑わしい発言が気になるの…わ。
1,talk,30,2,1,人は口数で本性が見える。@ケン、@アルト、何を考えとる？
1,talk,31,2,8,リナとアルトはまだあまり喋ってないよね？二人の意見聞きたい
1,talk,32,2,3,アヤさん、リョウさんを傷つける理由は何ですか？そのメリットを教えてください。
1,talk,33,2,13,グレー位置の発言、表面的すぎる気がする。真意を見極めたい
1,talk,34,2,9,今日はみんなの意見が気になるわ。リュウ以外の意見も聞いてみたいわね。
1,talk,35,2,2,アヤは私を傷つけたいと言った。なぜだ？
1,talk,36,2,12,<ここにアクション対象のプレイヤー名(例: 「タクミ」)または発言内容（例: 「今日はグレランをしよ
1,talk,37,2,6,アヤさんの発言が気になるよ。他にも意見を出してほしいな〜
1,talk,38,2,7,アヤさんがリョウさんを…なんでだろ？人狼が混乱させてる？
1,talk,39,3,10,Over
1,talk,40,3,4,質問ありがとう！今はアヤが一番気になるかな。@ハンス質問ありがとう！今はアヤが一番気になるかな。
1,talk,41,3,11,今日はリョウさんが占い師のようだね！リナさんを占うのがいいと思うよ。彼女の発言が疑わしいから、結果が@リョウリョウさん、占い先はリナさんでどうかな？疑問点を解決したいよ！
1,talk,42,3,5,アヤの意図が気になるわ…強い発言が多いのは村側とは思えない…わ。@アヤ私たちの発言が混乱を招かないように、もう一度説明してもらえない？
1,talk,43,3,1,@タケル、君の発言は薄いぞ。今夜は君に投票する、次はもっと中身を見せろ
1,talk,44,3,8,情報集めのために、今日はタケルさんに投票するよ。発言が少なくて判断が難しいんだ。
1,talk,45,3,3,アヤさん、あなたの発言が村人に与える影響は？リョウさんを傷つける理由を詳しく教えてください。
1,talk,46,3,13,タケルに投票する。発言が控えめすぎて状況が読めない。
1,talk,47,3,9,今日は流れを整理したいわ。グレーにはまだ意見が少ない人も多いわね。@リョウあなたが占い師であれば、今日の占い対象をぜひ教えてほしいわ。特に気になる人がいれば教えてね。
1,talk,48,3,2,アヤよ、貴様の発言は混乱を招く。真意を述べよ。
1,talk,49,3,12,<ここにアクション対象のプレイヤー名(例: 「タクミ」)または発言内容（例: 「今日はグレランをしよ
1,talk,50,3,6,あたしはアヤさんの発言が気になるよね。何を考えてるのかな〜？@アヤアヤさん、リョウさんを傷つける理由って何なの？もう少し詳しく教えてほしいな！
1,talk,51,3,7,アヤさんの言う『傷つけたい』って、どういうことだろ？冒険のピンチか？
1,vote,1,12
1,vote,2,12
1,vote,3,10
1,vote,4,10
1,vote,5,10
1,vote,6,10
1,vote,7,12
1,vote,8,12
1,vote,9,12
1,vote,10,8
1,vote,11,2
1,vote,12,2
1,vote,13,12
1,execute,12,WEREWOLF
1,divine,3,6,HUMAN
1,whisper,0,0,11,みんな、リョウが占い師なら真実を信じるべきだよ！
1,whisper,1,0,10,信じるかは個人の自由だけど、占い師を信じるのは合理的だねですよぅ！
1,whisper,2,1,11,アヤちゃん、占い師への疑念を広めるのは危険だよね？
1,whisper,3,1,10,リリ、占い師っていうのはなんだか怪しいよね？ですよぅ！
1,whisper,4,2,11,アヤちゃんが霊媒師とか言ってるけど、気を付けた方がいいよ！
1,whisper,5,2,10,そうかもねですよぅ！
1,whisper,6,3,11,ダンさん、占い師リョウの情報を重視するべきだよ！
1,whisper,7,3,10,Over
1,guard,13,2,POSSESSED
1,attackVote,10,13
1,attackVote,11,10
1,attack,13,true
2,status,1,MEDIUM,ALIVE,SunameLLi-A1,ハンス
2,status,2,POSSESSED,ALIVE,CanisLupus-A1,リョウ
2,status,3,SEER,ALIVE,GAIT1,アラン
2,status,4,VILLAGER,ALIVE,CamelliaDragons1,アルト
2,status,5,VILLAGER,ALIVE,kanolab-c1,アリス
2,status,6,VILLAGER,ALIVE,kanolab-b1,ユイ
2,status,7,VILLAGER,ALIVE,CanisLupus-B1,ユウ
2,status,8,VILLAGER,ALIVE,SunameLLi-B1,ケン
2,status,9,VILLAGER,ALIVE,kanolab-a1,リナ
2,status,10,WEREWOLF,ALIVE,mille1,アヤ
2,status,11,WEREWOLF,ALIVE,kanolab1,リリ
2,status,12,WEREWOLF,DEAD,CanisLupus-C1,タケル
2,status,13,BODYGUARD,DEAD,SunameLLi-C1,ダン
2,talk,0,0,6,あたしは今、リョウ君の意見に賛同してるよ。リナちゃんの占い先、気になるよね〜。
2,talk,1,0,5,占い師のリョウさん、次はアヤを占ってみては？彼女の発言が気になるから、真意を知りたいわ。
2,talk,2,0,3,皆さん、ユイさんは「人間」でした。信頼できます。アヤさんについてどう思いますか？
2,talk,3,0,9,私はアヤに注目してるわ。彼女の発言は混乱を招いているし、真意が掴めないの。皆はどう思う？
2,talk,4,0,10,ぼくは霊媒師ですよぅ！ぼくの霊媒の結果、タケルは人間でしたよぅ！
2,talk,5,0,2,昨夜、リナを占った。…人間だった。
2,talk,6,0,11,アヤさんの霊媒結果、信じていいのかな？タケルさんが人間とは嬉しいけど、アヤさんの発言が不安だよ！
2,talk,7,0,4,ダンがやられたのは痛いね。リナもアヤもしっかり疑われてるし、今日の噛み付きポイントはそこなのかもね。
2,talk,8,0,1,村のために言うが、私は霊媒師だ。タケルは人狼だった
2,talk,9,0,7,アヤさんとハンスさん…どっちが本物だ？困ったな！
2,talk,10,0,8,@リナ、急にアヤの信頼落としたのは何か理由ある？
2,talk,11,1,6,アヤさん、ハンスさんの発言をどう思う？どちらの霊媒師が信頼できそうかな？@アヤあたしはアヤさんの判断に興味があるよ！信じる理由があれば教えて！
2,talk,12,1,5,アヤとハンスの信頼が揺らいでいるわね。どちらが本物か、皆でしっかり考えましょう。@ユウあなたはどっちを信じてるの？ハンスの発言も気になるけれど、アヤも不安定だわ。
2,talk,13,1,3,ユイさんは「人間」でした。アヤさんの発言が混乱を招いていると思います。意見を聞きたいです。
2,talk,14,1,9,アヤの信頼性は今のところ疑わしいわ。彼の霊媒結果に対する信頼はどう？@アヤハンスさんとアヤさん、どちらの霊媒を信じてますか？両者の発言を重視して考えてみましょう！
2,talk,15,1,10,リナさん！霊媒師として、信頼が大切ですよぅ！
2,talk,16,1,2,もしアヤが真霊媒なら追放は誤り。だがその言動は…
2,talk,17,1,11,アヤさんの言動が本物の霊媒師なら信じたいけど、情報が少なくて混乱してるよ！リナさんも慎重に考えてね！@リナリナさんはアヤの信頼性を疑ってるようだけど、その理由について詳しくお話ししてくれると嬉しいよ！
2,talk,18,1,4,ハンスとアヤのどちらが本物なのか、発言の整合性を比べてみたいな。みんなはどこを重視してる？
2,talk,19,1,1,村の進行こそ大事。俺の霊媒結果は曲げん
2,talk,20,1,7,どっちの霊媒師が本物なんだ？冒険はトラブル続きだ！
2,talk,21,1,8,@アラン、両方の霊媒師をどう見てる？理由も知りたい
2,talk,22,2,6,アヤさんの発言、本当に信じていいのかな？情報が不安定で、みんなの意見が大事だよね〜。
2,talk,23,2,5,アヤの霊媒結果、果たして信じるに値するか…わ。ハンスの結果も捨てがたいのだけれど、もう少し意見がほし
2,talk,24,2,3,ユイさんは「人間」でした。アヤさんの霊媒結果に疑念があります。リナさん、理由を教えてください。@ケンケンさん、アヤさんとハンスさんの霊媒師としての信頼性については、アヤさんの発言が混乱を招いている点が
2,talk,25,2,9,今の状況、確かにアヤには疑問が残るわね。彼女の言動は信頼に足るのかしら？みんなでしっかり見極めよう。
2,talk,26,2,10,リナの言う通り、今は信頼を確かにするのが大切ねですよぅ！
2,talk,27,2,2,アヤの真意見えず。ハンスを信じるか。
2,talk,28,2,11,アヤさんの霊媒結果、本当に信じていいのかな？ハンスさんの結果が気になるよ。みんな、どう思う？
2,talk,29,2,4,アヤとハンス、情報が食い違って悩ましいね。みんなどっちが信用できそう？
2,talk,30,2,1,アヤの結果は信用できん。俺の霊媒は正直だぞ
2,talk,31,2,7,霊媒対抗の議論これが勝負だ！
2,talk,32,2,8,@リナ、最初はアヤに注目してたよね。今も同じ？理由も聞きたい
2,talk,33,3,6,あたしはリョウさんにはリナさんを占ってほしいと思うよ。リナさんの発言は信頼性があるか疑問だから、彼女@リョウリョウさん、リナを占うのがいいと思うよ。彼女の発言から信頼性を判断したいな！
2,talk,34,3,5,昨夜の占い結果を振り返ると、リョウさんが信頼できるかも。皆の意見を聞いてみたいわ。@リョウリョウさん、もう一度占い先について教えてもらえる？意見を集めたいの。
2,talk,35,3,3,ユイさんは「人間」でした。アヤさんの霊媒結果に疑念があります。リナさん、アヤさんは？
2,talk,36,3,9,リナだけど、アヤとハンスの霊媒結果が逆だと混乱しちゃうよね。どちらを信じるべきかな？@アヤアヤ、あなたの言動が少し曖昧な感じがするわ。もう少し具体的に教えてほしいな。
2,talk,37,3,10,Over
2,talk,38,3,2,アヤの言動は疑わしい。投票する理由が多すぎる。
2,talk,39,3,11,リョウさん、今日はアヤを占うべきだよ！彼女の言動が疑わしいから、真意を知りたいんだ。@リョウアヤの発言が曖昧で不安を感じるよ。信頼性を確かめるためにも、占い先を考えてほしいな！
2,talk,40,3,4,みんな意見しっかり！ハンスもアヤも注目したいな。
2,talk,41,3,1,村のためにも疑わしいアヤを吊る。晩飯も人狼も見極めだ
2,talk,42,3,7,どっちの霊媒師が本物なんだ？困ったな！
2,talk,43,3,8,僕はアヤの発言に納得できない。今回はアヤに投票！
2,vote,1,10
2,vote,2,10
2,vote,3,10
2,vote,4,10
2,vote,5,10
2,vote,6,10
2,vote,7,10
2,vote,8,10
2,vote,9,10
2,vote,10,4
2,vote,11,2
2,execute,10,WEREWOLF
2,divine,3,2,HUMAN
2,attackVote,11,3
2,attack,3,true
3,status,1,MEDIUM,ALIVE,SunameLLi-A1,ハンス
3,status,2,POSSESSED,ALIVE,CanisLupus-A1,リョウ
3,status,3,SEER,DEAD,GAIT1,アラン
3,status,4,VILLAGER,ALIVE,CamelliaDragons1,アルト
3,status,5,VILLAGER,ALIVE,kanolab-c1,アリス
3,status,6,VILLAGER,ALIVE,kanolab-b1,ユイ
3,status,7,VILLAGER,ALIVE,CanisLupus-B1,ユウ
3,status,8,VILLAGER,ALIVE,SunameLLi-B1,ケン
3,status,9,VILLAGER,ALIVE,kanolab-a1,リナ
3,status,10,WEREWOLF,DEAD,mille1,アヤ
3,status,11,WEREWOLF,ALIVE,kanolab1,リリ
3,status,12,WEREWOLF,DEAD,CanisLupus-C1,タケル
3,status,13,BODYGUARD,DEAD,SunameLLi-C1,ダン
3,talk,0,0,9,今日は情報がたくさんあるわね。特にアヤとタケルが退場したことで、他の発言が信頼できるかしっかり判断す@ケンあなたの見解はどうかしら？@ケン
3,talk,1,0,4,リナちゃん情報整理ありがとう！ケンもどう思う？リリとアリスの意見も欲しいな！
3,talk,2,0,6,今日はリョウさんがリナちゃんを占うのがいいと思うよ。
3,talk,3,0,1,アヤは人狼だったぞ。残りの狼もじきに尻尾を出すはずだ。
3,talk,4,0,5,リョウさんの占い結果を見れば、リナの信頼性は確かね。もう一度確認したいわ。
3,talk,5,0,2,ユウを占った。…人間だった。
3,talk,6,0,11,今日の占い先はユイさんがいいと思うよ！彼女の判断が気になるから、結果がわかればより明確になるよね。
3,talk,7,0,7,リョウさん白ありがとう！ハンスさん、アヤさん人狼なの！？
3,talk,8,0,8,@リナ、昨日の投票理由をもう一度詳しく教えて！
3,talk,9,1,9,私はアヤを最初から疑っていたわ。彼女の発言には矛盾が多かったから、真実を隠していた可能性が高いわ。投
3,talk,10,1,4,ハンスがアヤ人狼って断言したね。これで霊媒ローラー続行でOKだよね？リリとアリスもどう思う？
3,talk,11,1,6,あたしは今夜、リナちゃんを占うべきだと思うよ。彼女の意見はいつも論理的で、信用できそうだよね〜。それ@リナリナちゃん、あなたの意見が大事だと思うから、占い先についてどう考えてるかな？
3,talk,12,1,1,晩飯の素材も見極めが肝心だ。残る狼もいずれ化けの皮が剥がれる。
3,talk,13,1,5,リョウさんの占い先は信じられるわ。ハンスの結果も確認したいけど、リナの発言には注意して。@リナリナさん、皆があなたの意見を重視してるの。あなたの考えについてもっと教えてほしいわ。
3,talk,14,1,2,ハンスが真霊媒ならアヤは闇。私が占った者も村の味方だろう。
3,talk,15,1,11,今日の占い師はリナさんを占った方がいいよ！彼女の発言は論理的だけど、信頼性を確かめるために重要だと思@リナあなたの意見が村のためになると思うから、占い先についてどう考えてるかな？もっと教えてほしいな！
3,talk,16,1,7,俺はリョウさんの言ってること信じるぜ！仲間が増えたぞ！
3,talk,17,1,8,@リリ、なんでずっとリナを占ってほしかったの？理由知りたい
3,talk,18,2,9,今はリョウが信頼できると思うわ。彼の占い結果は正確そう！@リリ、ユイの意見には盲目的過ぎる気がするの。どう思う？@リリユイを占うかどうか、本当にその選択が必要かな
3,talk,19,2,4,議論白熱だね！霊媒ローラーは続けよう。
3,talk,20,2,6,今日はリナちゃんを占うのがいいと思うよ。彼女は論理的な発言が多く、信頼性があるけど、その真意を知るこ
3,talk,21,2,1,アヤが人狼だった。強引な意見には油断せんことだ、村の皆よ。
3,talk,22,2,5,リョウさんの占い結果、信じられるわ。ユイさんも判断が必要ね。意見を比べて、最善策を考えない？
3,talk,23,2,2,ハンスの結果と私の占いを検討せよ。次へ。
3,talk,24,2,11,今日はユイちゃんを占うのがいいと思うんだ！彼女の意見が村にとって重要だから、真意を知りたいな。
3,talk,25,2,7,リョウさんの占い！俺は人間だったってさ！心強いぜ！
3,talk,26,2,8,@アルト、霊媒ローラー以外の案も考えてみない？理由も聞きたい
3,talk,27,3,9,リナよ、今日はハンスを占うのがいい気がするわ。彼の言動が不安定だから、真意を確認したいわね。
3,talk,28,3,4,話し合い楽しいね！リナの占い希望わかるけど霊ローラー派だよ。
3,talk,29,3,6,今日はリナちゃんを占い先に選ぶのが良いと思うよ！彼女が怪しまれやすいからね〜。@リナリナちゃん、あなたの意見はどう思う？占い先についてもっと教えてほしいな！
3,talk,30,3,1,アヤもタケルも人狼だった。私はリナに入れる。村のみんな、油断せず協力しろよ。
3,talk,31,3,5,今日はリナさんを占うべきね。彼女は重要な意見を持ってるし、信頼性をさらに確認したいわ。@リナリナさん、あなたの意見が村のためにとても大切よ。占い先について、どう考えているか教えてほしいわ。
3,talk,32,3,2,私の見た光とハンスの結果を照らせ。次を考えよ。
3,talk,33,3,11,今日はリナさんを占うのがいいんじゃない？彼女の発言が気になってるよ。@リナあなたの意見はとても大事だから、占い先についてどう考えてるのか教えてほしいな！
3,talk,34,3,7,リョウさんの白判定！これで俺は安心だ！
3,talk,35,3,8,僕はハンスに投票するよ。みんな、グレーなところもちゃんと見ておこう！
3,vote,1,9
3,vote,2,8
3,vote,4,1
3,vote,5,1
3,vote,6,8
3,vote,7,8
3,vote,8,1
3,vote,9,6
3,vote,11,9
3,execute,1,MEDIUM
3,attackVote,11,9
3,attack,9,true
4,status,1,MEDIUM,DEAD,SunameLLi-A1,ハンス
4,status,2,POSSESSED,ALIVE,CanisLupus-A1,リョウ
4,status,3,SEER,DEAD,GAIT1,アラン
4,status,4,VILLAGER,ALIVE,CamelliaDragons1,アルト
4,status,5,VILLAGER,ALIVE,kanolab-c1,アリス
4,status,6,VILLAGER,ALIVE,kanolab-b1,ユイ
4,status,7,VILLAGER,ALIVE,CanisLupus-B1,ユウ
4,status,8,VILLAGER,ALIVE,SunameLLi-B1,ケン
4,status,9,VILLAGER,DEAD,kanolab-a1,リナ
4,status,10,WEREWOLF,DEAD,mille1,アヤ
4,status,11,WEREWOLF,ALIVE,kanolab1,リリ
4,status,12,WEREWOLF,DEAD,CanisLupus-C1,タケル
4,status,13,BODYGUARD,DEAD,SunameLLi-C1,ダン
4,talk,0,0,8,@リリなんで最初からリナばかりだったの？
4,talk,1,0,6,あたしはリョウさんが今日はアルトくんを占うべきだと思うよ！彼の発言がちょっと薄いから、真意を確認した
4,talk,2,0,7,@ケン なんでハンスさんに投票したの？
4,talk,3,0,4,リリさん、いま一番怪しいって感じているのは誰？理由も聞きたいな！@リリNone
4,talk,4,0,11,今日はやっぱりアルトくんを占うのがいいと思うよ！彼の発言が薄いし、真意を確かめたいな。みんなの意見も
4,talk,5,0,2,なぜリナが…。次は誰を占うべきか？
4,talk,6,0,5,今日はアルトくんを占うべきね。彼の発言が薄いから、真意を確認したいと思うの。みんなもどう思う？
4,talk,7,1,8,アルトを占いに押す人多いけど、同じ視点だと危ないよ。
4,talk,8,1,6,あたしはアルトくんが怪しいと思うよ。彼の発言が曖昧すぎるから、真意を確かめたいな〜。みんなはどう思う@アルト具体的にどのプレイヤーの発言が気になってるの？あたしも一緒に考えたいな！
4,talk,9,1,7,@ケン！どうしてハンスさんに入れたんだ？教えて！
4,talk,10,1,4,アルト占いが人気だけど僕には少し怖いかも。
4,talk,11,1,11,今日はやっぱりアルトくんを占うべきだと思うよ！彼の発言が薄いし、真意を確かめたいからなんだ。もし彼が@アルトアルトくんが今日占われるかもしれないけど、どう思う？そのことについて少し話してほしいな！
4,talk,12,1,2,リナが襲われた。私の占いは…どういう意味だ。次の占いは、慎重に決める必要がある。
4,talk,13,1,5,今日はアルトくんを占うのがいいと思うわ。彼の発言が薄く、真意を知りたいの。皆はどう思う？@アルトアルトくん、あなたの発言が少し曖昧に感じるの。今日誰を占うのが良いと思ってるのか、教えてほしいわ！
4,talk,14,2,8,流れが同じ方向すぎて怪しい。別視点も必要だよ！
4,talk,15,2,6,今日はアルトくんを占うべきだと思うよ。彼の発言が薄くて、真意を確認するのが大事だよね〜。みんなはどう
4,talk,16,2,7,@ケン！同じ方向は危ないって！理由教えてくれ！
4,talk,17,2,4,みんな僕を占い希望してるけど、本当に僕でいいのかな？変な流れじゃないか心配だよ。
4,talk,18,2,11,今日はアルトくんを占うべきだと思うよ！彼の発言が薄くて、真意を知りたいからなんだ。みんなはどう思う？
4,talk,19,2,2,リナ…なぜだ。私の結果に迷う。村は一つに流れすぎぬよう。
4,talk,20,2,5,今夜はアルトくんを占うべきよ。彼の発言が薄く、不安要素だから、真意を知っておくのが大事だと思うの。み
4,talk,21,3,8,みんなで流れ作ってるリリが一番怪しい。僕はリリに投票する！
4,talk,22,3,6,あたしはリリちゃんの発言が少し気になるよ。みんながアルトくんを占おうとしてるけど、彼の視点も聞きたい@リリどの辺が特に怪しいと思ったの？@リリあなたの意見が村のために大事だから、理由をもっと詳しく聞かせてほ
4,talk,23,3,7,@ケン！ その理由、村の冒険に必要だ！
4,talk,24,3,4,視点をバラすの大事だよね。僕も違和感ある。
4,talk,25,3,11,リョウさんが占い師で確定したのが大きいね。勇気ある行動だよ！@ユウユウ、今はリョウの結果を信じるべきだと思うよ。みんなでしっかりと話し合おう！
4,talk,26,3,2,リナ…なぜだ。私の結果に迷う。村は一つに流れすぎぬよう。
4,talk,27,3,5,今は慎重に行きたいわ。アルトくんが疑わしいかも。発言が薄いのが気になるの。皆はどう思う？@アルトあなたのスタンスについてもう少し詳しく教えてほしいわ。他の人と何か違うことを感じているなら、ぜひ聞か
4,vote,2,11
4,vote,4,11
4,vote,5,4
4,vote,6,11
4,vote,7,4
4,vote,8,11
4,vote,11,2
4,execute,11,WEREWOLF
5,status,1,MEDIUM,DEAD,SunameLLi-A1,ハンス
5,status,2,POSSESSED,ALIVE,CanisLupus-A1,リョウ
5,status,3,SEER,DEAD,GAIT1,アラン
5,status,4,VILLAGER,ALIVE,CamelliaDragons1,アルト
5,status,5,VILLAGER,ALIVE,kanolab-c1,アリス
5,status,6,VILLAGER,ALIVE,kanolab-b1,ユイ
5,status,7,VILLAGER,ALIVE,CanisLupus-B1,ユウ
5,status,8,VILLAGER,ALIVE,SunameLLi-B1,ケン
5,status,9,VILLAGER,DEAD,kanolab-a1,リナ
5,status,10,WEREWOLF,DEAD,mille1,アヤ
5,status,11,WEREWOLF,DEAD,kanolab1,リリ
5,status,12,WEREWOLF,DEAD,CanisLupus-C1,タケル
5,status,13,BODYGUARD,DEAD,SunameLLi-C1,ダン
5,result,6,0,VILLAGER