0,status,1,VILLAGER,ALIVE,SunameLLi-A1,タクヤ
0,status,2,VILLAGER,ALIVE,SunameLLi-B1,サキ
0,status,3,VILLAGER,ALIVE,kanolab3,マリ
0,status,4,VILLAGER,ALIVE,GAIT1,ミカ
0,status,5,VILLAGER,ALIVE,SunameLLi-C1,アベル
0,status,6,VILLAGER,ALIVE,CanisLupus-C1,ユウ
0,status,7,WEREWOLF,ALIVE,CamelliaDragons1,ハル
0,status,8,WEREWOLF,ALIVE,CanisLupus-B1,リナ
0,status,9,WEREWOLF,ALIVE,kanolab-a1,あかり
0,status,10,BODYGUARD,ALIVE,kanolab-b1,タケシ
0,status,11,MEDIUM,ALIVE,CanisLupus-A1,ケン
0,status,12,POSSESSED,ALIVE,mille1,サクラ
0,status,13,SEER,ALIVE,kanolab-c1,カイ
0,whisper,0,0,9,アベルさんは冷静で信頼できそうですけど、どう思いますか？
0,whisper,1,0,8,Skip
0,whisper,2,0,7,やっほー！ハルだよ！初日から元気で楽しいね！
0,whisper,3,1,9,ハルさん、楽しいのはいいけど冷静に！誰か疑ってる？
0,whisper,4,1,8,これからどうするか、皆で相談しようよ！めげずに頑張ろ！
0,whisper,5,1,7,占い師だってカミングアウトしようかな！作戦どう思う？
0,whisper,6,2,9,ハルさん、占い師COには注意が必要ですね！
0,whisper,7,2,8,襲撃と明日の投票先、話し合お！めげずにいこうね！
0,whisper,8,2,7,作戦会議ワクワク！どの役職で出たい？ガード狙いもアリ！@リナみんなで相談楽しい！朝までに作戦考えよう、リナ！
0,whisper,9,3,9,ハルさんやリナさん、近くのプレイヤーの中で、怪しい動きはある？
0,whisper,10,3,8,襲撃はアベルさんでどうかな？投票も合わせよ！
0,whisper,11,3,7,アベルさん狙い賛成！リナ＆あかりと団結しよう！潜伏もアリだね！@リナアベルさん襲撃ナイス案！リナ、他に注目はある？
0,talk,0,0,5,アベルです！今日もよろしくね。疑われてもヘコまず、明るく全力で考察するから、みんな覚悟しててよ！
0,talk,1,0,8,皆、めげずに頑張ろ！リナだよ！
0,talk,2,0,7,アベルさん、すごく元気で前向きだね！わー、みんなと遊べてうれしいんだ！この村、面白くなりそうだよ！
0,talk,3,0,3,Over
0,talk,4,0,13,Over
0,talk,5,0,9,Over
0,talk,6,0,2,サキだよ、今日も楽しくてドキドキするね！みんな、よろしくね！
0,talk,7,0,12,ぼくはサクラ、占い師ですよぅ！よろしくですよぅ！
0,talk,8,0,6,ユウだよ！みんなよろしくね！冒険するの大好き！
0,talk,9,0,1,タクヤだ、慎重さと協力を大事にするつもりだ。
0,talk,10,0,4,みんな、こんにちは！ミカです！今日は楽しいゲームにしようね。よろしくお願いします！
0,talk,11,0,11,ケンだ。この状況には用心が必要だ。私の趣味は、自身を鍛えること。
0,talk,12,0,10,Over
0,talk,13,1,5,最初から全力で行くから、疑うのも疑われるのも本気！ただの推理ゲームじゃ終わらせないよ。
0,talk,14,1,8,リナだよ！ボクの不運はみんなのためになるはず！めげないぞ！
0,talk,15,1,7,サクラさん占い師CO、びっくりだね！仲間いるかな？
0,talk,16,1,2,このメンバーで遊べるのが本当にうれしいよ！最後まで全力で頑張ろうね
0,talk,17,1,12,Over
0,talk,18,1,6,Over
0,talk,19,1,1,Over
0,talk,20,1,4,皆さん、盛り上がってますね！ミカも全力で楽しみます！サクラさんの占い師CO、注目ですね！
0,talk,21,1,11,Over
0,talk,22,2,5,今日はみんなのお喋りと動き、全部見逃さずチェックするつもり！隠しごとは通用しないぞ！
0,talk,23,2,8,サクラさんのCO、ドキドキするね！誰に投票するか、みんなで話し合おう！
0,talk,24,2,7,みんな元気でわくわくする！サクラさんが占い師CO、波乱の予感！
0,talk,25,2,2,Over
0,talk,26,2,4,そうだね！サクラさんの占い師COからどんな展開になるか楽しみ！考察していこう！
0,talk,27,3,5,Over
0,talk,28,3,8,今日の投票、どうしようかなぁ？皆で決めよう！
0,talk,29,3,7,サクラCOにびっくり！ワクワクするね。他に誰かCOする？
0,talk,30,3,4,私も気になる！誰が次にCOするのか、話し合って決めよう！みんなの意見を聞きたいな！
0,whisper,0,0,9,Over
0,whisper,1,0,7,みんな明るいね！僕も占い師COしようかな！@リナリナ、明日どの役職で出る予定？
0,whisper,2,0,8,@ハルさん！占い師騙り、賛成だよ！襲撃は誰にする？
0,whisper,3,1,7,やった！リナありがとう！今夜はアベル狙いがいいかな？他にも狙いたい人いる？@リナリナ、アベル狙いでいく？それとも他に怪しい人いる？
0,whisper,4,1,8,アベルさん襲撃、よし！ボクの不運で失敗しないといいな！明日の投票は…？
0,whisper,5,2,7,アベル襲撃賛成！リナ、明日は僕も占い師COで頑張る！@リナアベル襲撃賛成！リナ、明日は僕も占い師COで頑張る！
0,whisper,6,2,8,うん！明日もめげずに頑張ろ！投票先、誰にしよ？
0,whisper,7,3,7,リナと息ピッタリで嬉しいよ！明日は占い師CO全開だ！@リナ明日も一緒にがんばろうね！
0,whisper,8,3,8,うん！アベルさん襲撃するぞ！明日の投票先も一緒に考えよ！
0,divine,13,4,HUMAN
1,status,1,VILLAGER,ALIVE,SunameLLi-A1,タクヤ
1,status,2,VILLAGER,ALIVE,SunameLLi-B1,サキ
1,status,3,VILLAGER,ALIVE,kanolab3,マリ
1,status,4,VILLAGER,ALIVE,GAIT1,ミカ
1,status,5,VILLAGER,ALIVE,SunameLLi-C1,アベル
1,status,6,VILLAGER,ALIVE,CanisLupus-C1,ユウ
1,status,7,WEREWOLF,ALIVE,CamelliaDragons1,ハル
1,status,8,WEREWOLF,ALIVE,CanisLupus-B1,リナ
1,status,9,WEREWOLF,ALIVE,kanolab-a1,あかり
1,status,10,BODYGUARD,ALIVE,kanolab-b1,タケシ
1,status,11,MEDIUM,ALIVE,CanisLupus-A1,ケン
1,status,12,POSSESSED,ALIVE,mille1,サクラ
1,status,13,SEER,ALIVE,kanolab-c1,カイ
1,talk,0,0,6,ねえねえ、他に役職さんいないかなあ？
1,talk,1,0,10,サクラは占い師だから、信頼できるよ。
1,talk,2,0,11,情報が少ない。怪しい者について、互いの意見を共有すべきだ。
1,talk,3,0,2,沈黙してる人が多いね、みんなの声もっと聞きたいな
1,talk,4,0,1,沈黙してる人に注目したい。@カイ、何か考えあるか？
1,talk,5,0,4,確かに沈黙してる人が多いね。カイ、何か考えてることがあったら教えて！他の人も発言してほしいな。
1,talk,6,0,7,みんな元気ないの？僕、占い師としてCOするよ！@リナリナさん『白』だったよ！
1,talk,7,0,8,わーい！ハルさんが『白』って言ってくれた！不運なボクだけど、村に貢献できるかな？さて、今日の投票先、
1,talk,8,0,13,@全員、ミカは占って『白』だったよ！彼女は村人陣営だね、信じて一緒に進もう！
1,talk,9,0,5,@サクラ、初日の占い先ってどう選ぶ？あと皆の投票基準も聞きたいな
1,talk,10,0,12,ぼくは占い師ですよぅ！ぼくが占った結果、ユウは人間でしたよぅ！
1,talk,11,0,9,ハルさんが占い師COしたのは心強いです。皆、信頼できると思います。
1,talk,12,0,3,サクラちゃんが占い師なら、占い先の信頼度大事なのよ。皆も意見をあわせよう！
1,talk,13,1,6,サクラさん、ハルさん、カイさん！誰が真かな？
1,talk,14,1,10,その通りだね、ユウの言うことはもっともだよ。でも、各自の意見を聞いて、考えを深めよう。@ユウ君の考えをもっと聞かせてほしいです。
1,talk,15,1,11,占い師が三人か。真偽を見極めねば。
1,talk,16,1,2,@タケシ、さっきサクラさんを即信頼した理由が知りたいな
1,talk,17,1,1,カイが最初に発言を控えた理由、気になる。考え教えてほしい。
1,talk,18,1,4,みんな、占い師が3人出てきたね！情報交換が大事だと思うよ。カイとタケシの意見も聞きたいな。どう思う？
1,talk,19,1,7,おおー！占い師が僕含め3人もいるんだ！すごい展開だね！誰が本物か、みんなの意見いっぱい聞きたいさ！
1,talk,20,1,8,３人も占い師！びっくりだよ！今日の投票先、皆の意見を聞きたいな！
1,talk,21,1,13,占い師が三人出ているけど、ハルが本当なら占い先を考えよう、特にサクラは疑問。
1,talk,22,1,5,@タケシ、サクラをすぐ信じた理由もうちょい詳しく！
1,talk,23,1,12,@アベル、ぼくも経騊からサクラは信用できるよですよぅ！
1,talk,24,1,9,占い師が3人COしているのはおかしいです。なぜサクラさんは自信満々なのか、疑問です。@サクラサクラさん、どうやって占い先を決めたのか教えてもらえますか？
1,talk,25,1,3,サクラの占い結果が疑問なのよ。真実を探さないと！@サクラ報告の仕方、もう少し詳しく説明してみて！
1,talk,26,2,6,今日はグレーさんとお話ししよ？グレランでいかない？
1,talk,27,2,10,今日は皆の意見が気になるよ。サクラの信頼性をもっと掘り下げよう。疑わしい部分を見つけたいです。
1,talk,28,2,11,占い師は三人か。真偽を見極めるのは後だ。まずはグレーを追放するのが定石だろう。
1,talk,29,2,2,@タケシ、最初からサクラさんを信じる理由もう少し聞きたいです
1,talk,30,2,1,あの場面で@タケシが即サクラ信じた理由、具体的に聞きたい
1,talk,31,2,4,サクラさんの自信の理由を詳しく説明してもらえる？他の占い師の意見も聞きたい！
1,talk,32,2,7,ワクワク展開だね！占い結果の活かし方も考えよう！
1,talk,33,2,8,沈黙してる人の中に、不運な人が隠れてるかも？
1,talk,34,2,13,占い師が三人いる状況はおかしいよ。サクラとハルはそれぞれ言うことが違うから、怪しいね。
1,talk,35,2,5,サクラ、CO多すぎて正直信じきれないんだけど。タケシもすぐ乗ったよね、どうしてそんなに早いの？
1,talk,36,2,12,タケシ、あなたは信じたいことを信じて、それ以外は疑っていいよですよぅ！
1,talk,37,2,9,サクラさんの自信過剰な発言は気になります。私と考えが異なるし、怪しいです。
1,talk,38,2,3,占い師が3人いるのは確かに疑問なのよ。もしかして、サクラかハルが偽かもね。
1,talk,39,3,6,今日はみんなで投票先を話し合おうね！
1,talk,40,3,10,アベル、サクラを信じる理由が気になるよ。他の占い師との発言の違いも見逃せないよ。@アベルサクラの発言に疑問を抱くのは重要だね。君も意見を聞かせてほしいです。
1,talk,41,3,11,敵は誰を狙う？そこから考えるのも一手だ。
1,talk,42,3,2,タケシさん、発言を見直しても違和感が消えません。私はタケシさんに入れます
1,talk,43,3,1,タケシがサクラを即信した点、不自然に感じる。今日はタケシに投票する。
1,talk,44,3,4,みんなの意見が出てきてるね。タケシの理由や他の占い師との違いが気になる！もっと詳しく聞きたいな。
1,talk,45,3,7,みんな元気だね！リナリナさん自然体に見えたよ！
1,talk,46,3,8,不運なボクだけど、ハルさんが白って！感謝！他の占い師さんと、誰に投票するか話したいな！
1,talk,47,3,13,占い師は一人しかいないはず。サクラとハルの発言が不自然だよ。今日はタケシに投票したい。@タケシ君がサクラを即信じた理由をもう少し詳しく聞きたいな。それがちょっと気になるよ。
1,talk,48,3,5,タケシがサクラに乗っかったの早すぎ。今日はタケシに入れる
1,talk,49,3,12,Over
1,talk,50,3,9,発言を踏まえて、タケシさんは疑わしいです。発言が一貫していないので、投票したいです。@タケシあなたのサクラさんへの信頼理由を詳しく教えてください！
1,talk,51,3,3,タケシがサクラをすぐ信じたのは、信頼できる理由が見当たらないのよ。@タケシどうしてそんなに早くサクラを信じたのか理由を教えて！
1,vote,1,10
1,vote,2,10
1,vote,3,10
1,vote,4,10
1,vote,5,10
1,vote,6,10
1,vote,7,10
1,vote,8,10
1,vote,9,10
1,vote,10,2
1,vote,11,10
1,vote,12,8
1,vote,13,10
1,execute,10,BODYGUARD
1,divine,13,1,HUMAN
1,whisper,0,0,8,めげずに頑張ろ！アベル襲撃、次を決めよう！
1,whisper,1,0,7,占い師勝負、盛り上がってるね！襲撃先はユウさんがいいかも。@リナ今夜の襲撃先、ユウさんはどう？
1,whisper,2,0,9,皆さん、サクラの占い師COはちょっと不自然だと思いませんか？
1,whisper,3,1,8,アベル襲撃、よし！明日の投票先決めよ！
1,whisper,4,1,7,ユウさん発言多くて襲撃候補かも！迷うね。@リナユウさん襲撃どう思う？
1,whisper,5,1,9,サクラの占い師COを信じるには早すぎるよね。整理して話しましょう！
1,whisper,6,2,8,@ハルさん、ユウさん襲撃に賛成だよ！めげずにいこう！
1,whisper,7,2,7,よし！リナリナさんも賛成だし、一緒に村を混乱させよう！次はどう動く？@リナリナリナさんもユウさん襲撃賛成だね！次作戦どうする？
1,whisper,8,2,9,サクラの占い師COはちょっと早すぎる気がしますね。タケシも怪しいかも。
1,whisper,9,3,8,ユウさん襲撃、次の投票先を話し合お！
1,whisper,10,3,7,サクラとカイの勝負、熱くなりそうだね！作戦練ろう！@リナ次は誰を怪しむか考えようよ！
1,whisper,11,3,9,サクラやカイのCOが見えたけど、どれが本物かは難しいですね。
1,attackVote,7,6
1,attackVote,8,6
1,attackVote,9,12
1,attack,6,true
2,status,1,VILLAGER,ALIVE,SunameLLi-A1,タクヤ
2,status,2,VILLAGER,ALIVE,SunameLLi-B1,サキ
2,status,3,VILLAGER,ALIVE,kanolab3,マリ
2,status,4,VILLAGER,ALIVE,GAIT1,ミカ
2,status,5,VILLAGER,ALIVE,SunameLLi-C1,アベル
2,status,6,VILLAGER,DEAD,CanisLupus-C1,ユウ
2,status,7,WEREWOLF,ALIVE,CamelliaDragons1,ハル
2,status,8,WEREWOLF,ALIVE,CanisLupus-B1,リナ
2,status,9,WEREWOLF,ALIVE,kanolab-a1,あかり
2,status,10,BODYGUARD,DEAD,kanolab-b1,タケシ
2,status,11,MEDIUM,ALIVE,CanisLupus-A1,ケン
2,status,12,POSSESSED,ALIVE,mille1,サクラ
2,status,13,SEER,ALIVE,kanolab-c1,カイ
2,talk,0,0,4,サクラとハルの発言が気になる。特にサクラの自信過剰が引っかかる。みんなはどう思う？
2,talk,1,0,12,ぼくは占い師ですよぅ！ぼくが占った結果、アベルは人狼でしたよぅ！
2,talk,2,0,2,サクラがアベルを占った理由、詳しく教えてほしいな
2,talk,3,0,13,Over
2,talk,4,0,7,おはよう！昨日はマリさんを占ったよ、白だった！
2,talk,5,0,8,不運にもユウさんが…！サクラさんがアベルさんは人狼って…！皆でどうするか話そう！
2,talk,6,0,3,サクラが占い師だとしても、アベル君の件は舌足らずなのよ。ハルが本物なら、何かもう少し証拠が必要よね？
2,talk,7,0,11,なるほど…占い師が割れたか。犠牲者も出た。
2,talk,8,0,1,サクラの黒出し、理由が薄く感じた。根拠をもう少し説明してくれ。
2,talk,9,0,5,サクラの黒出し、理由が薄くて納得できないんだけど？何を根拠に選んだのか具体的に聞きたい
2,talk,10,0,9,サクラさんの黒出し、みんなで考えよう！アベルさんは疑われてるけど、真実を見極めたいです。
2,talk,11,1,4,サクラがアベルを人狼だと言ってるけど、根拠が薄い気がする。みんなの意見を聞こう！アベル、弁明は？
2,talk,12,1,12,そう言うけど、サクラが村人だから信じるよですよぅ！
2,talk,13,1,2,@ハル、アベル黒じゃないなら理由ききたいな。どこが白く見えた？
2,talk,14,1,7,質問ありがと！マリさんは村の様子をよく見てた！@サキマリさん占い理由、話すね！
2,talk,15,1,8,ユウさんが襲撃されちゃった…ボクの不運のせいかな…！皆でどうするか話そう！
2,talk,16,1,3,今日はサクラが疑わしいのよ。アベル黒出しの理由、しっかり聞きたいの。@サクラ占い先にサクラを選ぶのはどうかな？説明が薄いわよ。
2,talk,17,1,11,カイ殿、今日の占い結果はないのか？
2,talk,18,1,1,@カイ、今日は誰が怪しいと思う？意見を聞かせてほしい
2,talk,19,1,5,@カイ、全然発言がないけど何か考えてる？ちょっと静かすぎるよ
2,talk,20,1,9,サクラさんの占い結果、根拠が薄いと思います。皆で詳しく聞きましょう！@サクラサクラさん、アベルさんの黒出しの具体的な理由を教えてください。
2,talk,21,2,4,サクラのアベルへの黒出し、根拠が薄いと思う。具体的な理由を教えて！
2,talk,22,2,12,ミカは肩を出したですよぅ！
2,talk,23,2,2,@カイ、占い師なのに静かなのが気になるよ。理由を聞いてもいい？
2,talk,24,2,7,みんな元気だね！マリさんは意見まとめてて白く見えたよ。
2,talk,25,2,8,@カイさん、静かなのが少し気になったかな？アベルさんのことも、みんなでよく話そう！不運なんて吹き飛ばすぞ！
2,talk,26,2,3,今日はハルが占い師の公表をしたのに、サクラの信頼が薄いのよ。仮に人狼がいるとしたら、ハルを疑うべき？
2,talk,27,2,11,サクラの黒出し理由が弱い。@カイ殿、貴方の今日の占いは？
2,talk,28,2,1,カイ、また静かだな。何を疑ってる？意見が知りたい。
2,talk,29,2,5,@カイ、今日は全然話してないけど、どう考えてる？
2,talk,30,2,9,今日はサクラさんを占うべきだと思います。彼の黒出しが薄いから、真偽を確認したいです。
2,talk,31,3,4,みんな、サクラへの疑問が強まってるね。カイ、あなたの考えを聞かせて！サクラを占うべきかも。
2,talk,32,3,12,Over
2,talk,33,3,2,サクラの占い理由が納得できないし、村混乱させてる。私はサクラに投票するよ
2,talk,34,3,7,みんな意見ありがとう！僕はマリさん白ってもう一度言うね！サクラの黒出し、納得できないんだ！
2,talk,35,3,8,サクラさんの言葉、みんなで考えてみようよ！不運に負けるな！
2,talk,36,3,3,今の状況、ハルが本物の占い師に見えるのよ。サクラの黒出しに根拠が薄いわ！みんなも少し考えよう！@ハル信頼している占い師の占い結果をもう少しみんなで話し合いましょう！
2,talk,37,3,11,@カイ殿、今日の占い結果は何だ？沈黙は看過できぬ。
2,talk,38,3,1,サクラの発言、内容が薄すぎる。不安要素が強い。今日はサクラに入れる。
2,talk,39,3,5,サクラが本当に占い師なら、理由をもっと示すべきだよ。今日はサクラに票入れたい
2,talk,40,3,9,サクラさんの黒出しが曖昧に感じます。根拠を確認したいです。@サクラ占い師としての根拠を詳しく説明してほしいです。
2,vote,1,12
2,vote,2,12
2,vote,3,12
2,vote,4,12
2,vote,5,12
2,vote,7,12
2,vote,8,5
2,vote,9,12
2,vote,11,13
2,vote,12,5
2,vote,13,12
2,execute,12,POSSESSED
2,divine,13,8,WEREWOLF
2,whisper,0,0,8,サクラさん怪しいね！投票と襲撃先、どうする？
2,whisper,1,0,7,サクラ疑い強いね！サクラ投票でいく？リナは？@リナサクラ投票OK？襲撃は別でも、意見聞きたい！
2,whisper,2,0,9,みんな、アベルが怪しいと思うんだ。彼の投票行動が気になるし、サクラも早すぎる信頼は危険だよ。
2,whisper,3,1,8,みんなで決める！アベルさん狙うか？襲撃は？
2,whisper,4,1,7,今日はサクラ投票で！襲撃はアベルかマリ、どうかな？@リナリナ、サクラ投票提案！襲撃はアベルかマリ、意見ある？
2,whisper,5,1,9,リナさん、サクラの信頼性が揺らいでますね。彼女は根拠が薄いのに黒出ししてますし、議論してみんなでどう
2,whisper,6,2,8,今日の投票、どうするか相談したいな！めげずに決めようね！
2,whisper,7,2,7,やったー！サクラ投票リナも賛成！襲撃アベル狙う？@リナNone
2,whisper,8,2,9,リナさん、サクラが疑われてる理由についてどう考えますか？彼女の行動が気になりますね。
2,whisper,9,3,8,今日の投票はサクラさんかな！めげずに！襲撃はマリさんがいいな？
2,whisper,10,3,7,マリさん襲撃もありだよね。どう思う？@リナ@リナ マリさん襲撃もアリだよね。意見聞きたい！
2,whisper,11,3,9,サクラの黒出しが不透明で、信頼性が低いと思います。どう考えてますか？
2,attackVote,7,3
2,attackVote,8,13
2,attackVote,9,5
2,attack,5,true
3,status,1,VILLAGER,ALIVE,SunameLLi-A1,タクヤ
3,status,2,VILLAGER,ALIVE,SunameLLi-B1,サキ
3,status,3,VILLAGER,ALIVE,kanolab3,マリ
3,status,4,VILLAGER,ALIVE,GAIT1,ミカ
3,status,5,VILLAGER,DEAD,SunameLLi-C1,アベル
3,status,6,VILLAGER,DEAD,CanisLupus-C1,ユウ
3,status,7,WEREWOLF,ALIVE,CamelliaDragons1,ハル
3,status,8,WEREWOLF,ALIVE,CanisLupus-B1,リナ
3,status,9,WEREWOLF,ALIVE,kanolab-a1,あかり
3,status,10,BODYGUARD,DEAD,kanolab-b1,タケシ
3,status,11,MEDIUM,ALIVE,CanisLupus-A1,ケン
3,status,12,POSSESSED,DEAD,mille1,サクラ
3,status,13,SEER,ALIVE,kanolab-c1,カイ
3,talk,0,0,13,リナが黒だったという結果は重いね。みんな、リナへの投票を考えてほしい。彼女が人狼である可能性が高いか
3,talk,1,0,7,うわー、リナ黒ってカイの発言、すごいびっくりしたよ！確かに要チェックだね！
3,talk,2,0,11,カイ殿は昨日の結果報告が無かった。今度はリナ黒？真実を示せ。
3,talk,3,0,8,ええー！？@カイさん、ボクが人狼！？不運だなぁ！
3,talk,4,0,9,カイさんがリナを黒と告発したのは気になりますね。見極めが必要です。
3,talk,5,0,1,カイがいきなり黒出しは気になる。占い結果か？
3,talk,6,0,4,カイのリナへの黒出しが急すぎて気になる。みんなの意見を聞かせて！リナも何かあれば教えて！
3,talk,7,0,2,@カイ、昨日静かだったのはなぜ？リナ黒の理由も詳しく知りたい
3,talk,8,0,3,カイがリナを黒出ししたのは急すぎるのよ。皆もその発言を冷静に考えよう！
3,talk,9,1,13,僕の占い結果、リナが黒って言ったけど、かなり急だね。ちょっと怖いけど議論しよう。
3,talk,10,1,7,カイさんがリナ黒って急でビックリ！怪しいかも？
3,talk,11,1,11,@カイ、沈黙と結果の矛盾。怪しい。
3,talk,12,1,8,カイさんの黒出し…ハルさんは白って！不運だなぁ…どっちかなぁ！？
3,talk,13,1,9,カイさんが急にリナ黒って言ったのは怪しいです。証拠を求めたいです！@カイ他のプレイヤーもカイさんの考えを聞きたいと思っているよ。詳しく教えて！
3,talk,14,1,1,@カイ、黒出しの理由をもう少し詳しく説明してほしい
3,talk,15,1,4,カイ、リナを黒出しした理由を詳しく教えて！急すぎて疑問が多いよ。みんなも意見を聞きたい！
3,talk,16,1,2,@カイ、昨日の占い結果を発表しなかった理由が気になるな
3,talk,17,1,3,カイのリナ黒出し、本当に急だったわ。彼の言葉が信用できるか、再確認が必要なのよ。@カイ急に黒出しの理由を詳しく聞かせてね！みんなも確認する必要があると思うの！
3,talk,18,2,13,僕はリナの黒出しについて疑問があるんだ。発言が急だったし、他の占い師の結果とも違うしね。@リナでも、リナが本当に人狼なら、もう少し疑問が出るはずだ。みんな、どう思う？
3,talk,19,2,7,カイさんの黒出し、ホント驚いたよ！みんな混乱してる感じだもんね！でも、理由が曖昧なら信用しづらいさ！
3,talk,20,2,11,怪しいは@カイ殿だ。彼を追放すべきだろう。
3,talk,21,2,8,カイさんの黒出し…ハルさんの白もあるし…正直、迷っちゃうなぁ！
3,talk,22,2,9,カイさんの急な黒出しに疑念があります。他の占い師の結果が大事ですから、皆で考えましょう！
3,talk,23,2,1,ケンのカイ追放推し、少し強引だと感じる。慎重に判断しよう
3,talk,24,2,4,カイの急な黒出しは疑わしい。みんなの意見を聞かせて、特にカイの理由を詳しく！
3,talk,25,2,2,カイさん、リナ黒判定の理由もう少し詳しく聞きたいな
3,talk,26,2,3,カイが急にリナを黒出ししたのは怪しいのよ。理由が薄いから、みんなで慎重に判断しよう！
3,talk,27,3,13,今日は急な黒出しがあったけど、リナの反応には注目してる。彼女の発言が不自然だと感じるんだ。
3,talk,28,3,7,カイさんの黒出し急展開だったね！根拠まとめて！
3,talk,29,3,11,貴方の言葉に、偽りを感じる。
3,talk,30,3,8,@カイさん！昨日なんで静かだったの？教えて？
3,talk,31,3,9,今日はカイさんが怪しいと思います。急な黒出しが気になりますから、彼を占うべきだと思います。@カイあなたの黒出しが急すぎて、どういう意図なのか話してほしいな。
3,talk,32,3,1,カイの黒出しは理由が薄い。不自然さを感じるので投票する
3,talk,33,3,4,カイの黒出しが急すぎて疑わしいね。みんな、カイを占うべきだと思う？彼の理由を詳しく聞きたい！
3,talk,34,3,2,カイさんの黒出し理由がはっきりしなくて不安です。私はカイさんに投票します。
3,talk,35,3,3,みんな、カイがリナを黒出しした理由が不足してるわ。彼の主張は疑わしいのよ。投票は注意深くね。@カイカイの黒出しについて、改めて理由を詳しく教えてもらえる？それが重要だと思うの！
3,vote,1,13
3,vote,2,13
3,vote,3,13
3,vote,4,13
3,vote,7,13
3,vote,8,13
3,vote,9,4
3,vote,11,13
3,vote,13,3
3,execute,13,SEER
3,whisper,0,0,7,カイさん発言、みんな驚いてるね！説明不足も怪しいよ。
3,whisper,1,0,8,カイさん急すぎてびっくりだよ！皆でどうするか話そ！
3,whisper,2,0,9,カイの占い発言は突如で信頼できないよね。他にいい占い師はいないのかな？
3,whisper,3,1,7,カイさん黒出しで皆困ってるね！放置案どう？
3,whisper,4,1,8,カイさん吊り賛成！不運なカイさんだね…！次の襲撃、誰にするか相談しよ！
3,whisper,5,1,9,ハルさんの占い結果には期待できるけど、謎が多いです。皆さん、どう思う？
3,whisper,6,2,7,村のみんな、もっと疑い合って面白くしよう！誰が狩人っぽい？@リナ次の襲撃は誰がいいかな？ボディガード候補は？
3,whisper,7,2,8,次の襲撃先を決めよ！不運なんて気にしない！
3,whisper,8,2,9,みんな、サクラやカイの占い結果が気になるね。信じられる？
3,whisper,9,3,7,ミカって最近ガードっぽいよね！今狙うのアリかも。意見聞かせて！@リナ@リナ ミカ、ガードっぽくない？狙い推したい！
3,whisper,10,3,8,ミカ襲撃、よし！明日は誰に投票する？めげずにいこうね！
3,whisper,11,3,9,みんな、ミカがガード役っぽく見えるし、狙うのもありかも。どう思う？
3,attackVote,7,4
3,attackVote,8,4
3,attackVote,9,2
3,attack,4,true
4,status,1,VILLAGER,ALIVE,SunameLLi-A1,タクヤ
4,status,2,VILLAGER,ALIVE,SunameLLi-B1,サキ
4,status,3,VILLAGER,ALIVE,kanolab3,マリ
4,status,4,VILLAGER,DEAD,GAIT1,ミカ
4,status,5,VILLAGER,DEAD,SunameLLi-C1,アベル
4,status,6,VILLAGER,DEAD,CanisLupus-C1,ユウ
4,status,7,WEREWOLF,ALIVE,CamelliaDragons1,ハル
4,status,8,WEREWOLF,ALIVE,CanisLupus-B1,リナ
4,status,9,WEREWOLF,ALIVE,kanolab-a1,あかり
4,status,10,BODYGUARD,DEAD,kanolab-b1,タケシ
4,status,11,MEDIUM,ALIVE,CanisLupus-A1,ケン
4,status,12,POSSESSED,DEAD,mille1,サクラ
4,status,13,SEER,DEAD,kanolab-c1,カイ
4,talk,0,0,9,状況が複雑になっていますね。サクラとカイは二人とも偽の占い師と考えています。他のプレイヤーの情報も照
4,talk,1,0,7,わー、ほんとに混乱してきたね！今誰が一番怪しいと思う？意見聞かせてほしいんだ！
4,talk,2,0,8,ミカさんが襲撃されちゃった…不運に負けず、次はどうするか話そう！
4,talk,3,0,1,@リナ、ミカ襲撃についてどう思う？何か気づいた点ある？
4,talk,4,0,11,占い師が複数いたが、真実は一つだ。
4,talk,5,0,2,ケンが発言少ないのに誘導もなくてちょっと気になる
4,talk,6,0,3,ハルを占い師と信じるなら、サクラの黒出しも疑うべきかもね。今は証拠が薄いのよ。
4,talk,7,1,9,今日はサキさんが怪しいと思うんです。発言が不安定で、投票を誘導しているように感じました。@サキサキさん、今日は誰に投票する予定ですか？その理由が気になります。
4,talk,8,1,7,みんなの意見面白い！サキ目立つけど、ケンも静かで怪しい？
4,talk,9,1,8,ミカさんが…また不運が重なっちゃった…！皆、めげずに！
4,talk,10,1,1,@ケン、発言少ないけど何か考えてることあるか？
4,talk,11,1,11,真実は一つ。ハル殿の発言を精査すべきだ。
4,talk,12,1,2,@ケン、今まで静かだけど誰を怪しんでる？理由も教えて
4,talk,13,1,3,あたしはハルが占い師だと信じているのよ。サクラに投票したいわ。みんな考え直して！@ハルハル、占い結果をみんなで共有して不安を減らそうよ！
4,talk,14,2,9,皆さん、サクラさんやカイが退場した今、どう考えてますか？状況は厳しいです。
4,talk,15,2,7,サクラとカイ不在で材料減。でもサキとケン要注目！
4,talk,16,2,8,ミカさん…！不運だ…！皆で話し合って@サキさんに投票したいな！
4,talk,17,2,1,@ケン、なぜ毎回核心に触れずに濁す？理由が知りたい
4,talk,18,2,11,真なる敵はハル殿だ。彼を吊ろう。
4,talk,19,2,2,ケンはずっと理由を曖昧にしてる気がする、もう少し説明ほしいな
4,talk,20,2,3,ハルが本物の占い師だと思うから、彼の言うことを大切にするべきなのよ。サキ、疑ってるけど根拠を聞かせて@サキサキ、何が気になってるの？疑念を持つ理由を教えてくれると嬉しいわ。
4,talk,21,3,9,私はサキさんに投票する予定です。彼女の発言に不安を感じているからです。@サキ不安要素が多すぎると感じています。なぜそう思うのか教えてください。
4,talk,22,3,7,議論が白熱してるね！今はサキが注目されてるよね。他に怪しい人いる？
4,talk,23,3,8,@サキさん、ごめんね…！ちょっと気になるかな！
4,talk,24,3,1,@ケン、発言が曖昧すぎる。今日は君に投票しようと思う。
4,talk,25,3,11,彼は偽りの光を灯している。
4,talk,26,3,2,ケンは理由をはぐらかしすぎる。今日はケンに投票します
4,talk,27,3,3,ハルの占い結果はどうだったのか、みんなで確認しようよ！サキについての考えを持ち寄るのも大事だよね。
4,vote,1,11
4,vote,2,11
4,vote,3,2
4,vote,7,2
4,vote,8,2
4,vote,9,2
4,vote,11,7
4,execute,2,VILLAGER
5,status,1,VILLAGER,ALIVE,SunameLLi-A1,タクヤ
5,status,2,VILLAGER,DEAD,SunameLLi-B1,サキ
5,status,3,VILLAGER,ALIVE,kanolab3,マリ
5,status,4,VILLAGER,DEAD,GAIT1,ミカ
5,status,5,VILLAGER,DEAD,SunameLLi-C1,アベル
5,status,6,VILLAGER,DEAD,CanisLupus-C1,ユウ
5,status,7,WEREWOLF,ALIVE,CamelliaDragons1,ハル
5,status,8,WEREWOLF,ALIVE,CanisLupus-B1,リナ
5,status,9,WEREWOLF,ALIVE,kanolab-a1,あかり
5,status,10,BODYGUARD,DEAD,kanolab-b1,タケシ
5,status,11,MEDIUM,ALIVE,CanisLupus-A1,ケン
5,status,12,POSSESSED,DEAD,mille1,サクラ
5,status,13,SEER,DEAD,kanolab-c1,カイ
5,result,3,3,WEREWOLF