0,status,1,BODYGUARD,,GAIT1,ユリ
0,status,2,MEDIUM,ALIVE,CanisLupus-B1,ハル
0,status,3,POSSESSED,ALIVE,CamelliaDragons1,アリス
0,status,4,SEER,ALIVE,SunameLLi-A1,タク
0,status,5,VILLAGER,ALIVE,mille1,ミユ
0,status,6,VILLAGER,ALIVE,CanisLupus-A1,ハナ
0,status,7,VILLAGER,ALIVE,CanisLupus-C1,リリィ
0,status,8,VILLAGER,ALIVE,kanolab-c1,リョウ
0,status,9,VILLAGER,ALIVE,kanolab7,オリバー
0,status,10,VILLAGER,ALIVE,kanolab-b1,ケン
0,status,11,WEREWOLF,ALIVE,kanolab-a1,トモ
0,status,12,WEREWOLF,ALIVE,SunameLLi-B1,カズ
0,status,13,WEREWOLF,ALIVE,SunameLLi-C1,アミ
0,whisper,0,0,13,アミです。人狼です。
0,whisper,1,0,12,カズです。人狼です。
0,whisper,2,0,11,僕たち、村人としてやっていくんだよね！
0,whisper,3,1,13,Over
0,whisper,4,1,12,Over
0,whisper,5,1,11,僕たち、村人としてやっていくんだよね！
0,whisper,6,2,11,人狼陣営が勝つためには、騎士や占い師を狙うのが大事だね。
0,whisper,7,3,11,最近、占い師が自称してるプレイヤーを見かけたよね。
0,talk,0,0,11,Over
0,talk,1,0,2,わーい！ハルとみんなとゲームだぁ！よろしくね！
0,talk,2,0,7,リリィと申します。皆さんの思考、拝見しましょうか。
0,talk,3,0,12,うまく話せるかわからないけど、よろしくお願いします
0,talk,4,0,8,Over
0,talk,5,0,13,みんなで協力して、最後まで頑張りたいな
0,talk,6,0,6,ハナだ！船乗りの傍らちと一杯やる店もやってんだ。よろしくな！
0,talk,7,0,9,Over
0,talk,8,0,10,Over
0,talk,9,0,4,タクだよ！みんなと遊べるのがめっちゃ楽しみ！
0,talk,10,0,3,アリスと申しますわ。不思議なご縁ですね。
0,talk,11,0,5,ぼくはミユ、村人ですよぅ！よろしくですよぅ！
0,talk,12,1,2,挨拶、おわり！だよ！
0,talk,13,1,7,Over
0,talk,14,1,12,えっと…緊張してるけど、なるべく発言します
0,talk,15,1,13,Over
0,talk,16,1,6,ハナだ。海風と酒と、楽しい酒場が好きだ。
0,talk,17,1,4,Over
0,talk,18,1,3,みなさま、ご機嫌麗しゅう。さて、どなたか初日から名乗りを上げる方はいらっしゃるかしら。
0,talk,19,1,5,Over
0,talk,20,2,2,Over
0,talk,21,2,12,Over
0,talk,22,2,6,Over
0,talk,23,2,3,占い師はまだ出てませんの？静けさが不安ですわ…。
0,talk,24,3,3,皆さま、お静かですのね…誰かお話しませんこと？
0,whisper,0,0,13,アミです。人狼です。
0,whisper,1,0,12,カズです。人狼です。
0,whisper,2,0,11,Over
0,whisper,3,1,13,Over
0,whisper,4,1,12,Over
0,divine,4,6,HUMAN
1,status,1,BODYGUARD,,GAIT1,ユリ
1,status,2,MEDIUM,ALIVE,CanisLupus-B1,ハル
1,status,3,POSSESSED,ALIVE,CamelliaDragons1,アリス
1,status,4,SEER,ALIVE,SunameLLi-A1,タク
1,status,5,VILLAGER,ALIVE,mille1,ミユ
1,status,6,VILLAGER,ALIVE,CanisLupus-A1,ハナ
1,status,7,VILLAGER,ALIVE,CanisLupus-C1,リリィ
1,status,8,VILLAGER,ALIVE,kanolab-c1,リョウ
1,status,9,VILLAGER,ALIVE,kanolab7,オリバー
1,status,10,VILLAGER,ALIVE,kanolab-b1,ケン
1,status,11,WEREWOLF,ALIVE,kanolab-a1,トモ
1,status,12,WEREWOLF,ALIVE,SunameLLi-B1,カズ
1,status,13,WEREWOLF,ALIVE,SunameLLi-C1,アミ
1,talk,0,0,12,占い師さん、今日COする予定はありますか？
1,talk,1,0,4,初めて会う人が多いからドキドキだね！すぐ信じちゃいそうだけど、怪しい動きしたらすぐ言うね
1,talk,2,0,10,みんなで力を合わせて人狼を見つけようぜ！
1,talk,3,0,13,初日は緊張するけど、情報共有しながら進めたいな
1,talk,4,0,7,Over
1,talk,5,0,5,アミさん、今日は緊張するけど、情報共有しながら進めたいなですよぅ！
1,talk,6,0,11,みんな、初日は緊張するね。情報共有大事だよ！
1,talk,7,0,8,みんなで情報共有するのは大事っすね！
1,talk,8,0,6,今日の占い結果はどうだった？名乗り出ろ！
1,talk,9,0,2,どきどき！だれかおうたいさんかなー？
1,talk,10,0,9,みんなさん、情報共有は大事ですね。
1,talk,11,0,3,皆さま、お静かですわね。占い師様、そろそろお名乗りを。
1,talk,12,1,12,占い師まだ出てこないですね、みんな慎重なんでしょうか
1,talk,13,1,4,初日だけど、みんなの希望もあるから占い師COする！昨晩はハナさんを占ったよ、村人だった！
1,talk,14,1,10,タクがハナを村人と占ったようだな。次はどうする？@カズお前、タクの占い結果どう思う？
1,talk,15,1,13,タクが占い師COしたけど、他に出る人いないかな？
1,talk,16,1,5,今日は冒険的なCOをするつもりだったんだけど、いいねですよぅ！
1,talk,17,1,11,タクの占い結果は良いスタートだね。@カズ次はタクをどう評価する？彼のCOは信頼できるかな？
1,talk,18,1,8,俺はタクが村人を占ったことで、彼を信頼するっす。@カズお前はタクの結果どう思う？もう少し話し合おうぜ！
1,talk,19,1,6,タクが占い師と名乗り、あたいは白だと出た。他は？
1,talk,20,1,2,だれかあやしいにおいする？くんくん！きょうはわからないひとからかなぁ？
1,talk,21,1,9,タクの結果を信じて、次は統一占いが良いです。@カズ君の考えでは、他の占い師出てくるべきじゃないかな？
1,talk,22,1,3,ご機嫌麗しゅう。タク様が占い師COですわ。他にもCOする方はいらっしゃらない？
1,talk,23,2,12,タクの占い先が無難すぎて、少し気になります
1,talk,24,2,4,次に誰を占うのがいいか、みんなの意見も聞きたいな
1,talk,25,2,10,タクの占い結果は信じるけど、ハナもCOしたのは気になるな。@カズタクとハナ、どっちが本物か見極めるべきだな。
1,talk,26,2,13,グレーの人たちの発言にも注目してみようよ
1,talk,27,2,5,グレーの人たちに注目してみようですよぅ！
1,talk,28,2,11,タクの結果は信頼できるけど、次の占い先は慎重に決めたいね。
1,talk,29,2,8,俺はタクの占い先を信じてるっす。タクを信じる理由は、最初に自分からCOして村人を占ったことだと思う。
1,talk,30,2,6,タクのおかげで、あたいは白いようだ。グレーから沈めるぞ。
1,talk,31,2,2,きょうは、まだよくわかんないひとから、えい！ってきめよーよ！
1,talk,32,2,9,全体的にタクの占い結果が信頼されているようですね。ですが、ハナが自称占い師なのは気になります。彼女の
1,talk,33,2,3,皆さま、今朝は空気が張り詰めてますわね。占い師はお一人？
1,talk,34,3,12,正直まだ決め手ないですが、今日はミユさんに投票します
1,talk,35,3,4,グレーから選びたいから、ミユさんに投票するよ
1,talk,36,3,10,タクは本物の占い師だろうな。グレーからミユに投票したのは慎重な行動だ。
1,talk,37,3,13,ミユさんの様子が気になるから、今日はそこに入れるね
1,talk,38,3,5,Over
1,talk,39,3,11,今日はみんなの意見を聞きたいな。ミユに投票するのは少し気になるよ。@カズミユの発言で気になる点があったかな？何かその点を教えてほしいよ。
1,talk,40,3,8,俺は次の占い先にオリバーを推したいっす。発言がしっかりしていて、村人としての意志を感じるからだ。@カズカズ、お前はオリバーの発言どう思う？少し気になる点ないか？
1,talk,41,3,6,人狼目線でこの状況はどう見えてる？
1,talk,42,3,2,ミユくんのこと、トモくんはなんで気になるのー？くんくん！
1,talk,43,3,9,タクが本物の占い師なら、今日はミユに投票が多いね。皆さんの理由も聞かせてほしいです。@カズ君はタクとハナ、どちらが信頼できると思う？少し迷っているのです。
1,talk,44,3,3,みなさま投票が早くて驚きました。ミユ様に注目の理由、深掘りしませんか？
1,vote,2,5
1,vote,3,5
1,vote,4,5
1,vote,5,10
1,vote,7,5
1,vote,8,5
1,vote,9,4
1,vote,10,12
1,vote,11,4
1,vote,12,5
1,vote,13,5
1,execute,5,VILLAGER
1,divine,4,11,WEREWOLF
1,whisper,0,0,11,タクの白判定は意外に強いけど、ケンの信頼度はどうかな？
1,whisper,1,0,13,まずはミユ吊り協力で疑われないようにしよう。
1,whisper,2,0,12,明日はミユ吊りに賛成で、次の噛みはケンかユリ狙いどう？タクは護衛されそうだから。
1,whisper,3,1,11,今日のフォーカスはユリかな、彼女は発言が控えめで目立たない印象だよ。
1,whisper,4,1,13,今日はケンかユリを噛みたい。ミユ吊り協力で目立たず進行しよう。発言も消極的な人に合わせがよさそう。
1,whisper,5,1,12,自分もケン噛みでいいと思うよ。タクは護衛ありそうだし、ミユ吊り路線は保守したい。
1,whisper,6,2,11,騎士や占い師がいると厄介だから、慎重に行動しよう！
1,whisper,7,2,13,今夜はケン噛みが安全そうだと思う。護衛が気になるならユリもあり。みんなの希望も聞きたい！
1,whisper,8,2,12,今夜はケン噛みが良さそう。タクは騎士に守られてるはず。投票はミユに合わせる？
1,whisper,9,3,11,ミユ吊りは妥当だけど、タクの信頼度をどうするかが課題だね。
1,whisper,10,3,13,今夜はケン噛みでどう？目立たず村に溶け込もう。占い師は明日様子見しよう。
1,whisper,11,3,12,今夜はケン狙いが無難。ユリも候補。明日から消極層に少し疑い振るね。
1,attackVote,11,3
1,attackVote,12,10
1,attackVote,13,10
1,attack,10,true
2,status,1,BODYGUARD,,GAIT1,ユリ
2,status,2,MEDIUM,ALIVE,CanisLupus-B1,ハル
2,status,3,POSSESSED,ALIVE,CamelliaDragons1,アリス
2,status,4,SEER,ALIVE,SunameLLi-A1,タク
2,status,5,VILLAGER,DEAD,mille1,ミユ
2,status,6,VILLAGER,ALIVE,CanisLupus-A1,ハナ
2,status,7,VILLAGER,ALIVE,CanisLupus-C1,リリィ
2,status,8,VILLAGER,ALIVE,kanolab-c1,リョウ
2,status,9,VILLAGER,ALIVE,kanolab7,オリバー
2,status,10,VILLAGER,DEAD,kanolab-b1,ケン
2,status,11,WEREWOLF,ALIVE,kanolab-a1,トモ
2,status,12,WEREWOLF,ALIVE,SunameLLi-B1,カズ
2,status,13,WEREWOLF,ALIVE,SunameLLi-C1,アミ
2,talk,0,0,12,@ユリ、今日はあまり発言が見えませんが、何か考えありますか
2,talk,1,0,4,トモを占ったら人狼だったよ！理由は直感なんだ
2,talk,2,0,2,みんな、つぎはだれがあやしいにおいするー？くんくん！
2,talk,3,0,9,タクが本物の占い師なら、ハナの発言が気になりますね。誰も彼女を疑っていないのは不自然です。
2,talk,4,0,13,@ユリ、さっきから静かだけど、何か思うことある？
2,talk,5,0,8,タク、お前の占い先はハナがいいと思うっす。無理なく推理ができるから、彼女の信頼度把握したい。
2,talk,6,0,3,闇が深まる静けさですね。皆さまのご意見も伺いたいですわ。
2,talk,7,0,11,タクが人狼判定を出したなら、真偽を追求すべきだね。@アミどう思う？問題を見極めよう！@アミどう思う？タクを支持するのか、他の占い先を考えるべきかアドバイスが
2,talk,8,0,7,タクさんの占い結果が出たね。トモさんについてよく話し合おう。
2,talk,9,0,6,占い師が一匹か。対抗なし…誰が真か見ものだな！
2,talk,10,1,12,トモさん黒判定だけで吊るのは早い気がします。過去の発言も見直しませんか
2,talk,11,1,4,@カズトモさん占ったのは、最近の発言が慎重だったからだよ
2,talk,12,1,2,ハルね、ドキドキしてきたぞ～！だれがあやしいかな？くんくん！
2,talk,13,1,9,タクが真の占い師なら、ハナの行動は怪しいですね。彼女の発言をもう少し深堀りしましょう。@カズカズ君、タクとハナのどちらを信じるか、意見を聞かせてもらえますか？
2,talk,14,1,13,@タク直感でトモを選んだ理由、もう少し詳しく知りたいな
2,talk,15,1,8,タクが本物の占い師なら、トモが黒だと疑うのは理解できるっす。ただ慎重に見極めるべきだ。@カズお前はタクの占い結果どう思う？実際のところ疑問が噴出しているから、意見を聞きたいっす！
2,talk,16,1,3,トモさん黒判定の根拠が薄いですわ。他に怪しい方は？
2,talk,17,1,11,ここまでの流れだと、タクが占い師である可能性が高いんだ。ハナも白確定だし、トモ狙いは少し早いかもよ。
2,talk,18,1,7,トモさんの反論…少し怪しいね。
2,talk,19,1,6,もしタクが偽物なら、今日の黒判定は罠だな！
2,talk,20,2,12,トモ吊りだけで安心できない気がします。他の議論も必要では
2,talk,21,2,4,@アミ直感もあるけど、慎重な感じに違和感あったから占ったよ
2,talk,22,2,2,タクくん、どうしてトモくんを占ったのー？くんくん！
2,talk,23,2,9,私もタクの占い結果には疑問が残りますね。トモを黒だとする理由も薄いです。皆さん、他に怪しい点はないで
2,talk,24,2,13,トモが黒って出たけど、@ハナの意見も参考にしたいな
2,talk,25,2,8,皆、タクが占った理由に違和感があるっす。トモを黒とする根拠が薄いと思う。
2,talk,26,2,3,タクさんの判定だけを頼りに吊るのは、些か早計ですわ。もっと皆さまのご意見、交わしませんこと？
2,talk,27,2,11,私はタクの黒判定には疑問があるよ。根拠が薄いだろう？他の可能性も探ろう！@アミどう思う？タクの判断は信じていいのかな？他に怪しいポイントがあれば教えてほしいな。
2,talk,28,2,7,タク真の可能性高いと言いつつ反論？変だ。
2,talk,29,2,6,なぜタクはトモを占った？人狼なら狙う相手か？
2,talk,30,3,12,トモに投票します。でも、ハナやユリも少し気になっています
2,talk,31,3,4,トモさんの発言にやっぱり違和感あったから投票するよ。
2,talk,32,3,2,タクくん、ちょっかんだけ？くんくん、もっとおしえてー！
2,talk,33,3,9,今日はタクの占い先に注目ですね。トモ以外にもハナが怪しく見えます。@カズ君はタクが占うべきプレイヤーをどう思う？他に怪しい人はいるかな？
2,talk,34,3,13,トモに投票するつもり。他の発言も明日しっかり見ていきたい
2,talk,35,3,8,Skip
2,talk,36,3,3,ユリさんの静けさが少し気になります。皆さまはどう思います？@ユリユリさん、ご意見お聞かせくださいませ。
2,talk,37,3,11,今の状況だとハナが気になるね。彼女も占い師を名乗ってるから、真贋をはっきりさせたいよ。オリバーはどう@オリバー最近の発言が印象的だから、彼女についての意見を聞きたいな。
2,talk,38,3,7,トモさん、黒を出されたのに、どうしてタクさんが真に見えるのかしら？
2,talk,39,3,6,もしタクが偽なら罠だぜ…人狼の狙いを考える時だ！
2,vote,2,11
2,vote,4,11
2,vote,6,4
2,vote,7,11
2,vote,8,11
2,vote,9,11
2,vote,11,4
2,vote,12,11
2,vote,13,11
2,execute,11,WEREWOLF
2,whisper,0,0,13,騎士護衛読みで、今夜はリリィ噛みどう？吊りはトモに流れそうだから派手な動きは避けるね
2,whisper,1,0,12,リリィ噛み希望。吊りはトモで合わせるね。ユリも後でいけそう。どう？
2,whisper,2,1,13,今夜はリリィ噛みでいいと思う。投票はトモに合わせるね。
2,whisper,3,1,12,リリィ噛み進行で大丈夫？トモはこのまま吊りで合わせるよ
2,whisper,4,2,13,リリィ噛みでOK。次はユリやオリバーを吊り候補に誘導したい。明日は整理っぽく発言するね。
2,whisper,5,2,12,ユリを次の吊り候補にしたい。オリバーも誘導しやすい。噛みはリリィで混乱狙い。目立たず流れ作ろう。
2,whisper,6,3,13,今夜はリリィ噛みでいこう。投票はトモに合わせて、明日からユリかオリバーを疑う形で話を広げたい。
2,whisper,7,3,12,次はユリを整理吊りに誘導したい。理由つけやすいし自然な流れで票集められそう。
2,attackVote,12,7
2,attackVote,13,7
2,attack,7,true
3,status,1,BODYGUARD,,GAIT1,ユリ
3,status,2,MEDIUM,ALIVE,CanisLupus-B1,ハル
3,status,3,POSSESSED,ALIVE,CamelliaDragons1,アリス
3,status,4,SEER,ALIVE,SunameLLi-A1,タク
3,status,5,VILLAGER,DEAD,mille1,ミユ
3,status,6,VILLAGER,ALIVE,CanisLupus-A1,ハナ
3,status,7,VILLAGER,DEAD,CanisLupus-C1,リリィ
3,status,8,VILLAGER,ALIVE,kanolab-c1,リョウ
3,status,9,VILLAGER,ALIVE,kanolab7,オリバー
3,status,10,VILLAGER,DEAD,kanolab-b1,ケン
3,status,11,WEREWOLF,DEAD,kanolab-a1,トモ
3,status,12,WEREWOLF,ALIVE,SunameLLi-B1,カズ
3,status,13,WEREWOLF,ALIVE,SunameLLi-C1,アミ
3,talk,0,0,12,僕、正直誰が人狼かわからなくて…やっぱりオリバーさんがちょっと怪しいです
3,talk,1,0,4,@オリバー、意見もっと詳しく教えてほしいな！
3,talk,2,0,3,私も気になりますわ。静けさの裏、何かありそうですもの。@オリバーお考えをもっと聞かせて。沈黙が謎めいて気になりますわ。
3,talk,3,0,8,俺が思うに、ハナの静けさが怪しいっす。人狼の可能性もあるから、しっかり意見を聞きたいっすね。
3,talk,4,0,13,@オリバー、昨日と比べて発言変わった気がするけど理由ある？
3,talk,5,0,2,オリバーくんとハナさん、どうかなぁ？ドキドキするね！
3,talk,6,0,6,占い師一人だが、霊媒や騎士もいるはずだ。人狼も潜んでるぜ。
3,talk,7,0,9,私が占い先にハナを推したいです。彼女の発言が占い師としての役割を果たしてないと思うのです。
3,talk,8,1,12,占い師の結果、全部信じていいのかな…？
3,talk,9,1,4,投票先ってどうやって決めてる？理由知りたいな
3,talk,10,1,3,グレラン続いてますね…情報少なくて不安ですわ。様子見ません？
3,talk,11,1,8,俺はハナがまだ信じられないっす。発言が淡白すぎて、人狼の可能性が見え隠れしてるんだよ。@アリスアリス、お前もハナの静けさ気になるか？少し掘り下げたいと思うんだけど。
3,talk,12,1,13,@ハナ、昨日から印象が少し変わった気がするけど理由はある？
3,talk,13,1,2,タクくんがほんものなら…だれがあやしいかな？くんくん！
3,talk,14,1,6,トモを沈めた意味を考えろ。タクの占いを、どう見る？
3,talk,15,1,9,タクやハナが占い師と名乗っているのは不自然です。誰が本物か、慎重に見極めましょう。@タク私としてはタクの占いが他のプレイヤーを疑わせる原因だと感じています。あなたはどう思いますか？
3,talk,16,2,12,僕、ハナさんの発言が薄いのが正直心配で…
3,talk,17,2,4,トモが人狼だったから投票や発言が似てた人注目したい
3,talk,18,2,3,静かな人ほど秘めた想いがあるものですわ。観察ですわね。@リョウ静かな人は秘めた想いがありますわ。観察しましょう。
3,talk,19,2,8,俺はハナに投票したいっす。彼女の発言が薄く、信頼が持てないからっす。
3,talk,20,2,13,オリバーの昨日の投票理由が気になってるんだ。他に根拠ある？
3,talk,21,2,2,ゆりくんもだんまりなの、きになるぞ～？@ユリ
3,talk,22,2,6,テメェら、狼の狙いを考えろ！
3,talk,23,2,9,タクの占い結果を信じるなら、ハナは占い師を名乗る資格がありません。私はタクを支えつつ、慎重に進めるべ
3,talk,24,3,12,正直まだ迷ってる。でもハナさん少し消極的かなって…
3,talk,25,3,4,トモ黒で村が前進したね。今日はオリバーに投票するよ。
3,talk,26,3,3,グレーに脅威の気配…今はまだ決めかねますわ。様子を見たいですわ。
3,talk,27,3,8,俺はハナが人狼の可能性が高いと思うっす。彼女の発言が薄く、他のプレイヤーをどう見ているのか分からない@アリスお前もハナの怪しさに気づいてるか？発言内容をしっかり見極めた方が良さそうだ。
3,talk,28,3,13,迷ったけど今日はオリバーに投票するね。理由は発言のぶれ
3,talk,29,3,2,おりばーくんのこと、みんなあやしいのかな？@オリバー
3,talk,30,3,6,リョウ、お前はあたいを吊りたいのか。なぜだ？説明してみろ。
3,talk,31,3,9,今の段階でハナの発言がいまいち明確でないのが気になります。他に理由を聞きたいです。@ハナ貴方の占い結果や意図を詳しく教えてもらえませんか？少し不安になっています。
3,vote,2,9
3,vote,3,9
3,vote,4,9
3,vote,6,8
3,vote,8,6
3,vote,9,6
3,vote,12,6
3,vote,13,9
3,execute,9,VILLAGER
3,divine,4,2,HUMAN
3,whisper,0,0,13,タク噛みはリスク高いけど、ハナ噛みなら無難かな。票はユリに集めやすそう。カズどう思う？
3,whisper,1,0,12,アミ、リョウ噛みどうかな？タクは今狙わず、投票はユリで合わせたほうが安全だと思う
3,whisper,2,1,13,今夜はリョウ噛みが安全そう。投票はユリに合わせよう。タクはまだ放置で大丈夫だと思う。どう思う？
3,whisper,3,1,12,今日リョウ噛みどう？議論誘導されそうだし、投票はユリに合わせるのが無難かも
3,whisper,4,2,13,今夜リョウ噛みで進行しよう。投票はユリ集めでOK？
3,whisper,5,2,12,リョウ噛みでいい？投票はユリに集めよう。タクは今は残しておくつもり。
3,whisper,6,3,13,カズ、今夜はタク噛みで勝負しよう。昼はユリ吊り狙いで進めない？票も合わせよう。
3,whisper,7,3,12,今夜はタク噛みたい。昼の投票はユリに合わせよう。護衛気にせず今が勝負どきだと思う。
3,attackVote,12,4
3,attackVote,13,4
3,attack,4,true
4,status,1,BODYGUARD,,GAIT1,ユリ
4,status,2,MEDIUM,ALIVE,CanisLupus-B1,ハル
4,status,3,POSSESSED,ALIVE,CamelliaDragons1,アリス
4,status,4,SEER,DEAD,SunameLLi-A1,タク
4,status,5,VILLAGER,DEAD,mille1,ミユ
4,status,6,VILLAGER,ALIVE,CanisLupus-A1,ハナ
4,status,7,VILLAGER,DEAD,CanisLupus-C1,リリィ
4,status,8,VILLAGER,ALIVE,kanolab-c1,リョウ
4,status,9,VILLAGER,DEAD,kanolab7,オリバー
4,status,10,VILLAGER,DEAD,kanolab-b1,ケン
4,status,11,WEREWOLF,DEAD,kanolab-a1,トモ
4,status,12,WEREWOLF,ALIVE,SunameLLi-B1,カズ
4,status,13,WEREWOLF,ALIVE,SunameLLi-C1,アミ
4,talk,0,0,13,ユリはこの状況であまり発言がないのが少し気になる
4,talk,1,0,12,ユリさん、発言が控えめで判断に迷います。不安です
4,talk,2,0,8,今日はハナを占うべきだと思うっす。彼女の言動が怪しさを増しており、真面目に占い師の役割を果たしている
4,talk,3,0,3,ユリさん、今日は静かですね。黙ってると怪しまれますよ？
4,talk,4,0,6,タクが襲撃された。奴が真だったなら、奴の占いは信じられるぜ。
4,talk,5,0,2,はるはね れいばいしさんだよ！わかったことあるの！
4,talk,6,1,13,ハナさんとリョウさんの意見、少しずれてる気がする
4,talk,7,1,12,@アリス、リョウさんの意見、もう少し聞きたいかも
4,talk,8,1,8,今日はハナの発言内容をしっかり確認しよう。彼女の信頼度が低いっす。@カズお前もハナの発言に疑問を持ってるか？しっかり判断しようぜ。
4,talk,9,1,3,ハルさん、霊媒結果を早くお聞かせ願えませんこと？推理の糸口になるやもしれませんわ。@ハル霊媒結果を早くお聞かせ願えませんこと？推理の糸口になるやもしれませんわ。
4,talk,10,1,6,ハルよ、霊媒結果をぶちまけな！それが証拠だ！
4,talk,11,1,2,ミユくんにんげんさん、トモくんおおかみさん、おりばーくんにんげんさんだったのー！
4,talk,12,2,13,リョウの言い方少し強いね。理由もう少し聞きたいな
4,talk,13,2,12,ユリさんの発言が控えめに感じて少し気になります
4,talk,14,2,8,ハナは偽の占い師だったかもしれないっす。みんな、よく考えてみて！
4,talk,15,2,3,ハルさん霊媒結果興味深いですね。少しずつ整理されてきました。
4,talk,16,2,6,ハルが出した結果だ！こいつを信じるか？他に何か見るべきか？話そうぜ！
4,talk,17,2,2,わるいおおかみあと２ひき！だれをばいばいするー？
4,talk,18,3,13,今回はユリさんに入れるね。みんなの意見もしっかり見てるよ
4,talk,19,3,12,正直、決めきれないけど…今回はユリさんに入れます
4,talk,20,3,8,俺はハナが黒の可能性が高いと思うっす。タクが真なら、彼女は偽の占い師だ。@アリスお前はハナの発言どう見てる？彼女の信ぴょう性について意見を聞かせてほしいっす。
4,talk,21,3,3,ハナさん、初日から慎重過ぎて怪しく映りますわ。@リョウハナさん、私は少し疑念がございますの。
4,talk,22,3,6,@ユリ、黙ってたら沈められるぜ。意見を言え！
4,talk,23,3,2,ゆりくん、だんまりだね？なにかいってー！
4,vote,6,8
4,vote,8,6
4,execute,6,VILLAGER
4,whisper,0,0,12,リョウ噛みが有力だと思う。理由は上に書いた通り。票もバラけさせたい。ハルは様子見て次吊りでもいい？
4,whisper,1,0,13,まずリョウを噛みたい。発言力と誘導が脅威。ユリ吊り路線で票合わせて。昼はハルの霊媒真偽も揺さぶろう。
4,whisper,2,1,12,リョウを今夜噛もう。昼はユリに票集中でいこう。ハル揺さぶりも用意する。
4,whisper,3,1,13,リョウを今夜噛みたい。ユリ吊り中心に誘導しよう。カズは目立たず合わせて！
4,whisper,4,2,12,リョウ噛みで賛成。昼はユリ吊り推しつつ、アリスも揺さぶるね。何か気になるとこあったら教えて。
4,whisper,5,2,13,リョウ噛みでいこう。このままならユリ吊りも狙えるから、票は合わせてね。
4,whisper,6,3,12,リョウ噛みが安全そう。昼はユリ吊り狙いで合わせよう。ハルの霊媒信用しすぎない形も準備しておくね。
4,whisper,7,3,13,@カズ、ユリに票合わせよう。もし流れたらアリスに切り替えも考えて。今夜はハル噛みでいこう。
4,attackVote,12,2
4,attackVote,13,2
4,attack,2,true
5,status,1,BODYGUARD,,GAIT1,ユリ
5,status,2,MEDIUM,DEAD,CanisLupus-B1,ハル
5,status,3,POSSESSED,ALIVE,CamelliaDragons1,アリス
5,status,4,SEER,DEAD,SunameLLi-A1,タク
5,status,5,VILLAGER,DEAD,mille1,ミユ
5,status,6,VILLAGER,DEAD,CanisLupus-A1,ハナ
5,status,7,VILLAGER,DEAD,CanisLupus-C1,リリィ
5,status,8,VILLAGER,ALIVE,kanolab-c1,リョウ
5,status,9,VILLAGER,DEAD,kanolab7,オリバー
5,status,10,VILLAGER,DEAD,kanolab-b1,ケン
5,status,11,WEREWOLF,DEAD,kanolab-a1,トモ
5,status,12,WEREWOLF,ALIVE,SunameLLi-B1,カズ
5,status,13,WEREWOLF,ALIVE,SunameLLi-C1,アミ
5,talk,0,0,3,静けさが村に沈む夜明けです。皆さま、お考えをお聞かせくださいませ。
5,talk,1,0,12,ユリさん、発言少なくて判断迷います。何か思うことありますか
5,talk,2,0,8,今回はユリが怪しいと思うっす。発言が少なくて、判断材料がかなり欠けてるから、もう少し意見を出してほし@カズお前はユリについてどう思う？@カズ
5,talk,3,0,13,ユリさん、昨日から発言減ってるけど何か考えある？
5,talk,4,1,3,ユリさんの沈黙がますます意味深ですわ。疑念も募る夜風……何か語ってはいただけませんか？@ユリ沈黙が続きますが、村の存亡に関わりましょう。心中お察ししますが――どうか一言お願いいたしますわ。
5,talk,5,1,12,ここで間違えるの怖い…。みんな疑う理由教えてほしい
5,talk,6,1,8,今夜の占い先はアリスが良いと思うっす。彼女の発言が微妙だし、不安定さが見えるからこそ、真偽を見極める
5,talk,7,1,13,ユリの発言が少ないと、どうしても気になっちゃうな
5,talk,8,2,3,お気持ち分かります。沈黙も判断材料ですが、皆さまの発言も聞きたいです。
5,talk,9,2,12,ユリさん発言が少なくて判断に迷ってます…
5,talk,10,2,8,俺はユリを占うべきだと思うっす。彼女の発言が少なくて怪しさが際立ってるから、真偽をはっきりさせるべき@カズお前はユリの静けさについてどう考える？少し気になる点があるから意見を聞かせてくれ。
5,talk,11,2,13,ユリの静かな姿勢が逆に気になるかな。消極的なのは怪しい
5,talk,12,3,3,皆さまの意見、胸に留めます。静かに見守りますわ。
5,talk,13,3,12,消極的で判断できず…悩みましたがユリさんに投票します
5,talk,14,3,8,引き続きユリの発言を待つべきだっす。彼女の情報が欠けてるから、判断が難しすぎる。お前らも考えてみてく
5,talk,15,3,13,色々考えたけど、今回はユリに投票するよ
5,vote,13,3
5,execute,3,POSSESSED
6,status,1,BODYGUARD,,GAIT1,ユリ
6,status,2,MEDIUM,DEAD,CanisLupus-B1,ハル
6,status,3,POSSESSED,DEAD,CamelliaDragons1,アリス
6,status,4,SEER,DEAD,SunameLLi-A1,タク
6,status,5,VILLAGER,DEAD,mille1,ミユ
6,status,6,VILLAGER,DEAD,CanisLupus-A1,ハナ
6,status,7,VILLAGER,DEAD,CanisLupus-C1,リリィ
6,status,8,VILLAGER,ALIVE,kanolab-c1,リョウ
6,status,9,VILLAGER,DEAD,kanolab7,オリバー
6,status,10,VILLAGER,DEAD,kanolab-b1,ケン
6,status,11,WEREWOLF,DEAD,kanolab-a1,トモ
6,status,12,WEREWOLF,ALIVE,SunameLLi-B1,カズ
6,status,13,WEREWOLF,ALIVE,SunameLLi-C1,アミ
6,result,2,2,WEREWOLF