0,status,1,VILLAGER,ALIVE,kanolab-b1,ハル
0,status,2,VILLAGER,ALIVE,kanolab-a1,タカシ
0,status,3,VILLAGER,ALIVE,CanisLupus-A1,カズマ
0,status,4,VILLAGER,ALIVE,kanolab8,アーサー
0,status,5,VILLAGER,ALIVE,CanisLupus-C1,ミユ
0,status,6,VILLAGER,ALIVE,GAIT1,カナト
0,status,7,WEREWOLF,ALIVE,SunameLLi-B1,アヤ
0,status,8,WEREWOLF,ALIVE,SunameLLi-A1,リナ
0,status,9,WEREWOLF,ALIVE,SunameLLi-C1,アリア
0,status,10,BODYGUARD,ALIVE,mille1,タクミ
0,status,11,MEDIUM,ALIVE,CamelliaDragons1,ルカ
0,status,12,POSSESSED,ALIVE,kanolab-c1,ユウ
0,status,13,SEER,ALIVE,CanisLupus-B1,ユキ
0,whisper,0,0,7,アヤです。人狼です。
0,whisper,1,0,8,リナです。人狼です。
0,whisper,2,0,9,アリアです。人狼です。
0,whisper,3,1,7,Over
0,whisper,4,1,8,Over
0,whisper,5,1,9,Over
0,talk,0,0,10,ぼくはタクミ、村人ですよぅ！よろしくですよぅ！
0,talk,1,0,2,Over
0,talk,2,0,1,Over
0,talk,3,0,12,Over
0,talk,4,0,13,ユキです！みんなで力を合わせて、頑張りましょう！
0,talk,5,0,11,皆さん、私は霊媒師です。毎日情報開示を約束します。
0,talk,6,0,5,私はミユ。人の本質を見抜くのが趣味だ。
0,talk,7,0,6,よろしく、タクミ！村人と協力していい結果を出そうね！ユキ、ルカ、ミユもよろしく！
0,talk,8,0,3,カズマ…よろしく。森…静か…好き。
0,talk,9,0,7,小さな発言の変化から真実を拾いたいですね
0,talk,10,0,4,Over
0,talk,11,0,9,私の沈黙が、皆の声をより鮮明に映すはずよ
0,talk,12,0,8,ちょっとした仕草にも大きな意味があるものよ、気を抜かないで
0,talk,13,1,10,Over
0,talk,14,1,13,えへへ、です！
0,talk,15,1,11,私だけがCOしています。対抗がいればCOお願いします。
0,talk,16,1,5,Over
0,talk,17,1,6,カズマ、森が好きなんですね！静かな場所でリラックスできそう。みんなで頑張ろう！
0,talk,18,1,3,Over
0,talk,19,1,7,小さな違和感も見逃さない姿勢を大切にします
0,talk,20,1,9,Over
0,talk,21,1,8,和やかに見えても、その裏側に本音が隠れていそうね
0,talk,22,2,13,Over
0,talk,23,2,11,現状、霊媒師COは私だけですね。皆さん様子見中かな？
0,talk,24,2,6,アヤ、素晴らしい姿勢だね！本音が隠れているかも。ルカ、霊媒師の情報を頼りにしよう！
0,talk,25,2,7,微細な変化や沈黙の意味も見逃さないつもりです
0,talk,26,2,8,Over
0,talk,27,3,11,皆さん静かで慎重ですね。そろそろ占い師のCOも聞きたいところですが、どうでしょう。
0,talk,28,3,6,アヤ、その姿勢は大事だね！ルカ、占い師のCOがあれば、ぜひ聞きたいね。みんな、どう思う？
0,talk,29,3,7,小さな違和感や沈黙も決して見逃しません
0,whisper,0,0,7,アヤです。人狼です。
0,whisper,1,0,9,アリアです。人狼です。
0,whisper,2,0,8,リナです。人狼です。
0,whisper,3,1,7,Over
0,whisper,4,1,9,Over
0,whisper,5,1,8,Over
0,divine,13,7,WEREWOLF
1,status,1,VILLAGER,ALIVE,kanolab-b1,ハル
1,status,2,VILLAGER,ALIVE,kanolab-a1,タカシ
1,status,3,VILLAGER,ALIVE,CanisLupus-A1,カズマ
1,status,4,VILLAGER,ALIVE,kanolab8,アーサー
1,status,5,VILLAGER,ALIVE,CanisLupus-C1,ミユ
1,status,6,VILLAGER,ALIVE,GAIT1,カナト
1,status,7,WEREWOLF,ALIVE,SunameLLi-B1,アヤ
1,status,8,WEREWOLF,ALIVE,SunameLLi-A1,リナ
1,status,9,WEREWOLF,ALIVE,SunameLLi-C1,アリア
1,status,10,BODYGUARD,ALIVE,mille1,タクミ
1,status,11,MEDIUM,ALIVE,CamelliaDragons1,ルカ
1,status,12,POSSESSED,ALIVE,kanolab-c1,ユウ
1,status,13,SEER,ALIVE,CanisLupus-B1,ユキ
1,talk,0,0,1,皆さん、状況を整理してみましょうなのよ。
1,talk,1,0,11,霊媒師COは今のところ私だけですね。占い師の方もそろそろCOをお願いします。
1,talk,2,0,6,ルカが霊媒師COしたね。占い師もCOして、情報を共有しよう！
1,talk,3,0,8,みんな余裕なふりだけど仕草がいつもより硬いわね
1,talk,4,0,5,霊媒師COは出たようだが、肝心の占い師はまだか。真実を照らす者は速やかに姿を見せるべきだろう。
1,talk,5,0,9,沈黙の裏にある“本音”にこそ目を向けたい
1,talk,6,0,4,ルカの霊媒師COは良いけど、占い師の情報がないのは不安だよね～。
1,talk,7,0,2,みんな、霊媒師が出たなら占い師も名乗り出るべきですか？
1,talk,8,0,12,僕が占い師だよ！結果はミユが黒だったんだ！
1,talk,9,0,13,ユキです！私占い師です！アヤさん人狼でした！@ユウさんもですか…？
1,talk,10,0,3,占い師…2人。森…ざわつく。どちらが…本当？
1,talk,11,0,10,難しいねですよぅ！
1,talk,12,0,7,初日は数字と発言を追って判断したい。感情論は避けてほしい
1,talk,13,1,1,霊媒師のルカさんが真か疑わしいと思うのよ。@カズマ占い師が二人いるから、どちらが真か見極めないとね。
1,talk,14,1,11,占い師が同時CO、面白いですね。占い理由教えて！
1,talk,15,1,6,占い師が二人いるのは混乱だね。ユウとユキ、どちらが真？理由を聞いて整理しよう！
1,talk,16,1,8,黒判定で一気に決め打つのは少し早い気がするわ
1,talk,17,1,5,ユウとユキのどちらが真か…見物だ。安易な黒判定で惑わされてはならぬ。今日の標的は未知なる駒だ。
1,talk,18,1,9,黒判定が2人同時は珍しい、理由をもう少し聞きたい
1,talk,19,1,4,占い師が二人いるのは混乱だよね。どちらが真か判断が難しい。@ユウ君の占い理由を具体的に教えてほしいな。
1,talk,20,1,2,占い師はルカを占うべきですか？霊媒で真偽を確かめるために！@ユウユウ君、ルカさんの占い理由が気になります。どう思う？
1,talk,21,1,12,ユキが占い師を名乗ったけど、やっぱり僕が本物だよ！
1,talk,22,1,13,私の占い結果はアヤさんが黒でした！えへへ
1,talk,23,1,3,今日…影の中から決める。
1,talk,24,1,10,カズマは…村人ですよね？ですよぅ！
1,talk,25,1,7,占い師の判定理由が曖昧です。具体的な根拠を聞きたいですね。
1,talk,26,2,1,ユウとユキのどちらが真か、慎重に検討するべきなのよ。
1,talk,27,2,11,占い理由を時系列で簡単に教えてもらえますか？
1,talk,28,2,6,ユウとユキの占い理由が気になるね。二人とも具体的に教えてもらえる？それをもとに判断したいな。
1,talk,29,2,8,占い師同士で主張が食い違ってるわね。どちらもまだ信じ切れないわ
1,talk,30,2,5,安易な判定に飛びつく貴殿らは無価値だ。真贋を見抜く別の視点を示せ。
1,talk,31,2,9,ユウもユキも判定理由が薄いわね。本当に信用できるかしら
1,talk,32,2,4,ユウとユキが占い師を名乗るのは面白い状況だよね。各自の理由を整理した方がいいと思うよ。
1,talk,33,2,2,占い師はユウさんが真なら、ミユを占うべきですか？彼女が人狼の可能性あるから、検証が必要ですか。
1,talk,34,2,12,今回の状況、ユキの発言や動きが怪しいと思うよ。@ユキ具体的な占い理由をもっと詳しく教えて！
1,talk,35,2,13,私はアヤさんが人狼だと信じています！みんなで助け合いましょうね！
1,talk,36,2,3,影に…隠れる…人。そいつを見る。
1,talk,37,2,10,裏に…隠れる…人ですよぅ！
1,talk,38,2,7,ユキの判定、昨日までの私の行動と合いません。不自然です
1,talk,39,3,1,ユウさんが本物としたら、ユキさんの黒判定に疑問なのよ。@ユキもう少し詳しく教えてほしいの。@ユキあなたの占い理由、もう少し具体的に教えてもらえないかしら？それが
1,talk,40,3,11,理由が薄いですね。もっと根拠を示してほしいです。
1,talk,41,3,6,ユキの占い理由が疑問視されているね。具体的な根拠を示して！
1,talk,42,3,8,どちらも説得力がなく迷うわ。私は消去法でユウに入れる
1,talk,43,3,5,無価値な駒に投票するのが最善だ。
1,talk,44,3,9,私はユウに投票するわ。理由の説明が曖昧なままなのが引っかかる
1,talk,45,3,4,やっぱりユウとユキの占い主張が混乱を生んでるね。どちらかが嘘だよね。@ユウ占い結果の具体的な理由をもう少し詳しく教えて欲しいな。信頼できるか判断したいんだ。
1,talk,46,3,2,私もユウの占い理由が薄いと感じてますね。@ユウユウ、占いの具体的な理由を教えてもらえますか？気になります。
1,talk,47,3,12,ユキが占い師を名乗るのは、リスクが高い行動だよ。みんなも注意した方がいいと思う。
1,talk,48,3,13,私はアヤさんが黒判定でした！信じてくださいね！
1,talk,49,3,3,影から…言葉を聞きたい。
1,talk,50,3,10,Over
1,talk,51,3,7,ユウの判定は不透明な部分が多い。私はユウに入れます
1,vote,1,13
1,vote,2,13
1,vote,3,9
1,vote,4,12
1,vote,5,10
1,vote,6,12
1,vote,7,12
1,vote,8,12
1,vote,9,12
1,vote,10,2
1,vote,11,12
1,vote,12,5
1,vote,13,7
1,execute,12,POSSESSED
1,divine,13,3,HUMAN
1,whisper,0,0,8,占い師噛みたいけど護衛怖いわね。ユウとユキ、どっち狙う？
1,whisper,1,0,9,ユキ噛み希望。黒出しでこちらに矛先集中してるわ。占いローラー誘導も推したい
1,whisper,2,0,7,ユウ噛み賛成。護衛薄いタイミングだと思う。占いロラ主張で盤面維持しよう。
1,whisper,3,1,8,今夜はユウ噛み希望よ。護衛薄そうだし、混乱も作れる。占いローラー主張も続けるつもり。
1,whisper,4,1,9,占い師ローラー一択推しで行くわ。余裕ある振る舞いも忘れずにね。ユキ吊り最優先で。
1,whisper,5,1,7,ユウ噛み進行で異論なければ押します。明日はユキ吊り推し。護衛は霊媒師濃厚、ルカ噛みは一日様子見で。
1,whisper,6,2,8,ユウ噛みでいきたいわ。次の日はユキ吊りに誘導しましょう。霊媒師はまだ泳がせて、役職割れにも備えたい。
1,whisper,7,2,9,ユウ噛みで進めるべき。明日は占いローラー推し。アヤ庇いすぎないよう注意しよう。
1,whisper,8,2,7,ユキ吊り推しで進める。占い師ローラーを提案、ルカ噛みは次の噛み筋で検討。
1,whisper,9,3,8,今夜はユウ噛みで占い師を減らしましょう。
1,whisper,10,3,9,占い師ローラー押そう。今夜はユウ噛みで同意ほしい。ユキは次で。
1,whisper,11,3,7,今夜はユウ噛みが最優先。ユキは翌日吊り推し。霊媒はまだ放置で混乱維持したい。
1,guard,10,13,SEER
1,attackVote,7,13
1,attackVote,8,13
1,attackVote,9,13
1,attack,13,false
2,status,1,VILLAGER,ALIVE,kanolab-b1,ハル
2,status,2,VILLAGER,ALIVE,kanolab-a1,タカシ
2,status,3,VILLAGER,ALIVE,CanisLupus-A1,カズマ
2,status,4,VILLAGER,ALIVE,kanolab8,アーサー
2,status,5,VILLAGER,ALIVE,CanisLupus-C1,ミユ
2,status,6,VILLAGER,ALIVE,GAIT1,カナト
2,status,7,WEREWOLF,ALIVE,SunameLLi-B1,アヤ
2,status,8,WEREWOLF,ALIVE,SunameLLi-A1,リナ
2,status,9,WEREWOLF,ALIVE,SunameLLi-C1,アリア
2,status,10,BODYGUARD,ALIVE,mille1,タクミ
2,status,11,MEDIUM,ALIVE,CamelliaDragons1,ルカ
2,status,12,POSSESSED,DEAD,kanolab-c1,ユウ
2,status,13,SEER,ALIVE,CanisLupus-B1,ユキ
2,talk,0,0,5,霊媒師、ユウの判定は？占い師、今日の報告を聞かせろ。
2,talk,1,0,7,ユキの占い理由に違和感がある。なぜ私を選んだ？
2,talk,2,0,10,よく思考を深めるのですよぅ！
2,talk,3,0,2,ユキの占いが本物なら、アヤが疑わしいですね。次の占い先はアヤが良いかと。
2,talk,4,0,3,@ルカ…ユウは…どうなった…？
2,talk,5,0,6,ユキの占い結果に疑問が残るね。アヤが黒判定された理由を詳しく聞きたい！みんなも意見を出してほしい！
2,talk,6,0,4,ユキが本物の占い師じゃないなら、リスクが高い行動だよね。みんな疑問を持つのも当然だよね。
2,talk,7,0,8,騎士がまだ名乗らないの、不思議に感じてるわ
2,talk,8,0,9,ユキが出した黒結果、動機がまだ掴めないわ。理由を詳しく知りたい
2,talk,9,0,11,ユウさんは人間判定でした。視点整理しましょう。
2,talk,10,0,1,ユウがいなくなった今、ユキの占い結果に注目する必要があるのよ。@ユキあなたの判定理由、もっと詳しく教えてね！@ユキあなたのアヤさんについての占い結果の根拠を知りたいの。
2,talk,11,0,13,アヤさんが黒の理由…占い能力の結果なんですよ！でも信じてください！カズマさんは人間でした！
2,talk,12,1,5,なるほど、ユウは人間判定か。ユキ、アヤが黒の理由は薄いぞ。えっ、カズマが白か？
2,talk,13,1,7,ユキの黒判定って進行的に早すぎない？他も冷静に見たい
2,talk,14,1,10,アヤの言い分は理解できないですよぅ！
2,talk,15,1,2,ユキが本物なら、アヤ以外の津軽な占い先が必要だと思うですか。信頼関係を築くために、皆で行動して行きた@ユキアヤは人狼かもしれないので、他を占うのもありかと。少し考え直してみて？
2,talk,16,1,3,@ユキ…なぜアヤを黒と占った？聞く。
2,talk,17,1,6,ユキがアヤを黒判定した理由が不明確だね。具体的な根拠を示して！みんなの意見も聞こう！
2,talk,18,1,4,ユウがいなくなった今、ユキの占い結果が重要だよね。@ユキ、アヤを黒とした証拠は何か教えて？@ユキ信頼を得るには根拠が必要だと思うんだ。
2,talk,19,1,8,アヤが本当に黒なら、どの位置が切れてるか気になるわ
2,talk,20,1,9,霊媒師の判定も絶対じゃない。裏を取る方法は？
2,talk,21,1,11,議論整理します。ユウさんは白、人外判定はユキ→アヤ黒、カズマ白です。
2,talk,22,1,1,今後、ユキの占い結果を検証する必要があるのよ。@ユキアヤの具体的な行動も教えてね。@ユキ理由が不明確だから、信頼を築くために必要なの。何があったのか、一
2,talk,23,1,13,アヤさん黒、カズマさん白でした！今日はアヤさんへ投票をお願いします！
2,talk,24,2,5,ルカの霊媒ユウは人間と出た。ユキ真なら、アヤが人狼となる。@アヤ、反論はあるか？
2,talk,25,2,7,ユウ追放で白確認されたのに、なぜユキはそれに続いて私を黒に断定できた？論理が飛躍している気がする
2,talk,26,2,10,アヤさんの意見は理論的だと思いますよぅ！
2,talk,27,2,2,ユウが退場した今、ユキの真贋が重要ですか。アヤの黒判定がどれほど信頼できるか、他の意見も聞きたいです
2,talk,28,2,3,言葉のざわめき…森…静かにならない。
2,talk,29,2,6,ユキのアヤへの黒判定が論理的でないね。アヤの反論も的を射てる。意見を出して！
2,talk,30,2,4,ユウが退場し、ユキが黒判定したアヤが怪しいね。でも他にも考慮すべき点はあるよね。みんなの意見をもっと
2,talk,31,2,8,ユキの判定、ちょっと急ぎすぎじゃない？落ち着いて精査したいわ
2,talk,32,2,9,ユキの黒判定だけでは判断できないわ。焦らず見極めることが大事よ。
2,talk,33,2,11,ユウさんは人間。ユキさんの黒主張、成り立たないですよ。
2,talk,34,2,1,今日はユキの黒判定が怪しいのよ。@ユキもう少し具体的な根拠がほしいの。誰か他のプレイヤーを占うことも考えてみない？@ユキ具体的な理由が必要
2,talk,35,2,13,アヤさんの黒は能力の結果です！私の占い信じてほしいな！
2,talk,36,3,5,ルカの判定は興味深い。ユキ真偽にアヤの黒…狼ならどう動く？
2,talk,37,3,7,@ユキ判定理由の一貫性を感じません。私はユキに投票します。
2,talk,38,3,10,Over
2,talk,39,3,2,ユウが占い師だと判断されるのは明らかだね。他の占い師には注意が必要だよ。@ユキユキ、アヤの黒判定について信じられない人も多いみたいだけど、詳しい理由をもう一度説明してくれる？
2,talk,40,3,3,夜の音…何も無かった。守り人か？
2,talk,41,3,6,ユキの判定理由が一貫していないね。具体的な理由を求めて、冷静に見極めよう！
2,talk,42,3,4,ユウが退場した今、ユキの信頼性も低下したね。アヤを疑うのは理解できるけど、慎重にならないといけないね@ユキユキ、判定理由の詳細をもう一度教えてほしい。具体的な裏付けが必要だと思うんだ。
2,talk,43,3,8,判定の内容が急ぎすぎて信用できないわ。ユキに投票する
2,talk,44,3,9,焦りは禁物よ。数字上でもユキは信じ切れない。投票するわ
2,talk,45,3,11,ユキさんの判断基準が不明です。冷静に話し合いましょう。
2,talk,46,3,1,アヤさんの占い結果がミユの黒で紹介され、ユキが伝えられた内容も目を惹くのよ。@ユキ本当に根拠はあるのか、みんなで確認すべきなの。@ユキ説明を待っているのよ。@ユキもう一度、アヤさんの
2,talk,47,3,13,アヤさんへの投票をお願いします！信じて！
2,vote,1,13
2,vote,2,13
2,vote,3,13
2,vote,4,13
2,vote,5,7
2,vote,6,13
2,vote,7,13
2,vote,8,13
2,vote,9,13
2,vote,10,6
2,vote,11,13
2,vote,13,7
2,execute,13,SEER
2,whisper,0,0,9,グレー噛み狙うならミユかタカシが低リスクそう。昼はユキ吊り推しでいくわ。どう思う？
2,whisper,1,0,8,ユキ吊りで流れは問題なさそう。次はミユかタカシ噛み、どちらが安全か意見ほしいわ
2,whisper,2,0,7,ミユ噛み希望。発言力が警戒。異論あればすぐ意見ほしい。昼はユキ吊り誘導維持で。
2,whisper,3,1,9,今夜はミユを噛みたいわ。昼はユキ吊り推しで進めるつもり。意見ある？
2,whisper,4,1,8,今夜はミユ噛みでいくのが無難そう。昼はユキ吊りの流れで押して進行しよう
2,whisper,5,1,7,ユキ吊り推しで進める。夜はミユ噛み希望。判断材料は発言重視で。票ぶれ注意しよう。
2,whisper,6,2,9,次はユキ吊り誘導で問題ないわ。ミユ噛み優先を提案する。役職潰し急がず盤面揺らして
2,whisper,7,2,8,今夜はユキ吊りに集中、夜はミユ噛み優先で。票ぶれ厳禁よ
2,whisper,8,2,7,ミユ噛み賛成。発言力削るのが安全。票は絶対合わせよう
2,whisper,9,3,9,今夜はミユ噛みが最善ね。昼はユキ吊り推進、票合わせ重視で行きましょう。役職噛みはまだ温存したいわ。
2,whisper,10,3,8,今夜はミユ噛み推しよ。発言力高いし、村側の主導権を握りそう。
2,whisper,11,3,7,ミユ噛みで合意取りたい。ユキ吊りは全員票合わせ徹底しよう
2,guard,10,4,VILLAGER
2,attackVote,7,5
2,attackVote,8,5
2,attackVote,9,5
2,attack,5,true
3,status,1,VILLAGER,ALIVE,kanolab-b1,ハル
3,status,2,VILLAGER,ALIVE,kanolab-a1,タカシ
3,status,3,VILLAGER,ALIVE,CanisLupus-A1,カズマ
3,status,4,VILLAGER,ALIVE,kanolab8,アーサー
3,status,5,VILLAGER,DEAD,CanisLupus-C1,ミユ
3,status,6,VILLAGER,ALIVE,GAIT1,カナト
3,status,7,WEREWOLF,ALIVE,SunameLLi-B1,アヤ
3,status,8,WEREWOLF,ALIVE,SunameLLi-A1,リナ
3,status,9,WEREWOLF,ALIVE,SunameLLi-C1,アリア
3,status,10,BODYGUARD,ALIVE,mille1,タクミ
3,status,11,MEDIUM,ALIVE,CamelliaDragons1,ルカ
3,status,12,POSSESSED,DEAD,kanolab-c1,ユウ
3,status,13,SEER,DEAD,CanisLupus-B1,ユキ
3,talk,0,0,7,@カナト、昨日の投票理由について具体的に説明してほしい
3,talk,1,0,4,ユウとユキが退場した今、俺たちは残された中から真占い師を探らなきゃいけないね。特にユキの判定には疑念
3,talk,2,0,8,@タカシ、昨日のあなたの発言が少し違和感あったわ
3,talk,3,0,9,昨日の投票理由、皆はどう考えていたのか知りたいわ
3,talk,4,0,3,ミユ…襲われた。狼…何か知っていた…？
3,talk,5,0,6,ミユの襲撃は痛手だね。昨日の投票理由を整理して、みんなの意見を聞こう！@アヤアヤ、昨日の投票はユキの判定が不明瞭だったからだよ。彼女の理由が信頼できなかったし、アヤへの黒判定も
3,talk,6,0,2,タカシです。ユキとユウが退場し、状況が厳しいね。
3,talk,7,0,10,タクミですよぅ！
3,talk,8,0,11,まず昨夜の霊媒結果を報告します。ユキは『人間』判定でした。これで占い真偽はさらに混沌としますね。
3,talk,9,0,1,ユウとユキが退場したことで、私たちが真占い師を見極めることが急務なのよ。タカシも言ってたけど、ミユが
3,talk,10,1,7,タクミの発言が薄いのが気になる。理由を聞きたい
3,talk,11,1,4,現状はユウとユキが退場したから厳しい状況だね。占い師の真偽をどう見極めるかがカギだよね。@カズマミユが襲撃されたのは痛手だ。どう考える？彼女の占い結果が気になる。
3,talk,12,1,8,@ルカ、霊媒師が1人だけ名乗ってる状況、違和感ない？
3,talk,13,1,9,占い師がいなくなった今、霊媒師だけを信じ切るのは早計ね
3,talk,14,1,3,ルカの話は…本当だと思う。村を…導く人。
3,talk,15,1,6,ルカの霊媒結果でユキが人間判定されたのは重要だね。他の意見も聞きたい！タクミの発言も。
3,talk,16,1,2,やっぱりユウかユキ、どちらかが嘘ね。 皆はどう思う？@カズマユウの占い結果、本当に信用できるの？考えを聞きたいです。
3,talk,17,1,10,カズマさん、あなたは嘘を言っていないのですか？ それで、ユキさんは本当に信用できるのですよぅ？
3,talk,18,1,11,ご指摘感謝します。私が偽なら狼に都合良すぎです。@リナ霊媒師COが一人のみの違和感、具体的にどうぞ。
3,talk,19,1,1,ユウとユキの占い師宣言がぶつかる中、真占い師を探すのが難しいかな。その中で、アヤとリナが人狼かもしれ@カナト、あなたはどう思う？アヤやリナに投票を考えているのかしら？@カナト真占い師を見つけるためにも、投票先
3,talk,20,2,7,発言が少ない人の思考をもっと聞きたいですね。
3,talk,21,2,4,ユウとユキが退場した今、信頼できる占い師は誰か考えよう。ルカの判定によれば、ユキは人間だから、アヤの@カズマ、アヤについてどう思う？彼女の立場も確認したいよね。@カズマアヤの発言から信頼性を感じないんだ。他者
3,talk,22,2,8,今って一人の意見しか見えてない状況よね。不安にならない？
3,talk,23,2,9,霊媒師の言葉に依存しすぎるのは危ういわ
3,talk,24,2,3,タクミ 発言 少ない 今日 追放
3,talk,25,2,6,タクミの発言が少ないのが気になる。意見を集めて行動を考えよう！投票先も話し合おう！@ハルハル、真占い師を見つけるためには、みんなの意見をしっかり聞いて投票先を決めることが重要だね。今の状況
3,talk,26,2,2,ルカの霊媒結果でユキが人間なら、アヤが怪しいかもね。意見まとめないと！
3,talk,27,2,10,うーん、そういうことはぼくは知らないんですよぅ！
3,talk,28,2,11,今の確定情報は私のみ。他に根拠があれば教えて。
3,talk,29,2,1,今夜の占いはカズマを選択すべきだと思うのよ。彼が真の占い師か、何か隠しているのかしら。意見をお願いし
3,talk,30,3,7,発言が薄いタクミに投票します。発言数は重要です。
3,talk,31,3,4,今の状況、ユウとユキが退場して混乱が続いてるね。現状、リナが霊媒結果を見てるし、アヤは怪しいと感じて@カズマ、君の意見も聞かせて欲しいな。@カズマ君の投票先や考えを聞きたいよ。どう思う？
3,talk,32,3,8,今の段階でタクミを外すのが妥当ね。票はそちらに入れるわ
3,talk,33,3,9,判断基準は多角的でありたい。今日はタクミを選ぶ
3,talk,34,3,3,タクミを…追放しよう。
3,talk,35,3,6,タクミへの投票が多いね。発言が少ないのが理由みたい。意見を参考にしよう！
3,talk,36,3,2,今の状況で、特にアヤが怪しい気がするね。彼女の動き、意図が見えないから調査したい。@アヤ確かに最近の発言が少ないから、彼女の考えをもっと聞きたいな。何か感じることはないかな？
3,talk,37,3,10,Over
3,talk,38,3,11,霊媒結果まとめます。ユウ人間、ユキ人間です。
3,talk,39,3,1,ユウとユキの占い結果から、アヤが怪しいかもなのよ。タクミの発言が少ないのも気になるわ。発言を増やして@タクミもっとあなたの考えを聞かせて！@タクミあなたの意見が薄いと感じるの。どう考えているのかしら？それが皆
3,vote,1,9
3,vote,2,10
3,vote,3,10
3,vote,4,7
3,vote,6,7
3,vote,7,10
3,vote,8,10
3,vote,9,10
3,vote,10,6
3,vote,11,10
3,execute,10,BODYGUARD
3,whisper,0,0,8,私はタカシ噛みを推したい。発言力高いし、このまま残すと後半厄介。
3,whisper,1,0,9,タカシ噛みたい。盤面見る力強いし、後で厄介になりそう。リナ、アヤはどう思う？
3,whisper,2,0,7,タカシ噛み希望。表ではカナトとカズマに視線を分散したい。リナかアリアが話主導できると好都合。
3,whisper,3,1,8,今夜はタカシ噛みが安全。表はタクミ疑い強調、連携よろしく
3,whisper,4,1,9,@リナ@アヤ今夜はタカシ噛みを提案。昼はタクミ吊りで票集めたい。意見はある？
3,whisper,5,1,7,@アリア@リナタカシ噛みに賛成。昼はタクミ票集中で合わせよう
3,whisper,6,2,8,今夜はタカシ噛みに全力で行きましょう。タクミ投票で票割れも避けたいわ。
3,whisper,7,2,9,タカシを今夜噛みたい。明日はタクミ吊り誘導が無難。票は必ず合わせて
3,whisper,8,2,7,今夜はタカシ噛みで確実に流れを作ろう。昼はカズマかカナトに疑いを誘導、票割れ注意。
3,whisper,9,3,8,今夜はルカ噛み本線だけど、万が一の護衛でアーサーも候補に。吊りはタクミ狙いで流れ作りたいわ。
3,whisper,10,3,9,タカシ噛みが安全そう。票はタクミに集めたい。票割れ注意して進めましょう。
3,whisper,11,3,7,タカシ噛みでOK？発言力高いし早めに潰したい。昼はタクミ吊り狙おう。票は一本化推奨。
3,attackVote,7,11
3,attackVote,8,2
3,attackVote,9,2
3,attack,2,true
4,status,1,VILLAGER,ALIVE,kanolab-b1,ハル
4,status,2,VILLAGER,DEAD,kanolab-a1,タカシ
4,status,3,VILLAGER,ALIVE,CanisLupus-A1,カズマ
4,status,4,VILLAGER,ALIVE,kanolab8,アーサー
4,status,5,VILLAGER,DEAD,CanisLupus-C1,ミユ
4,status,6,VILLAGER,ALIVE,GAIT1,カナト
4,status,7,WEREWOLF,ALIVE,SunameLLi-B1,アヤ
4,status,8,WEREWOLF,ALIVE,SunameLLi-A1,リナ
4,status,9,WEREWOLF,ALIVE,SunameLLi-C1,アリア
4,status,10,BODYGUARD,DEAD,mille1,タクミ
4,status,11,MEDIUM,ALIVE,CamelliaDragons1,ルカ
4,status,12,POSSESSED,DEAD,kanolab-c1,ユウ
4,status,13,SEER,DEAD,CanisLupus-B1,ユキ
4,talk,0,0,3,@ルカ…タクミは…人間か？
4,talk,1,0,1,タクミさん、あなたの意見が急に少なくなってしまって、どうしたのかしら？みんな気にしているのよ。
4,talk,2,0,6,タカシが怪しい。アヤについての意見も重要だ。みんなの考えを聞かせて！
4,talk,3,0,8,誰かが流れを変えようとしてる気配があるわ
4,talk,4,0,9,不自然に同調する意見には注意している
4,talk,5,0,11,タクミは人間判定。寡黙吊りで情報減少が続くな。
4,talk,6,0,7,@カナト、昨日から投票理由が具体的でないですね
4,talk,7,0,4,俺は今日はカズマを占うべきだと思う。彼の発言が気になるから、彼がどういう人物なのか知りたいんだよね～
4,talk,8,1,3,アーサー…言葉に…違和感…感じる。
4,talk,9,1,1,カズマの発言には差異が見えるから、よく観察すべきなのよ。@カズマあなたの言葉の意図に疑問が残るの、もう少し詳しく説明してもらえるかしら？
4,talk,10,1,6,カズマの発言に違和感がある。アーサーが彼を占う提案だけど、みんなの意見も聞きたい！@アヤごめんね、アヤ。投票理由をもう少し具体的に説明するね。今の状況では、他の意見との整合性を考えながら判
4,talk,11,1,8,カズマが静かすぎて逆に油断できないわね
4,talk,12,1,9,カズマは曖昧ね。でも、黙るだけで判断は早計よ
4,talk,13,1,11,カズマさんの発言が気になります。みんな怪しい点あれば指摘を。
4,talk,14,1,7,カズマの発言タイミングが不自然に遅い印象。意図を聞きたい
4,talk,15,1,4,現在の状況を整理すると、ユウとユキの二人が占い師を名乗っていたが、どちらが本物か判断が難しいね。@カズマ君の意見はどう思う？カズマの発言が薄いけど、何か感じることがある？
4,talk,16,2,3,アーサー…なぜ占う？ 今日は狼を探す。
4,talk,17,2,1,カズマの発言が不自然な点が気になるのよ。何か隠しているのかな？みんなの意見を聞きたいの。
4,talk,18,2,6,カズマに対する疑念が高まってるね。彼の意図や発言について、みんなの考えをもっと聞かせて！
4,talk,19,2,8,アーサーやハルの追求も鋭いけど、決め手に欠けるわ
4,talk,20,2,9,霊媒判定だけに頼るのは危ういわ。流れも見て
4,talk,21,2,11,皆さん、カズマさんに注目しすぎです。他も見ましょう。
4,talk,22,2,7,発言だけでなく票も見直してください。カズマは一貫性がありません。
4,talk,23,2,4,状況がかなり混乱してるね。ユウとユキが退場した今、アヤの行動が気になるな。@アヤ、君の発言が急に少なくなった理由を教えてもらえる？@アヤあなたは最近の発言が少ない気がするから、何か
4,talk,24,3,3,夜の音…タカシ…消えた。タクミは…人間。アーサー…なぜ？狼は…誰？
4,talk,25,3,1,カズマの反応が気になるところなのよ。@カズマ今日占う理由や、他の考えをもう少し詳しく教えて！”@カズマあなたの考えが薄いから、判断が難しいのよ。
4,talk,26,3,6,カズマへの疑念が高まっているね。アヤの発言も気になるし、みんなそれぞれの意見をもっと詳しく聞かせて！
4,talk,27,3,8,発言が減って判断できないわ。このままじゃ進めないし、私はカズマに入れる
4,talk,28,3,9,発言の間に迷いを感じる。村の進行のため彼に。
4,talk,29,3,11,カズマさんに票集中ですね。他の候補はいますか？
4,talk,30,3,7,票の流れを整理しました。総合的に見てカズマに入れます
4,talk,31,3,4,今の状況では、カズマが注目されてるけど、他のプレイヤーも考慮するべきだよね～特にアヤの意見が少し怪し
4,vote,1,3
4,vote,3,4
4,vote,4,3
4,vote,6,3
4,vote,7,3
4,vote,8,3
4,vote,9,3
4,vote,11,3
4,execute,3,VILLAGER
4,whisper,0,0,8,ルカ噛みで異論ない？霊媒残すと面倒だし、昼はカナト吊り路線で合わせたいわ。
4,whisper,1,0,9,ルカ噛みで進めたい。吊りはカナトに集中させてブレないようにしよう
4,whisper,2,0,7,ルカ噛みで進めていい？カナト吊り誘導も徹底したい
4,whisper,3,1,8,今夜はルカ噛みで決定ね。明日はカナト吊り押し。混乱拡げたいわ。票割れだけ注意して進めましょう。
4,whisper,4,1,9,カナト吊りで票合わせて。ルカ噛み優先。票割れ絶対避けて。表の疑い理由も揃えたい。
4,whisper,5,1,7,ルカ噛みに賛成。昼はカナト集中で。票割れ厳禁、連携重視したい。
4,whisper,6,2,8,今夜はルカ噛みで異論ないわ。昼はカナト吊り集中で票合わせましょう。
4,whisper,7,2,9,ルカ噛みで情報源断とう。昼は全員でカナト吊り徹底して。票割れ注意
4,whisper,8,2,7,ルカを噛んで情報源消したい。吊りはカナト誘導、票ブレ注意
4,whisper,9,3,8,今夜はルカ噛みで決定ね。明日はカナトに全票集中、表でも疑念を強めて誘導するわ。
4,whisper,10,3,9,今夜はルカ噛みで統一、昼はカナト吊り推し。疑い理由は発言の矛盾や違和感で合わせて
4,whisper,11,3,7,ルカ噛みで行こう。カナト吊りに昼は揃えて。票ぶれ厳禁。次はアーサー疑い伏線も準備。
4,attackVote,7,11
4,attackVote,8,11
4,attackVote,9,11
4,attack,11,true
5,status,1,VILLAGER,ALIVE,kanolab-b1,ハル
5,status,2,VILLAGER,DEAD,kanolab-a1,タカシ
5,status,3,VILLAGER,DEAD,CanisLupus-A1,カズマ
5,status,4,VILLAGER,ALIVE,kanolab8,アーサー
5,status,5,VILLAGER,DEAD,CanisLupus-C1,ミユ
5,status,6,VILLAGER,ALIVE,GAIT1,カナト
5,status,7,WEREWOLF,ALIVE,SunameLLi-B1,アヤ
5,status,8,WEREWOLF,ALIVE,SunameLLi-A1,リナ
5,status,9,WEREWOLF,ALIVE,SunameLLi-C1,アリア
5,status,10,BODYGUARD,DEAD,mille1,タクミ
5,status,11,MEDIUM,DEAD,CamelliaDragons1,ルカ
5,status,12,POSSESSED,DEAD,kanolab-c1,ユウ
5,status,13,SEER,DEAD,CanisLupus-B1,ユキ
5,result,3,3,WEREWOLF