0,status,1,POSSESSED,ALIVE,kanolab7,ハル
0,status,2,SEER,ALIVE,GAIT1,ハナ
0,status,3,VILLAGER,ALIVE,mille1,アリ
0,status,4,VILLAGER,ALIVE,CanisLupus-B1,タカシ
0,status,5,VILLAGER,ALIVE,kanolab-c1,エミル
0,status,6,VILLAGER,ALIVE,SunameLLi-A1,アレックス
0,status,7,VILLAGER,ALIVE,CanisLupus-C1,マナ
0,status,8,VILLAGER,ALIVE,SunameLLi-C1,カンタ
0,status,9,WEREWOLF,ALIVE,kanolab-b1,マリ
0,status,10,WEREWOLF,ALIVE,SunameLLi-B1,リエ
0,status,11,WEREWOLF,ALIVE,CanisLupus-A1,レイ
0,status,12,BODYGUARD,ALIVE,CamelliaDragons1,ミナ
0,status,13,MEDIUM,ALIVE,kanolab-a1,アキ
0,whisper,0,0,11,策を練りましょう。どなたか占い師を騙りますか？
0,whisper,1,0,9,私たち、騎士や占い師に狙いを定めたらどうかしら？
0,whisper,2,0,10,リエです。人狼です。
0,whisper,3,1,11,リエさん、仲間ですね。初日、誰を襲いましょうか。
0,whisper,4,1,9,私たちは騎士や占い師が危険ね。特に、彼らを狙うべきよ。
0,whisper,5,1,10,Over
0,whisper,6,2,11,リエさん。協力しましょう。マリさんもです。
0,whisper,7,2,9,仲間のリエ、レイ、特に占い師や霊媒師が怪しいわね。
0,whisper,8,3,11,襲撃はアキでどうです？騙り、投票も相談を。
0,whisper,9,3,9,アキも手ごわいわね。占い師の可能性が高いかしら。
0,talk,0,0,5,Over
0,talk,1,0,8,カンタだよ、みんなのこともっと知りたいな！
0,talk,2,0,7,マナだよー！食べることが大好き！
0,talk,3,0,3,ぼくはアリ、村人ですよぅ！よろしくですよぅ！
0,talk,4,0,9,Over
0,talk,5,0,2,こんにちは、カンタさん！私はハナです。皆さんの好きな食べ物や趣味を聞きたいです。どうですか？
0,talk,6,0,13,Over
0,talk,7,0,11,レイと申します。どうぞよろしく。冷静に盤面を見据えます。
0,talk,8,0,10,誰かを怪しむ瞬間が一番ワクワクするんだよね～楽しみ！
0,talk,9,0,12,ミナです。特に特徴的な自己紹介は控えますが、皆さんの発言には注意を払います。
0,talk,10,0,1,Over
0,talk,11,0,4,この遊戯、仔細に観察する。よろしく頼む。
0,talk,12,0,6,アレックスだよ、みんなの本音、見抜いてみせるよ。
0,talk,13,1,8,Over
0,talk,14,1,7,Over
0,talk,15,1,3,Over
0,talk,16,1,2,こんにちは、レイさん！盤面を冷静に見て進めていきましょう。よろしく！
0,talk,17,1,11,Over
0,talk,18,1,10,Over
0,talk,19,1,12,食べ物も興味深いですね。皆さんを静かに観察します。
0,talk,20,1,4,Over
0,talk,21,1,6,この村、面白くなりそうだ。論理と勘、両方武器にする
0,talk,22,2,2,こんにちは、ミナさん！観察はとても大切ですね。皆さんの発言をしっかりと聞いて、楽しんでいきましょう！
0,talk,23,2,12,ハナさん、挨拶とお気遣いありがとうございます。表情や発言の変化も注意深く確認します。@ハナ挨拶とお気遣いありがとうございます。表情や発言の変化も注意深く確認します。
0,talk,24,2,6,Over
0,talk,25,3,2,ミナさん、どういたしまして！皆の表情や発言を見逃さないようにしましょう！
0,talk,26,3,12,皆さんの反応はそれぞれ個性が出ています。0日目は情報収集に徹します。
0,whisper,0,0,9,Over
0,whisper,1,0,11,役を偽る者は？初日の襲撃対象を。
0,whisper,2,0,10,リエです。人狼です。
0,whisper,3,1,11,策略の合意を。誰が偽る。誰を狙う？
0,whisper,4,1,10,Over
0,whisper,5,2,11,騙り役、どうされますか。襲撃先候補も。
0,whisper,6,3,11,騙り役と襲撃先、決定が必要です。
0,divine,2,3,HUMAN
1,status,1,POSSESSED,ALIVE,kanolab7,ハル
1,status,2,SEER,ALIVE,GAIT1,ハナ
1,status,3,VILLAGER,ALIVE,mille1,アリ
1,status,4,VILLAGER,ALIVE,CanisLupus-B1,タカシ
1,status,5,VILLAGER,ALIVE,kanolab-c1,エミル
1,status,6,VILLAGER,ALIVE,SunameLLi-A1,アレックス
1,status,7,VILLAGER,ALIVE,CanisLupus-C1,マナ
1,status,8,VILLAGER,ALIVE,SunameLLi-C1,カンタ
1,status,9,WEREWOLF,ALIVE,kanolab-b1,マリ
1,status,10,WEREWOLF,ALIVE,SunameLLi-B1,リエ
1,status,11,WEREWOLF,ALIVE,CanisLupus-A1,レイ
1,status,12,BODYGUARD,ALIVE,CamelliaDragons1,ミナ
1,status,13,MEDIUM,ALIVE,kanolab-a1,アキ
1,talk,0,0,1,@エミル君を占った結果、白だったよ！信じてね！
1,talk,1,0,10,@カンタ、その余裕が逆に怪しいかも？何考えてる？
1,talk,2,0,5,確かに、カンタの余裕は気になりますね。
1,talk,3,0,11,ハルさんの占い結果、承知しました。他の動向にも注目します。
1,talk,4,0,4,まずはグレーより議論を進めるのが定石だろう。
1,talk,5,0,8,@ミナ、情報集め得意ならみんなの印象まとめてほしいな！
1,talk,6,0,9,私は食べることが好き！手作りパスタを作るわよ。
1,talk,7,0,7,@ハルさんの偵察、ありがとう！すごいぞ！
1,talk,8,0,3,マナさん、ありがとうですよぅ！
1,talk,9,0,12,ハルさん占いCO、エミルさん白。議論はカンタさん周辺。@カンタ全体印象整理を行います。
1,talk,10,0,2,アリを信頼し、村人陣営で協力して人狼を見つけましょう。怪しい行動があれば教えてください！
1,talk,11,0,6,カンタの余裕、ちょっと気になるな。みんな本音で語ろうぜ
1,talk,12,0,13,みんなで協力して人狼を見つけよう！まだ情報が少ないし、慎重に判断だよ！
1,talk,13,1,1,僕はミナくんが本物の占い師だと思うよ！
1,talk,14,1,10,ミナさん、整理助かる！気になる点あったら教えてほしいな
1,talk,15,1,5,私も占い師を信じ、冷静に議論を進めたいのよ。@タカシあなたの意見はどう思う？情報が増えるといいね。
1,talk,16,1,11,ハルさんの情報、受け止めました。他の動向にも注視し、盤面を見極めます。
1,talk,17,1,4,@エミル殿、我が意は既に述べた。グレーの議論を深めよう。
1,talk,18,1,8,@ハル、さっきミナが本物って言ったけど、どういう意味かな？
1,talk,19,1,9,今日はレイさんを占ってほしいわね。怪しむ意見が多いから、真実を知りたいの。@ハルレイさんのこと、ちょっと気になりますね。どう思いますか？彼の考えに注目したいです。
1,talk,20,1,7,任せて！今日の投票はグレーさんの中から偵察だ！
1,talk,21,1,3,言ったけど、偵察は内部情報なので、グレーさんを投票で外ですよぅ！
1,talk,22,1,12,ハルさん占いCO、エミルさん白です。グレーで議論しましょう。
1,talk,23,1,2,皆さん、人狼を見つけることが目標です。私が占い師です。共に人狼を追放しましょう！
1,talk,24,1,6,カンタの余裕、なんだか防御感にも見えるな。ちょっと違和感
1,talk,25,1,13,ハナさんが本物の占い師か疑問だよ。なぜ今、COしたのかな？@ハナ他の情報も基に考えてみない？
1,talk,26,2,1,僕はハナさんのCOに疑問があるよ。タイミングが不自然だよね。@ハナその発言の根拠を詳しく教えてほしいな！
1,talk,27,2,10,ミナさんの進行整理、助かるけど少し主観強めかも？
1,talk,28,2,5,みなさん、ハナさんのCOタイミングは確かに気になるのよ。信頼できるのかしら？
1,talk,29,2,11,初日はグレーへの投票が定石。皆さまの意見は？
1,talk,30,2,4,@エミル殿、我が意は既に述べた。グレーの議論を深めよう。
1,talk,31,2,8,@アリ、早めに村人って言ったの気になるな。理由知りたい！
1,talk,32,2,9,私はハナさんのCOに疑問を持っているわ。タイミングが気になるのよ。
1,talk,33,2,7,今日はまだ役職なしのグレーを偵察だ！
1,talk,34,2,3,偵察の役職がグレーだと言うのはあり得るねですよぅ！
1,talk,35,2,12,占い師COが二人で真偽不明。グレー精査優先。
1,talk,36,2,2,皆さん、私が占い師です。アリは人間です。カンタの意見を聞かせてください。@アキアキさん、私の占い結果を基に議論を進めていきたいと思っています。アリが人間であることが分かっています
1,talk,37,2,6,@タカシ、慎重な立場だけど誰が怪しいと思ってる？このままじゃ流される人多そう
1,talk,38,2,13,ハナさんが占い師の可能性は低いと思うよ。他にもCOしてる人がいるからね！
1,talk,39,3,1,僕はハナさんのCOが不自然だよ。他にも占い師がいるからね。
1,talk,40,3,10,@ミナ、発言が強めで流されそうだから今日は投票するね
1,talk,41,3,5,私が心配しているのはハナさんのCOなのよ。タイミングが不自然に感じるの。@タカシあなたの意見はどうかしら？今後の議論に役立つと思うのよ。
1,talk,42,3,11,私は定石に従い、グレーへ投票しますわ。
1,talk,43,3,4,カンタ氏、言動の真意は？
1,talk,44,3,8,@アリ、CO早いのちょっと気になったから投票するね
1,talk,45,3,9,ハナさんのCOは少し疑問ね。タイミングが気になるわね。@ハナあなたの発言について、いくつか質問したいの。どのようにしてアリさんが村人だとわかったのか、詳しく話し
1,talk,46,3,7,@リエさん、ミナさんのどこが気になる？教えて！
1,talk,47,3,3,Over
1,talk,48,3,12,占い師COが2人、疑念が分散。論点集約が必要です。
1,talk,49,3,2,アリは人間です。私の占い結果を信じて、カンタについて意見をください。協力して人狼を見つけましょう！@マリマリさん、私がアリを占った結果、彼が人間であることがわかりました。占いの結果は信じていただけると嬉し
1,talk,50,3,6,余裕のカンタが気になる。今日は君に投票させてもらう
1,talk,51,3,13,ハナさんの占い結果、信じられないよ！ミナさんも主張してるから、情報整理が必要だね！@ハナどのようにしてアリさんが村人だとわかったのか、詳しく説明してほしいな。
1,vote,1,2
1,vote,2,8
1,vote,3,2
1,vote,4,8
1,vote,5,8
1,vote,6,8
1,vote,7,8
1,vote,8,3
1,vote,9,2
1,vote,10,12
1,vote,11,8
1,vote,12,8
1,vote,13,8
1,execute,8,VILLAGER
1,divine,2,6,HUMAN
1,whisper,0,0,11,リエさん、マリさん。襲撃先、どうしますか？
1,whisper,1,0,9,アキなどの占い師を避けるため、エミルを狙うのが良いかもね。
1,whisper,2,0,10,エミル噛みに賛成。目立たず村に貢献してるし、混乱も誘えそう。占い師噛みは次でも遅くないよ。
1,whisper,3,1,11,エミル氏への襲撃、同意致しましょう。
1,whisper,4,1,9,占い師や霊媒師は優先的に狙いたいわね。
1,whisper,5,1,10,今夜はエミル噛みでいくのが無難だと思う。
1,whisper,6,2,11,エミル襲撃に同意します。明日の方針を。
1,whisper,7,2,9,村人のアリが怪しいわね。早めのCOが気になるの。
1,whisper,8,2,10,今夜は予定通りエミル噛みでいいよね。明日霊媒師CO出たら即噛み推奨。役職騙りどうする？
1,whisper,9,3,11,エミル氏襲撃確認。次の騙り、投票先は。
1,whisper,10,3,9,エミルを襲撃するのは賛成よ。彼は目立ってないし、混乱を誘えるわね。
1,whisper,11,3,10,霊媒師COが出たら即噛みがいいと思う。まだならハナかミナが占い師候補だから噛みたい。
1,guard,12,1,POSSESSED
1,attackVote,9,2
1,attackVote,10,2
1,attackVote,11,5
1,attack,2,true
2,status,1,POSSESSED,ALIVE,kanolab7,ハル
2,status,2,SEER,DEAD,GAIT1,ハナ
2,status,3,VILLAGER,ALIVE,mille1,アリ
2,status,4,VILLAGER,ALIVE,CanisLupus-B1,タカシ
2,status,5,VILLAGER,ALIVE,kanolab-c1,エミル
2,status,6,VILLAGER,ALIVE,SunameLLi-A1,アレックス
2,status,7,VILLAGER,ALIVE,CanisLupus-C1,マナ
2,status,8,VILLAGER,DEAD,SunameLLi-C1,カンタ
2,status,9,WEREWOLF,ALIVE,kanolab-b1,マリ
2,status,10,WEREWOLF,ALIVE,SunameLLi-B1,リエ
2,status,11,WEREWOLF,ALIVE,CanisLupus-A1,レイ
2,status,12,BODYGUARD,ALIVE,CamelliaDragons1,ミナ
2,status,13,MEDIUM,ALIVE,kanolab-a1,アキ
2,talk,0,0,1,僕の占い結果、アキくんは白だったよ！村人陣営のために伝えてね！
2,talk,1,0,6,霊媒師がまだ出てこないの、不自然すぎないか？誰か潜んでる？
2,talk,2,0,13,Skip
2,talk,3,0,12,霊媒師がCOしない理由を考えるべきです。潜伏意図か、リスクを恐れたか判断材料を整理します。
2,talk,4,0,9,ハナさんが占い師としてCOしていたのに、襲撃されてしまったわね。その結果、レイさんやミナさんの信憑性
2,talk,5,0,4,処刑者の霊媒結果、その開示が待たれる。
2,talk,6,0,5,ハナが退場した今、ミナの占い先が気になるのよ。彼女は誰を占うつもりかしら？
2,talk,7,0,10,グレー多いまま進むの不安だね。役職ならCOほしいな
2,talk,8,0,3,あ、リエさん、役職をCOでもCOできるよですよぅ！
2,talk,9,0,11,ハナ氏が襲撃されましたわ。ハル氏の真贋を問うべきかしら。
2,talk,10,0,7,ハナさん襲撃なんて！霊媒師さん偵察を！
2,talk,11,1,1,僕はミナを占うべきだと思うよ。彼女が占い師を名乗ってるし、COの確認が重要だよ！
2,talk,12,1,6,ミナの進行役、逆に信用しすぎるのは危ない気もする
2,talk,13,1,13,Skip
2,talk,14,1,12,まず霊媒師COを待つ姿勢を取りつつ、無理な推理拡大は避けるべきです。グレー精査を継続します。
2,talk,15,1,9,グレー候補が多くて心配だわ。ミナについて意見が聞きたいの。@ミナあなたの進行役の信頼性について、もう少し詳しく教えてもらえるかしら？
2,talk,16,1,4,霊媒師殿、処刑された者の魂の行方は？
2,talk,17,1,5,ミナさんは自らの占い先を考える時期よ。信頼できる情報整理が重要なの。誰に占いを集中させるべきか、意見@ミナ占い師としてのあなたの見解はどうかしら？是非聞かせてほしいのよ。
2,talk,18,1,10,霊媒師がまだ出てこないの、不自然じゃない？誰かいるはずだよね
2,talk,19,1,3,霊媒師はまだ出てこない、まだそんなに不自然じゃないねですよぅ！
2,talk,20,1,11,今日の投票先は、まだ何も明らかでない方から選ぶのが賢明かと。
2,talk,21,1,7,ハナさん襲われちゃった！カンタさんどっち？霊媒師さん出てきてー！
2,talk,22,2,1,僕はミナが占い師の可能性が高いと思うよ。ハナが襲撃されたのに、ミナがずっと信用されてるのはおかしい。@ミナ占い先は決まったの？君の考えを聞かせてほしいよ！
2,talk,23,2,6,霊媒師が誰も出ないのは正直違和感あるな、この静けさ
2,talk,24,2,13,Skip
2,talk,25,2,12,私は占い師ではありません。進行整理役です。@エミル占い師ではなく進行整理役です。
2,talk,26,2,9,ハナさんが襲撃されてしまったのは辛いわね。正直、ミナかレイのどちらが本物か見極めないといけないわ。
2,talk,27,2,4,霊媒師殿、処刑されしカンタ殿の魂の行方は？
2,talk,28,2,5,今はミナさんとハルさんの信頼性を見極める重要な時よね。どちらが本物の占い師か、はっきりさせないと。
2,talk,29,2,10,霊媒師、なかなか出てこないね。潜伏なら理由を知りたい
2,talk,30,2,3,霊媒師、危険だよ、出てきてみろですよぅ！
2,talk,31,2,11,まだ何も明らかでない方への投票を推奨しますわ。
2,talk,32,2,7,任せて！霊媒師さん、カンタさんの結果教えて！
2,talk,33,3,1,僕はハナさんの占いCOに疑念を持ってるよ。彼女が襲撃されたのは、真の占い師への攻撃かもしれない。
2,talk,34,3,6,霊媒師なしは不自然。@アリの擁護が目立つ。投票先は君
2,talk,35,3,13,Skip
2,talk,36,3,12,霊媒師COがない状況が続く場合、明日以降のリスクが高まります。議論は冷静に進めるべきです。
2,talk,37,3,9,私、今日はミナを占ってほしいわ。彼女の占い師主張が信じられるか確認する必要があるの。@ミナあなたの占い先、今日はどんな風に考えてる？ みんなの意見も参考にしたいわ。
2,talk,38,3,4,霊媒の結果、未だ聞かれぬ。これが鍵となる。
2,talk,39,3,5,今日の投票先を決めるためには、ミナとハルをしっかり見極める必要があるのよ。@ハルその意見について、君はどう思うの？ミナの進行役としての考えも聞きたいわ。
2,talk,40,3,10,@アリ、霊媒出ないまま自信あるの不思議だな。私はアリに投票するね
2,talk,41,3,3,Over
2,talk,42,3,11,ハナ氏が襲撃。ハル氏の真贋、見極めねば。霊媒師不在も気になりますが、本日もグレー吊りを推奨します。
2,talk,43,3,7,霊媒師さんまだかな？偵察よろしくね！今日の投票はグレーに任せて！
2,vote,1,12
2,vote,3,4
2,vote,4,7
2,vote,5,3
2,vote,6,3
2,vote,7,3
2,vote,9,12
2,vote,10,3
2,vote,11,3
2,vote,12,3
2,vote,13,3
2,execute,3,VILLAGER
2,whisper,0,0,11,リエさん、マリさん、夜ですわ。
2,whisper,1,0,10,今夜はハル噛み優先でどう？護衛怖いならミナ狙いもアリだね。どっちに行く？
2,whisper,2,0,9,ハルやアレックスも怪しくて、次に噛む候補に入れたいわね。
2,whisper,3,1,11,夜になりましたわ。襲撃先、ハル氏でよろしいかしら。
2,whisper,4,1,10,今夜はハル噛み希望。護衛怖いならミナ噛みも検討したい。騙り役職は様子見でOK。意見ほしい
2,whisper,5,1,9,ハルやエミルが特に信頼されているようね。襲撃先を考えないと。
2,whisper,6,2,11,襲撃ハル氏で合意を。騙り継続、明日の方針協議を。
2,whisper,7,2,10,私は今夜ハルを襲うのに賛成。護衛リスクは高いけど、占い師残すと絶対不利だから。
2,whisper,8,2,9,エミルさん、ミナさんのこと、あまり疑わない方が良いわよ。
2,whisper,9,3,11,ハル氏襲撃で合意と。騙りせず潜伏、明日の指針を。
2,whisper,10,3,10,まず今夜はハル噛みに全力で。このままCO増えたら明日霊媒即噛み狙いたい。
2,whisper,11,3,9,私、村人として行動します！今後はミナやアリを警戒した方が良さそうね。
2,guard,12,1,POSSESSED
2,attackVote,9,12
2,attackVote,10,1
2,attackVote,11,1
2,attack,1,false
3,status,1,POSSESSED,ALIVE,kanolab7,ハル
3,status,2,SEER,DEAD,GAIT1,ハナ
3,status,3,VILLAGER,DEAD,mille1,アリ
3,status,4,VILLAGER,ALIVE,CanisLupus-B1,タカシ
3,status,5,VILLAGER,ALIVE,kanolab-c1,エミル
3,status,6,VILLAGER,ALIVE,SunameLLi-A1,アレックス
3,status,7,VILLAGER,ALIVE,CanisLupus-C1,マナ
3,status,8,VILLAGER,DEAD,SunameLLi-C1,カンタ
3,status,9,WEREWOLF,ALIVE,kanolab-b1,マリ
3,status,10,WEREWOLF,ALIVE,SunameLLi-B1,リエ
3,status,11,WEREWOLF,ALIVE,CanisLupus-A1,レイ
3,status,12,BODYGUARD,ALIVE,CamelliaDragons1,ミナ
3,status,13,MEDIUM,ALIVE,kanolab-a1,アキ
3,talk,0,0,1,皆に告げるよ！マナは人狼だよ！投票で彼女を排除しよう！
3,talk,1,0,10,占い師の判定、必ずしも正しいとは限らないよね
3,talk,2,0,11,今朝は犠牲なし。騎士殿の手並み。ハル殿が無事なのは護衛の妙手？
3,talk,3,0,12,霊媒COがなく不審。護衛先は非公開、冷静に見ます。
3,talk,4,0,9,今の状況では、レイさんの占い主張が気になります。真の占い師は誰か分からないわね。
3,talk,5,0,4,霊媒師殿、沈黙の真意は何処に。
3,talk,6,0,6,霊媒師が出てこないの気になる。役職欠け疑わない？
3,talk,7,0,5,私はミナを占うべきだと思うの。彼女の主張が本物か確認するためよ。真の占い師がどちらかも見極められるか
3,talk,8,0,13,Skip
3,talk,9,0,7,えっ私が人狼！？ハルさん、偵察間違ってる！
3,talk,10,1,1,僕は今の状況でミナが気になるよ。彼女の占い師主張、真偽をどう思う？
3,talk,11,1,10,マナ黒判定は分かったけど、ハル視点ばかりで大丈夫？
3,talk,12,1,11,ハルさんが真の占い師ならば、アキさんとエミルさんは白となりますわね。真贋の見極めが急務ですわ。
3,talk,13,1,12,霊媒師COなしで進行中。グレー精査を丁寧にします。
3,talk,14,1,9,現状で誰が村人か見極めたいの。ミナの発言が少し引っかかるわ。@ミナあなたの進行方法が本物か確認したいので、発言を詳しく聞かせてほしいわ。どのように考えているの？
3,talk,15,1,4,処刑者の霊媒結果、村に告げよ。
3,talk,16,1,6,ミナが仕切るの早い気がした。自信の根拠、何かある？
3,talk,17,1,5,ハルが気になるのよ。彼の進行が早すぎて、疑念が拭えないの。@レイあなたはどう思う？彼を信じられる？@レイハルの占い結果に疑問を持つのは自然よ。彼をどう見るか、具体的
3,talk,18,1,13,Skip
3,talk,19,1,7,私、村人なのに！ハルさんの偵察は違うと思うな！
3,talk,20,2,1,僕は今、ミナさんの主張が気になるよ。真占い師が誰か明確にしよう！@ミナミナさん、自分の主張を詳しく教えてほしいな。どう考えてるの？
3,talk,21,2,10,マナ黒ってハル視点だけの話だよね？他の視点も聞きたいな
3,talk,22,2,11,ハルさんの真贋見極めが急務。彼に票を集めますわ。
3,talk,23,2,12,冷静に整理します。占いはハルのみ。グレー精査重視。@マリご質問感謝。役職CO遅れを警戒しつつ進行します。
3,talk,24,2,9,私は今、レイさんを占うべきだと思うわ。昨夜の状況で、彼が本物の占い師である可能性が高いからよ。他の占
3,talk,25,2,4,霊媒師殿、処刑者の魂の行方は。
3,talk,26,2,6,霊媒師が沈黙してるの違和感ある。役職潜伏？それとも人狼が出方狙ってる？
3,talk,27,2,5,今はハルに注目したいの。彼が進行を早めているのは、何か隠しているように感じるのよ。
3,talk,28,2,13,Skip
3,talk,29,2,7,ハルさん間違ってる！私が村人だよ！偵察ミス！
3,talk,30,3,1,僕はやっぱりミナさんの主張が気になるよ。占い師が二人いるのは異常だし、真の占い師を見極めるために、話
3,talk,31,3,10,霊媒師出てこないの不安だな。でも今日はマナに投票するよ
3,talk,32,3,11,ハル氏の真偽、今こそ問うべき時ですわ。
3,talk,33,3,12,真占はハルのみ。霊媒COなし。グレー精査重視。投票は矛盾に注目。@マリCO遅れによる混乱が心配。意見整理を重視するよ。
3,talk,34,3,9,今の状況、レイさんの意見が気になるわね。彼の真意を知りたいの。占い結果も含め、詳しく話してほしいわ。@レイあなたの考えをもっと教えてほしいの。占い結果や他の情報も教えてね。
3,talk,35,3,4,霊媒の結果開示、村には必須なり。
3,talk,36,3,6,ハルの判定とマナの焦り方、やっぱりマナが一番黒く見える。僕はマナに投票するよ。
3,talk,37,3,5,私はレイの行動が疑わしいの。彼の主張が気になるし、真の占い師を見極めるためにも議論しよう。@レイあなたの意見についてもっと詳しく聞かせて。真占い師は誰だと思っているの？
3,talk,38,3,13,Skip
3,talk,39,3,7,ハルはニセモノ！私が村人です！
3,vote,1,12
3,vote,4,1
3,vote,5,1
3,vote,6,7
3,vote,7,1
3,vote,9,12
3,vote,10,4
3,vote,11,1
3,vote,12,7
3,vote,13,7
3,execute,1,POSSESSED
3,whisper,0,0,9,私は村人として行動します！誰が疑わしいか教えて。
3,whisper,1,0,11,ミナ氏を狙うか？護衛警戒で。
3,whisper,2,0,10,今夜はハル噛みが一番安全そう。ミナも警戒。霊媒師CO出たらそっち優先。
3,whisper,3,1,9,私は村人として行動します！今回はエミルを襲撃したいわね。
3,whisper,4,1,11,襲撃先、ミナ氏と致しましょう。異論は？
3,whisper,5,1,10,今夜はミナ噛みが安全。議論の流れが止まるはず。ハル噛みは護衛が怖いけど、ワンチャン狙う？
3,whisper,6,2,9,私は村人として行動します！ミナの占い先が気になるわね。
3,whisper,7,2,11,ミナ氏を襲いますわ。よろしい？
3,whisper,8,2,10,今夜はミナ噛みで賛成。霊媒師CO促して混乱狙おう。表ではグレー吊り推しが妥当かな。
3,whisper,9,3,9,やっぱりミナが怪しいわ。占い師二人の主張が conflicting なのよね。
3,whisper,10,3,11,明日の投票先、見解を伺いますわ。
3,whisper,11,3,10,霊媒CO出たら即噛みたいね。今夜はミナで合意？投票先はマナorタカシ希望、どうかな。
3,attackVote,9,7
3,attackVote,10,12
3,attackVote,11,12
3,attack,12,true
4,status,1,POSSESSED,DEAD,kanolab7,ハル
4,status,2,SEER,DEAD,GAIT1,ハナ
4,status,3,VILLAGER,DEAD,mille1,アリ
4,status,4,VILLAGER,ALIVE,CanisLupus-B1,タカシ
4,status,5,VILLAGER,ALIVE,kanolab-c1,エミル
4,status,6,VILLAGER,ALIVE,SunameLLi-A1,アレックス
4,status,7,VILLAGER,ALIVE,CanisLupus-C1,マナ
4,status,8,VILLAGER,DEAD,SunameLLi-C1,カンタ
4,status,9,WEREWOLF,ALIVE,kanolab-b1,マリ
4,status,10,WEREWOLF,ALIVE,SunameLLi-B1,リエ
4,status,11,WEREWOLF,ALIVE,CanisLupus-A1,レイ
4,status,12,BODYGUARD,DEAD,CamelliaDragons1,ミナ
4,status,13,MEDIUM,ALIVE,kanolab-a1,アキ
4,talk,0,0,7,おはよう！今日は8人だね！ハルは偽物だったぞ！
4,talk,1,0,9,今の状況では、ハルとアリが退場したのね。残るメンバーは限られているから冷静に考えましょう。
4,talk,2,0,6,@タカシ、整理ばかりしてるけど誰が怪しいと思う？
4,talk,3,0,4,@アレックス殿、霊媒なくば、ハル氏の判定されし者より注視せねばなるまい。
4,talk,4,0,10,タカシさん、整理ばかり強調するのがちょっと不自然かも
4,talk,5,0,5,私が感じるのは、タカシの行動が少し不自然なのよ。整理ばかりしてると逆に白塗りみたいに感じるの。@リエあなたもそう思う？疑念は抱いてないかしら?@リエあなたの考えを教えてほしいの。
4,talk,6,0,13,Skip
4,talk,7,0,11,Skip
4,talk,8,1,7,ハルはニセモノだったよ！私が村人です！
4,talk,9,1,9,今、エミルとタカシが怪しいわね。彼らの行動が不自然に見えるの。特にエミルの整理ばかりの姿勢が白塗りに@エミルあなたの整理発言、少し疑わしいと思っているの。他のプレイヤーの意見をどう思う？
4,talk,10,1,6,@マナ、逆に誰も疑ってない人を怪しんでみてよ
4,talk,11,1,4,霊媒なくば、ハルに判定されし者、また、寡黙なる者に注目せよ。
4,talk,12,1,10,タカシの昨日の投票理由、ちょっとあいまいじゃない？
4,talk,13,1,5,私が見ているのはタカシよ。整理ばかりの姿勢が意図的に感じるの。@リエあなたはどう考える？彼の発言は信頼できる？@リエあなたは彼の行動についてどう思うの？信頼できると感じ
4,talk,14,1,13,Skip
4,talk,15,1,11,タカシ殿の言動、不自然ですわね。@タカシ真意は？
4,talk,16,2,7,霊媒師さん！３人の偵察結果教えて！怪しい人を議論しよう！
4,talk,17,2,9,現状、タカシさんの行動がちょっと怪しいわね。整理ばっかり強調してて、逆に白く見せるのが疑わしいの。@リエ気になる発言があったかしら？みんなでしっかり考えましょう。@リエ
4,talk,18,2,6,マリ、みんなに合わせて賛成してるだけに見えるけど、何か理由ある？
4,talk,19,2,4,霊媒なき今、人狼を見出すべく寡黙とハル判定者を論じよう。
4,talk,20,2,10,@エミルまとめ役だけど白く見られてる理由は何？
4,talk,21,2,5,私もタカシの発言が不自然に感じているの。整理ばかりして、逆に黒い印象を持たれているのよ。@マリ、あなたの意見はどう？タカシをどう見ているのかしら。@マリあなたの意見はどう？タカシをどう見ているの
4,talk,22,2,13,Skip
4,talk,23,2,11,タカシ氏への疑念、増すばかりですわ。
4,talk,24,3,7,@タカシさん怪しい声多いね！霊媒師さん結果教えて！
4,talk,25,3,9,今の状況、タカシさんが怪しいわね。行動が整理ばかりに見えて、逆に黒さが漂ってきてる。
4,talk,26,3,6,みんながタカシばかり見てるのは逆に怖い。今回はマリでいく
4,talk,27,3,4,寡黙なる者、ハル氏に言及されし者に問う。
4,talk,28,3,10,タカシさん、今日は整理だけで逃げてる感ある。私もタカシに投票するね。
4,talk,29,3,5,私はリエの行動がすごく気になるの。タカシを強く疑う姿勢、これは逆に彼が白であるためのカモフラージュに@タカシあなたはどう感じている？この状況について意見を聞かせてほしいのよ。@タカシあなたはどう感じている？こ
4,talk,30,3,13,Skip
4,talk,31,3,11,本日はタカシ氏を処刑すべきかと。
4,vote,4,13
4,vote,5,4
4,vote,6,9
4,vote,7,4
4,vote,9,4
4,vote,10,4
4,vote,11,4
4,vote,13,4
4,execute,4,VILLAGER
4,whisper,0,0,10,エミル噛み賛成。タカシ吊り推しつつ、次はアレックス疑惑強めたい。役職CO出たら即反応でOK
4,whisper,1,0,9,私、村人として行動します！今後はタカシの行動に注目したいわね。
4,whisper,2,0,11,タカシ氏を吊り、優位に立ちましょう。
4,whisper,3,1,10,エミル噛み狙いでどう？昼はタカシ吊り推しで進めたい。CO出たら対応早めにしよう
4,whisper,4,1,9,アレックスさん、君の進行は少し急ぎ過ぎに感じるわ。本当に占い師なの？
4,whisper,5,1,11,今宵はエミル氏を狙いますわ。同意は？
4,whisper,6,2,10,エミル噛み優先で。昼は全員タカシ吊り主張で押そう。CO出たらすぐ連携してね
4,whisper,7,2,9,私たち、今後の方針を考えましょう。エミルが目立っているけど、他も怪しいのよね。@リエエミルが怪しいとは思わない？彼の行動に目を向けてみて。
4,whisper,8,2,11,襲撃、エミル氏でよろしいか？
4,whisper,9,3,10,エミル噛み賛成。その後はタカシ吊り推しで進行混乱狙いたい
4,whisper,10,3,9,今回、ミナが占い師だと言っていたのに襲撃されたのが疑問ね。今後はエミルやアレックスに注目したいわ。混
4,whisper,11,3,11,エミル氏への襲撃、決定ですわ。
4,attackVote,9,6
4,attackVote,10,6
4,attackVote,11,5
4,attack,6,true
5,status,1,POSSESSED,DEAD,kanolab7,ハル
5,status,2,SEER,DEAD,GAIT1,ハナ
5,status,3,VILLAGER,DEAD,mille1,アリ
5,status,4,VILLAGER,DEAD,CanisLupus-B1,タカシ
5,status,5,VILLAGER,ALIVE,kanolab-c1,エミル
5,status,6,VILLAGER,DEAD,SunameLLi-A1,アレックス
5,status,7,VILLAGER,ALIVE,CanisLupus-C1,マナ
5,status,8,VILLAGER,DEAD,SunameLLi-C1,カンタ
5,status,9,WEREWOLF,ALIVE,kanolab-b1,マリ
5,status,10,WEREWOLF,ALIVE,SunameLLi-B1,リエ
5,status,11,WEREWOLF,ALIVE,CanisLupus-A1,レイ
5,status,12,BODYGUARD,DEAD,CamelliaDragons1,ミナ
5,status,13,MEDIUM,ALIVE,kanolab-a1,アキ
5,result,3,3,WEREWOLF