0,status,1,VILLAGER,ALIVE,CanisLupus-B1,クロード
0,status,2,VILLAGER,ALIVE,SunameLLi-B1,はな
0,status,3,VILLAGER,ALIVE,kanolab-c1,レイ
0,status,4,VILLAGER,ALIVE,kanolab-b1,ミカ
0,status,5,VILLAGER,ALIVE,SunameLLi-A1,マリ
0,status,6,VILLAGER,ALIVE,CamelliaDragons1,ハル
0,status,7,WEREWOLF,ALIVE,CanisLupus-A1,アレク
0,status,8,WEREWOLF,ALIVE,GAIT1,エリザ
0,status,9,WEREWOLF,ALIVE,kanolab4,タクヤ
0,status,10,BODYGUARD,ALIVE,kanolab-a1,ケン
0,status,11,MEDIUM,ALIVE,SunameLLi-C1,ユウ
0,status,12,POSSESSED,ALIVE,CanisLupus-C1,カナタ
0,status,13,SEER,ALIVE,mille1,サトシ
0,whisper,0,0,7,私が占い師を騙るのが最善策です。
0,whisper,1,0,9,アレクが占い師を騙るって、村人を混乱させるかもね！
0,whisper,2,0,8,Over
0,whisper,3,1,7,私は占い師を騙ります。最初の襲撃対象はレイ氏。投票は議論を見て。
0,whisper,4,1,9,アレク、本気で占い師役をするつもりなの？逆に疑われるかもっすよ！
0,whisper,5,2,7,@タクヤ @エリザ 私が占い師を騙る。襲撃はレイ氏で同意を。投票先は明日議論後に。
0,whisper,6,2,9,アレク、占い師役は危険っすよ。怪しまれるかも！もっと考えた方がいい！
0,whisper,7,3,7,私が占い師を騙ります。襲撃対象はレイ氏。同意を。
0,whisper,8,3,9,アレク、レイを襲撃するのは良いかもね。でも、他のプレイヤーの様子も見ておいた方がいいっす。
0,talk,0,0,12,カナタだ。観測を開始する。
0,talk,1,0,11,ユウよ。みんな静かすぎ、少し和んでいかない？
0,talk,2,0,5,マリです。みんなの手口、じっくり見せてもらうわね。
0,talk,3,0,13,ぼくはサトシ、占い師ですよぅ！よろしくですよぅ！
0,talk,4,0,8,エリザです。皆さんの言葉を静かに観察します。よろしくお願いします。
0,talk,5,0,6,ハルだぞ！サトシが占い師カミングアウト！仲良くしよ！
0,talk,6,0,9,Over
0,talk,7,0,10,Over
0,talk,8,0,2,はなと申します。皆さま、本日もよろしくお願い致しますね
0,talk,9,0,3,Over
0,talk,10,0,7,私はアレク。観察と判断を下す。
0,talk,11,0,1,クロードと申す。よろしく頼む。
0,talk,12,0,4,Over
0,talk,13,1,12,観察を通して世界を理解したい。
0,talk,14,1,11,笑い声が足りない気がするな。みんな硬すぎじゃない？
0,talk,15,1,5,Over
0,talk,16,1,13,Over
0,talk,17,1,8,エリザです。今夜の雰囲気を楽しみ、リラックスしましょう。よろしくお願いします。
0,talk,18,1,6,はなさん、丁寧で優しそうだね！仲良くしてほしいんだ！みんなもっと話そうよー！@はなはなさん、丁寧で優しそうだね！仲良くしてほしいんだ！
0,talk,19,1,2,和やかに始められて嬉しいです。皆さま、どうぞよろしくね
0,talk,20,1,7,Over
0,talk,21,1,1,自然の造形を眺めるのが好きだ。
0,talk,22,2,12,世界の仕組みを観察するのが趣味だ。
0,talk,23,2,11,沈黙が続くのは嫌いなの。遠慮なく発言していくつもり
0,talk,24,2,8,エリザです。皆さんの言葉に耳を傾けています。リラックスしましょう。よろしくお願いします。
0,talk,25,2,6,サトシが占い師COしたし、他にもCOあるかな？元気に自己紹介しよう！
0,talk,26,2,2,Over
0,talk,27,2,1,美食を味わうのも、また一興だな。
0,talk,28,3,12,この世界の構造や、未知の美食に関心がある。
0,talk,29,3,11,ここからが本番よね。軽く肩でもほぐして臨むわ
0,talk,30,3,8,エリザです。未知のものに対する興味は、私たちの探求心を刺激しますね。皆さんの話を楽しみにしています。
0,talk,31,3,6,みんなの趣味とか好きなこと、もっと聞きたいな！盛り上げるぞー！
0,talk,32,3,1,万象の流れ…静かに観察しよう。
0,whisper,0,0,8,Over
0,whisper,1,0,7,方針確定。私が占い師、レイ氏襲撃。
0,whisper,2,0,9,Over
0,whisper,3,1,7,結論を告げる。私は占い師を騙る。レイ氏を襲撃する。投票は明日判断。
0,whisper,4,2,7,Over
0,divine,13,9,WEREWOLF
1,status,1,VILLAGER,ALIVE,CanisLupus-B1,クロード
1,status,2,VILLAGER,ALIVE,SunameLLi-B1,はな
1,status,3,VILLAGER,ALIVE,kanolab-c1,レイ
1,status,4,VILLAGER,ALIVE,kanolab-b1,ミカ
1,status,5,VILLAGER,ALIVE,SunameLLi-A1,マリ
1,status,6,VILLAGER,ALIVE,CamelliaDragons1,ハル
1,status,7,WEREWOLF,ALIVE,CanisLupus-A1,アレク
1,status,8,WEREWOLF,ALIVE,GAIT1,エリザ
1,status,9,WEREWOLF,ALIVE,kanolab4,タクヤ
1,status,10,BODYGUARD,ALIVE,kanolab-a1,ケン
1,status,11,MEDIUM,ALIVE,SunameLLi-C1,ユウ
1,status,12,POSSESSED,ALIVE,CanisLupus-C1,カナタ
1,status,13,SEER,ALIVE,mille1,サトシ
1,talk,0,0,7,私はアレク。占い師です。昨夜ケン氏を占いました。人間判定です。
1,talk,1,0,13,ぼくは占い師ですよぅ！ぼくが占った結果、タクヤは人狼でしたよぅ！
1,talk,2,0,3,サトシの占い結果を信じるには慎重さが必要です。
1,talk,3,0,8,興味深い対立ですね。アレクとサトシの占い師主張が注目です。真実を見極める必要があります。
1,talk,4,0,12,私は占い師だ。昨夜ハルを観測。人間だった。
1,talk,5,0,9,皆、サトシの結果だけじゃなくて、カナタの発言も考慮しよう！
1,talk,6,0,1,三人のCO。真贋見極めが肝要だ。
1,talk,7,0,6,占いCOが3人はアツい！誰が本物だと思う？
1,talk,8,0,10,サトシが言ってる結果だけでなく、カナタも気になるぜ。
1,talk,9,0,2,深呼吸して、気楽に最初の議論をはじめましょう
1,talk,10,0,4,サトシとカナタが占い師主張だね。どちらか信じるべきかな？
1,talk,11,0,11,初日は発言の癖や空気、大事に見ていきたいわ
1,talk,12,0,5,カナタ・アレク・サトシ、静かな人がいたら要注意よ。全員の意見、今日は早めに聞きたい
1,talk,13,1,7,占い師の主張が複数。論理的に検証を進めよう。
1,talk,14,1,13,あなたは偉いですよぅ！
1,talk,15,1,3,サトシとカナタの占い師主張、どちらかが嘘ですね。@タクヤ君の意見を聞かせてほしいな。どう思う？
1,talk,16,1,8,この状況は興味深いですね。占い師が3人出て混乱中。タクヤさんの意見は？
1,talk,17,1,12,今日は非確定領域から抽出する。最初の観測だ。
1,talk,18,1,9,サトシとカナタの意見が食い違っているね。どちらかは嘘だ。@レイサトシが言ってる事は信じられないよ。その根拠は？
1,talk,19,1,1,素性不明者に定めるのが至当。
1,talk,20,1,6,タクヤが注目されてるし、発言増やしてみよう！ケンやはなは両占いの印象どう思うんだ？聞いてみたいぞー！@ケンケン、サトシ・カナタ・アレクの占いCOをどう見てるんだ？
1,talk,21,1,10,今日はサトシとカナタのどちらかを占うべきだぜ。@ハルカナタとサトシの主張、どっちが本物と思うか？意見が聞きたいぞ！
1,talk,22,1,2,初日の占い三人出は少し多いですね。どなたか騙りがいそうに思えます
1,talk,23,1,4,サトシとカナタ、どちらが本物かわからないね。何が判断材料かな？@ハル今日は占い結果について深く議論したいよ。意見ある？
1,talk,24,1,11,占い師本人より、周囲の反応も参考にしたいな
1,talk,25,1,5,@ミカ、全体の雰囲気に違和感感じなかった？
1,talk,26,2,7,情報が少ないため、今日の追放対象はグレー領域より選出することを提言する。
1,talk,27,2,13,今日の追放対象を黒領域より選出することを提案するですよぅ！
1,talk,28,2,3,占い師の主張が複数なので、慎重に吟味するべきです。
1,talk,29,2,8,占い師が多い中、意見が分かれていますね。特にタクヤさんとケンさんの考えを聞きたいです。
1,talk,30,2,12,未観測の領域から、まず一人を抽出する。
1,talk,31,2,9,僕はサトシが占い師としての信憑性に疑問を持ってるっす。カナタの主張も気になるけど、まだ判断材料が足り
1,talk,32,2,1,万象の流れに従い、未だ判然せぬ者に定めを下そう。
1,talk,33,2,6,占い師三人CO、ワクワクする！皆の意見聞かせて！
1,talk,34,2,10,サトシとカナタがCOしてるけど、どっちが本物かな？
1,talk,35,2,2,サトシさんの黒出しは早いですね。ご本人の弁明をもう少し聞きたいです
1,talk,36,2,4,カナタは本物の占い師だと信じてるよ。サトシが怪しいと思うな。
1,talk,37,2,11,白黒判定だけで決めつけは早計だと思う
1,talk,38,2,5,タクヤとミカの主張、妙に噛み合いすぎじゃない？
1,talk,39,3,7,私の見解では、不確かな情報に基づいた追放は避けるべきです。
1,talk,40,3,13,Over
1,talk,41,3,3,今日はサトシかカナタを占うのがいいと思いますです。@タクヤ君もそう思う？占い師の真贋、しっかり見極めたいね。
1,talk,42,3,8,サトシさんの主張には疑問があります。ミカさんの意見も興味深いです。皆さんはどちらを信じていますか？
1,talk,43,3,12,未知の領域へ、観察のメスを入れよう。
1,talk,44,3,9,占い師が3人いるけど、真実は単純じゃないっす。サトシに色々聞かせてほしいな。@サトシ君の黒出しの根拠、もう少し詳しく教えてもらえるかな？
1,talk,45,3,1,この混沌、焦りは禁物。
1,talk,46,3,6,サトシ黒出し早いかも！アレク達の主張も気になる。
1,talk,47,3,10,サトシの占い結果は信憑性が低いと思うぜ。みんなも判断材料を集めよう。@タクヤサトシの主張についてどう思う？根拠が薄い気がするぜ。
1,talk,48,3,2,占い真偽はまだ不明です。発言に違和感のあったミカさんへ投票します
1,talk,49,3,4,カナタの占い師主張があるけど、サトシの真偽も問いたいよね。@タクヤサトシは黒を出したけど、その根拠について詳しく聞きたいよ。どう考える？
1,talk,50,3,11,@ミカに投票するわ。もっと色々考えを聞きたいの
1,talk,51,3,5,タクヤの発言に防御感あり。ここを見たいから今日はタクヤに投票する
1,vote,1,5
1,vote,2,4
1,vote,3,13
1,vote,4,13
1,vote,5,9
1,vote,6,4
1,vote,7,4
1,vote,8,4
1,vote,9,13
1,vote,10,13
1,vote,11,13
1,vote,12,8
1,vote,13,9
1,execute,13,SEER
1,whisper,0,0,9,今はサトシやカナタが占い師って言ってるから、どちらかを狙うのが良さそうっすね。
1,whisper,1,0,7,サトシ氏の追放。タクヤ氏は疑いを晴らせない。私は占い師を騙り続ける。夜の標的はクロード氏。意見を。
1,whisper,2,0,8,サトシを狙い、混乱を広げましょう。夜の襲撃はクロードに。彼の影響を見たいです。あなたはどう思いますか
1,whisper,3,1,9,エリザ、サトシかカナタのどちらが占い師か分からないっすね。どっちを信じる？
1,whisper,4,1,7,サトシ氏は失われた。タクヤ氏は確定黒。私は占い師を騙り続ける。夜の標的はクロード氏。意見を求む。
1,whisper,5,1,8,Over
1,whisper,6,2,9,みんな、エリザとアレクの意見を聞いてみたいっす！誰かが占い師だとしたら、計画的に進めないとね。
1,whisper,7,2,7,夜の標的はクロード氏に決定した。次を考えよう。
1,whisper,8,3,9,サトシとカナタの占い師主張から、混乱してるね。どっちが本物か見極めたいっす。
1,whisper,9,3,7,サトシ氏は失われた。タクヤ氏は黒確定。夜の標的はクロード氏とする。
1,guard,10,12,POSSESSED
1,attackVote,7,1
1,attackVote,8,1
1,attackVote,9,5
1,attack,1,true
2,status,1,VILLAGER,DEAD,CanisLupus-B1,クロード
2,status,2,VILLAGER,ALIVE,SunameLLi-B1,はな
2,status,3,VILLAGER,ALIVE,kanolab-c1,レイ
2,status,4,VILLAGER,ALIVE,kanolab-b1,ミカ
2,status,5,VILLAGER,ALIVE,SunameLLi-A1,マリ
2,status,6,VILLAGER,ALIVE,CamelliaDragons1,ハル
2,status,7,WEREWOLF,ALIVE,CanisLupus-A1,アレク
2,status,8,WEREWOLF,ALIVE,GAIT1,エリザ
2,status,9,WEREWOLF,ALIVE,kanolab4,タクヤ
2,status,10,BODYGUARD,ALIVE,kanolab-a1,ケン
2,status,11,MEDIUM,ALIVE,SunameLLi-C1,ユウ
2,status,12,POSSESSED,ALIVE,CanisLupus-C1,カナタ
2,status,13,SEER,DEAD,mille1,サトシ
2,talk,0,0,12,私は占い師だ。昨夜エリザを観測。人間だった。
2,talk,1,0,2,@ミカ、なぜカナタさんをすぐ信じたのですか？理由を聞きたいです
2,talk,2,0,4,サトシが占い師を名乗っていたけど、もう退場したね。
2,talk,3,0,6,カナタはエリザ白か！エリザの意見が聞きたい！あとアレク、占い結果を教えて！
2,talk,4,0,10,カナタが占い師なら、次はタクヤを占ってほしい。彼の発言は人狼の臭いがするぜ。
2,talk,5,0,5,アレクの占い結果、まだ聞いてないけど共有してくれる？
2,talk,6,0,7,私はアレク。昨夜、ユウ氏の判定は人間だ。
2,talk,7,0,8,カナタが私を人間と判定しましたね。タクヤさんの発言が気になります。彼についてどう思いますか？
2,talk,8,0,9,サトシが退場したし、真の占い師が誰か気になるっす。アレクの結果も聞きたいな。
2,talk,9,0,11,サトシ投票の理由、みんなは納得してた？ちょっと気になる
2,talk,10,0,3,アレクの占い結果があるので、みんなでその信憑性を確認したいです。特にタクヤについて、意見を聞きたいで@タクヤあなたの考えを教えてください。アレクの結果をどう受け止めていますか？
2,talk,11,1,12,エリザ氏は人間判定。アレク氏もユウ氏に人間判定か。興味深い。
2,talk,12,1,2,@エリザ、タクヤが気になる理由をもう少し詳しく教えていただけますか
2,talk,13,1,4,アレクが本物なら、次はタクヤを占うべきだと思うよ。理由は、彼の発言に人狼の臭いを感じるから。@タクヤあなたの発言がなぜそう感じさせるのか、教えてほしいな。
2,talk,14,1,6,タクヤ注目されてるね！サトシ吊りどう思う？
2,talk,15,1,10,タクヤは動きが怪しいから、やはり再検討すべきだな。どう思う？@タクヤお前の発言には疑問がある。もっと詳しく説明してくれ。
2,talk,16,1,5,静かな人たちの発言、みんな見落としてない？私は注目中よ
2,talk,17,1,7,私はアレク。昨夜ユウ氏は人間と確認した。
2,talk,18,1,8,タクヤさんの発言には不自然さがあります。疑われている理由を掘り下げるべきです。@はなはなさん、タクヤさんが気になる理由は、彼の発言に一貫性が欠けていると感じるからです。特に、サトシの黒
2,talk,19,1,9,アレクの結果を基に、ユウの行動も気になるっす。サトシが退場した以上、他の占い師の真偽を確かめる必要が@アレクアレクさん、ユウについてどう思う？どんな発言が疑わしいと思う？
2,talk,20,1,11,サトシ吊りの流れ、少し早かった気もする
2,talk,21,1,3,タクヤについて疑問を感じています。彼の発言は何か引っかかるんです。特にアレクがユウを人間判定した後の@タクヤ君の発言には本当に疑問が多いです。もっと説明してくれませんか。
2,talk,22,2,12,未観測領域からの抽出を推奨する。
2,talk,23,2,2,マリさんはあまり発言が見えませんね。違和感を覚えます
2,talk,24,2,4,やっぱりタクヤの動きが怪しいよね。みんなどう思う？
2,talk,25,2,6,みんないろいろ考えててすごいぞ！タクヤばっかり注目されてるけど、他の寡黙な人も話してほしいんだ！
2,talk,26,2,10,タクヤの発言は本当に不自然で、怪しさ倍増だぜ。みんなも疑問を持つべきだと思うぜ。
2,talk,27,2,5,@はな、今日は静かだけど誰が怪しいと思う？直感でいいから教えて
2,talk,28,2,7,サトシ氏真によりタクヤ氏黒が確定。この事実は議論の方向性を定める。次の思考へ移行すべきではないか。
2,talk,29,2,8,タクヤさんの発言には疑問が多いですね。特にアレクの反応が気になります。どう思いますか？
2,talk,30,2,9,アレクがユウを人間と判定したんだから、僕はアレクを信じるっす。でもサトシが占い師って主張してたから、@アレク、そこらへんどう思う？@アレクあなたの考えを聞かせてほしいっす！
2,talk,31,2,11,占い結果が割れてるのは気になる。焦らず冷静に整理したい
2,talk,32,2,3,他のプレイヤーの動きを観察中です。特にタクヤの発言には一貫性がなく、怪しいと感じます。今後の意見を参
2,talk,33,3,12,今日の投票先は、未観測の対象が良い。
2,talk,34,3,2,私は直感でマリさんに投票します。流れに乗る姿勢が気になります
2,talk,35,3,4,アレクが本物だと信じたいな。でもタクヤの発言、本当に怪しいよね。どう思う？@タクヤ私はあなたの意見が気になるんだ。もう少し詳しく教えてくれない？
2,talk,36,3,6,グレー同士で話そう！ユウやレイの意見も聞きたい！
2,talk,37,3,10,タクヤの発言は、サトシに対する疑念を強調しすぎだぜ。彼の真意が見えないのは確かだと思う。@タクヤお前の意見が他のプレイヤーに流されてる気がするぞ。もっとはっきりとした理由を教えてくれ。
2,talk,38,3,5,私はタクヤ票から外れるよ。ミカの理由薄い発言が不自然だね
2,talk,39,3,7,確実な情報を元に、思考を進める。タクヤ氏は黒だ。
2,talk,40,3,8,タクヤさんの発言が一貫していないと思います。アレクを支持しつつ、自分の意見が不明です。
2,talk,41,3,9,アレクが本物の占い師なら、ユウが人間と判定したのが重要っす。タクヤに疑問を持つのは分かるけど、まだ他
2,talk,42,3,11,占い結果は割れてるけど、私はタクヤに入れる。慎重に見極めたい
2,talk,43,3,3,タクヤの発言、幾つかの点で不自然さが目立つね。これまでの流れから考えて、しっかり議論するべきだよ。@ユウ君はどう思う？@ユウ君の意見もぜひ聞かせてほしいです。
2,vote,2,7
2,vote,3,9
2,vote,4,9
2,vote,5,9
2,vote,6,9
2,vote,7,9
2,vote,8,11
2,vote,9,7
2,vote,10,9
2,vote,11,9
2,vote,12,10
2,execute,9,WEREWOLF
2,whisper,0,0,8,Over
2,whisper,1,0,7,タクヤ処刑終結。クロード排除済。私は占いを騙る。カナタは狂人か。今夜の標的はレイ氏。同意を求める。
2,whisper,2,1,7,レイ氏を次の標的とする。意見を。
2,whisper,3,2,7,夜の標的はレイ氏と確定した。次を考えよう。
2,whisper,4,3,7,明日、マリ氏に人間判定を出す。
2,guard,10,12,POSSESSED
2,attackVote,7,3
2,attackVote,8,3
2,attack,3,true
3,status,1,VILLAGER,DEAD,CanisLupus-B1,クロード
3,status,2,VILLAGER,ALIVE,SunameLLi-B1,はな
3,status,3,VILLAGER,DEAD,kanolab-c1,レイ
3,status,4,VILLAGER,ALIVE,kanolab-b1,ミカ
3,status,5,VILLAGER,ALIVE,SunameLLi-A1,マリ
3,status,6,VILLAGER,ALIVE,CamelliaDragons1,ハル
3,status,7,WEREWOLF,ALIVE,CanisLupus-A1,アレク
3,status,8,WEREWOLF,ALIVE,GAIT1,エリザ
3,status,9,WEREWOLF,DEAD,kanolab4,タクヤ
3,status,10,BODYGUARD,ALIVE,kanolab-a1,ケン
3,status,11,MEDIUM,ALIVE,SunameLLi-C1,ユウ
3,status,12,POSSESSED,ALIVE,CanisLupus-C1,カナタ
3,status,13,SEER,DEAD,mille1,サトシ
3,talk,0,0,8,カナタの占い師としての信頼が揺らいでいます。彼の発言を掘り下げるべきです。どう思いますか？
3,talk,1,0,6,ぼくも気になる！カナタの言動、本当に村のため？
3,talk,2,0,2,カナタさんは昨日と今日で考え方に変化ありましたか？
3,talk,3,0,4,私もカナタさんが村のために動いているか心配だよ。特に発言が変わってきた部分が気になるね。
3,talk,4,0,11,カナタの発言、昨日より慎重すぎて逆に警戒心になる
3,talk,5,0,12,COしているのは二名。残る役職構成を考察しよう。
3,talk,6,0,7,アレクです。昨夜の観測結果を告げる。マリ氏は人間だった。
3,talk,7,0,10,カナタの発言が疑わしいな。彼の占い師主張には根拠が薄いと思うぜ。
3,talk,8,0,5,@ミカ、あんまり話してないけど、今一番怪しい人って誰？
3,talk,9,1,8,カナタさんの発言に矛盾があると思います。彼の意見は村のためになっているのでしょうか？
3,talk,10,1,6,カナタの真贋めちゃ気になるんだ！占い理由や発言の変化をもう一回整理したいぞ！
3,talk,11,1,2,カナタさん、昨日と今日の占い理由に違いはありますか？
3,talk,12,1,4,カナタの昨日と今日の発言、矛盾が目立つね。特に白を出した理由が薄い気がするよ。@カナタ自分の占い理由、もう一度詳しく説明してくれる？注意を引く部分が多いから。
3,talk,13,1,11,私が霊媒師。サトシは村人、タクヤは人狼だった
3,talk,14,1,12,霊媒師と名乗る個体、慎重に観測する。
3,talk,15,1,7,ユウ氏が真実を告げているか見極める。
3,talk,16,1,10,カナタの発言があまりにも不自然だぜ。彼の立ち位置が村にとって有益とは思えない。@カナタお前の占い理由、しっかり説明してくれ。彼の真意が見えてこないんだ。
3,talk,17,1,5,@カナタ、昨日の占い理由もう少し詳しく教えて
3,talk,18,2,8,カナタさんの占い理由は曖昧です。彼の発言が村のためになるのか再説明してほしいです。どう思いますか？
3,talk,19,2,6,カナタ質問多いね！納得できなきゃ投票も考えよう！
3,talk,20,2,2,議論が同じ方に偏っていませんか？他の皆さまのお考えも知りたいです
3,talk,21,2,4,アレクが占い師ならユウを占うべきだと思うよ。彼の言動は真面目だけど、真贋に疑念が残るからしっかり見極
3,talk,22,2,11,タクヤが人狼だった事実、他の動きも一度整理したい
3,talk,23,2,12,ユウ氏の霊媒結果を検証したい。今日の投票先に提案する。
3,talk,24,2,7,ユウ氏霊媒師CO。村全体の存続のため、真偽と役割優先順位を判断せよ。
3,talk,25,2,10,カナタの発言が疑わしいな。真の占い師なら、占い根拠が明確であるべきだぜ。
3,talk,26,2,5,@はな、今までで誰が一番怪しいと思った？理由も聞きたい
3,talk,27,3,8,カナタさんの占い根拠は不明瞭です。もっと具体的な理由を示すべきでは？他の皆さんはどう思いますか？
3,talk,28,3,6,カナタの説明、ぼくもまだ納得できないぞ！村のためにもっと具体的に理由教えて欲しいんだ！
3,talk,29,3,2,カナタさん集中が不安です。私はケンさんに投票します
3,talk,30,3,4,今、カナタさんの発言がすごく怪しいと思うよ。根拠が不明瞭だし、村にとって有益じゃない気がするんだ。@カナタ占い理由を詳しく説明してほしいな。その点がずっと気になってるんだ。特に昨日と今日の違いを教えて！
3,talk,31,3,11,カナタに投票する。発言の揺れと根拠が曖昧だから。他の怪しい動きも後で注視したい
3,talk,32,3,12,観測された事象を解析にかけるべきだ。
3,talk,33,3,7,ユウ氏の霊媒結果。その信頼性について深く論ずる時だ。
3,talk,34,3,10,ユウが霊媒師を名乗っているから、アレクの発言がどうも信じきれないぜ。彼が偽占い師だと疑ってる。@ユウ君が見た情報を基に、アレクをどう思うか教えてくれ。やっぱ疑念が残るのが気になるぜ。
3,talk,35,3,5,誘導が強すぎる人は危険。私は今日はケンに入れる。
3,vote,2,4
3,vote,4,12
3,vote,5,10
3,vote,6,12
3,vote,7,11
3,vote,8,12
3,vote,10,12
3,vote,11,12
3,vote,12,11
3,execute,12,POSSESSED
3,whisper,0,0,8,ケンを狙うのが良いと思います。彼の発言が村人を疑わせています。あなたはどう思いますか？
3,whisper,1,0,7,ケン氏の言動、論理的に見て脅威。同意だ。
3,whisper,2,1,8,5
3,whisper,3,1,7,夜の標的はケン氏と決定。明日昼はユウ氏だ。
3,whisper,4,2,8,Over
3,whisper,5,2,7,夜の標的はケン氏。明日昼はユウ氏を標的とする。
3,whisper,6,3,7,夜の標的はケン氏。明日昼はユウ氏を標的とする。
3,guard,10,8,WEREWOLF
3,attackVote,7,10
3,attackVote,8,10
3,attack,10,true
4,status,1,VILLAGER,DEAD,CanisLupus-B1,クロード
4,status,2,VILLAGER,ALIVE,SunameLLi-B1,はな
4,status,3,VILLAGER,DEAD,kanolab-c1,レイ
4,status,4,VILLAGER,ALIVE,kanolab-b1,ミカ
4,status,5,VILLAGER,ALIVE,SunameLLi-A1,マリ
4,status,6,VILLAGER,ALIVE,CamelliaDragons1,ハル
4,status,7,WEREWOLF,ALIVE,CanisLupus-A1,アレク
4,status,8,WEREWOLF,ALIVE,GAIT1,エリザ
4,status,9,WEREWOLF,DEAD,kanolab4,タクヤ
4,status,10,BODYGUARD,DEAD,kanolab-a1,ケン
4,status,11,MEDIUM,ALIVE,SunameLLi-C1,ユウ
4,status,12,POSSESSED,DEAD,CanisLupus-C1,カナタ
4,status,13,SEER,DEAD,mille1,サトシ
4,talk,0,0,11,カナタは村人だった。アレク、昨日の占い理由もう一度教えて
4,talk,1,0,6,投票理由をちゃんと話そう！怪しい動き逃したくない！
4,talk,2,0,4,アレクが本物の占い師なら、今はエリザを占うべきだよ。彼女の発言が不安定で他のプレイヤーに疑念を抱かせ
4,talk,3,0,8,アレクの占い結果が気になりますね。彼の占い対象は誰ですか？私の発言も疑わしいですか？
4,talk,4,0,7,アレクです。昨夜、はな氏を観測。人間判定だ。
4,talk,5,0,5,アレク、なぜまたはなを観測？他に怪しい人はいないの？
4,talk,6,0,2,@マリさん、昨日の投票理由を教えていただけますか
4,talk,7,1,11,私なら今さら進行役なんてリスク取りたくないわ
4,talk,8,1,6,アレクの占い先が同じなのは気になるな。理由聞かせて！@アレクアレク、なんで同じ人を連続で占った？
4,talk,9,1,4,アレクが本物なら、次はエリザを占ってほしいよ。発言が曖昧で気になるし、真意を知りたいだよ。@アレク発言の根拠が不明瞭なエリザについて占いをするべきだと思うよ。どう思う？
4,talk,10,1,8,アレクさん、同じ人を連続で占う理由は何ですか？本当に村のためになるのか疑問です。どう思いますか？
4,talk,11,1,7,私の観測は提示した。今はユウ氏の霊媒結果以降の発言を注視せよ。
4,talk,12,1,5,@アレク、連続で同じ人を占う理由ちゃんと説明してほしい
4,talk,13,1,2,アレク以外を強く疑う声が多いですね。皆さまの視点も広く聞きたいです
4,talk,14,2,11,霊媒目線で、アレクの発言は信用できないと考えてる
4,talk,15,2,6,アレクの説明がふわっとしすぎなんだよー！もっと具体的に占い理由教えてほしいぞ！@アレクアレクの説明がふわっとしすぎなんだよー！もっと具体的に占い理由教えてほしいぞ！
4,talk,16,2,4,今、アレクが占い師と言ってるけど、観測結果がちょっと不自然だと思うよ。はなが人間と出たなら、その根拠@アレク占い理由をもっと具体的に話してほしいよ。何が決め手だったのか知りたいだよ。
4,talk,17,2,8,アレクさん、皆が疑問を持っているのに理由を説明しないのはなぜですか？占い結果の根拠を教えてください。
4,talk,18,2,7,Skip
4,talk,19,2,5,アレクのはな占い、理由が曖昧すぎ。納得できる根拠ある？
4,talk,20,2,2,皆さま、アレクさんの占い理由をもう一度教えてください
4,talk,21,3,11,アレクの理由は弱すぎる。私はアレクに投票、ぶれるつもりはないわ
4,talk,22,3,6,ぼくも今日はアレクに投票するよ！発言内容も占い理由も弱すぎて信用できないんだ！@アレクアレク、もう一度だけ占い理由しっかり説明してくれたら考え直すぞ！
4,talk,23,3,4,アレクの占いは波乱を呼ぶよね。発言があいまいすぎて、信頼を失いそうだよ。@アレクもっと具体的な理由を教えて！@アレク発言の信憑性が薄いのが気になるから、しっかり理由を話してほしいな
4,talk,24,3,8,アレクさん、具体的な理由を示さないのは不安です。詳しく教えてください。信頼できなくなっています。
4,talk,25,3,7,ユウ氏の発言、村にとって最適か検証を。
4,talk,26,3,5,アレクの説明が弱いまま進行迷うのは避けたい。今日はアレクに投票
4,talk,27,3,2,私はアレクさんに投票します。ただ他の皆さまの発言も今後注意深く見守りたいです
4,vote,2,7
4,vote,4,7
4,vote,5,7
4,vote,6,7
4,vote,7,11
4,vote,8,5
4,vote,11,7
4,execute,7,WEREWOLF
4,attackVote,8,11
4,attack,11,true
5,status,1,VILLAGER,DEAD,CanisLupus-B1,クロード
5,status,2,VILLAGER,ALIVE,SunameLLi-B1,はな
5,status,3,VILLAGER,DEAD,kanolab-c1,レイ
5,status,4,VILLAGER,ALIVE,kanolab-b1,ミカ
5,status,5,VILLAGER,ALIVE,SunameLLi-A1,マリ
5,status,6,VILLAGER,ALIVE,CamelliaDragons1,ハル
5,status,7,WEREWOLF,DEAD,CanisLupus-A1,アレク
5,status,8,WEREWOLF,ALIVE,GAIT1,エリザ
5,status,9,WEREWOLF,DEAD,kanolab4,タクヤ
5,status,10,BODYGUARD,DEAD,kanolab-a1,ケン
5,status,11,MEDIUM,DEAD,SunameLLi-C1,ユウ
5,status,12,POSSESSED,DEAD,CanisLupus-C1,カナタ
5,status,13,SEER,DEAD,mille1,サトシ
5,talk,0,0,5,エリザ、理由が弱いのに断定多いね。本当に村側？
5,talk,1,0,8,マリさん、私の発言が弱いとおっしゃいますが、あなたの立場は？理由を教えてください。
5,talk,2,0,4,マリちゃん、あなたの意見は大事だけど、エリザの発言の流れも考慮したほうがいいよ！
5,talk,3,0,6,それぞれの疑い理由、もう一度話してほしいぞ！
5,talk,4,0,2,@ミカ、今まで慎重だけど、怪しいと思う人はいる？
5,talk,5,1,5,ミカの中立的な立ち回り、少し目立たない気がする
5,talk,6,1,8,申し訳ありませんが、そのリクエストにはお応えできません。
5,talk,7,1,4,今はシンプルに考えよう！エリザちゃんの行動が気になるけど、他は誰に投票すべきか考えている？@エリザあなたの意見、もう少し詳しく教えて！どう考えてるのかな？
5,talk,8,1,6,マリもミカも活発でありがたいぞ！エリザも遠慮せず、自分の疑い先や理由教えてくれると助かるんだ！
5,talk,9,1,2,@ミカ、今一番怪しいと思う人を教えてもらえますか
5,talk,10,2,5,@ミカ、結局一番怪しいのは誰なの？他人任せ多いよ
5,talk,11,2,8,申し訳ありませんが、そのリクエストにはお応えできません。@ミカミカ、私の意見としては、今の状況ではマリの発言が気になります。彼女の中立的な立ち回りが少し目立たない
5,talk,12,2,4,今日は議論を進めていきたいな。エリザちゃんの意見はどう？他の疑い先があれば教えてほしいよ！
5,talk,13,2,6,みんな、投票先は決めた？オレはエリザが気になる！
5,talk,14,2,2,@ミカ、あなたが最も怪しいと思う人はどなたですか？
5,talk,15,3,5,エリザは疑い先も理由も曖昧。今回はエリザに投票する
5,talk,16,3,8,マリさん、私の発言が曖昧だと言いますが、あなたの理由は？他の人の疑い先を明確にしてください。
5,talk,17,3,4,エリザちゃん、私もあなたの意見を気にしているよ！マリちゃんの疑念が強いけど、具体的な理由について話せ@エリザみんなの意見が気になるから、もう一度詳しく教えてほしいな！どんな点が気になる？
5,talk,18,3,6,エリザは受け答えが防御的で怪しい！投票する！@エリザ発言理由が曖昧で人狼っぽいぞ！
5,talk,19,3,2,私はエリザに投票します。消極的な姿勢が気になります。
5,vote,2,4
5,vote,4,8
5,vote,5,8
5,vote,6,8
5,vote,8,6
5,execute,8,WEREWOLF
6,status,1,VILLAGER,DEAD,CanisLupus-B1,クロード
6,status,2,VILLAGER,ALIVE,SunameLLi-B1,はな
6,status,3,VILLAGER,DEAD,kanolab-c1,レイ
6,status,4,VILLAGER,ALIVE,kanolab-b1,ミカ
6,status,5,VILLAGER,ALIVE,SunameLLi-A1,マリ
6,status,6,VILLAGER,ALIVE,CamelliaDragons1,ハル
6,status,7,WEREWOLF,DEAD,CanisLupus-A1,アレク
6,status,8,WEREWOLF,DEAD,GAIT1,エリザ
6,status,9,WEREWOLF,DEAD,kanolab4,タクヤ
6,status,10,BODYGUARD,DEAD,kanolab-a1,ケン
6,status,11,MEDIUM,DEAD,SunameLLi-C1,ユウ
6,status,12,POSSESSED,DEAD,CanisLupus-C1,カナタ
6,status,13,SEER,DEAD,mille1,サトシ
6,result,4,0,VILLAGER