0,status,1,MEDIUM,ALIVE,kanolab-b1,エリ
0,status,2,POSSESSED,ALIVE,SunameLLi-A1,ハル
0,status,3,SEER,ALIVE,CamelliaDragons1,リナ
0,status,4,VILLAGER,ALIVE,CanisLupus-B1,アヤ
0,status,5,VILLAGER,ALIVE,kanolab-a1,アレックス
0,status,6,VILLAGER,ALIVE,kanolab-c1,マリ
0,status,7,VILLAGER,ALIVE,kanolab1,カズキ
0,status,8,VILLAGER,ALIVE,CanisLupus-C1,ユウジ
0,status,9,VILLAGER,ALIVE,SunameLLi-C1,ダイ
0,status,10,WEREWOLF,ALIVE,mille1,レオン
0,status,11,WEREWOLF,ALIVE,CanisLupus-A1,アレク
0,status,12,WEREWOLF,ALIVE,GAIT1,ミユ
0,status,13,BODYGUARD,ALIVE,SunameLLi-B1,ダン
0,whisper,0,0,10,ぼくはレオン、人狼ですよぅ！霊媒師のふりをしますよぅ！よろしくですよぅ！
0,whisper,1,0,11,レオン殿、霊媒騙り良策。私は占い師を騙ろう。今夜はアヤ氏を襲撃。初日投票は無作為に。
0,whisper,2,0,12,Over
0,whisper,3,1,10,Over
0,whisper,4,1,11,私は占い師。レオン殿は霊媒師を騙る。アヤ氏を襲撃だ。初日はグレーに投票せよ。
0,whisper,5,2,11,策は定まった。夜明けを待つ。
0,whisper,6,3,11,我は占い師を騙る。レオンは霊媒騙りだ。アヤを襲撃せよ。初日の裁きはグレーへ下す。
0,talk,0,0,5,Over
0,talk,1,0,11,アレクだ。よろしく頼む。
0,talk,2,0,8,私の名はユウジだ。理を尊び、共に夜を越えよう。
0,talk,3,0,3,皆さん、リナです。私は占い師をカミングアウトしますね。今夜の初占い結果は明日朝にお伝えします。
0,talk,4,0,9,ダイだ。進行がどう転んでも、俺は状況を冷静に見て考えるつもりだ
0,talk,5,0,1,Over
0,talk,6,0,13,ダンと申します。結論を急がず、一つ一つ整理したいです。
0,talk,7,0,2,ハルだ。年は食っているが、目は節穴じゃない。言葉の裏も見抜くつもりだ。
0,talk,8,0,12,みんな、よろしくね！ミユです。今日は楽しもう！リナの結果も気になるなぁ。頑張ろう！
0,talk,9,0,6,Over
0,talk,10,0,7,Over
0,talk,11,0,10,ぼくはレオン、霊媒師ですよぅ！よろしくですよぅ！
0,talk,12,0,4,どっかーん！アヤだよ！たのしいことしよーね！
0,talk,13,1,11,初日。観察こそ、まず為すべき事だ。
0,talk,14,1,8,Over
0,talk,15,1,3,皆さん、改めて共有しますが、今夜の占いで結果が出次第、朝に必ずお知らせしますね。透明に進めたいです。
0,talk,16,1,9,Over
0,talk,17,1,13,Over
0,talk,18,1,2,Over
0,talk,19,1,12,レオン、霊媒師なんだね！すごい！アヤも元気いっぱいで楽しいね！みんなで協力して頑張ろう！
0,talk,20,1,10,Over
0,talk,21,1,4,Over
0,talk,22,2,11,私も真実を占う者。占い師だ。
0,talk,23,2,3,アレクさんも占い師ですね。どちらを信用します？@アレク対抗占い師登場。みんなはどう見る？
0,talk,24,2,12,アレクさんが占い師！どちらを信じるか、みんなで考えよう。リナの結果も気になるし、話し合おう！
0,talk,25,3,11,私も真実を占う者。占い師だ。
0,talk,26,3,3,対抗が出たので、明日から占い結果で考えます。
0,talk,27,3,12,リナの言う通り、占い結果を見てから考えよう。どちらの占い師を信じるか話し合おう！
0,whisper,0,0,11,策は定まった。私は占い師、レオンは霊媒師。今夜アヤ氏を襲撃。初日はグレーへ投票せよ。
0,whisper,1,0,10,Over
0,whisper,2,0,12,Over
0,whisper,3,1,11,策は定まった。今夜はアヤ氏を襲撃だ。
0,whisper,4,2,11,策は定まったな。夜明けを待とう。
0,whisper,5,3,11,定めた策を実行するのみ。
0,divine,3,11,WEREWOLF
1,status,1,MEDIUM,ALIVE,kanolab-b1,エリ
1,status,2,POSSESSED,ALIVE,SunameLLi-A1,ハル
1,status,3,SEER,ALIVE,CamelliaDragons1,リナ
1,status,4,VILLAGER,ALIVE,CanisLupus-B1,アヤ
1,status,5,VILLAGER,ALIVE,kanolab-a1,アレックス
1,status,6,VILLAGER,ALIVE,kanolab-c1,マリ
1,status,7,VILLAGER,ALIVE,kanolab1,カズキ
1,status,8,VILLAGER,ALIVE,CanisLupus-C1,ユウジ
1,status,9,VILLAGER,ALIVE,SunameLLi-C1,ダイ
1,status,10,WEREWOLF,ALIVE,mille1,レオン
1,status,11,WEREWOLF,ALIVE,CanisLupus-A1,アレク
1,status,12,WEREWOLF,ALIVE,GAIT1,ミユ
1,status,13,BODYGUARD,ALIVE,SunameLLi-B1,ダン
1,talk,0,0,13,寡黙な方が出ないように、皆で積極的に話せるといいですね。
1,talk,1,0,8,役職を秘匿している者から目を向けるべきだそれが理にかなっている
1,talk,2,0,4,ゆ、ユウジさんのいうとおり！やくしょくを言わないお友達を見てみよっか！
1,talk,3,0,3,アレクさんを占ったら『人狼』でした。皆さんご注意！
1,talk,4,0,11,ほう？私が人狼だと？@リナ、貴殿こそ偽りを述べているのではないか。
1,talk,5,0,5,リナの占い結果は信頼できないっすね。他の意見も聞こう。
1,talk,6,0,1,みんなが言う通り、役職を開示するのは大事なのよね。
1,talk,7,0,6,私はリナの結果を疑うわ。彼女の言う『人狼』が真実かは不明よ。
1,talk,8,0,10,あら、こんなに霊媒師がいるのは驚くわですよぅ！
1,talk,9,0,7,僕はリナの占い結果を信じたいな。皆で話し合おう！
1,talk,10,0,12,みんなで話し合うのが大事だね。リナの占い結果が気になる。他に怪しい人も探したいな。
1,talk,11,0,9,無闇にCOが重なるなら、まずは状況を冷静に整理すべきだ
1,talk,12,0,2,発言が少ない者は見逃すな。寡黙も大きな情報源だ。
1,talk,13,1,13,占い師2人の判定、皆さんはどちらを信じますか？
1,talk,14,1,8,占い師COは二名。一方は村を欺く者だ。
1,talk,15,1,4,ユウジさんの通り！やくしょく言ってない人、よく見よーどっかーん！
1,talk,16,1,3,私は占い結果に責任を持ちます。アレクさんは人狼です。村の皆さん、冷静な判断を！
1,talk,17,1,11,リナ、その判定は真実ではない。惑わされるな。他に目を向けよ。
1,talk,18,1,5,皆、冷静にリナの結果を考えよう！アレクが怪しい。@ダン占い師二人の意見、どう思う？それが重要だと思うっす！
1,talk,19,1,1,リナの結果を元にアレクさんを占うべきなのよね。@ダン占い師の意見も重要だけど、冷静に考えてどう思う？
1,talk,20,1,6,リナの占い結果を基にアレクを疑うのは理にかなうわね。@ダン他の意見も聞きたいけれど、リナは信頼できると思うの。どう思う？
1,talk,21,1,10,マリさん、リナさんの占い結果を信じるのは理にかなうけど、リナさんの信頼はまだ早いですよぅ！
1,talk,22,1,7,リナの結果を考えると、アレクが怪しいよね。みんなも考えて！@ダンアレクの言動が不自然に感じるよね。どう思う？
1,talk,23,1,12,リナの占い結果が本当ならアレクに注目。でもアレクが疑われるのはかわいそう。ユウジも怪しい！
1,talk,24,1,9,@ミユ、アレクを庇う理由をもう少し詳しく教えてくれ
1,talk,25,1,2,リナの判定は重いが、確信しすぎも危険だ。冷静に裏も取ろう
1,talk,26,2,13,私としては、エリさんの発言が控えめに感じます。
1,talk,27,2,8,霊媒COにも偽りが混じる可能性。注視せよ。
1,talk,28,2,4,ねえ！@ダンさん@エリさん、やくしょく言ってない人どう思う？
1,talk,29,2,3,今分かっている確定情報は、私の占い結果だけです。
1,talk,30,2,11,リナの判定は惑わし。沈黙する者も探る。
1,talk,31,2,5,リナの結果は重要だが、慎重に進めるべきだっすね。
1,talk,32,2,1,冷静に考えると、アレクの言動が不自然ね。リナの占い結果を捉える姿勢が不安なのよね。
1,talk,33,2,6,エリの発言が控えめで気になるわね。村人の一員なら、もっと意見を出してほしいわ。
1,talk,34,2,10,マリさん、エリさんの意見を尊重していると思いますよぅ！
1,talk,35,2,7,リナの結果に疑問を持つのはいいけど、アレクが怪しいな。冷静に考えてみて！
1,talk,36,2,12,リナの結果に疑念を持つのはいいけど、ユウジさんが怪しいかも。みんな、どう思う？@ダイダイ、アレクを庇うつもりはないよ。ただ、リナの占い結果が本当かどうか慎重に考えたいだけ。アレクの言動
1,talk,37,2,9,@ダン、冷静に整理って言うが、何を重視してる？
1,talk,38,2,2,リナもアレクも決め打つには早い。焦りは狼に利する。
1,talk,39,3,13,占い師真偽は即断せず。今日はアレクに投票します
1,talk,40,3,8,道理を外れるな。未判定者に目を向けるべきだ。
1,talk,41,3,4,@ダンさん、@エリさん、ぐれーの人どう思う？
1,talk,42,3,3,アレクを本日投票対象に推します。占い師の責務です。@アレク本日の投票はアレクに。占い結果や反応から狼だと判断。
1,talk,43,3,11,沈黙する者たちに目を向けよ。真実はそこにある。
1,talk,44,3,5,僕はまずエリを占うべきだと思うっす。発言が控えめだから、真意を探るべきだ！@ダンエリの発言は控えめで怪しい。どう思うっすか？彼女は村側か人狼か、確認が必要だと思う！
1,talk,45,3,1,皆さん、リナの結果が出たけど、冷静な判断が必要なのよね。@ダンダンさん、アレクへの投票に賛成だけど、他にも注目すべきプレイヤーがいると思うのよ。本当の人狼を見極め
1,talk,46,3,6,今日の夜はやはりエリを占うべきだわ。その発言が控えめだから疑惑が浮かぶの。@ダンあなたの意見も聞きたいけれど、エリは本当に村側か気になるわね。どう思う？
1,talk,47,3,10,Over
1,talk,48,3,7,ダンの意見は重要だけど、エリの控えめな発言が気になるよね。どう思う？@ダン冷静にエリの意見を聞いてみて、彼女の考えも大事にしよう！
1,talk,49,3,12,リナの占い結果に疑念を抱くのは良い考えだけど、ユウジの意見も気になるね。どう思う？
1,talk,50,3,9,霊媒の結果で流れも見える。俺はアレクに投票する。
1,talk,51,3,2,アレクもリナも決め打ちは危険。私はエリに投票する。
1,vote,1,11
1,vote,2,1
1,vote,3,11
1,vote,4,13
1,vote,5,11
1,vote,6,11
1,vote,7,11
1,vote,8,12
1,vote,9,1
1,vote,10,9
1,vote,11,4
1,vote,12,1
1,vote,13,11
1,execute,11,WEREWOLF
1,divine,3,1,HUMAN
1,whisper,0,0,10,夜の時間が来ましたよぅ！今日はどうしましょうよぅ？
1,whisper,1,0,12,Over
1,whisper,2,1,10,なんでもないですよぅ！
1,whisper,3,2,10,なんでもないですよぅ！
1,whisper,4,3,10,Over
1,guard,13,3,SEER
1,attackVote,10,13
1,attackVote,12,1
1,attack,13,true
2,status,1,MEDIUM,ALIVE,kanolab-b1,エリ
2,status,2,POSSESSED,ALIVE,SunameLLi-A1,ハル
2,status,3,SEER,ALIVE,CamelliaDragons1,リナ
2,status,4,VILLAGER,ALIVE,CanisLupus-B1,アヤ
2,status,5,VILLAGER,ALIVE,kanolab-a1,アレックス
2,status,6,VILLAGER,ALIVE,kanolab-c1,マリ
2,status,7,VILLAGER,ALIVE,kanolab1,カズキ
2,status,8,VILLAGER,ALIVE,CanisLupus-C1,ユウジ
2,status,9,VILLAGER,ALIVE,SunameLLi-C1,ダイ
2,status,10,WEREWOLF,ALIVE,mille1,レオン
2,status,11,WEREWOLF,DEAD,CanisLupus-A1,アレク
2,status,12,WEREWOLF,ALIVE,GAIT1,ミユ
2,status,13,BODYGUARD,DEAD,SunameLLi-B1,ダン
2,talk,0,0,6,今はリナの信頼性を再確認すべきだわ。彼女の占い結果が村人に影響しそうね。
2,talk,1,0,5,僕はエリが怪しいっす。彼女の発言が村人をリードする気配が薄いからね。
2,talk,2,0,7,今日はリナの結果を受けて、エリの発言が気になるよ。もう一度考えよう！
2,talk,3,0,1,Skip
2,talk,4,0,3,まず報告ですが、今朝はエリさんを占い『人間』判定でした。引き続きグレー詰めを推奨します。
2,talk,5,0,8,レオン殿、アレクの判定結果を聞かせよ。
2,talk,6,0,12,ダンの襲撃は意外だね。リナの占い結果も重要だし、エリについて考えるべきかも。どう思う？
2,talk,7,0,4,ダンさん襲撃…たいへん！レオンさん結果聞かせてー！
2,talk,8,0,2,ダイはまだ目立たぬ。こういう潜伏が狼だと後で痛い目を見る
2,talk,9,0,9,@ミユ、ダン襲撃が意外って言った理由は？説明を聞きたい
2,talk,10,0,10,ぼくは霊媒師ですよぅ！ぼくの霊媒の結果、アレクは人間でしたよぅ！
2,talk,11,1,6,エリが村人の可能性が高いわ。リナの占い結果が人間だったから、今後の考察が大事ね。@エリあなたの発言に期待しているわ。もっと自分の考えを聞かせてほしいな。
2,talk,12,1,5,エリにはリナの結果を重視してほしいっす。彼女が人間なら、他を疑う必要があるかも。@ハルエリの意見にも耳を傾けるべきっすよね。どんな考えを持っているか、気になるっす！
2,talk,13,1,7,エリはリナの結果を信じているんだよね？その考えを詳しく教えてほしいな！@エリ僕もリナの結果が重要だと思うけど、他に疑うべきプレイヤーがいるかも。エリの考えが聞きたいな。
2,talk,14,1,1,Skip
2,talk,15,1,3,レオンさんの霊媒結果と私の占いが矛盾。要議論。@レオンアレク人間判定の根拠、詳しく教えて。
2,talk,16,1,8,霊媒師と占い師どちらが真実かそこを見よ
2,talk,17,1,12,エリの発言が怪しいかも。リナの占い結果を信じるなら、みんな、エリについてどう思う？@ダイダイ、ダンの襲撃が意外だったのは、彼があまり目立っていなかったからだよ。狼が目立たない人を狙うのは少
2,talk,18,1,4,レオンさんの結果とリナさんの結果、ちがうね？どっちがホントなのかな？みんなで考えよ！
2,talk,19,1,2,レオンの判定理由が薄い。経験上、霊媒師にも偽あり得る
2,talk,20,1,9,エリに注目集まりすぎだな。他の灰にも目を向けてみたい
2,talk,21,1,10,ダイの言葉に同意するですよぅ！
2,talk,22,2,6,リナの占いが二人の結果で矛盾してるね。@レオンレオンの結果をもう少し詳しくる出して欲しいわ。今後の判断材料にしたいの。みんなも同じ意見だと思うわよ
2,talk,23,2,5,エリの発言、ちょっと矛盾があるっすね。リナの結果信じるんなら、彼女を再考するべきだ！
2,talk,24,2,7,今の状況で役割が疑われるエリを占うのがいいと思うんだ。
2,talk,25,2,1,Skip
2,talk,26,2,3,グレーばかり注目されています。静かな人にも注目を。
2,talk,27,2,8,エリ殿への注目も良いが、リナかレオン殿。偽はどちらだ？
2,talk,28,2,12,エリの発言が矛盾している気がするし、リナとレオンの結果も気になるね。どう思う？
2,talk,29,2,4,レオンさんとリナさんの結果ちがう！どっちがほんとかな？あたしはレオンさんをみる！だからリナさんバイバ
2,talk,30,2,2,エリに集中しすぎだ。静かなダイやマリも気をつけろ
2,talk,31,2,9,リナとレオンの判定食い違い、理由をもう一度聞きたい
2,talk,32,2,10,あなたの言ったことは正しいですよぅ！
2,talk,33,3,6,リナの占い結果が信じられないなら、エリを占うのが効果的ね。彼女の発言が怪しいし、結果次第で議論が進む
2,talk,34,3,5,リナとレオンの結果が矛盾してるっす。どちらの真偽も見極める必要があると思う！@ユウジユウジ、君はこの矛盾についてどう考えてるっすか？意見を聞かせてほしいっす！
2,talk,35,3,7,アレクが退場した今、エリの発言が気になるよね。彼女の考えをもっと聞かせて！@エリ皆で議論するうちに、エリの意見が変わるかもしれないから、ぜひ発言してほしい！
2,talk,36,3,1,Skip
2,talk,37,3,3,アレク占い結果は人狼。レオンさん、判定理由を教えて。@レオンアレク人間判定の理由を簡潔に教えてほしいです。
2,talk,38,3,8,私はミユに投ずるその言葉に裏が見える
2,talk,39,3,12,エリの発言が怪しい！リナとレオンの結果も矛盾してるから、考えるべきだね。どう思う？
2,talk,40,3,4,レオンさんがほんと！リナさんがあやしい！そう思うな！
2,talk,41,3,2,エリばかり注目しすぎだ。静かなダイに今日は投票する
2,talk,42,3,9,エリに票が集まりすぎてるな。ここは@ハルに入れる。理由は発言の揺れ。
2,talk,43,3,10,Over
2,vote,1,3
2,vote,2,3
2,vote,3,1
2,vote,4,3
2,vote,5,9
2,vote,6,1
2,vote,7,1
2,vote,8,12
2,vote,9,2
2,vote,10,8
2,vote,12,1
2,execute,1,MEDIUM
2,divine,3,9,HUMAN
2,whisper,0,0,12,エリを疑わせる状況だけど、ユウジも怪しい。彼を襲撃するのも手だよ。どう思う？
2,whisper,1,0,10,ミユ、それは一つの考えだけど、ユウジを襲撃するのは嫌ですよぅ！
2,whisper,2,1,12,じゃあ、他の候補を考えよう。アヤやハルも怪しいと思うけど、どうする？
2,whisper,3,1,10,そうだね、ミユですよぅ！
2,whisper,4,2,12,アヤを襲撃するのはどうかな？彼女は他のプレイヤーに影響を与えてるから。
2,whisper,5,2,10,ミユの意見には反対ですよぅ！
2,whisper,6,3,12,じゃあ、別の候補を考えよう。ハルやマリも注意が必要だと思うけど、どちらがいいかな？
2,whisper,7,3,10,Over
2,attackVote,10,2
2,attackVote,12,2
2,attack,2,true
3,status,1,MEDIUM,DEAD,kanolab-b1,エリ
3,status,2,POSSESSED,DEAD,SunameLLi-A1,ハル
3,status,3,SEER,ALIVE,CamelliaDragons1,リナ
3,status,4,VILLAGER,ALIVE,CanisLupus-B1,アヤ
3,status,5,VILLAGER,ALIVE,kanolab-a1,アレックス
3,status,6,VILLAGER,ALIVE,kanolab-c1,マリ
3,status,7,VILLAGER,ALIVE,kanolab1,カズキ
3,status,8,VILLAGER,ALIVE,CanisLupus-C1,ユウジ
3,status,9,VILLAGER,ALIVE,SunameLLi-C1,ダイ
3,status,10,WEREWOLF,ALIVE,mille1,レオン
3,status,11,WEREWOLF,DEAD,CanisLupus-A1,アレク
3,status,12,WEREWOLF,ALIVE,GAIT1,ミユ
3,status,13,BODYGUARD,DEAD,SunameLLi-B1,ダン
3,talk,0,0,5,占い師と霊媒師の結果が真逆だから、信じるべきはレオン。彼の発表が重要っす！
3,talk,1,0,9,Skip
3,talk,2,0,12,エリの追放を利用し、ハルの襲撃理由について議論したい。誰が狙ったのか考えよう。
3,talk,3,0,8,ハル殿襲撃。誰が手引きしたか？真贋を問う。
3,talk,4,0,7,今日は冷静に議論を進めよう。リナの結果は偽の可能性もあるから、慎重に考えよう！
3,talk,5,0,6,今日はリナが占うべきはレオンよ。彼の結果が占い結果と矛盾しているから、真意を探る価値があるわ。
3,talk,6,0,3,ダイさんを占い『人間』判定。グレーが狭まりました。
3,talk,7,0,10,ぼくは霊媒師ですよぅ！ぼくの霊媒の結果、エリは人間でしたよぅ！
3,talk,8,0,4,リナさんとレオンさん、結果ちがうね！どっちかが人狼さんチームだよ！あたしはレオンさんを信じるな！
3,talk,9,1,5,リナの結果は信じられていないみたいだけど、僕はレオンが怪しいと思うっす。霊媒結果がエリと矛盾してるか@レオン君の霊媒結果、どういう理屈でエリを人間としたのか、もう少し詳しく教えてほしいっす！
3,talk,10,1,12,エリが追放されたのは残念だね。ハルの襲撃についてみんなで考えよう！ユウジも怪しいかも。どう思う？
3,talk,11,1,8,リナ殿が真なる占い師ならばダイ殿は人間だ
3,talk,12,1,7,エリは追放されたし、今後の議論は慎重に行おう。皆の意見が重要だよ！@ユウジユウジ、今回の占い結果をどう思う？ダイやリナについて何か考えがあれば教えて！
3,talk,13,1,6,レオンが霊媒師の発言に矛盾を感じるわ。リナを信じる価値があるのでは？@ユウジあなたは霊媒結果をどう解釈している？もう少し詳しく聞きたいわ。
3,talk,14,1,3,人狼候補はレオン、アヤ、ユウジ、カズキ。レオンの霊媒結果に矛盾有。グレーも絞られたね。
3,talk,15,1,10,グレーは霊媒不信ですよぅ！
3,talk,16,1,4,リナさんとレオンさん、結果変だよ！どっちかのこと、もっと話そ！
3,talk,17,2,5,リナとレオンの結果が真逆だから、今日はレオンを占うのが良いと思うっす。彼の占い結果が信頼できるか検証
3,talk,18,2,12,エリが追放されたことで、村人の意見が変わりそうだね。ユウジの占い結果についてどう思う？
3,talk,19,2,8,論点は真なる役職がどちらかだ
3,talk,20,2,7,リナの判定が一致しないね。今日はレオンを占おうよ！君の結果が信じられるか確かめる必要があるから！
3,talk,21,2,6,レオンの霊媒結果が矛盾しているし、観察者を名乗るのには理由が必要よね。今日は彼を占うべきだと思うわ。
3,talk,22,2,3,レオンさんを占うのが良いと思います。護衛も検討して。
3,talk,23,2,10,ぼくもレオンさんを護衛するのが良いと思いますよぅ！
3,talk,24,2,4,リナさんがうそつきさんかも！どっかーん！リナさんにあやしい！
3,talk,25,3,5,今日はレオンを占うのが良いと思うっす。彼が霊媒師なら、結果の真偽が重要だ！@ユウジユウジ、君はレオンをどう思う？彼の結果を信頼してるっすか？
3,talk,26,3,12,レオンの霊媒結果には矛盾があるね。今日はレオンを占うのがいいかも。ユウジ、どう思う？
3,talk,27,3,8,リナとレオン、真贋を見極めねばならぬ。私はリナに投票する。
3,talk,28,3,7,今日はリナとレオンの結果が重要だね。矛盾があるし、皆で検証しよう！@ユウジユウジ、リナとレオンの結果についてどう考えてる？その矛盾、何か気づいたことがあれば教えて！
3,talk,29,3,6,レオンの霊媒結果には疑念があり、リナとの矛盾も気になるわ。リナはまだ信じられる。@ユウジユウジ、リナの結果が矛盾するレオンをどう思う？あなたの見解が知りたいわ。
3,talk,30,3,3,ユウジさん、今の時点で私とレオンさんの真贋をどう見ていますか？推理の根拠を教えてほしいですね。@ユウジユウジさん、今の時点で私とレオンさんの真贋をどう見ていますか？推理の根拠を教えてほしいですね。
3,talk,31,3,10,Over
3,talk,32,3,4,リナさんがうそつきかも！あやしいぞーどっかーん！
3,vote,3,10
3,vote,4,3
3,vote,5,10
3,vote,6,10
3,vote,7,3
3,vote,8,3
3,vote,10,4
3,vote,12,3
3,execute,3,SEER
3,whisper,0,0,10,夜の時間が来ましたよぅ！昨晩はハルを襲いましたよぅ！今日はどうしましょうよぅ？
3,whisper,1,0,12,今日はアヤを襲撃するのがいいかも。彼女は他のプレイヤーに影響を与えているし、疑いも集めてるから。どう
3,whisper,2,1,10,そうなんですよぅ！
3,whisper,3,1,12,Over
3,whisper,4,2,10,ぼくはミユの発言を信じますよぅ！
3,whisper,5,3,10,Over
3,attackVote,10,6
3,attackVote,12,4
3,attack,4,true
4,status,1,MEDIUM,DEAD,kanolab-b1,エリ
4,status,2,POSSESSED,DEAD,SunameLLi-A1,ハル
4,status,3,SEER,DEAD,CamelliaDragons1,リナ
4,status,4,VILLAGER,DEAD,CanisLupus-B1,アヤ
4,status,5,VILLAGER,ALIVE,kanolab-a1,アレックス
4,status,6,VILLAGER,ALIVE,kanolab-c1,マリ
4,status,7,VILLAGER,ALIVE,kanolab1,カズキ
4,status,8,VILLAGER,ALIVE,CanisLupus-C1,ユウジ
4,status,9,VILLAGER,,SunameLLi-C1,ダイ
4,status,10,WEREWOLF,ALIVE,mille1,レオン
4,status,11,WEREWOLF,DEAD,CanisLupus-A1,アレク
4,status,12,WEREWOLF,ALIVE,GAIT1,ミユ
4,status,13,BODYGUARD,DEAD,SunameLLi-B1,ダン
4,talk,0,0,12,リナとアヤがいなくなったのは大きな変化だね。残ったプレイヤーの意見を聞いて、誰が怪しいか考えよう！
4,talk,1,0,10,ぼくは霊媒師ですよぅ！ぼくの霊媒の結果、リナは人間でしたよぅ！
4,talk,2,0,7,今日はレオンの結果をみんなで検証した方がいいよ！疑問が多いし、誰が本物か見極めよう！
4,talk,3,0,8,レオン殿の結果は真と見做す。猶予はない。
4,talk,4,0,6,私はレオンが霊媒師を名乗るのはかえって怪しいと思うわ。リナと矛盾があるし、彼の真偽を図るべきね。
4,talk,5,0,5,僕はレオンにまだ疑念が残るっす。彼の占い結果に矛盾があるから、もっと詳しく調べるべきっす！
4,talk,6,1,12,レオンの霊媒結果には疑念が残るね。みんなで彼の真偽を考えよう！
4,talk,7,1,10,みんなはどう思いますよぅ？
4,talk,8,1,7,レオンの結果も気になるけど、彼の主張が本当か確認しよう！皆の意見を集めたいよ。@ユウジユウジ、レオンの霊媒結果についてどう思う？彼の真偽、もっと詳しく話そう！
4,talk,9,1,8,レオン殿の結果は真。過去の処刑者は人間だった。
4,talk,10,1,6,今日はレオンを占うべきだわ。彼の結果には矛盾が多すぎるし、真実を探らなければならないわ。@ユウジあなたはレオンの真偽をどう考えていますか？彼が本物の霊媒か疑わしいわよね。
4,talk,11,1,5,レオンの霊媒結果はまだ信じられないっすね。あの矛盾は流石に怪しいと思う！@ユウジ君の意見も聞かせてほしいっすよ。レオンの真偽についてどう思ってる？
4,talk,12,2,12,レオンの結果に矛盾が多いのは確かだね。みんなで彼を占うべきだと思う。ユウジ、どう感じてる？
4,talk,13,2,10,ミユの意見に同意しますよぅ！
4,talk,14,2,7,今はレオンとミユが怪しいと思うよ。レオンは霊媒結果の信頼性が低いし、ミユの発言も曖昧だ！どう思う？
4,talk,15,2,8,レオン殿の結果を真と見做し論じよう
4,talk,16,2,6,私は今の状況、特にレオンが気になるわ。彼の霊媒結果はかなり疑わしいと思うの。ただ、ユウジは彼を真とし
4,talk,17,2,5,僕はレオンが気になるっすね。彼の霊媒結果には矛盾が多いから、投票したいと思うっす。
4,talk,18,3,12,レオンと私が怪しいと言われたね。彼の霊媒結果について話し合おう！私も疑われているから意見を聞きたい。
4,talk,19,3,10,Over
4,talk,20,3,7,今は残ったプレイヤーをしっかり見極めよう。レオンの結果が気になるし、真贋を話し合いたい！@ユウジユウジ、レオンの結果についてどう思う？彼の真偽を一緒に検討しよう！
4,talk,21,3,8,レオン殿が真霊媒だ。人狼の狙いを読め。
4,talk,22,3,6,レオンの霊媒結果は信じられないわ。特に他の発言と矛盾しているから、真贋を精査する必要があるわね。@ユウジユウジ、この結果についてどう思う？あなたの見解を聞かせて。
4,talk,23,3,5,レオンの結果が矛盾してるから、彼が怪しいと思うっす。ミユも疑わしいけど、今は彼に投票したいっす！@ユウジユウジ、レオンの霊媒結果についてどう思う？彼が真として進めるのは危険だと思うっす！
4,vote,5,8
4,vote,6,8
4,vote,7,5
4,vote,8,12
4,vote,10,7
4,vote,12,8
4,execute,8,VILLAGER
4,whisper,0,0,12,アレックスを襲撃するのが良いかも。彼は疑いを集めているし、他に影響を与えている。どう思う？
4,whisper,1,0,10,そのアイデアは良いと思うですよぅ！
4,whisper,2,1,12,それじゃ、アレックスを襲撃しよう！彼がいなくなれば、他のプレイヤーに影響を与えられるはず。
4,whisper,3,1,10,いいアイデアだ！襲撃しようですよぅ！
4,whisper,4,2,12,Over
4,whisper,5,2,10,ミユさん、その言葉はまさに今起きていることを示しているですよぅ！
4,whisper,6,3,10,Over
4,attackVote,10,6
4,attackVote,12,5
4,attack,5,true
5,status,1,MEDIUM,DEAD,kanolab-b1,エリ
5,status,2,POSSESSED,DEAD,SunameLLi-A1,ハル
5,status,3,SEER,DEAD,CamelliaDragons1,リナ
5,status,4,VILLAGER,DEAD,CanisLupus-B1,アヤ
5,status,5,VILLAGER,DEAD,kanolab-a1,アレックス
5,status,6,VILLAGER,ALIVE,kanolab-c1,マリ
5,status,7,VILLAGER,ALIVE,kanolab1,カズキ
5,status,8,VILLAGER,DEAD,CanisLupus-C1,ユウジ
5,status,9,VILLAGER,,SunameLLi-C1,ダイ
5,status,10,WEREWOLF,ALIVE,mille1,レオン
5,status,11,WEREWOLF,DEAD,CanisLupus-A1,アレク
5,status,12,WEREWOLF,ALIVE,GAIT1,ミユ
5,status,13,BODYGUARD,DEAD,SunameLLi-B1,ダン
5,talk,0,0,7,みんな、状況がすごく怪しくなってるよね。レオンの結果が偽だとしたら、真の占い師は誰なんだろう？考えて
5,talk,1,0,10,ぼくは霊媒師ですよぅ！ぼくの霊媒の結果、ユウジは人狼でしたよぅ！
5,talk,2,0,6,レオンの結果が気になるわね。ユウジが人狼と判定されたら、彼の意見も見直す必要がある。特に反応を見てみ
5,talk,3,0,12,ユウジが追放されたので、レオンの霊媒結果を議論しよう！
5,talk,4,1,7,レオンの結果は重要だけど、ユウジが人狼だってことは真実か再確認必要だね。皆はどう思う？@ミユミユ、レオンの霊媒結果についてどう思う？ユウジの真偽を見極めよう！
5,talk,5,1,10,ユウジは偽者だと思うですよぅ！
5,talk,6,1,6,今の状況、レオンの霊媒結果を疑おう。ユウジが人狼だと判定も疑わしい。何か証拠はあるの？@レオンユウジの真贋確認するために、レオンの判定根拠を教えてほしいわ。
5,talk,7,1,12,レオンの霊媒結果には疑念が残るね。ユウジが人狼だとしたら、他に誰が怪しいか考えてみよう！@カズキカズキ、レオンの霊媒結果は確かに疑わしいね。ユウジが人狼だとしたら、他のプレイヤーの発言も再検討する
5,talk,8,2,7,今はレオンの霊媒結果をよく考えるべきだよ。ユウジが人狼とされているが、彼の証言は必要だね。
5,talk,9,2,10,カズキの言う通り、ユウジの証言は重要ですよぅ！
5,talk,10,2,6,今の状況だとレオンの霊媒結果が重要ですね。ユウジが人狼という判定が出たけれど、他のプレイヤーにも怪し
5,talk,11,2,12,レオンの結果が重要だね。ユウジの証言も必要だけど、他の意見も考慮しよう！
5,talk,12,3,7,今日はレオンが霊媒師だと言ってるけど、ユウジの結果も気になるね。今日はダイを占って、真偽をはっきりさ@ダイダイ、君はどう思う？レオンの真偽を確認するためにも、占い結果をもう一度見極めたいんだ。
5,talk,13,3,10,Over
5,talk,14,3,6,レオンの占い結果は真実か再確認が必要よね。私はミユに投票する考えがあるわ。彼女も怪しい。@ミユミユ、あなたの発言には疑念があるから、ぜひ意見を聞かせてほしいわ。あなたの考えはどうなの？
5,talk,15,3,12,私の発言が怪しいと言われたね。みんなの意見を聞いて、どこに疑念があるのか教えてほしい！@マリマリ、私の発言について疑念があるのね。私は村人陣営を守りたいと思っているけど、レオンの霊媒結果が本当
5,vote,6,10
5,vote,7,10
5,vote,10,6
5,vote,12,6
5,execute,6,VILLAGER
6,status,1,MEDIUM,DEAD,kanolab-b1,エリ
6,status,2,POSSESSED,DEAD,SunameLLi-A1,ハル
6,status,3,SEER,DEAD,CamelliaDragons1,リナ
6,status,4,VILLAGER,DEAD,CanisLupus-B1,アヤ
6,status,5,VILLAGER,DEAD,kanolab-a1,アレックス
6,status,6,VILLAGER,DEAD,kanolab-c1,マリ
6,status,7,VILLAGER,ALIVE,kanolab1,カズキ
6,status,8,VILLAGER,DEAD,CanisLupus-C1,ユウジ
6,status,9,VILLAGER,,SunameLLi-C1,ダイ
6,status,10,WEREWOLF,ALIVE,mille1,レオン
6,status,11,WEREWOLF,DEAD,CanisLupus-A1,アレク
6,status,12,WEREWOLF,ALIVE,GAIT1,ミユ
6,status,13,BODYGUARD,DEAD,SunameLLi-B1,ダン
6,result,2,2,WEREWOLF