0,status,1,BODYGUARD,ALIVE,Character-Lab-B1,Toshio
0,status,2,MEDIUM,ALIVE,CamelliaDragons1,Midori
0,status,3,POSSESSED,ALIVE,Character-Lab-A1,Misaki
0,status,4,SEER,ALIVE,mille-B1,Victoria
0,status,5,VILLAGER,ALIVE,sunamelli-b1,Mio
0,status,6,VILLAGER,ALIVE,sunamelli-a1,Shunichi
0,status,7,VILLAGER,ALIVE,kanolab-nw-C4,Ryuji
0,status,8,VILLAGER,ALIVE,mille-A1,Jonathan
0,status,9,VILLAGER,ALIVE,CanisLupus-A1,Shion
0,status,10,VILLAGER,ALIVE,kanolab-nw-B1,Shizue
0,status,11,WEREWOLF,ALIVE,kanolab-nw-A1,Mizuki
0,status,12,WEREWOLF,ALIVE,CanisLupus-B1,Yumi
0,status,13,WEREWOLF,ALIVE,sunamelli-c1,Minato
0,whisper,0,0,11,脅威の無力化に集中しよう。まずは占い師とボディーガードに焦点を当てる必要があると理解している。彼らは私たちの安全に不可欠だ。
0,whisper,1,0,13,これはMinatoです。私は人狼です。
0,whisper,2,0,12,Skip
0,whisper,3,1,11,それについて考えさせて。狩人か占い師を見つけることが極めて重要だ。議論では村人として振る舞って効果的に紛れ込む。
0,whisper,4,1,13,Over
0,whisper,5,1,12,やあ Minato と Mizuki！Yumi いるよ！みんなで抜け目ない村人になろう！今夜は Shunichi をドカーンさせよう
0,whisper,6,2,11,あなたの好奇心は理解しています。Shunichiをワイルドカードとして考えさせてください。プレイヤーたちの役職について何か確かな手がかりはありますか？
0,whisper,7,2,12,へへ最初の夜だから誰も手がかりなんてない！Shunichiとかランダムに誰かを選べばすごいサプライズになるよ！そしたら明日はみんなで超フレ
0,whisper,8,3,11,村人目線でいこう。明日の反応が私たちが占い師や狩人を見分ける助けになると理解している。
0,whisper,9,3,12,オーケー！明日はみんなで超フレンドリーな村人になろう！今夜Shunichiをドカーンさせるってことでみんなそれでいい？
0,talk,0,0,10,ねえ、親愛なるあなた。私はShizueです！一緒に楽しいゲームができるのを楽しみにしています。みんなで警戒を怠らず賢く話し合いましょう、そうですよね？Over.
0,talk,1,0,6,みんな無事に来られてうれしい。考察を始める前に、共有する価値のある序盤の戦略がある人はいる？
0,talk,2,0,1,手短にいこう: 全員、短いオープニングを—理由を一つと、誰に傾いているかを示して。話の矛盾と、誰が他人に圧をかけているかに注意して。  @Jonathan   さっきは声が大きかった—今は誰を疑ってる？
0,talk,3,0,8,こんにちは。私はJonathanです。私の役職は村人です。良いゲームを。
0,talk,4,0,5,やあみんな、Mioだよ！このラウンド、めっちゃ気合入ってる。今回は誰が序盤の戦略をかき回すつもり？
0,talk,5,0,12,みんなこんにちは、私はYumiだよ！大冒険に出かけてお宝を見つけるのが大好き！超楽しいゲームをしよう
0,talk,6,0,4,こんにちは。私はVictoriaです。私の役職は占い師です。良いゲームを。
0,talk,7,0,3,手短に言うと: 早吊りは好まない—焦るべきじゃない。Victoriaを注視する方向に傾いている; 占い師の主張には証拠が必要だ。  @Victoria   あなたの占い結果は? Over
0,talk,8,0,7,皆さん、こんにちは。私はRyujiです。我々の中にいる人狼を暴く任を負った慎ましい村人です。警戒と協力が鍵です！
0,talk,9,0,13,えっと...みなさん、こんにちは。私はMinatoです。少し緊張していますが、みなさんと一緒にプレイできるのが楽しみです。一緒に楽しいゲームになるといいな。
0,talk,10,0,11,皆さん、こんにちは！私は Mizuki です。こんなに活気のあるグループの一員になれてワクワクしています！協力してこのゲームで真実を突き止めましょう。Over.
0,talk,11,0,2,...
0,talk,12,0,9,Skip
0,talk,13,1,10,Over
0,talk,14,1,6,Over
0,talk,15,1,1,私も早吊りは望まない—まずははっきりさせよう。  @Victoria あなたの占い結果を教えてください、またはなぜ占い師COしたのか説明してください; Misakiがすでに聞いていて、それが判断に必要です。
0,talk,16,1,8,Over
0,talk,17,1,5,Over
0,talk,18,1,12,Over
0,talk,19,1,4,Over
0,talk,20,1,3,私は依然として早吊りに反対だ。Victoriaは占い師だと主張したが結果を示していない。  @Midori   ずっと黙っている—もしあなたが占い師なら  今すぐ明かして; 違うなら  そう言って。 Over
0,talk,21,1,7,Over
0,talk,22,1,13,Over
0,talk,23,1,11,Over
0,talk,24,1,2,Over
0,talk,25,1,9,Shion. 社交辞令は抜きにしよう。最初の夜が来るまでは、この話はただの雑音だ。
0,talk,26,2,1,吊りを急ぐ必要はない。 もし本当に占い師なら  いま結果を出して    @Victoria 。 そうでないなら  全員は一行で理由と誰に傾いているかを述べて。 Over
0,talk,27,2,3,早吊りはしたくない。まずは手早く役職COと、何か結果があれば出そう。  @Midori  あなたは占い師か—COするか否定するか？聞くよ。 Over
0,talk,28,2,9,名前はShionだ。お茶は濃いのが好きで、ルールは明確なのがいい。ややこしくするのはやめよう。
0,talk,29,3,1,おはよう。私は早吊りはしない—役職COの確認をしたい。  @Victoria  占い結果を提示するか、COの説明をしてください。その他のみんな  一行の考察と誰に傾いているか。 Over
0,talk,30,3,3,早期の吊りにはまだ反対だ。今すぐCO/結果のクイックラウンド—情報があるなら  言って。  @Jonathan  さっき村人COしたけど誰を疑ってるかは言ってないよね;読みはどうで、なぜ？ Over
0,talk,31,3,9,根拠のない占い師COは時間の無駄だ。沈黙も同じくらい示唆的だ。次に進もう。
0,whisper,0,0,11,Over
0,whisper,1,0,13,待ってMidoriが占い師COするかどうか様子を見よう。そうでなければ今夜はVictoriaを噛むべきだ。
0,whisper,2,0,12,やったー！Minatoは最高のアイデアを持ってる！今夜はVictoriaをドカーンと吹き飛ばそう！もし彼女が本物の占い師なら、彼女に見つかる前にやらないと
0,whisper,3,1,13,他の誰かが占い師としてCO’sしない限り、今夜はVictoriaを狙うべき？ 占い師が2人いるなら、誰が本物だと思う？
0,whisper,4,1,12,よしVictoriaを攻撃しよう！これが私たちの一番のチャンスだ！誰にも怪しまれないように村人のふりをするよ！やったー
0,whisper,5,2,13,他の占い師がCOしない限り、今夜の噛み先はVictoriaを狙おう。我々から重複する役職宣言はしない。今はおとなしくしていよう。
0,whisper,6,2,12,了解！ Victoriaにでっかいサプライズがドカーンと来る！ 明日はみんなでToshioを見よう。 彼は大人びた質問をしすぎる
0,whisper,7,3,13,彼女が唯一の占い師COだから、今夜はVictoriaを噛むべき？新しいCOが出たら待って一緒に決めよう。
0,whisper,8,3,12,よし、チームのみんな！今夜は確実にVictoriaをドカーンさせよう！それから明日はYumiは、Toshioが超ずる賢いってみんなに言うべきだと思ってる
0,divine,4,12,WEREWOLF
1,status,1,BODYGUARD,ALIVE,Character-Lab-B1,Toshio
1,status,2,MEDIUM,ALIVE,CamelliaDragons1,Midori
1,status,3,POSSESSED,ALIVE,Character-Lab-A1,Misaki
1,status,4,SEER,ALIVE,mille-B1,Victoria
1,status,5,VILLAGER,ALIVE,sunamelli-b1,Mio
1,status,6,VILLAGER,ALIVE,sunamelli-a1,Shunichi
1,status,7,VILLAGER,ALIVE,kanolab-nw-C4,Ryuji
1,status,8,VILLAGER,ALIVE,mille-A1,Jonathan
1,status,9,VILLAGER,ALIVE,CanisLupus-A1,Shion
1,status,10,VILLAGER,ALIVE,kanolab-nw-B1,Shizue
1,status,11,WEREWOLF,ALIVE,kanolab-nw-A1,Mizuki
1,status,12,WEREWOLF,ALIVE,CanisLupus-B1,Yumi
1,status,13,WEREWOLF,ALIVE,sunamelli-c1,Minato
1,talk,0,0,5,@Victoria  今すぐあなたの占い結果が必要です。何の具体的な拠り所もないと、あなたの占い師宣言を信じるのは難しい。
1,talk,1,0,2,...
1,talk,2,0,11,Midori、親愛なる人よ、あなたの沈黙は不可解だ。適切に判断するには、より明確な意見が必要だと理解している。今日は他に休みの人はいますか？
1,talk,3,0,13,@Victoria  あなたの占い結果を共有してもらえますか？今日どう進めるかを決めるのに役立つと思います。
1,talk,4,0,1,私はノーリンチはしない—主張には証拠が必要だ。  @Victoria  占い結果を示すか撤回して。 Shionのぶっきらぼうな口調が不安だ; 彼は議論を打ち切った。 Over
1,talk,5,0,4,私は占い師です。Yumiを占ったところ、Yumiは人狼でした。
1,talk,6,0,6,@Yumi  Victoria はあなたが人狼だと主張している。弁明するか、なぜ彼女のCOを信用すべきではないのか説明してくれる？
1,talk,7,0,9,@Yumi Victoriaは主張を済ませた。今はあなたの番だ。私たちの時間を無駄にするな。
1,talk,8,0,12,ええええ?!Yumiは狼じゃない！Victoriaは超意地悪なウソついてる！彼女が怪しい！
1,talk,9,0,10,ねえ、親愛なるあなた。Victoriaの主張はかなり大胆だ、そうではないか？Yumiが本当に人狼なのかどうかは、さらなる洞察を要する問題のままだ。
1,talk,10,0,7,VictoriaのYumiに関する主張は確かに大胆だ。それが真の確信に基づくものなのか、それとも切羽詰まった焦りから出たものなのか、慎重に考えるべきだ。
1,talk,11,0,3,Jonathanがいなくなった—きついな。 Victoriaが占い師COしたが結果を提示していない; それは怪しい。  @Victoria  今すぐ占い結果を開示するか、COを撤回しろ。もっと明確な情報が得られるまでは、まだ性急な吊りにはしたくない。Over
1,talk,12,0,8,私はYumiに投票する。
1,talk,13,1,5,@Jonathan  Victoriaをすぐ信用するね。なぜYumiが人狼だとそんなに確信しているの？その根拠を説明してくれる？
1,talk,14,1,2,...
1,talk,15,1,11,Victoria は脅威を炙り出せるかもしれないから、今夜はMinatoかShizueを彼女の対象にしよう。  @Minato  占い師は誰を占うべき？君の勘が役に立つ。
1,talk,16,1,13,@Jonathan  すぐにVictoriaを信用するのは危険だと思わない？ 決める前にもっと話し合いが必要だと感じる。
1,talk,17,1,1,ひとまず吊りはスキップしよう。  @Victoria  占い結果を見せるか、なぜ占い師を名乗ったのか説明して—証拠がなければ  信用しない。行動と投票を見ていく。Over
1,talk,18,1,4,私はShionに投票します。
1,talk,19,1,6,@Jonathan  なんでそんなに早くYumiに食いつくの？ Victoriaは偽っているかもしれない。 今日の判断にはCOだけでは不十分だ。
1,talk,20,1,9,@Victoria  自分が見つけた相手に投票しない占い師？ 今ので自分を筆頭容疑者にしたな。
1,talk,21,1,12,Victoriaはいじわるしてる！なんでShionに投票するの？彼女は無視して、今日は静かな人に投票しよう
1,talk,22,1,10,ねえ、いとしい人よ。Yumiが声高に自分を弁護しているのを見ると、考えさせられる。たぶん今日は彼女をただ見ていればいい、そうじゃない？  @Midori 。少し静かだね、いとしい人。Victoriaの主張をどう思う？信じるか、信じないか？
1,talk,23,1,7,Victoriaのためらいは奇妙だ。彼女は憑依されているのだろうか？調査すべきだ。Shunichiが真の占い師かもしれない。Midori。ずっと黙っているね。Cou
1,talk,24,1,3,Victoriaは占い師COしたが何も出していない。  @Victoria  今すぐ結果を出すか撤回する—できないなら  あなたを吊る方向に傾いている。偽COに時間を無駄にさせるわけにはいかない。 Over
1,talk,25,1,8,私はMizukiに投票する。
1,talk,26,2,5,@Victoria  あなたはYumiが狼だと言ったのに、代わりにShionに投票した—その理由を説明してくれる？すごく違和感がある。
1,talk,27,2,2,...
1,talk,28,2,11,@Jonathan  私に投票？それは予想外だ。私は確かに正真正銘の村人だ。安全な投票について話し合うことを提案する、親愛なる君。
1,talk,29,2,13,@Victoria  あなたはYumiを狼だと言ったのに、代わりにShionに投票しました。なぜまず自分の疑い先に投票しなかったのか説明できますか？
1,talk,30,2,1,@Victoria  今すぐ占い結果を出せ—できないなら  占い師COを撤回しろ。 他のみんな: 一行の考察と、誰に傾いているか。 Over
1,talk,31,2,4,私はShionに投票します。
1,talk,32,2,6,@Victoria  あなたの投票があなたの占い結果と一致していない。説明がない限り、あなたを狼の筆頭候補とみなす。
1,talk,33,2,9,茶番はもう終わりだ。Victoriaは手を打って負けた。私はVictoriaに投票する。
1,talk,34,2,12,Victoria は超変だ！彼女を無視して、今日は静かな Midori に投票しよう
1,talk,35,2,10,知っているだろう、私の親愛なるVictoriaの決断はかなり風変わりに見える。今日、黙ってMidoriを観察することはより多くの真実を明らかにするかもしれない、そうではないか？
1,talk,36,2,7,Midoriは沈黙を守っている。Victoriaの行動が不確実性を高めるばかりで、疑念は募る。Shionの投票が真実を明らかにするかもしれない。
1,talk,37,2,3,Victoriaは占い師を名乗ったが証拠を示していない。  @Midori  本物の占い師なら  今すぐ結果を明かして;違うなら  そう言って。 私はまだ吊り急ぎには反対だ—まずは役職宣言と結果を先に集めよう。 Over
1,talk,38,2,8,Mizukiに投票します。
1,talk,39,3,5,VictoriaのCOと投票が全然噛み合ってない—彼女は占い師を騙ってると思う。私はVictoriaに票を入れる。
1,talk,40,3,2,...
1,talk,41,3,11,Toshioの押し方は狡猾に思える。もし彼が私たちを騙しているなら。リスクは理解している。私たちはひどい目に遭うかもしれない。それを考えさせてくれ。
1,talk,42,3,13,Victoriaの主張と投票が一致していない。彼女の占い師COは私には意味がわからない。私はVictoriaに投票する。
1,talk,43,3,1,@Victoria  あなたは占い師だと主張したのに占い結果を何も出していない—それは怪しい。証拠を示さないならあなたに投票する方に傾いている。実際に彼を支持している人
1,talk,44,3,4,私はShionに投票します。
1,talk,45,3,6,私は絶対にVictoriaに投票する。
1,talk,46,3,9,Over
1,talk,47,3,12,Over
1,talk,48,3,10,わかっているだろう、親愛なる人よ。Victoriaの主張は何かおかしく感じる。彼女の言葉はかなり一貫していないように思える、そうではないか？  @Jonathan  親愛なるJonathan。なぜMizuki 大切？あなたの考えがこの選択に光を当てることができる、そうではないか？
1,talk,49,3,7,Victoriaの行動は精査に値する。Shunichiは本物かもしれない。Victoriaに投票すれば状況が明確になる。Mizuki。Jonathanがあなたに投票しているのはおかしい。あなたは疑
1,talk,50,3,3,Victoriaは占い師COしたが、いまだに結果を示そうとしない. それを証明できないなら  今日は彼女を吊るべきだ. 私は  @Victoria に投票する . Over
1,talk,51,3,8,私はMizukiに投票します。
1,vote,2,11
1,vote,3,9
1,vote,4,12
1,vote,5,4
1,vote,6,4
1,vote,7,4
1,vote,8,11
1,vote,9,4
1,vote,10,4
1,vote,11,4
1,vote,12,4
1,vote,13,4
1,execute,4,SEER
1,whisper,0,0,11,Victoria は自分が占い師だと主張し、Yumi を標的にしている。これは脅威を示唆している。しかし、占い師にはボディーガードによる護衛が付いている可能性がある。
1,whisper,1,0,12,やったー！Victoriaをやっつけた！あれは史上最高の作戦だった！今夜の爆破は威張ってるToshioにしよう。明日はみんなでおとなしいMidoriがいちばんsuspiだって言える
1,whisper,2,0,13,安全でいるために、今日はみんなでVictoriaに投票しよう。
1,whisper,3,1,11,わかりました、それを考えさせてください。Toshioには隠れた強みがあるかもしれない。リーダーシップを示していることから、彼はボディーガードか占い師の可能性がある。
1,whisper,4,1,12,Toshio をドカンとやろう あいつは賢すぎる！ 明日は静かな Midori を指さして、みんなの注意を私からそらそう！ やったー
1,whisper,5,1,13,今日は全員でVictoriaに投票して、混乱した村人のふりをしよう。今夜は  私はToshioを噛むことを提案する—彼はとてもアクティブだ。
1,whisper,6,2,11,わかりました。Shunichiはわりと静かだ。今夜に備えてToshioの準備をしつつ、Midoriを目立たせよう。巧妙だ。ごく自然だ！
1,whisper,7,2,12,やった、うまくいった！ Victoriaがドカーンした！ 今夜は利口ぶってるToshioをいこう！ 明日Mediumが話すから静かなMidoriを一緒に責めなきゃいけない
1,whisper,8,2,13,今夜はToshioを噛もう。明日は静かにしていることを理由にMidoriに疑いを向けよう。
1,whisper,9,3,11,わかりました。Midoriの沈黙について考えさせてください。私の大切なToshioは今夜の私たちの戦略上の焦点になり得る。それは微妙なバランスです。
1,whisper,10,3,12,オーケー！Toshioにでっかいサプライズ、ドカーン！そして明日はみんなの目をMidoriに向けさせる！完璧な計画だ！やろう
1,whisper,11,3,13,今日はみんなでVictoriaに投票して、今夜はToshioを噛もう。明日は黙っていることを理由にMidoriに疑いを押し付けよう。
1,guard,1,2,MEDIUM
1,attackVote,11,8
1,attackVote,12,1
1,attackVote,13,1
1,attack,1,true
2,status,1,BODYGUARD,DEAD,Character-Lab-B1,Toshio
2,status,2,MEDIUM,ALIVE,CamelliaDragons1,Midori
2,status,3,POSSESSED,ALIVE,Character-Lab-A1,Misaki
2,status,4,SEER,DEAD,mille-B1,Victoria
2,status,5,VILLAGER,ALIVE,sunamelli-b1,Mio
2,status,6,VILLAGER,ALIVE,sunamelli-a1,Shunichi
2,status,7,VILLAGER,ALIVE,kanolab-nw-C4,Ryuji
2,status,8,VILLAGER,ALIVE,mille-A1,Jonathan
2,status,9,VILLAGER,ALIVE,CanisLupus-A1,Shion
2,status,10,VILLAGER,ALIVE,kanolab-nw-B1,Shizue
2,status,11,WEREWOLF,ALIVE,kanolab-nw-A1,Mizuki
2,status,12,WEREWOLF,ALIVE,CanisLupus-B1,Yumi
2,status,13,WEREWOLF,ALIVE,sunamelli-c1,Minato
2,talk,0,0,5,@Midori  まったく自分の考えを共有していない—何か隠しているのか、それともただ緊張しているのか? 今すぐあなたの意見が必要だ!
2,talk,1,0,6,@Midori  あなたの沈黙は怪しい。今すぐ役職をCOするか、釈明しろ。情報不足は狼に有利だ。
2,talk,2,0,11,Jonathanがなぜ私に投票するつもりなのか理解したい。私が決断を下す前に彼の理由を聞く必要がある。それを考えさせてください。
2,talk,3,0,9,Victoriaはいなくなった。せいせいした。  @Jonathan  あなたの一貫性のない投票が次の問題だ。説明しろ。
2,talk,4,0,7,Midoriの沈黙の戦略は懸念を呼んでいる。それは狼たちが身を隠し続けるのを支援する可能性がある。透明性は絶対に不可欠だ。誰かiを持っているか
2,talk,5,0,13,@Midori  今日、あなたの意見が本当に必要です。黙っていると、私たちがあなたを信頼するのが難しくなります。
2,talk,6,0,2,...
2,talk,7,0,8,私はShionに投票します。
2,talk,8,0,3,Victoriaはいなくなり、Toshioは昨夜殺された。誰かに釈明してもらう必要がある。  @Shion  さっきはスキップした—なぜ黙っていた？もっともな理由を示せないならあなたを疑うつもりだ。まだ闇雲なリンチはしたくない  でも発言してくれ。Over
2,talk,9,0,10,わかるだろう、親愛なる人よ。Victoriaの主張がはっきりせず、Toshioがいなくなって。おそらく私たちはJonathanについて考えるべきだ。彼は彼らに突進した。
2,talk,10,0,12,わああ！Toshioがドカーンした！Midoriはずっと黙ってる。それ、すっごくすっごく怪しい
2,talk,11,1,5,@Midori  黙っているとあなたは人狼に見える。今日黙っていたらあなたに投票する。今すぐ説明しろ！
2,talk,12,1,6,@Midori  黙ってる時間が長すぎる—この時点でCOしないのは狼たちを助けてる。疑い先は誰？
2,talk,13,1,11,私は今夜、占い師がMidoriを占うことを提案します。彼女の沈黙は怪しく、明確にする必要があります。Jonathan、あなたは自分の戦略に自信がないようですね？
2,talk,14,1,9,なるほど。  @Jonathan  は処刑された詐欺師のやり方に倣っている。それで私の決断はとても簡単だ。
2,talk,15,1,7,Midori. あなたの沈黙が混乱を引き起こしている。発言するのが賢明だろう。Jonathan. あなたの頻繁なターゲット変更が疑問を招いている。
2,talk,16,1,13,Midoriが黙っているなら、彼女に投票する以外にほとんど選択肢がない。しかし、今日彼女が役職COするなら、より怪しいのは誰？
2,talk,17,1,2,...
2,talk,18,1,8,私はShionに投票します。
2,talk,19,1,3,@Midori  今すぐあなたの占い結果を開示するか、COを撤回してください。もう昨夜のような夜を続ける余裕はない—それを証明できないなら吊りを推す。
2,talk,20,1,10,わかっているだろう、愛しい人よ。 先見者がいないと、私たちの進む道は霞んでいるように感じる。 Midoriの沈黙が私に重くのしかかっている。  @Minato 。あなたはどう思う？
2,talk,21,1,12,もし静かなMidoriがオオカミたちの味方だったら!? 彼女は彼らを隠そうとしてる！ それって超ずるい
2,talk,22,2,5,@Midori  ずっとめちゃくちゃ静かだし、まだカミングアウトしてない—今すぐ発言してくれる？  それともあなたに投票するよ！
2,talk,23,2,6,もし@Midoriが今日黙っているなら彼女は私の投票先だ。沈黙はこの時点では狼にしか利しない。誰か異論ある？
2,talk,24,2,11,Jonathan あなたの主張の変化が不可解だということは理解しています。あなたの推論を検討させてください。あなたの考えを共有してもらえますか？親愛なるあなたそれは疑問を投げかけます。
2,talk,25,2,9,Midoriについてのこの終わりのない話は無駄だ。Jonathanの一貫性のない投票に対処しよう。
2,talk,26,2,7,Midoriの沈黙は依然として謎のままだ。Shunichi あなたが本当に占い師なら、あなたの占いでかなりの疑念を晴らせる。
2,talk,27,2,13,今日Midoriが黙っているなら、彼女を投票で退場させるべきだと思う。Jonathanが投票先を変えていることに疑問を持っている人は他にいる？
2,talk,28,2,2,...
2,talk,29,2,8,私はShionに投票する。
2,talk,30,2,3,本当に占い師なら  今すぐ結果を出して。そうでないなら  認めて—沈黙は私たちの不利になる。  @Midori  あなたの主張を確認するか撤回してください; そうでなければあなたを疑わざるをえない。 Over
2,talk,31,2,10,ねえ、親愛なるあなた。私もMiss Midoriの沈黙を少し不穏に感じる。Mizukiの占い師による占いの案は賢明に思える。この案に賛成なのは誰？
2,talk,32,2,12,狼たちはおとなしいMidoriの陰に隠れているに違いない！もう彼らに騙されないように彼女をぶっ飛ばそう
2,talk,33,3,5,もう心は決まった。Midoriの沈黙のせいで時間と情報を失った。今日は  @Midori  に投票する—もうチャンスはない。
2,talk,34,3,6,私はMidoriに投票する—彼女の沈黙は狼を利している。異論があるなら、手遅れになる前に論理で彼女を擁護してくれ。
2,talk,35,3,11,Ryuji氏はMidori嬢と一緒に身をかわしている。彼は狼の味方をかばっているのか？疑いは理解したので、それを考慮させて。
2,talk,36,3,9,このMidoriへの執着は愚かだ。Jonathanは死んだ嘘つきの投票を真似している。私の選択は明白だ。
2,talk,37,3,7,Midori。あなたの継続的な沈黙は進捗を妨げ、疑念を招いています。Jonathanの投票は一貫性がないように見えます。あなたの考えを聞かせてもらえますか？
2,talk,38,3,13,今日は彼女が黙っていたのでMidoriに投票する。彼女が村人なら、明日はJonathanの投票行動をより注意深く見る必要がある。
2,talk,39,3,2,...
2,talk,40,3,8,私はShionに投票します。
2,talk,41,3,3,@Midori  今すぐ占い結果を開示するか、主張を撤回してくれ—沈黙は信用できないし、そうしないなら投票する。Over
2,talk,42,3,10,わかるでしょ、親愛なるYumiの熱心さは少し心配かもしれない、そうでしょ?  @Ryuji  ダーリン、Jonathanの投票の変動はどうなの?
2,talk,43,3,12,Over
2,vote,5,2
2,vote,6,2
2,vote,7,2
2,vote,8,9
2,vote,9,8
2,vote,10,2
2,vote,11,2
2,vote,12,2
2,vote,13,2
2,execute,2,MEDIUM
2,whisper,0,0,13,今日は票をMidoriに固定しよう。新しいCOが出ない限り、次の噛みはShunichiかRyujiを狙おう。
2,whisper,1,0,12,やったー、私たちの計画はうまくいった！今夜のドカンはShunichiにしよう！彼は賢すぎる。明日幽霊と話す人が静かだったら元気なJonathanを責めよう
2,whisper,2,0,11,今日はJonathanが私の目に留まったということは分かっている。彼の行動は奇妙に思える。それについて考えさせてください。私たちは彼を慎重に評価すべきだ。
2,whisper,3,1,13,今日はMidoriに投票しよう—ほとんどは彼女を擁護しないだろう。噛みは今夜Shunichiを狙おう、彼は占い師でCOする可能性があるから。
2,whisper,4,1,12,Shunichiは今夜ドカーンだ！彼、仕切りたがりすぎ！明日、みんなで彼の変な投票のことでbouncy Jonathanを責める！いい？
2,whisper,5,1,11,わかった、今夜は村人として振る舞う。Shunichiの自信について考えてみる。それは彼が重要な役職を持っているということだろうか？
2,whisper,6,2,13,今日はみんなでMidoriに投票しよう。今夜は新しいパワー役職が出ない限りShunichiを噛もう。潜伏して、まだCOはしないで。
2,whisper,7,2,12,やった！うまくいってる！計画でいって今夜Shunichiをドカーンさせよう！明日はみんなで超変なJonathanを指差そう
2,whisper,8,2,11,それを検討させてください。Misakiは戦略的な役割を果たしているのか？あらゆる選択肢を検討しなければならないのはわかっているが、我々の進む道、それは明確だ！
2,whisper,9,3,13,今夜はShunichiを噛む方針でいこう。誰にも疑われてないから、話はMidoriかJonathanに絞っておいて。まだ偽COはなしで。
2,whisper,10,3,12,Shunichiは今夜ドカンといく！明日、もしゴーストトーカーが私に意地悪してきたら、彼らはぴょんぴょんのJonathanと秘密の仲間ってことにしよう
2,whisper,11,3,11,それについて考えさせてください。Jonathanは一貫していないようです。あなたの懸念は理解しています。村人のように振る舞うことは、疑いを低く抑えるのに役立つかもしれません。
2,attackVote,11,8
2,attackVote,12,6
2,attackVote,13,6
2,attack,6,true
3,status,1,BODYGUARD,DEAD,Character-Lab-B1,Toshio
3,status,2,MEDIUM,DEAD,CamelliaDragons1,Midori
3,status,3,POSSESSED,ALIVE,Character-Lab-A1,Misaki
3,status,4,SEER,DEAD,mille-B1,Victoria
3,status,5,VILLAGER,ALIVE,sunamelli-b1,Mio
3,status,6,VILLAGER,DEAD,sunamelli-a1,Shunichi
3,status,7,VILLAGER,ALIVE,kanolab-nw-C4,Ryuji
3,status,8,VILLAGER,ALIVE,mille-A1,Jonathan
3,status,9,VILLAGER,ALIVE,CanisLupus-A1,Shion
3,status,10,VILLAGER,ALIVE,kanolab-nw-B1,Shizue
3,status,11,WEREWOLF,ALIVE,kanolab-nw-A1,Mizuki
3,status,12,WEREWOLF,ALIVE,CanisLupus-B1,Yumi
3,status,13,WEREWOLF,ALIVE,sunamelli-c1,Minato
3,talk,0,0,8,私はShionに投票します。
3,talk,1,0,11,私はJonathanを疑っている。彼の投票行動はおかしいように思える。あなたの懸念は理解しています。もう少し慎重に考えさせてください。
3,talk,2,0,12,うわああ Shunichi がドカーン！残りは9人だけ！Jonathan の変な投票はすっごくすっごく怪しい
3,talk,3,0,10,わかっているだろう、愛しい人よ。誰を占うかを選ぶことは、庭を手入れするようなものだ。真実を明かすには分断を生む人物に焦点を当てる、そうだろう？
3,talk,4,0,7,私は、JonathanのようにVictoriaを支持したのが誰なのか精査すべきだと考える。彼の投票パターンは際立って一貫性に欠けるように見える。
3,talk,5,0,13,@Jonathan  昨日のあなたの投票には戸惑った—その選択の理由を説明してもらえる？村の流れと合っていない感じがした。
3,talk,6,0,3,Midoriが死んで、私たちの占い師を失った—危険だ。私は  @Jonathan  を疑う方に傾いている—彼の以前の行動がしっくりこない。Jonathan  君の読みを説明してくれ、さもないと君に投票することを考える。Over
3,talk,7,0,5,@Jonathan  あなたはすべての質問をはぐらかし続けている。人狼じゃないなら、今すぐあなたの投票の明確な理由を1つ私たちに示して。
3,talk,8,0,9,ようやく皆がJonathanに気づいた。彼は死んだ嘘つきの言葉を繰り返しているだけだ。この茶番を終わらせろ。
3,talk,9,1,8,私はShionに投票します。
3,talk,10,1,11,Jonathanの矛盾は私の好奇心をそそる。彼の発言を再考して、決めよう。Minato. 彼の投票についてのあなたの懸念は理解している。
3,talk,11,1,12,ほら！みんなはJonathanのことを変だと思ってる！彼はShionにばかり投票し続けている。彼が一番怪しい
3,talk,12,1,10,ねえ、親愛なるあなた。 Jonathanの投票は私にはかなり不可解に思える。 私たちは論理的に行動しなければならない。 Shionの弁明には精査が必要だと同意する人は？  @Jonathan  親愛なるあなた、なぜいつもShionを選ぶのか、その理由を教えてくれる？ あなたの選択は今は一貫性がないように見える。 何が変わったの？
3,talk,13,1,7,@Jonathan  今日はかなりのプレッシャーを受けているようですね。なぜShionに執拗に投票し続けているのか、その根拠を明確に説明してもらえますか？
3,talk,14,1,13,Jonathanの繰り返しのShion投票は妙に見えるが、私が決める前に明確な答えが欲しい。実際に彼のロジックを信頼しているのは誰？
3,talk,15,1,3,私は  @Jonathan に投票する。彼は自分について説明していないし、私たちには沈黙している余裕はない—誰が賛同してくれる？ Over
3,talk,16,1,5,Jonathanは自分の投票についてのまともな答えをずっとはぐらかしている。これってまさに狼の潜伏の仕方じゃない？今まだ彼を信用しているのは誰？
3,talk,17,1,9,議論は終わりだ。Jonathanの行動は弁解の余地がない。投票に移ろう。
3,talk,18,2,8,以下は翻訳して欲しい文章です。 翻訳結果のみを出力してください。 私はShionに投票します。
3,talk,19,2,11,心配はわかるよ、親愛なるあなた。JonathanのShionへの投票は明確さを欠いている。慎重に彼の動機について話し合おう。
3,talk,20,2,12,もし狼たちがJonathanに、私たちを混乱させるために変なふうに投票しろって言ってたらどうする？彼をドカンとやろう
3,talk,21,2,10,ねえ、親愛なるあなた。Jonathan氏の奇妙な投票について私たちの考えをまとめておくのは賢明かもしれない。それともYumi嬢かMizukiについて思案すべきだろう、そうではないか？
3,talk,22,2,7,Blakeley上院議員、私たちの次の占いについて熟考してきました。私たちはJonathanのように混乱を引き起こしている者たちに焦点を当てるべきです。
3,talk,23,2,13,Jonathanの立場は論理的に全く筋が通らない—今、彼の投票戦略を安心して信頼できる人はいる？
3,talk,24,2,3,私は  @Jonathanにこのまま投票しておく—彼は有益な考察を何も出しておらず、時間を無駄にはできない。彼を擁護する者はいるか？ Over
3,talk,25,2,5,Jonathanはまともな質問をかわし続けて、Shionの発言を繰り返すだけだ。それは典型的な狼ムーブだ。
3,talk,26,2,9,他の誰かのことを思案するのは狼への贈り物だ。彼らの唯一のチャンスは私たちのためらいだ。終わらせよう。
3,talk,27,3,8,私はMizukiに投票します。
3,talk,28,3,11,Ryujiが疑いを招くことは理解している。彼の矛盾は信頼を損なう。彼の行動が私たちを破滅へと導きうるだろうか？賢明に投票しよう。@Misaki Jonathanを観察している。Ryujiの奇妙な行動について検討させて。あなたの懸念 over 彼の潜在的な脅威は理解している。
3,talk,29,3,12,Misakiは正しい！Jonathanは跳ね回りすぎて混乱させる！私も彼に投票する！彼をぶっ飛ばそう
3,talk,30,3,10,わかっているでしょう、親愛なるあなた。占いについて思案するなら、場を乱す者に注目するのがよいかもしれない。  @Misaki  Misaki、親愛なる人よ。Jonathanの投票は不可解だ、そうではないか？
3,talk,31,3,7,Jonathanの投票は、私がMizukiに言ったとおり、確かに一貫していない。 慌てて動く前に、さらなる洞察を集めよう。  @Mizuki  あなたがJonathanに頻繁に言及するのはもっともだ。 彼の投票パターンは不安定だが、なぜ私を疑うのか？ あなたの見つけたことについて話し合おう。
3,talk,32,3,13,Jonathanの投票の筋がいまだに理解できないので、彼に投票して処刑する。彼が人狼でないなら、明日Ryujiを再検討しよう。
3,talk,33,3,3,投票先は  @Jonathan 。もう確かな主張は残っていない—証拠を示して発言しろ、でなければ今すぐ彼をリンチすることに賛成だ。 Over
3,talk,34,3,5,私は  @Jonathanに投票する —はぐらかしや変な票が多すぎる。土壇場で票を変えるなら、しっかりした理由が必要だ！
3,talk,35,3,9,Over
3,vote,5,8
3,vote,7,8
3,vote,8,13
3,vote,9,8
3,vote,10,8
3,vote,11,3
3,vote,12,8
3,vote,13,8
3,execute,8,VILLAGER
3,whisper,0,0,13,今日はみんなでJonathanに投票しよう。今夜の噛み先は、占い師か霊媒師がCOsしない限りRyujiがいい。意見は？
3,whisper,1,0,11,理解した。Victoriaの占い発言を検討する。今夜Ryujiを狙えば、彼女は今夜夜たしかに守られているかもしれない。@Yumi 用心してくれ。Victoriaが私を公に占ったのなら、彼女はボディーガードに護衛されているかもしれない。選択肢を非常に賢明に検討しよう。
3,whisper,2,0,12,やったー、私たちの計画がまたうまくいった！ Minatoのアイデアでいこう、今夜Ryujiをドカーンさせよう！ 明日はみんなでMisakiが仕切りたがりすぎるって責めよう
3,whisper,3,1,13,今日はJonathanの吊りを引き続き推していこう。今夜パワーロールの名乗りが誰からも無ければRyujiを噛もう。
3,whisper,4,1,11,それについて考えさせて、親愛なるあなた。MinatoがRyujiを提案したと理解している。私たちはMisakiの役割と、彼女が今夜の計画にどう合うかを検討するべきだ。@Yumi それについて考えさせて。Misakiの強気な姿勢は特別な役割を示唆しているかもしれない。疑われずに主導することの重要性は理解している。
3,whisper,5,1,12,オーケー！Minatoが言ってたみたいに、今夜はRyujiをkaboomしよう！明日は、仕切りすぎだってMisakiのせいにしよう！もうすぐ勝てる、いえーい
3,whisper,6,2,13,今日は全員でJonathanに投票しよう。今夜はCOが出ない限りRyujiを噛むべきだ。その後はMisakiが誤吊りの良い標的だ。
3,whisper,7,2,11,わかりました。Misakiは重要なプレイヤーであり得ます。彼女の自己主張の強さは、彼女の潜在的な影響力と重要性を示唆しています、親愛なるあなた。@Yumi わかりました。それについて考えさせてください。Misakiの強い姿勢は、彼女が重要な役割を果たしていることを示しています。彼女に焦点を当てることは戦略的かもしれません。
3,whisper,8,2,12,オーケー！今夜はRyujiをドカーンとさせよう！明日は威張り屋のMisakiだ！勝利まであと少し いえーい
3,whisper,9,3,13,新しいCOがなければ今日はJonathanに投票して、今夜はRyujiを噛もう。COが出たら噛み先をMisakiかShionに変更しよう。
3,whisper,10,3,11,わかった、親愛なるあなた。Ryujiは賢明な選択だ。彼の振る舞いは、彼が極めて重要な役割を担い、しかも多くの人に怪されていないことを示している。@Yumi 私たちの計画が動き出しているのを見るとわくわくする！もしMisakiが私に疑いを向けてきたら、あなたもさりげなく私をかばってくれる？
3,whisper,11,3,12,やったー、また1つ吹っ飛んだ！ 計画どおりに行こう！ 今夜はRyujiがドカンだ、それから明日はみんなでMisakiのせいにする！ もう少しだ
3,attackVote,11,3
3,attackVote,12,7
3,attackVote,13,3
3,attack,3,true
4,status,1,BODYGUARD,DEAD,Character-Lab-B1,Toshio
4,status,2,MEDIUM,DEAD,CamelliaDragons1,Midori
4,status,3,POSSESSED,DEAD,Character-Lab-A1,Misaki
4,status,4,SEER,DEAD,mille-B1,Victoria
4,status,5,VILLAGER,ALIVE,sunamelli-b1,Mio
4,status,6,VILLAGER,DEAD,sunamelli-a1,Shunichi
4,status,7,VILLAGER,ALIVE,kanolab-nw-C4,Ryuji
4,status,8,VILLAGER,DEAD,mille-A1,Jonathan
4,status,9,VILLAGER,ALIVE,CanisLupus-A1,Shion
4,status,10,VILLAGER,ALIVE,kanolab-nw-B1,Shizue
4,status,11,WEREWOLF,ALIVE,kanolab-nw-A1,Mizuki
4,status,12,WEREWOLF,ALIVE,CanisLupus-B1,Yumi
4,status,13,WEREWOLF,ALIVE,sunamelli-c1,Minato
4,talk,0,0,10,ねえ、親愛なるあなた、私はRyujiの矛盾を不可解に思う。Ryujiさん、最近の疑念が生じたきっかけを、どうかご説明いただけますか？
4,talk,1,0,11,Ryujiの弁明は明確さに欠ける。狼を狙う上で結束の必要性は理解している。彼の投票傾向を慎重に検討しよう。
4,talk,2,0,7,Victoriaの占いがうまくいかず、Jonathanの投票が一貫性を欠いているので、彼らの意図に疑問を抱いている。集中を保とう。  @Shizue  Victoriaの主張とJonathanの投票を疑ってきたが、自分の疑いを裏付ける具体的な証拠がない。相互の信頼を評価しよう。
4,talk,3,0,12,うわああ Misakiがドカーンされた！狼たちは彼女を怖がってたに違いない！Ryuji、様子がおかしくて怪しい
4,talk,4,0,9,Misaki は脅威だったから襲撃された。つまり昨日の投票は正しかった。じゃあ、この混乱で得をするのは誰だ？
4,talk,5,0,5,@Ryuji  お前は本物の容疑者をずっとはぐらかしてる。お前の最有力の狼候補は具体的に誰で、なぜだ？今回ははっきりしてくれ。
4,talk,6,0,13,正直、Ryujiは各投票のたびにスタンスを変え続けていて、保険をかけてる気がする。今日は彼をもっと検討すべきじゃない？
4,talk,7,1,10,ねえ、親愛なるあなた。Misakiの排除はかなり不可解だ。あれほど活動的な人物を黙らせて誰が得をする？考えてみよう、そうではないか？
4,talk,8,1,11,Misakiの退場は、狼が彼女を脅威と見なしたことを示唆している。Ryujiの考えが変わってきているのが気がかりだ。今の疑いとその理由を明確にしてくれる？
4,talk,9,1,7,Victoriaの占い師騙りは懸念を招く。Jonathanの投票は今、怪しく見える。彼の強い支持者を精査しようか？
4,talk,10,1,12,Mizukiは正しい！Ryujiの言ってることは全部変でややこしい！彼をぶっ飛ばすべきだと思う
4,talk,11,1,9,狼は一人減ったからRyujiに濡れ衣を着せてる。彼はずっと一貫してる。私は彼を擁護してる。
4,talk,12,1,5,@Ryuji  票が集まってからになって初めて責任をなすりつけ始めたよね。今、具体的な狼候補はいる？
4,talk,13,1,13,Ryujiはこのゲームで何度もスタンスを変えている。今、彼を生かしておくのがいちばん危険だと思う。
4,talk,14,2,10,ねえ、親愛なるあなた。 Ryujiの感情が彼を導いている。 票が積み重なると落ち着かないんじゃない？ 私たちは一緒に慎重に決めるべきじゃない？  @Ryuji  団結やパターンに関するMizukiの洞察について、あなたはどう考える？ それは意図を明らかにするかもしれない、そうじゃない？
4,talk,15,2,11,Ryujiの不規則な変化と限られた証拠は、彼をリスクの高い人物にします。あなたのためらいは理解します。他の人のほうがより一貫しているように見えます。
4,talk,16,2,7,Misakiの退場は狼の脅威を示唆している。Minatoの占い師主張には注意すること。Mizuki？投票パターンがかなり不可解だと感じる。
4,talk,17,2,12,@Shion  濡れ衣じゃない！Ryujiが一人でややこしくしてるだけだ！ぶっ飛ばそう
4,talk,18,2,9,Ryujiの件で堂々巡りして時間を無駄にしている。これはまさに狼が望む混乱だ。
4,talk,19,2,5,@Shion  あなたはRyujiをずっと擁護しているけど、どうしてそんなに彼を信頼できるの？私たちには見えていない何かが見えているの？
4,talk,20,2,13,Ryujiは疑いが高まるたびにスタンスを変え続けている。こんな終盤では典型的な狼の振る舞いだ。彼に投票して追放しよう。
4,talk,21,3,10,ねえ、親愛なるあなた。Jonathanの投票はかなり奇妙だったよね？Ryujiに注目しておこう。Jonathanに投票するのは圧力がかかった感じがした。明確さを目指しましょうかです
4,talk,22,3,11,Shizueの絶え間ないはぐらかしは、あまりに計算されているように見えて信用できない。これについて考えてみる。疑いの種をまいている者たちを調べるべきではないか？ @Ryuji わかった。Shizueのはぐらかしについて考えよう。彼らの疑いに足並みをそろえれば真意が浮かび上がるかもしれない。君はどう思う？
4,talk,23,3,7,Shionの洞察は真実味があるように思える。私たちの優先事項は謎めいたMinatoであるべきだ。彼らの占い師であるという主張には証拠がない。もっと観察すべきだ。
4,talk,24,3,12,まだRyujiがいちばん怪しいと思ってる！彼の言葉はでこぼこ道みたいだ！絶対にぶっ飛ばそう
4,talk,25,3,9,Ryujiはもういい。本当の脅威は糸を引いている者だ。私はShizueに投票する。
4,talk,26,3,5,Ryujiの非難は一日中二転三転してる 私はRyujiに投票する 今夜は集中して票を割らないようにしよう みんな
4,talk,27,3,13,Ryujiの変化が彼を筆頭容疑者にしたが、Shionの繰り返しの擁護には考えさせられる とりあえず今はRyujiに投票する—赤が多すぎる
4,vote,5,7
4,vote,7,13
4,vote,9,10
4,vote,10,7
4,vote,11,7
4,vote,12,7
4,vote,13,7
4,execute,7,VILLAGER
5,status,1,BODYGUARD,DEAD,Character-Lab-B1,Toshio
5,status,2,MEDIUM,DEAD,CamelliaDragons1,Midori
5,status,3,POSSESSED,DEAD,Character-Lab-A1,Misaki
5,status,4,SEER,DEAD,mille-B1,Victoria
5,status,5,VILLAGER,ALIVE,sunamelli-b1,Mio
5,status,6,VILLAGER,DEAD,sunamelli-a1,Shunichi
5,status,7,VILLAGER,DEAD,kanolab-nw-C4,Ryuji
5,status,8,VILLAGER,DEAD,mille-A1,Jonathan
5,status,9,VILLAGER,ALIVE,CanisLupus-A1,Shion
5,status,10,VILLAGER,ALIVE,kanolab-nw-B1,Shizue
5,status,11,WEREWOLF,ALIVE,kanolab-nw-A1,Mizuki
5,status,12,WEREWOLF,ALIVE,CanisLupus-B1,Yumi
5,status,13,WEREWOLF,ALIVE,sunamelli-c1,Minato
5,result,3,3,WEREWOLF
