0,status,1,WEREWOLF,ALIVE,sunamelli-c1,Ryuji
0,status,2,WEREWOLF,ALIVE,mille-B1,Rin
0,status,3,WEREWOLF,ALIVE,kanolab-nw-C3,Shion
0,status,4,BODYGUARD,ALIVE,sunamelli-a1,Toshio
0,status,5,MEDIUM,ALIVE,Character-Lab-B1,Mio
0,status,6,POSSESSED,ALIVE,CanisLupus-A1,Jonathan
0,status,7,SEER,ALIVE,CamelliaDragons1,Shizue
0,status,8,VILLAGER,ALIVE,Character-Lab-A1,George
0,status,9,VILLAGER,ALIVE,CanisLupus-B1,Daisuke
0,status,10,VILLAGER,ALIVE,sunamelli-b1,Benjamin
0,status,11,VILLAGER,ALIVE,kanolab-nw-A1,Midori
0,status,12,VILLAGER,ALIVE,kanolab-nw-B1,Yumi
0,status,13,VILLAGER,ALIVE,mille-A1,Misaki
0,whisper,0,0,1,これはRyujiです。私は人狼です。
0,whisper,1,0,3,ええと。今夜。占い師か護衛を排除することに集中すべきだ。Georgeは今日の議論でやけに乗り気に見えた。
0,whisper,2,0,2,こんにちは。私はRinです。私の役職は人狼です。良いゲームを。
0,whisper,3,1,1,Over
0,whisper,4,1,3,溶け込もう。ShizueかYumiを狙え。物静かなタイプ。後で危険になる。ふむ。身を低くして観察しろ。そうだろうな。
0,whisper,5,1,2,Over
0,whisper,6,2,3,さて。Georgeを外すと減点が減るかもしれない。Midori？彼女も発言が多い。ここでは戦略的に考えることが不可欠だと思う。
0,whisper,7,3,3,さて。Jonathanを狙うのは賢明に思える。彼は周囲に溶け込みすぎている。ちょっとしたパニックを起こすには良い人選だと思う。どう思う？
0,talk,0,0,10,これほど多くの人が集まっているのを見るのはうれしい—夜が進むにつれて、疑念に論理が追いつくことを願おう。
0,talk,1,0,5,おはよう！賛成 — 絞り込むために手早く役職宣言を出し合おう。  @Benjamin   あなたの役職宣言/読みは？ Over
0,talk,2,0,13,こんにちは。私はMisakiです。私の役職は村人です。良いゲームを。
0,talk,3,0,11,親愛なる皆さん、こんにちは！私はMidoriです。皆さんとここにいられてとてもうれしいです。戦略とチームワークに満ちた素晴らしいゲームにしましょう！
0,talk,4,0,1,キレのあるゲームを楽しみにしています。議論が始まったら、行動とロジックの分析に集中しましょう。
0,talk,5,0,12,やあ、ダーリンたち！Yumiだよ。みんなと一緒にこのゲームに飛び込めるの、超ワクワクしてる！一緒に真実を解き明かそう。きっと最高になるよ！
0,talk,6,0,4,皆さん、こんにちは、Toshioです—今夜のゲームで皆さんそれぞれが疑いと信頼にどう向き合うのかを見るのが楽しみです。
0,talk,7,0,9,私はDaisukeです。お会いできて嬉しいです。
0,talk,8,0,6,私はJonathanです。皆さんにお会いできて嬉しいです。静かな読書と観察を楽しみます。
0,talk,9,0,7,...
0,talk,10,0,8,おはよう。1日目のランダム吊りは避けたい。注目しているのは  @Daisuke  — これまでの考えを説明してくれる？Benjaminはやや信頼している  けど、皆にすぐに言ってほしい: 信頼している人を一人と疑っている人を一人。私が決め
0,talk,11,0,3,こんにちは。私はShionです。皆さんにお会いできてとてもわくわくしています。一緒に謎を解き明かしましょう。冴えた頭脳。ゲームを楽しんでください。いずれわかるでしょう。
0,talk,12,0,2,こんにちは。私はRinです。私の役職は村人です。良いゲームを。
0,talk,13,1,10,Over
0,talk,14,1,5,私はBenjaminを信頼している。 私は  @Daisuke  を疑っている — Daisuke  あなたは占い師を名乗っている？ あなたの読みを説明して。 Over
0,talk,15,1,13,Over
0,talk,16,1,11,Over
0,talk,17,1,1,Over
0,talk,18,1,12,Over
0,talk,19,1,4,Over
0,talk,20,1,9,Over
0,talk,21,1,6,Over
0,talk,22,1,7,Over
0,talk,23,1,8,同意—1日目はランダム吊りなし。  @Daisuke   明確にして: 占い師だと主張している？ これまでそんなに短かったのはなぜで、  誰を怪しいと見ている？ Benjaminを信じる方に傾いているが手短な一言の
0,talk,24,1,3,Over
0,talk,25,1,2,Over
0,talk,26,2,5,同意—ランダムなDay 1吊りはなし。  @Daisuke  占い師CO？はっきりと宣言して、もしそうなら読みを一つ出して。 他のみんなは  手短に、信頼できる人を一人と疑っている人を一人挙げて。Over
0,talk,27,2,8,おはよう。 状況が混乱してる感じ。  @Benjamin   ずっと静かで落ち着いてる—誰を疑っていて、なぜ？ 他のみんな  信頼している人を一人と疑っている人を一人、手早く挙げてください。 あとで投票します。 Ove
0,talk,28,3,5,おはよう! 初日のランダム吊りは避けよう。  @Daisuke  占い師をCOしてる？ もしそうなら  占い結果があれば出して、なければせめて簡単な考察を。 他のみんな — 信頼してる人を1人と疑ってる人を1人  早く。 私はkee
0,talk,29,3,8,おはよう。ランダムなDay‑1吊りは望まない。  @Benjamin   あなたは堅実そう—誰を信用していない？なぜ？ 他の人は  手短に一語の信頼と一語の容疑を挙げて。後で私が決める。Over
0,whisper,0,0,2,Over
0,whisper,1,0,3,Over
0,whisper,2,0,1,Daisukeが先に吊られるか見てみよう。占い師COが出たら  私たちの中で誰が偽COするべきか—志願者はいる？
0,whisper,3,1,1,明日誰がCOするか様子を見よう。もしDaisukeかBenjaminが占い師を名乗ったら、まず彼らを噛むことを提案する。何か意見ある？
0,whisper,4,2,1,Shion Rin、誰も出てこなかったら私たちの誰かが占い師のふりをするべき？Daisuke と George が何を主張するか注視する必要がある。
0,whisper,5,3,1,最初に誰が占い師だと主張するかを見るまでCOは保留にしよう。bite outについてはMioかBenjaminが主導権を握ると危険に見える。
0,divine,7,6,HUMAN
1,status,1,WEREWOLF,ALIVE,sunamelli-c1,Ryuji
1,status,2,WEREWOLF,ALIVE,mille-B1,Rin
1,status,3,WEREWOLF,ALIVE,kanolab-nw-C3,Shion
1,status,4,BODYGUARD,ALIVE,sunamelli-a1,Toshio
1,status,5,MEDIUM,ALIVE,Character-Lab-B1,Mio
1,status,6,POSSESSED,ALIVE,CanisLupus-A1,Jonathan
1,status,7,SEER,ALIVE,CamelliaDragons1,Shizue
1,status,8,VILLAGER,ALIVE,Character-Lab-A1,George
1,status,9,VILLAGER,ALIVE,CanisLupus-B1,Daisuke
1,status,10,VILLAGER,ALIVE,sunamelli-b1,Benjamin
1,status,11,VILLAGER,ALIVE,kanolab-nw-A1,Midori
1,status,12,VILLAGER,ALIVE,kanolab-nw-B1,Yumi
1,status,13,VILLAGER,ALIVE,mille-A1,Misaki
1,talk,0,0,1,もしすぐに占い師COが出ても鵜呑みにしないでおこう。投票前にすべての主張を慎重に精査しよう。
1,talk,1,0,8,おはよう。 Day1の吊りはしたくない。  @Daisuke  静かだね—占い師？考察は？ 他のみんなは手短に信頼できる人を一人と疑っている人を一人挙げて。 その後で投票する。 Over
1,talk,2,0,13,私はRyujiに投票します。
1,talk,3,0,4,@Daisuke  明かすべきことがあるなら今すぐ明かせ; どんなためらいも狼たちに隠れ場所を与える。
1,talk,4,0,2,私はJonathanに投票します。
1,talk,5,0,11,親愛なるDaisuke。近いうちに役職をCOする予定はありますか？あなたはとてもよくやっていますし、それは私たちが情報を集め、より良い意思決定を一緒
1,talk,6,0,3,うーん。Jonathanは見過ごされているのか？私が見落とした何かに他の人は気づいている？他にも同じように感じている人がいるか見てみよう。
1,talk,7,0,7,...
1,talk,8,0,12,Daisuke-kunからもっと話を聞く必要がある気がするの！彼の沈黙って、少しばかり疑念を呼ぶよね、みんな？
1,talk,9,0,9,沈黙を根拠にした疑いは非効率的だ。我々にはデータが必要だ。本物の占い師は名乗り出てくれますか？
1,talk,10,0,10,@Daisuke  継続的なはぐらかしは良くない兆候だ—今、実際に誰を人狼だと疑っている？率直に答えて。
1,talk,11,0,5,ランダムなDay 1の吊りはなし。  @Daisuke  あなたは占い師？ もしそうなら  何か占い結果は？ 他のみんな — 信頼している人を一人と疑っている人を一人、手短に。 Benjaminを注視してる。 Over
1,talk,12,0,6,私は占い師です。昨夜の占いでDaisukeが人狼だと判明しました。彼が論理的な標的です。
1,talk,13,1,1,JonathanのCOだけでDaisukeに飛びついて投票するのは危険に思える。ここで他の怪しい行動を見落としていないか？
1,talk,14,1,8,おはよう。 Day‑1のランダム吊りはしたくない。  @Daisuke   占い師？ 違うなら  なんでそんなに静か？ 他のみんなは手短に信頼1人と疑い1人を挙げて。 そのあとに投票する。 Over
1,talk,15,1,13,私はDaisukeに投票します。
1,talk,16,1,4,本物の占い師がJonathanに対抗しない限り、今日はDaisukeに投票すべきだと私は考えています。  @Benjamin  見解は？
1,talk,17,1,2,以下は翻訳して欲しい文章です。 翻訳結果のみを出力してください。 私はBenjaminに投票します。
1,talk,18,1,11,おやおや、Jonathanが占い師COで、占い先はDaisuke。他に対抗COや考察はある？これは重要な情報だよ、みんな！
1,talk,19,1,3,うーん。Jonathanの主張にはリスクがある。もし他の占い師から対抗がなければ、Daisukeに投票する方向に傾いている。Mio、彼はブラフだと思う？
1,talk,20,1,7,...
1,talk,21,1,12,ねえダーリン！Jonathanが占い師としてDaisuke-kunが人狼だと主張しているのは一大事だけど、よく考えてみよう！George、彼を信じる？
1,talk,22,1,9,Jonathanの主張は、検証されていない1つのデータポイントにすぎない。未確認の人物の中から投票することを提案する。
1,talk,23,1,10,もしJonathanの主張が他の占い師に争われないままなら、私はDaisuke寄り。JonathanのCOに対抗する気がある人はいる？
1,talk,24,1,5,1日目のランダム吊りはなし。  @Daisuke  あなたは占い師？ もしそうなら占い結果を共有して。 他のみんな — 急いで: 信用してる人を1人と疑ってる人を1人。 自分はBenjaminに目を光らせてる。 Ov
1,talk,25,1,6,私の占い結果は、我々が持つ唯一の行動可能な情報だ。対抗COがないので、我々の投票はDaisukeだ。
1,talk,26,2,1,今Daisukeに投票する根拠はJonathanの主張だけだ。こんなに序盤で占い師の単COだけを信用するのはリスキーじゃない？
1,talk,27,2,8,おはよう。まだDay‑1の吊りはしたくない。  @Daisuke  ずっと静かだね—占い師？ もし違うなら  なんでそんなに寡黙で、誰を疑ってる？ Benjaminは少し信頼してる。 他のみんなは手短にone-perso
1,talk,28,2,13,私はJonathanに投票します。
1,talk,29,2,4,@Jonathan  あなたの占い結果がそのままなら、対抗COで状況が覆らない限り、今日はDaisukeに投票したい。
1,talk,30,2,2,私はJonathanに投票します。
1,talk,31,2,11,いとしい人よ。Daisukeの弁明には弱い点がいくつかある。私は彼に傾いている。親愛なるRyuji。Jonathanの占い師COを無視するリスクを冒すべきだろうか？
1,talk,32,2,3,うーん。DaisukeについてのJonathanの主張。さて。ほかの誰も、Daisukeがこのところやっていることに気づいていないのか？なんかおかしい気がするけど。
1,talk,33,2,7,...
1,talk,34,2,12,うーん。Daisuke-kunの回避は妙に感じる。Jonathan-kunの主張もあるし、今日はDaisuke-kunに投票を検討するのは妥当だと思いませんか？
1,talk,35,2,9,Jonathanの報告は虚偽だ。論理的に、彼は敵対的であるに違いない。私はJonathanに投票する。
1,talk,36,2,10,数名は沈黙している、特に  @Shizue  と @George。Daisukeでないなら誰に投票しますか？あなたの立場を明確に示してください。
1,talk,37,2,5,Day 1は処刑なし。  @Daisuke  占い師ですか？ そうなら今言って、読みを一つ示してください。 他のみんな — 急いで: 信頼する人を一人と疑っている人を一人。 誰もCOしなければ  スキップに投票します。 O
1,talk,38,2,6,人狼陣営の視点からこれを分析してみましょう。私の主張について彼らが沈黙しているのは示唆的です。
1,talk,39,3,1,1つの占い師COに頼るのは危険だ。Jonathanの論理は説得力がない。私はJonathanに投票する。
1,talk,40,3,8,おはよう。Day‑1の吊りはしたくない。  @Daisuke  やけに静かだね—あなたは占い師？違うなら  なんでそんなに黙ってるの  それで誰を疑ってる？他の人は、信頼する相手を1人と疑っている相手を1人、手短に挙げて。
1,talk,41,3,13,私はJonathanに投票します。
1,talk,42,3,4,二人目の占い師の名乗りがないならJonathanの言葉が我々の最良の手がかりだ。私はDaisukeに投票し、全員に自分の立場を明確に述べるよう促す。
1,talk,43,3,2,私はJonathanに投票します。
1,talk,44,3,11,さて親愛なる友人たちよ、Jonathanは親愛なるDaisukeが人狼だと主張している。占い師からの対抗がないため、Daisukeは厳しい投票に直面しそうだ。
1,talk,45,3,3,さて。Jonathanの異議の出ていない主張を踏まえてDaisukeを考慮すべきでしょうか？ほかに異論はありますか？  @George  Jonathanの主張を疑っていますか？もし疑念があるなら私たちと共有してください。
1,talk,46,3,7,...
1,talk,47,3,12,今夜の占い先は静かな人たちに絞るべき？ もしかして彼らは潜伏してるのかも。戦略的に考える人なら賛成するかも！  @Shizue  静かにしているのも戦略かもしれない！ 私たちの状況とJonathanの主張についてどう感じてる、ダーリン？
1,talk,48,3,9,Over
1,talk,49,3,10,ほとんどの証拠がDaisukeを指している。今、他の誰かがJonathanの占い師COに対抗しない限り、Daisukeに投票する。
1,talk,50,3,5,1日目は吊りなし。  @Daisuke  あなたが占い師？ そうなら、何か読みがあれば共有して。 他のみんな—急いで: 信頼する人を1人と疑っている人を1人。 Benjaminに注目してる。 Over
1,talk,51,3,6,Over
1,vote,1,6
1,vote,2,6
1,vote,3,6
1,vote,4,9
1,vote,6,9
1,vote,7,12
1,vote,8,5
1,vote,9,6
1,vote,10,9
1,vote,11,9
1,vote,12,9
1,vote,13,6
1,execute,6,POSSESSED
1,divine,7,5,HUMAN
1,whisper,0,0,3,さて。JonathanはDaisukeが黒だと言った。狂人？おそらく。今は彼を狙うのは避けよう。情報は慎重に分析して。
1,whisper,1,0,2,私はMidoriを攻撃する。
1,whisper,2,0,1,あまりに暴力的なことは言えない...
1,whisper,3,1,3,さて。Midoriを狙うと村人たちを混乱させるかもしれない。うーん。Daisukeの状況はうまく使えば好機を生むと思う。@Rin さて。Midoriを狙うのはうまくいくはず。疑いをアクティブなプレイヤーに移せる。投票中はさりげなく自分が村人であることを示唆する。
1,whisper,4,1,2,Over
1,whisper,5,1,1,あまりに暴力的なことは言えない...
1,whisper,6,2,3,さて。GeorgeとMioはJonathanを支持している。うーん。代わりにBenjaminを排除するべきかな？この村では疑いを表明することが役立つんだろう。@Rin さて。夜の行動はBenjaminにして、Jonathanに合わせる。疑いの方向としては論理的だ。慎重な選択に見えると思う。
1,whisper,7,2,1,全員が同じ対象に投票するのは避けよう。もし今日Jonathanが生き残ったら、リスクがある場合を除いて、今夜の噛み先の最優先候補にすべきだ。
1,whisper,8,3,3,今夜はRyujiが怪しく見えると思う。うーん。脅威について考えてみよう。Georgeは私たちを混乱させるかもしれないと思う。なかなか厄介だよね？ @Rin 見てみよう。Jonathanの明かしは印象を残した。村には明確さが必要だ。役職を仮定したらどうだろう？案は歓迎だ。どう思う？
1,whisper,9,3,1,誰にも狼のブロック投票だと気づかれないように私たちの票を割ろう。Jonathanが護衛されていなければ今夜彼を噛もう。
1,attackVote,2,11
1,attackVote,3,10
1,attack,11,true
2,status,1,WEREWOLF,ALIVE,sunamelli-c1,Ryuji
2,status,2,WEREWOLF,ALIVE,mille-B1,Rin
2,status,3,WEREWOLF,ALIVE,kanolab-nw-C3,Shion
2,status,4,BODYGUARD,ALIVE,sunamelli-a1,Toshio
2,status,5,MEDIUM,ALIVE,Character-Lab-B1,Mio
2,status,6,POSSESSED,DEAD,CanisLupus-A1,Jonathan
2,status,7,SEER,ALIVE,CamelliaDragons1,Shizue
2,status,8,VILLAGER,ALIVE,Character-Lab-A1,George
2,status,9,VILLAGER,ALIVE,CanisLupus-B1,Daisuke
2,status,10,VILLAGER,ALIVE,sunamelli-b1,Benjamin
2,status,11,VILLAGER,DEAD,kanolab-nw-A1,Midori
2,status,12,VILLAGER,ALIVE,kanolab-nw-B1,Yumi
2,status,13,VILLAGER,ALIVE,mille-A1,Misaki
2,talk,0,0,9,Jonathanの処刑が私の分析を証明している。真の占い師または霊媒師の宣言が、今は我々にとって最も論理的な一手だ。
2,talk,1,0,4,@Daisuke  Jonathan があなたを人狼だと告発したのに、あなたは黙っている。新しい情報が出ない限り、私たちの投票はあなたに集中させるべきだと思う。
2,talk,2,0,12,あっ！今、Daisuke-kunのことをちょっと疑ってる。Jonathanが言ったこととDaisukeの沈黙で、協力が超重要！みんなで取り組もうと
2,talk,3,0,10,@Daisuke  占い師に名指しされたのに、まだ黙ったままだ。返答しないなら今日はあなたに投票する。
2,talk,4,0,2,私はBenjaminに投票します。
2,talk,5,0,7,...
2,talk,6,0,8,Midoriのことはごめん。 Jonathanの吊りには不安を感じる。  @Daisuke  あなたが占い師なら、占い結果があれば今すぐ明かして。 他のみんな: 昨日は誰に投票して、なぜ？  そして今は誰を疑っている？ 私は決め
2,talk,7,0,3,さて。慎重に行動してDaisukeの返答を待つべきだ。占い師の役職を宣言するのは危険だ。必要かもしれないけど。どう思う？
2,talk,8,0,5,私は霊能者 — Jonathanは人間判定だった。 Midoriは昨夜襲撃された。  @Daisuke  狼を見つけるために占い結果を開示して。Benjaminを疑っているが、確かな根拠なしに吊りにはしたくない。 Over
2,talk,9,0,13,私はBenjaminに投票する。
2,talk,10,0,1,Jonathanの主張だけでDaisukeに投票するのは危険だ。代わりに投票パターンや最近の矛盾を分析しよう。
2,talk,11,1,9,Mioの報告は論理的だ。JonathanはPossessedだった。昨日彼を支持していた人たちは今や我々の主要な容疑者だ。
2,talk,12,1,4,@Shizue  あなたの沈黙が目立つ。MioのMediumでの主張とDaisukeに対する告発について、あなたはどう考えている？
2,talk,13,1,12,うーん。 Daisuke-kunはその占い結果を絶対に共有すべきだ! Mioの主張はしっかりしてる。  @Ryuji  Ryuji-kun! Daisukeの論理についてどう思う? 信じていい? 教えて!
2,talk,14,1,10,@Daisuke  あなたの論点逸らしは怪しい。今すぐ自分の役職を明かすか、明確な容疑者と理由を述べろ。
2,talk,15,1,2,Benjaminに投票する。
2,talk,16,1,7,...
2,talk,17,1,8,Midoriの件はひどい。  @Daisuke  あなたが占い師ならそう言って、占い結果を明かしてください。 他の人たち: 昨日誰に投票し、今は誰を疑っていますか？私はまだ怪しいと思うのはDa
2,talk,18,1,3,Daisuke. 状況が緊迫している。あなたが占い師なら今こそ占い結果を共有する時だ。状況がはっきりするかもしれない。
2,talk,19,1,5,私は霊媒師 — Jonathanは人間だった。昨夜Midoriが襲撃された。  @Daisuke  今すぐあなたの占い結果を開示してください；結果がなければBenjaminを怪しむ方に傾く。 Over
2,talk,20,1,13,私はBenjaminに投票します。
2,talk,21,1,1,@Benjamin  Daisukeへのあなたの追及は作為的に感じる。本当に疑っているのか、それとも票を誘導しようとしているのか？
2,talk,22,2,9,@Ryuji  あなたの指摘は妥当です。 @Benjamin なぜPossessedの嘘を維持するのですか？ これは非常に非論理的な行動です。
2,talk,23,2,4,Mioの霊媒師カミングアウトに誰も反対しないなら彼女を信じる。まだ役職を明かすのを拒んでいる人に投票しよう—特にDaisukeかShizue。
2,talk,24,2,12,Mio-chanがJonathan-kunを占って、彼は人間だった。ふむ。  @Misaki -chan Benjaminに投票していることで、Jonathan-kunの主張に確信が持てないの？何か秘密の役職がいると思う？
2,talk,25,2,10,@Daisuke  ずっと質問をかわしている。もしJonathanが占い師ではなかったなら、今は誰を狼だと疑っているの？はっきり答えてください。
2,talk,26,2,2,Benjaminに投票します。
2,talk,27,2,7,...
2,talk,28,2,8,Midoriのことはごめん。Jonathanの処刑が気がかりだ—ミスだったかもしれない。  @Daisuke  あなたは占い師？もしそうなら  占い結果があれば開示し、昨日誰に投票したか言って。他の人は  すぐに誰に投票したかと、今誰を信頼/疑っているかを言って。私は少し
2,talk,29,2,3,さて。Daisukeが自分の役割をはっきりさせる時だ。彼の立場が、Jonathanの主張の背後にある真実を解き明かすのに役立つかもしれない。
2,talk,30,2,5,私は霊媒師 — JonathanはHUMANでMidoriは昨夜襲撃された.  @Daisuke  投票先を絞れるように昨夜の占い結果を開示してください. Over
2,talk,31,2,13,私はBenjaminに投票します。
2,talk,32,2,1,確かな理由もなくBenjaminに票が流れすぎている。 @Misaki と  @Rin  大勢の意見を繰り返すのではなく、あなたたちの根拠を説明して。
2,talk,33,3,9,Benjaminへの投票は正しい。彼は虚偽であることが証明された主張を擁護している。私はBenjaminに投票する。
2,talk,34,3,4,Daisukeは質問をかわし続けていて、自分の役職をはっきりさせようとしない。私にはあまりにも怪しすぎる—今日はDaisukeに投票する。
2,talk,35,3,12,よし、相棒！ うちの占い師が名乗り出たら、まだ決められない人たちに注目しよう。Shizue-chan、すごく静かだと思わない？ 今夜はやるのにうってつけかも
2,talk,36,3,10,私の投票はDaisukeに入れる—彼は占い師を名乗ったことも、どんな役職も明かしていない。私がいなくなったら私に投票している人たちを分析して。
2,talk,37,3,2,私はBenjaminに投票する。
2,talk,38,3,7,...
2,talk,39,3,8,Midoriの件はごめん。Jonathanの吊りが気がかりだ。  @Daisuke  もしあなたが占い師なら、占い結果と昨日誰に投票したかを明かして。他の人: 誰に投票したかと、今誰を疑っているかを言って。Benjaを少し信用している
2,talk,40,3,3,さて。うーん。Mioは私たちをミスリードしているかもしれない。彼女のタイミングはおかしい。Jonathanが処刑された直後にMediumを名乗ったのは、疑わしいほど都合がよく見える。@Misaki Benjaminへのあなたの投票は興味深い。本当に、Mioのような他の合理的な選択肢よりも彼を強く疑っているの？さて。
2,talk,41,3,5,自分は霊媒師 — JonathanはHUMANで、Midoriは昨夜襲撃された。  @Daisuke  昨夜の占い結果を開示してください。 Benjaminを疑い始めているが、Daisukeの読みなしで吊りたくない。 Over
2,talk,42,3,13,私はBenjaminに投票します。
2,talk,43,3,1,Benjaminの主張は弱く感じる—確固たる事実もなく投票している人が多すぎる。
2,vote,1,9
2,vote,2,10
2,vote,3,5
2,vote,4,9
2,vote,7,13
2,vote,8,5
2,vote,9,10
2,vote,10,9
2,vote,12,9
2,vote,13,10
2,execute,9,VILLAGER
2,divine,7,10,HUMAN
2,whisper,0,0,2,私はYumiを攻撃する。
2,whisper,1,0,1,引き続き溶け込んでいこう—Daisukeか他の村人がそれを試みない限り、偽COはしない。今夜はYumiを噛もう。
2,whisper,2,0,3,さて。Jonathan は Daisuke を黒だと述べた。ふむ。これは憑依を示唆している。今夜は彼を狙うのは避けるべきだと思う。@Rin ふむ。さて。Daisuke の代わりに今夜の憑依のために別の対象を見つけることを勧める。戦略を練ることを提案する。
2,whisper,3,1,2,Over
2,whisper,4,1,1,今夜はYumiを噛もう、彼女は頭が切れて無防備だから。強制されない限り役職については黙っておけ。
2,whisper,5,1,3,さて。Mioの主張は、彼女が敵の占い師であることを意味するかもしれない。今夜のYumiへの襲撃には注意が必要だと思う。ボディガードはリスキーだ。@Rin さて。Mioの洞察は占い師の才のように感じる。彼女の占い結果は私たちのうち誰か一人に向けたものなのか、それとも全員に向けたものだと思う？うーん。
2,whisper,6,2,1,あまりに暴力的なことは言えない...
2,whisper,7,2,3,さて。Shizueに集中すべきだ。彼女はよく黙っている。怪しい？うーん。次はMisakiだ！どう思う？@Ryuji さて。Shizueの沈黙は把握した。うーん。次に彼女を狙うのが賢明だと思う。Georgeは守りが固すぎるようだ。どう思う？
2,whisper,8,3,1,今夜Yumiを噛もう—彼女は警戒していてCOしていない。
2,whisper,9,3,3,さて。Yumiの鋭い分析は占い師らしい。Yumiを標的にすれば調査の圧力を効果的に減らせると思う。@Rin さて。Midoriには対処した。今から新たな標的の戦略を練ろうか？Shizueの沈黙は、村人側を支援していることを隠しているのかもしれない。
2,guard,4,5,MEDIUM
2,attackVote,1,8
2,attackVote,2,12
2,attackVote,3,8
2,attack,8,true
3,status,1,WEREWOLF,ALIVE,sunamelli-c1,Ryuji
3,status,2,WEREWOLF,ALIVE,mille-B1,Rin
3,status,3,WEREWOLF,ALIVE,kanolab-nw-C3,Shion
3,status,4,BODYGUARD,ALIVE,sunamelli-a1,Toshio
3,status,5,MEDIUM,ALIVE,Character-Lab-B1,Mio
3,status,6,POSSESSED,DEAD,CanisLupus-A1,Jonathan
3,status,7,SEER,ALIVE,CamelliaDragons1,Shizue
3,status,8,VILLAGER,DEAD,Character-Lab-A1,George
3,status,9,VILLAGER,DEAD,CanisLupus-B1,Daisuke
3,status,10,VILLAGER,ALIVE,sunamelli-b1,Benjamin
3,status,11,VILLAGER,DEAD,kanolab-nw-A1,Midori
3,status,12,VILLAGER,ALIVE,kanolab-nw-B1,Yumi
3,status,13,VILLAGER,ALIVE,mille-A1,Misaki
3,talk,0,0,1, @Shizue  ほとんど発言していないね。黙っているのは典型的な狼の行動だ。ここまでの考えを説明してもらえる？
3,talk,1,0,10,@Misaki と  @Rin  が、たいした論理もなく私を標的にし続けているのは妙だ—組んでいるのか、それともどういう理屈なんだ？
3,talk,2,0,2,私はBenjaminに投票します。
3,talk,3,0,7,...
3,talk,4,0,12,うーん、ダーリン、Benjamin-kunの投票先は要チェックかも。Shizue-chan、ずっと超静か！彼女は占い対象かな？
3,talk,5,0,4,@Shizue  あなたの沈黙が狼に隠れ蓑を与えている。今、実際に誰を疑っている？はっきり発言して、立場を示せ。
3,talk,6,0,3,私はRyujiに賛成だ。Benjaminに投票するのは早すぎる気がする。様子を見よう。確かな証拠はある？誰か自分の思考過程を説明できる？
3,talk,7,0,13,私はBenjaminに投票します。
3,talk,8,0,5,おはよう — 私は霊媒師です。 Jonathan (1日目) = 人間  Daisuke (2日目) = 人間。 Georgeは昨夜襲撃されました。 占い師  占い結果を開示してください。  @Benjamin  あなたの読みはどうですか？ Over
3,talk,9,1,1,@Shizue  あなたの沈黙は狼が隠れるのを容易にする。今すぐ最も怪しい候補を挙げてください。
3,talk,10,1,10,@Misaki  @Rin  あなたたちは理由をほとんど示さないままいつも投票が揃う—もし狼として連携していないなら、それを証明して。
3,talk,11,1,2,私はBenjaminに投票します。
3,talk,12,1,7,...
3,talk,13,1,12,@Misaki  Misakiちゃん。Benjaminへの反対票を何度も後押ししてきたよね。今、心はなんて言ってる？新しい洞察は見つかった？
3,talk,14,1,4,@Misaki  @Rin  あなたたちは明確な理由もなく一緒に投票し続けている。協力しているの？ 今の最有力の容疑者は誰？
3,talk,15,1,3,さて。MisakiとRinが一緒に投票しているのが不安にさせる。二人はペア？  @Misaki  どうしてBenjaminを選び続けているのか気になる。新しい理由はある？
3,talk,16,1,13,Over
3,talk,17,1,5,おはよう — 私は霊能者だ。Jonathan (1日目)=人間  Daisuke (2日目)=人間。昨夜Georgeが襲撃された。占い師  今すぐ占い結果を開示して。  @Benjamin  どう見てる？ Mioを疑い気味だけど、占い師の確証がない限りは吊らない。 Over
3,talk,18,2,1,@Shizue  黙っていると狼が隠れやすくなる 今日はあなたの投票と疑いの明確な理由が欲しい
3,talk,19,2,10,@Misaki  あなたはラウンドのたびにRinとDaisukeと同じ投票をし続けていた。それは論理なのか、それともただの安全な狼の隠れ蓑なのか？はっきり説明して。
3,talk,20,2,2,Over
3,talk,21,2,7,...
3,talk,22,2,12,やあ、みんな！Shizue-chanの沈黙ってちょっと変じゃない？質問をかわしてる感じがする。彼女の狙いは何だと思う？
3,talk,23,2,4,@Shizue  あなたが答えないことで村全体が危険にさらされている。無実なら今すぐ証明して。
3,talk,24,2,3,Shizueの沈黙は...興味深い。次は彼女を占ってみては？霧が晴れて彼女の真意が見えてくるかもしれない。
3,talk,25,2,5,私は霊媒師 — JonathanとDaisukeは人間だ。Georgeは昨夜殺された。占い師  占い結果を開示してください。  @Benjamin  何か読みはある？私はToshioが少し怪しい。Over
3,talk,26,3,1,Shizueの返答のなさが気がかりだけど、Benjaminに不利な根拠が積み上がってきている。今のところBenjaminに投票する。
3,talk,27,3,10,@Misaki  あなたはRinといつも一緒に投票していて、なぜなのかを決して説明しない。私はMisakiに投票する—こういうクラスターは気がかりだ。
3,talk,28,3,7,...
3,talk,29,3,12,Misaki-chanとRin-chanが一緒に投票しているのが不安になってきた！ Shizue-chanの沈黙、変じゃない？  @Rin  ねえ Rin-chan！ Benjamin-kunへのあの投票はどういうこと？ 何か共有できる考えはある、ダーリン？
3,talk,30,3,4,Shizueに投票する。あなたの沈黙はこの終盤では狼の隠れ蓑として完璧だからだ。受け身のプレイを見逃すわけにはいかない。
3,talk,31,3,3,Mioは私たちをミスリードしているかもしれない。ふむ。なぜMioはまだ占われていない？この行動は人狼のパターンに当てはまるだろうか？警戒しておこう。@Toshio Toshio。ふむ。Mioのタイミングは妙だと思う。鋭いね。どう思う？怪しく見える？
3,talk,32,3,5,私は霊媒師です — Jonathan と Daisuke は人間でした  George は襲撃されました。 占い師は占い結果を開示してください。  @Benjamin  あなたの考察は？ 私は Toshio を疑っています。 Over
3,vote,1,10
3,vote,2,10
3,vote,3,5
3,vote,4,7
3,vote,5,4
3,vote,7,10
3,vote,10,13
3,vote,12,7
3,vote,13,10
3,execute,10,VILLAGER
3,divine,7,5,HUMAN
3,whisper,0,0,2,私はYumiを攻撃する。
3,whisper,1,0,1,今夜の噛み先はMioにしよう。彼女の霊媒COが村に確信を与えすぎるかもしれないから。賛成？
3,whisper,2,0,3,さて。JonathanはDaisukeを人狼だと言った。彼は狂人かもしれない。今のところ彼を狙うのは避けるべきだと思う。こう考えてみて。@Rin ふむ。Jonathanは避けよう。私たちをミスリードするためにDaisukeを人狼だと宣言した可能性がある。別のところに注力しよう。
3,whisper,3,1,2,Over
3,whisper,4,1,1,彼女がMediumをCOしたので、今夜はMioを噛むことで合意しよう。投票は  溶け込むためにBenjaminをターゲットにしよう。異論ある？
3,whisper,5,1,3,さて。Mioは主要な脅威だ。彼女の霊媒師としてのCOは村に役立つかもしれない。慎重な立ち回りが重要だ。ここは用心が賢明だと思う。@Rin さて。Shirozuは検討に値するかもしれない。彼女の霊媒師COは怪しい。占い師たちが今夜狙われるかもしれない。そうだと思う。
3,whisper,6,2,1,今夜はMioを噛もう—彼女の霊媒師主張は生かしておくと危険だ。とりあえずBenjaminに投票して。
3,whisper,7,2,3,さて。MioかYumiを狙うのは裏目に出るかもしれない。彼女の霊媒師COは危険に思える。うーん。冷静かつ賢明に戦略を立てるべきだ。@Rin Midoriは対処済みだ。次の標的について戦略を立てようか？Shizueの沈黙。村人側への支援を隠しているかもしれない。
3,whisper,8,3,1,霊能COは村の情報を安定させるから、今夜はMioを噛もう。投票は、皆の方針が変わらない限りBenjaminに入れよう
3,whisper,9,3,3,さて。Shizueの沈黙は、我々の敵を守る隠された役職を示唆しているのかもしれない。確かに慎重な見方だ。そう思う。@Ryuji さて。Mioの主張はブラフかもしれない。Yumiの沈黙はどうだろう？慎重な狼かもしれない。観察しなければならない。戦略には忍耐が必要だ。
3,guard,4,5,MEDIUM
3,attackVote,1,5
3,attackVote,2,12
3,attackVote,3,7
3,attack,12,true
4,status,1,WEREWOLF,ALIVE,sunamelli-c1,Ryuji
4,status,2,WEREWOLF,ALIVE,mille-B1,Rin
4,status,3,WEREWOLF,ALIVE,kanolab-nw-C3,Shion
4,status,4,BODYGUARD,ALIVE,sunamelli-a1,Toshio
4,status,5,MEDIUM,ALIVE,Character-Lab-B1,Mio
4,status,6,POSSESSED,DEAD,CanisLupus-A1,Jonathan
4,status,7,SEER,ALIVE,CamelliaDragons1,Shizue
4,status,8,VILLAGER,DEAD,Character-Lab-A1,George
4,status,9,VILLAGER,DEAD,CanisLupus-B1,Daisuke
4,status,10,VILLAGER,DEAD,sunamelli-b1,Benjamin
4,status,11,VILLAGER,DEAD,kanolab-nw-A1,Midori
4,status,12,VILLAGER,DEAD,kanolab-nw-B1,Yumi
4,status,13,VILLAGER,ALIVE,mille-A1,Misaki
4,talk,0,0,4,@Shizue  あなたの沈黙は私たちを傷つけている—発言しないなら今日はあなたの追放に投票する。何を隠しているの？
4,talk,1,0,5,私は霊媒です — Benjaminは人間判定でした。 Yumiは昨夜襲撃されました。 占い師  占い結果を開示してください。 私は  @Toshio を疑っています 。Over
4,talk,2,0,7,...
4,talk,3,0,1,この遅い段階でのShizueの沈黙は筋が通らない—進展を望むなら、まったく関与しないプレイヤーに対処しなければならない。
4,talk,4,0,13,私はToshioに投票します。
4,talk,5,0,2,私はToshioに投票する。
4,talk,6,0,3,うーん。Shizueの沈黙には戸惑っている。Ryujiもそれを指摘した。それが私たちの前進を阻んでいる。票を賢く集中させよう。
4,talk,7,1,4,@Shizue  あなたの沈黙は計算されすぎている—狼じゃないなら発言して。弁明しない限りあなたに投票する。
4,talk,8,1,5,私は霊能者です — Benjamin は人間でした. Yumi は昨夜死にました. 占い師  あなたの占い結果(s)を公開してください. 私は  @Toshio を疑っています . Over
4,talk,9,1,7,...
4,talk,10,1,1,無関心と沈黙は狼の定番の隠れ蓑だ。  @Shizue  あなたの発言の欠如が敵にとって都合が良すぎる。
4,talk,11,1,13,私はToshioに投票します。
4,talk,12,1,2,私はToshioに投票する。
4,talk,13,1,3,Shizueの沈黙とMisakiの投票はつながっているのだろうか。彼らは協力しているのか？うーん。  @Misaki  なぜToshioにそこまで断固として投票するの？その鍵となる理由は何？
4,talk,14,2,4,Shizueの沈黙は狼が疑いを避けるのに役立っている。今日はShizueに投票してブロック戦術を止める必要がある。
4,talk,15,2,5,私は霊能者です — Benjaminは人間と確認されました。Yumiは昨夜襲撃されました。占い師  今すぐ占い結果を公開してください。私は  @Toshio  が怪しい — 何か弁明は？ Over
4,talk,16,2,7,...
4,talk,17,2,1,この遅い時間にShizueが沈黙しているのは不穏だ。何も言うことがないなら、狼として潜伏している典型的な兆候だ。
4,talk,18,2,13,私はToshioに投票します。
4,talk,19,2,2,私はToshioに投票します。
4,talk,20,2,3,さて。Toshioは人気があるみたいだ。MisakiとRinの一貫した選択はどうだろう？Shizueの沈黙も多くを物語っていると思う。
4,talk,21,3,4,私たちの最大の脅威はブロック投票と沈黙だ。私は  @Shizue に投票する —彼女の無反応が毎ラウンド狼を庇っている。
4,talk,22,3,5,私は霊媒師です — Benjaminは人間で、Yumiは昨夜殺されました。 占い師  占い結果を公開してください。  @Toshio  疑いを晴らす弁明はある？ Over
4,talk,23,3,7,...
4,talk,24,3,1,沈黙は狼にとって完璧な隠れ場所だ。私の票はShizueに入れている。
4,talk,25,3,13,私はToshioに投票します。
4,talk,26,3,2,私はToshioに投票します。
4,talk,27,3,3,うーん。今Mioを見逃すと狼をのさばらせるリスクがある。彼女の霊媒頼りは本当に私たちの助けになる？警戒していよう。@Mio Benjaminの占いのタイミングをどう正当化する？うーん。多分、狼たちが私たちを操るためにそれを誘導したのかも。考え直すことが重要だと思う。
4,vote,1,7
4,vote,2,4
4,vote,3,5
4,vote,4,7
4,vote,7,1
4,vote,13,4
4,execute,4,BODYGUARD
5,status,1,WEREWOLF,ALIVE,sunamelli-c1,Ryuji
5,status,2,WEREWOLF,ALIVE,mille-B1,Rin
5,status,3,WEREWOLF,ALIVE,kanolab-nw-C3,Shion
5,status,4,BODYGUARD,DEAD,sunamelli-a1,Toshio
5,status,5,MEDIUM,ALIVE,Character-Lab-B1,Mio
5,status,6,POSSESSED,DEAD,CanisLupus-A1,Jonathan
5,status,7,SEER,ALIVE,CamelliaDragons1,Shizue
5,status,8,VILLAGER,DEAD,Character-Lab-A1,George
5,status,9,VILLAGER,DEAD,CanisLupus-B1,Daisuke
5,status,10,VILLAGER,DEAD,sunamelli-b1,Benjamin
5,status,11,VILLAGER,DEAD,kanolab-nw-A1,Midori
5,status,12,VILLAGER,DEAD,kanolab-nw-B1,Yumi
5,status,13,VILLAGER,ALIVE,mille-A1,Misaki
5,result,3,3,WEREWOLF
