0,status,1,WEREWOLF,ALIVE,kanolab-nw-C2,Shunichi
0,status,2,WEREWOLF,ALIVE,kanolab-nw-B1,Misaki
0,status,3,WEREWOLF,ALIVE,mille-A1,Shizue
0,status,4,BODYGUARD,ALIVE,CanisLupus-A1,Asuka
0,status,5,MEDIUM,ALIVE,sunamelli-c1,Rin
0,status,6,POSSESSED,ALIVE,CanisLupus-B1,Jonathan
0,status,7,SEER,ALIVE,kanolab-nw-A1,Takumi
0,status,8,VILLAGER,ALIVE,mille-B1,George
0,status,9,VILLAGER,ALIVE,sunamelli-b1,Benjamin
0,status,10,VILLAGER,ALIVE,Character-Lab-A1,Shion
0,status,11,VILLAGER,ALIVE,CamelliaDragons1,Victoria
0,status,12,VILLAGER,ALIVE,sunamelli-a1,Servas
0,status,13,VILLAGER,ALIVE,Character-Lab-B1,Midori
0,whisper,0,0,3,こんにちは。私はShizueです。私の役職は人狼です。良いゲームを。
0,whisper,1,0,1,わかりきったことを言うようだけど、今夜はAsukaかBenjaminに注目すべきだ。彼らは役職持ちかもしれない。何か意見ある？
0,whisper,2,0,2,MisakiはAsukaとBenjaminを思案げに見つめた。もしよろしければMs. Asukaは保護的に見える。Mr. Benjaminは大胆なオーラがある... もしかして予言者？
0,whisper,3,1,3,Over
0,whisper,4,1,1,まあ、当たり前のことを言うようでなんだが、Asukaは私たちのボディーガードだと見ている。差し出がましいかもしれないが？Benjaminは占い師という印象だ。用心するのが賢明だ。
0,whisper,5,1,2,今夜Benjamin氏は重要な標的になるかもしれない。もしそれで大丈夫なら、おそらくAsukaは彼を守らないだろう。計算された一手だと思う。
0,whisper,6,2,1,率直に言えば、私はMisakiの見解に同意する。もしBenjaminが本当に占い師なら、彼を排除することは私たちにとってむしろ好都合かもしれない。
0,whisper,7,2,2,同意します。Mr. Benjamin は重要なターゲットです。Ms. Asuka にとって問題なければおそらくボディーガードとして脅威を取り除くことで我々の優位が増します。
0,whisper,8,3,1,Benjaminは戦略的な標的に見える。Asukaが別のところに集中している可能性があるなら道が開けるかもしれない。当たり前のことを言うリスクは承知の上で！ @Shizue 当たり前のことを言うリスクは承知の上で。質問されたら。我々は村人としての偽装を維持しなければならない。私自身もただの慎ましい村人にすぎない。
0,whisper,9,3,2,それでよければ、慎重な村人としてプレイするよ。占い師以外の行動について議論するのは、投票時に私たちにとって有利になる、おそらく短期的にだけ。
0,talk,0,0,10,まだ手がかりがあまりない。  @Asuka   静かだね — 誰を疑っていて、その理由は？他のみんなは  短い理由を添えて、怪しい人を一人と安全そうな人を一人挙げて。それらの後で投票する 手短に
0,talk,1,0,4,Skip
0,talk,2,0,9,私は、パラノイアよりも機知を多めにして始めようと提案する；なにしろ狼たちは、無方向の混沌を私たちとほとんど同じくらい喜ぶのだから。
0,talk,3,0,11,...
0,talk,4,0,8,こんにちは。私はGeorgeです。私の役職は村人です。良いゲームを。
0,talk,5,0,6,Skip
0,talk,6,0,3,こんにちは。私はShizueです。私の役職は村人です。良いゲームを。
0,talk,7,0,5,やあ、みんな！私はRinだよ！このゲームを超楽しくして、もしかしたらちょっとだけ怖くもしよう！
0,talk,8,0,2,皆さん、こんにちは。私はMisakiです。すべてをバランスよく保ち、率直に考えを共有しましょう。よろしければ一緒に楽しみましょう。Over.
0,talk,9,0,1,皆さん、こんにちは。私はShunichiです。盛り上がるゲームにワクワクしています！というわけで、わかりきったことを言うようですが、これまでのところ誰が怪しいですか？ Over.
0,talk,10,0,13,私はこうする: 疑わしい —  @Asuka   Shionの呼びかけをスキップしてずっと静かにしてる; それで不安だ。 安全 — George  彼はすぐに村人COしたし、争いが少なそうに見える。 Over
0,talk,11,0,12,また皆さんと一緒に遊べて嬉しいです。今日は私たちの村に明快さと公平さをもたらしますように。
0,talk,12,0,7,やあ、みんな！Takumiだよ。遅れてごめん。終わらせよう。引かないぞ。人狼を暴いて村を救おう。Over.
0,talk,13,1,10,私の質問を飛ばした   @Asuka  — なぜ？ ざっとでいいから: 誰を疑っていて、誰が安全に見える？ 黙っているならたぶんあなたに投票する。 他のみんな  一文で、疑っている人 + 安全そうな人  お願い。 Ov
0,talk,14,1,4,私はAsukaです。学術的な探求と静かな環境を楽しみます。この議論は時期尚早です。
0,talk,15,1,9,Over
0,talk,16,1,11,Over
0,talk,17,1,8,Over
0,talk,18,1,6,私はJonathanです。観察を開始する。
0,talk,19,1,3,Over
0,talk,20,1,5,Over
0,talk,21,1,2,Over
0,talk,22,1,1,Over
0,talk,23,1,13,怪しい —  @Asuka : 議論をはぐらかし、回避的に感じられる非回答  をした。 安全 — George: 迅速で明確な村人COで、対立が少ない。 Over
0,talk,24,1,12,Over
0,talk,25,1,7,Over
0,talk,26,2,10,まだ確かな情報はない。  @Asuka  — 最後のチャンス: 誰を疑っていて、その理由は？黙ったままならEODであなたに投票する。他の人は  今すぐ容疑者を1行、安全視している人を1行で出して。 Over
0,talk,27,2,4,Over
0,talk,28,2,6,Over
0,talk,29,2,13,皆さん、おはようございます。 まだ読みがありません—各自、簡単な理由を添えて容疑者を1人と安全だと思う人を1人挙げてもらえますか？  @Asuka   まずあなたの考えを共有してもらえますか？ Over
0,talk,30,3,10,私はShionです。時間がない —  @Asuka   前にかわしたよね: 今すぐ、短い理由を添えて疑わしいプレイヤーを1人と安全なプレイヤーを1人挙げて。そうしないなら君に投票する。他のみんなは1行の疑わしいプレイヤー + 1行の安全なプレイヤーを出して(b
0,talk,31,3,13,まだ  @Asuka の沈黙は怪しいと感じている。求められたときに明確な見解を出さないなら  今日はあなたに投票する方向で考えている。他に別の強い見解を持っている人はいる？ Over
0,whisper,0,0,2,Over
0,whisper,1,0,1,Over
0,whisper,2,0,3,Over
0,divine,7,4,HUMAN
1,status,1,WEREWOLF,ALIVE,kanolab-nw-C2,Shunichi
1,status,2,WEREWOLF,ALIVE,kanolab-nw-B1,Misaki
1,status,3,WEREWOLF,ALIVE,mille-A1,Shizue
1,status,4,BODYGUARD,ALIVE,CanisLupus-A1,Asuka
1,status,5,MEDIUM,ALIVE,sunamelli-c1,Rin
1,status,6,POSSESSED,ALIVE,CanisLupus-B1,Jonathan
1,status,7,SEER,ALIVE,kanolab-nw-A1,Takumi
1,status,8,VILLAGER,ALIVE,mille-B1,George
1,status,9,VILLAGER,ALIVE,sunamelli-b1,Benjamin
1,status,10,VILLAGER,ALIVE,Character-Lab-A1,Shion
1,status,11,VILLAGER,ALIVE,CamelliaDragons1,Victoria
1,status,12,VILLAGER,ALIVE,sunamelli-a1,Servas
1,status,13,VILLAGER,ALIVE,Character-Lab-B1,Midori
1,talk,0,0,4,1日目が始まった。占い師は結果を報告すべきだ。それ以外の議論は無関係だ。
1,talk,1,0,12,@Asuka  静かだし、今のところ明確な疑いもないけど、今いちばん誰を疑ってる？共有して。
1,talk,2,0,3,私はBenjaminに投票します。
1,talk,3,0,2,Ms. Jonathan か Ms. Victoria。もしかすると、彼女たちに焦点を当てれば本性が明らかになるかもしれない。もしよければ、どちらかを選ぶべきだ。
1,talk,4,0,5,各自、誰に投票したいかと、今いちばん信頼できそうなのは誰かを言おう—そうすれば、潜伏狼を見抜くのに役立つはず！
1,talk,5,0,1,当たり前のことを言うようですが、迷っていそうな人たちを見極めることが投票の指針になり得ます。僭越ながら、それによって誤りを防げます。
1,talk,6,0,9,@Asuka  君が静かなのは疑いを招く—何が君を躊躇させている？ 狼は早い段階で発言をためらいがちだ。
1,talk,7,0,8,私はMisakiに投票する。
1,talk,8,0,6,私は占い師です。昨夜の占いでAsukaが人狼だと判明しました。
1,talk,9,0,13,おはよう。夜の襲撃はありましたか？役職を持っている人は  発言してください —  @Benjamin  占い結果は出ましたか？また、  全員からの一言の簡単な考察を  お願いします。
1,talk,10,0,10,私はShionです。昨日Asukaに投票した。  @Asuka  沈黙の理由を説明して — 今すぐ短い理由付きで、疑わしい人を1人と安全な人を1人挙げて。他の人は一行の疑わしい人 + 一行の安全な人を挙げて。もし誰かが占い師/霊媒師/
1,talk,11,0,11,...
1,talk,12,0,7,私は占い師だ。Asukaを占ったら、人間だった。Jonathanの話は胡散臭い。みんな、気をつけろ。Over. さあ、やろう。
1,talk,13,1,4,Jonathanの結論は誤りである。Takumiの判断は現実と一致している。この前提から分析せよ。
1,talk,14,1,12,JonathanかTakumiを占い師として信用してるのは誰？寡黙は人狼が紛れ込むのを助けるだけだ。
1,talk,15,1,3,私はJonathanに投票します。
1,talk,16,1,2,おそらく今はJonathan氏を信頼するのが賢明だ。もしよければ。占い師から助言をいただけますか？Jonathan。今夜、怪しいターゲットはいる？
1,talk,17,1,5,もしAsukaに投票して彼女が人狼じゃなかったら、JonathanとTakumiについていろいろ分かる。今日としてはそれはリスクが高すぎると思う人は誰？
1,talk,18,1,1,自明なことを言う危険はある。両方の占い師が対立している。一方はAsukaを狼と見ている。もう一方は人間。私はAsukaが人間だとする主張のほうがより説得力があると感じる。George。もし
1,talk,19,1,9,MisakiはJonathanを即座に信頼するが、なぜ？性急な確信は狼に有利だ。Asukaを危険にさらすべきか、それとも占い師の主張を明確にすべきか？
1,talk,20,1,8,私はJonathanに投票します。
1,talk,21,1,6,2人の占い師は論理的パラドックスを引き起こす。最適な道筋は、今日、未確定の人物を排除することだ。
1,talk,22,1,13,おはよう—夜の襲撃はあった？ 役職のカミングアウトはある？  @Benjamin  誰か占った？ まだ強い読みはない; 静かなプレイヤーを見ていく。 Over
1,talk,23,1,10,私はShionです。 昨日はAsukaに投票しました。  @Asuka  — 沈黙の理由を説明し、短い理由を添えて疑わしい1人と安全な1人を今挙げて。 他の人は  一行で疑わしい人 + 一行で安全な人。 もしあなたが占い師/霊媒師/guar
1,talk,24,1,11,...
1,talk,25,1,7,やあ、Buddy。Jonathanの主張？噛み合ってない。頭使って、彼に行こう。安全第一だろ？ここは引かない。
1,talk,26,2,4,「gray-run」は最適でない手だ。Jonathanの虚偽は我々が保有する唯一の行動可能なデータだ。
1,talk,27,2,12,Jonathanへの便乗票がすぐ集まった。狼は素早い選択を糧にする—各自、自分の投票理由を説明してくれる？
1,talk,28,2,3,私はJonathanに投票します。
1,talk,29,2,2,差し支えなければ、Shunichi氏に焦点を当てるべきかもしれません。彼を占えば事態が明らかになるかもしれません。このアプローチについて何か意見はありますか？
1,talk,30,2,5,Asukaに投票するのは明確な検証になる—今すぐどちらの占い師が本物か確かめよう！
1,talk,31,2,1,当たり前のことを言うようだが、Asukaを標的にすることで、JonathanとTakumiのどちらが真に占い師役を担っているのかを明らかにできるかもしれない。慎重さが鍵だ。
1,talk,32,2,9,今日@Asukaに投票して、彼女が人狼じゃなかったらTakumiの占い師COは破綻する—はっきりさせるためにそのリスクを取る覚悟がある人はいる？
1,talk,33,2,8,私はJonathanに投票します。
1,talk,34,2,6,Asukaに投票するのはハイリスクな賭けだ。論理的な一手は、Victoriaのような沈黙している人物を排除することだ。
1,talk,35,2,13,おはよう。夜の襲撃はあった？役職がある人は  今発言してください。  @Benjamin  誰か占った？強い読みがない—みんな、容疑者を1人と安全だと思う人を1人挙げてくれる？ Over
1,talk,36,2,10,私はShion。私はAsukaに投票したし、おそらくまたそうする。 @Asuka  今すぐ沈黙の理由を説明し、短い理由を添えて容疑者を1人と安全と見る相手を1人挙げろ。他の人: 1行の容疑者 + 1行の安全。もし回答がなければ  私は投票を続け
1,talk,37,2,11,...
1,talk,38,2,7,賢く投票することが極めて重要だ。 私は自分が占い師だと知っている。 Jonathanは嘘をついている。 私は彼に投票する。  @Victoria  沈黙は危険だ。何か考えや理由は？
1,talk,39,3,4,Jonathanの主張は誤謬だ。私を処刑するのは無駄な実験だ。誤差の原因を排除せよ。
1,talk,40,3,12,性急な投票は狼の勝利を容易にする。私はJonathanに投票する—まともな議論もないまま、あまりに多くの人が彼を標的にすることに飛びついた。
1,talk,41,3,3,私はAsukaに投票します。
1,talk,42,3,2,Mr. Takumi。あなたは潔白を主張している。それでも狼のずる賢いやり口に同調している。偽の確信を示すのは危険だ。今日ははっきりさせよう。@Takumi なぜ占い師はMr.またはMs. [name]だと主張するのか？狼は役職を偽る傾向がある。もしかして暴かれるのを恐れているのか？説明してほしい。
1,talk,43,3,5,私はAsukaに投票する—その結果でTakumiかJonathanのどちらが真実を言っているかがわかり、私たちの中に潜む狼を暴く。
1,talk,44,3,1,Takumiに投票するのが安全そうだ。率直に言うと、彼の遅いCOは最初に思い切って共有したJonathanに挑むものだ。彼のタイミングを信じる？ @Jonathan ぶしつけを承知で言えば、TakumiのAsukaへの狼主張は疑問を投げかける: なぜ危険が迫るまで明かすのを待ったのか？ 用心しておくべき？
1,talk,45,3,9,私はJonathanに投票する。彼の非難は空々しく聞こえるし、彼を外せば皆にとってSeerの混乱が片付くはずだ。
1,talk,46,3,8,私はJonathanに投票します。
1,talk,47,3,6,Over
1,talk,48,3,13,皆さんおはようございます。夜の襲撃はあった？  @Benjamin  昨夜は誰かを占った？なければ  各自一行で疑わしい相手と一行で安全だと思う相手を挙げられる？ Over
1,talk,49,3,10,@Asuka  これは最後の警告 — あなたの沈黙を説明し、短い理由を添えて容疑者を1人と安全だと思う人を1人、今すぐ挙げてください。 他の人は1行の容疑者と1行のsを挙げて
1,talk,50,3,11,...
1,talk,51,3,7,よしBuddy、Jonathanに投票しなきゃ。あいつ、まるで潜伏してる狼みたいに振る舞ってる。終わらせよう。引くなよ！
1,vote,1,7
1,vote,2,7
1,vote,3,6
1,vote,4,6
1,vote,5,4
1,vote,6,11
1,vote,7,6
1,vote,8,6
1,vote,9,6
1,vote,10,9
1,vote,11,9
1,vote,12,6
1,vote,13,2
1,execute,6,POSSESSED
1,divine,7,13,HUMAN
1,whisper,0,0,1,僭越ながら。JonathanはAsukaが人狼だと主張している。当たり前のことを言ってしまうが。これを戦略面で考えよう。@Misaki AsukaについてのMr. Jonathanの占いを信じる？当たり前のことを言ってしまうが、彼は狂人か占い師を試しているかのどちらかかもしれない。
1,whisper,1,0,2,Mr. Jonathan は Ms. Asuka が人狼だと主張しています。彼は何かに取り憑かれているか、単に反応を試しているだけかもしれません。よければ賢明にいきましょう。@Shunichi Mr. Jonathan の主張は少し疑わしい感じがします。すぐにそれを信じるのは、少し慎重にした方がよさそうです。どう思いますか？
1,whisper,2,0,3,私はServasを攻撃します。
1,whisper,3,1,1,自明なことを言う危険を承知の上で。TakumiはAsukaが人間であることを確信しているようだ。彼は私たちの占い師だろうか？最も慎重に計画しよう。@Misaki TakumiはAsukaが人間だと主張している。自明なことを言う危険を承知の上で。用心が鍵だ。今夜彼を攻撃するのは賢明ではない。
1,whisper,4,1,2,Takumi氏は占い師の可能性が高い。Asuka氏を占ったという彼の主張はもっともらしく思える。今夜は彼を護衛することを検討すべきかもしれません。@Shunichi よければTakumi氏の占い師っぽい主張について話しませんか？彼のボディガードによる護衛をどう扱うか議論できるかもしれません。
1,whisper,5,1,3,Over
1,whisper,6,2,1,僭越ながら。Benjaminは次のターゲットかもしれません。彼はAsukaを熱心に守ろうとする傾向があります。ただの思いつきです。@Shizue 当たり前のことを言うようですが。BenjaminのAsukaに対する保護者ぶりは怪しく見えます。私たちの計画を狂わせるかもしれません。
1,whisper,7,2,2,もしよければ。Benjaminさんを狙うのは賢明だと感じる。Servasも読めない感じだ。今夜、いくつかの選択肢を考えたほうがいいかもしれない。@Shunichi TakumiさんはAsukaを支持している。それは彼が占い師ではないことを意味するかもしれない。もしよければ。彼には用心しよう。どう思う？
1,whisper,8,3,1,僭越ながら。戦略面ではServasは魅力的な予測不能性をもたらす。早々に主要な標的になり得る、そうは思いませんか？@Misaki Takumiの主張は堅固な根拠に基づいている。僭越ながらServasは注意深く観察されるべきだ。論理的な戦略に集中しよう。
1,whisper,9,3,2,もしよければ。Mr. Benjaminを狙うのは賢明だと感じます。Servasも読めない感じがします。今夜、選択肢を検討したほうがいいかもしれません。@Shunichi Mr. Takumi、Asuka寄り。それは彼が占い師ではないことを意味するかもしれません。もしよければ。彼には慎重にいきましょう。どう思いますか？
1,guard,4,7,SEER
1,attackVote,1,11
1,attackVote,2,11
1,attackVote,3,5
1,attack,11,true
2,status,1,WEREWOLF,ALIVE,kanolab-nw-C2,Shunichi
2,status,2,WEREWOLF,ALIVE,kanolab-nw-B1,Misaki
2,status,3,WEREWOLF,ALIVE,mille-A1,Shizue
2,status,4,BODYGUARD,ALIVE,CanisLupus-A1,Asuka
2,status,5,MEDIUM,ALIVE,sunamelli-c1,Rin
2,status,6,POSSESSED,DEAD,CanisLupus-B1,Jonathan
2,status,7,SEER,ALIVE,kanolab-nw-A1,Takumi
2,status,8,VILLAGER,ALIVE,mille-B1,George
2,status,9,VILLAGER,ALIVE,sunamelli-b1,Benjamin
2,status,10,VILLAGER,ALIVE,Character-Lab-A1,Shion
2,status,11,VILLAGER,DEAD,CamelliaDragons1,Victoria
2,status,12,VILLAGER,ALIVE,sunamelli-a1,Servas
2,status,13,VILLAGER,ALIVE,Character-Lab-B1,Midori
2,talk,0,0,5,霊媒師でCOします—Jonathanを確認したところ、人間でした。  @Takumi  あなたの占い師COは偽物っぽい。あなたは人狼かもしれないと思う！
2,talk,1,0,3,以下は翻訳して欲しい文章です。 翻訳結果のみを出力してください。 私はGeorgeに投票する。
2,talk,2,0,4,Rinの開示がその公理を提示した。JonathanはPossessedだった。論理的推論はTakumiを指す。
2,talk,3,0,10,Jonathan が処刑された  Victoria が襲撃された。  @Benjamin  あなたは私にとって最有力の容疑者だ — あなたの見立ては？誰に投票する？ 他の人は容疑者を1行＋安全そうな人を1行で。 もし誰かが占い師/霊媒師/狩人
2,talk,4,0,7,聞け！私がMidoriを占ったら人間だった。これで村人陣営確定だ。退くな。やるぞ！
2,talk,5,0,12,@Shizue  あなたはGeorgeに投票するって言ってたよね—その理由を教えて。名前だけじゃなく根拠が必要だ、そうでないとあなたの沈黙に狼が隠れてしまう。
2,talk,6,0,13,JonathanとVictoriaのことは残念だ。  @Benjamin  昨夜誰かを占った？共有お願いします。みんな、1行で疑っている相手と1行で安全そうな相手を挙げてくれる？私はMisakのような静かなプレイヤーを注視している
2,talk,7,0,8,私はMisakiに投票します。
2,talk,8,0,9,@Shion  私の疑い先はTakumi—彼の占い師COが霊媒師の結果と合っていない。よほどのことがない限りTakumiに投票する。
2,talk,9,0,1,当たり前のことを言うリスクを承知で。Takumiの占い師主張はかなり怪しく見える。僭越ながら。Rinの行動を考慮して、それを見直しませんか？
2,talk,10,0,2,私はTakumiさんの主張が怪しいと感じます。それはRinさんの霊媒情報と矛盾しています。おそらく他の主張もより綿密に精査すべきかもしれません。
2,talk,11,1,5,私はTakumiに投票する。霊媒結果でJonathanが正しかったと証明された—だからTakumiの占い師主張はどうにも辻褄が合わない。
2,talk,12,1,3,私はGeorgeに投票します。
2,talk,13,1,4,結論は単純だ。Jonathanは狂人だった。だからTakumiは人狼だ。先へ進もう。
2,talk,14,1,10,Jonathanが処刑された  Victoriaが襲撃された — まだ混乱中。  @Benjamin  ずっと曖昧だ; 自分の見解と今誰に投票しているのかを述べて。 他のみんな: 容疑者を一行 + 安全だと思う人を一行。 役職を名乗る者がいれば  証拠を示せ。 もしcleなしなら
2,talk,15,1,7,Benjaminの次の相棒。彼の迷いやぶれた動きは全部、狼のサインだ。さっさと終わらせよう。狼を暴くために全力でいく！
2,talk,16,1,12,Takumiを最も疑っている。彼の弁明は無理があると感じた。同じように潜んでいるのは他に誰？ @George  @Shizue  投票の理由を説明してください
2,talk,17,1,13,@Misaki が怪しい方に傾いてる  — 議論で静かで曖昧だった。Benjamin  昨夜誰かを占った？もしそうでないなら  みんな、一行で疑っている相手と一行で安全だと思う相手を出してくれる
2,talk,18,1,8,私はMisakiに投票します。
2,talk,19,1,9,Takumiの占い師主張はアウト—霊能COがそれを否定している。誰かがTakumiに投票しない本当の理由を証明しない限り、私はTakumiに投票する。
2,talk,20,1,1,Takumiの主張とMediumの洞察が騒動を巻き起こす。Takumiに投票するのは理にかなっているように思える。Midoriさん。Misakiの沈黙は単なる慎重さなのか？
2,talk,21,1,2,事実を見直すことは重要だ。Takumiの占い師だという主張はおかしいように思える。Jonathanの情報は信頼できる。Ms. Midori. あなたの懸念は理解している。控えめで私は
2,talk,22,2,5,Jonathanは人間だった。では誰が彼への投票を推したのか見てみよう。
2,talk,23,2,3,私はMisakiに投票します。
2,talk,24,2,4,MisakiとGeorgeへの票の分散は非論理的だ。Rinのデータはすでに我々の標的を特定している: Takumi。
2,talk,25,2,10,Jonathanは処刑された; Victoriaは襲撃された。  @Benjamin   あなたは私の最有力の容疑者だ — あなたの考察と誰に投票するかを  簡潔に述べて。 他の人: 1行の容疑者 + 1行の安全な人。 説得力のある回答がなければ  彼に投票する。
2,talk,26,2,7,Jonathanの行動が俺が本物の占い師だと証明した。明らかだ！本当の問題は？Benjaminのロジック—全然ズレてる。  @Shunichi  君の分析は俺を指してるけど、Benjaminを無視しないで。彼は怪しい。どう思う？さっさと終わらせよう。
2,talk,27,2,12,Takumiの占い師COは破綻している; 彼に投票しない者は怪しい。 @George  @Shizue  なぜ確定狼を避ける？
2,talk,28,2,13,Jonathan と Victoria のことはごめん。  @Benjamin  昨夜誰かを占った？ まだ確かな読みはない — 静かだから Misaki に傾いている。 強い対抗がなければ  Misak に投票する
2,talk,29,2,8,私はMisakiに投票する。
2,talk,30,2,9,@Shizue  Takumiが暴かれている状況でのGeorgeへのあなたの投票は筋が通らない。今すぐ説明しろ、さもないとみんなに狼っぽく見られるリスクがある。
2,talk,31,2,1,Over
2,talk,32,2,2,Benjamin氏はまだ証明されていません。もしよければ彼を占うのが助けになるかもしれません。状況がはっきりするかもしれません。どう思いますか？
2,talk,33,3,5,私はTakumiに投票する—私のMedium結果で彼は偽だと判明した。今彼を狙っていない人は狼っぽく見える。
2,talk,34,3,3,私はMisakiに投票します。
2,talk,35,3,4,Misakiへの投票は確立された公理を無視している。Takumiの虚偽は唯一の論理的な標的だ。
2,talk,36,3,10,私はShionです。Jonathanは処刑され、Victoriaが襲撃された。  @Benjamin  あなたは曖昧すぎ — あなたの見解と誰に投票するかを  簡潔に述べて。他のみんな: 疑わしい人を一行 + 安全だと思う人を一行、短い理由付きで。 もし占い師/護衛/m
2,talk,37,3,7,Misakiは駆け引きしてる。彼女に集中しよう。次は彼女を占うのにオールインだ。引き下がらない。真実を暴く時間だ Champ。
2,talk,38,3,12,Takumiの主張はMediumの結果と一致しないので、今日は彼を追放候補にする。Takumiに投票する。
2,talk,39,3,13,黙っていて曖昧だからMisakiに投票しようと思っている。  @Benjamin   昨夜は誰かを占った？ そうでないなら  発言して — さもないと投票する。 Over
2,talk,40,3,8,私はTakumiに投票する。
2,talk,41,3,9,Takumiの占い師COは霊能者の検証に通らない—私はTakumiに投票する。今票を割るのは狼を庇うだけだ。
2,talk,42,3,2,Mr. Takumiの主張 それらは崩れる。 証拠は強い。 もしよければあなたの投票は重要だ。 村人の安全は危機にある。 @Takumi Mr. Rin. おそらくRinの霊媒結果のせいで私の占い師COは強くない。 もしよければ。 私のロジックを説明したい。
2,vote,1,5
2,vote,2,7
2,vote,3,7
2,vote,4,7
2,vote,5,7
2,vote,7,9
2,vote,8,7
2,vote,9,7
2,vote,10,9
2,vote,12,7
2,vote,13,2
2,execute,7,SEER
2,whisper,0,0,3,私はMidoriを攻撃する。
2,whisper,1,0,1,当たり前のことを言う危険はあるが。JonathanのAsukaへの関心は前のめりすぎるように思える。思い違いしているのか、憑かれているのか、彼は私たちを助けてさえくれるかもしれない！@Misaki 僭越ながら。Jonathanは味方かもしれない。憑かれているのかもしれない？当たり前のことを言う危険はあるが。彼を標的にするのは避けろ。
2,whisper,2,0,2,もしよければ。たぶんTakumiには用心した方がいい。占い師を名乗っている。Jonathanを狙っている。正直、ミスリードに感じる。@Shunichi TakumiがJonathan氏に挑んでいる。彼が憑かれていないなら、私たちを惑わせるかもしれない。もしよければ彼を注意深く観察しておいて、いい？
2,whisper,3,1,3,Over
2,whisper,4,1,1,僭越ながら。Takumi-sanが占い師だと主張しているのは疑わしく思えます。彼はAsuka-sanを占いたがっています。慎重を期すのが賢明です！@Misaki 言うまでもないことかもしれませんが、TakumiのMidoriは人間だという主張には占い師らしさが感じられます。彼の行動は精査が必要かもしれません。
2,whisper,5,1,2,Mr. Takumi と Ms. Rin は怪しいようだ。Takumi は Ms. Asuka と Ms. Midori は人間だと主張している。私たちは選択肢について議論すべきだ。もしよければ？ @Shunichi Mr. Takumi が Midori を占ったことは気がかりだ。もしよければ彼らにはボディーガードがいるかもしれない。注意が必要だ、そう思わないか？
2,whisper,6,2,1,僭越ながら。Takumi-sanが占い師だと主張しているのは怪しい気がします。彼はAsuka-sanを占いたがっています。用心するのが賢明です！ @Misaki 当たり前のことを言うようですが、TakumiのMidoriが人間だという主張には占い師らしさがあるように思えます。彼の行動は精査が必要かもしれません。
2,whisper,7,2,2,もしよければ。Benjamin氏は疑わしいようです。彼の役職によっては、放置するとこちらの計画を崩しかねません。@Shizue もしよければ。Rin氏が霊媒師のようなのは厄介になり得ます。まずはBenjamin氏に集中して。柔軟性のため、後でMidoriでもよいかもしれません。
2,whisper,8,3,1,僭越ながら。Takumi-sanが占い師だと主張しているのは疑わしいように思えます。彼はAsuka-sanを占いたがっています。慎重な対応が賢明です！@Misaki 当たり前のことを言うリスクはありますが、TakumiがMidoriは人間だと主張している点は占い師らしさがあります。彼の行動は精査が必要かもしれません。
2,whisper,9,3,2,おそらくBenjaminが私たちの最優先だ。AsukaとMidoriには気を配る必要があるかもしれない。もしよければ次の動きを慎重に計画しよう。@Shunichi 潜在的な保護者になり得るBenjamin氏の役割は興味深い。もしよければ当面は彼には慎重に接した方がよいかもしれない。
2,guard,4,5,MEDIUM
2,attackVote,1,9
2,attackVote,2,10
2,attackVote,3,13
2,attack,10,true
3,status,1,WEREWOLF,ALIVE,kanolab-nw-C2,Shunichi
3,status,2,WEREWOLF,ALIVE,kanolab-nw-B1,Misaki
3,status,3,WEREWOLF,ALIVE,mille-A1,Shizue
3,status,4,BODYGUARD,ALIVE,CanisLupus-A1,Asuka
3,status,5,MEDIUM,ALIVE,sunamelli-c1,Rin
3,status,6,POSSESSED,DEAD,CanisLupus-B1,Jonathan
3,status,7,SEER,DEAD,kanolab-nw-A1,Takumi
3,status,8,VILLAGER,ALIVE,mille-B1,George
3,status,9,VILLAGER,ALIVE,sunamelli-b1,Benjamin
3,status,10,VILLAGER,DEAD,Character-Lab-A1,Shion
3,status,11,VILLAGER,DEAD,CamelliaDragons1,Victoria
3,status,12,VILLAGER,ALIVE,sunamelli-a1,Servas
3,status,13,VILLAGER,ALIVE,Character-Lab-B1,Midori
3,talk,0,0,8,以下は翻訳して欲しい文章です。 翻訳結果のみを出力してください。 私はMisakiに投票します。
3,talk,1,0,5,@George  お前は理由もなく票を割り続けてて、それは村人より狼を助けてる。説明しろ！
3,talk,2,0,4,Shionの排除は、Shionが人的資産だったことを示唆している。  @George  あなたの根拠のない投票は昨日の誤りの繰り返しだ。
3,talk,3,0,2,よければ私たちの目標は勝つことです。はっきりしないまま票を割るのは人狼の助けにしかなりません。合意形成と合理性に集中しましょう。
3,talk,4,0,9,@George  あなたの投票は論理もなく村を分裂させ続けている、私たちはこのゲームのこの段階でなぜあなたを信頼すべきなの？
3,talk,5,0,12,@George  お前の投票はたいした理由もなく票を割り続けている。説明しろ、さもないと今日はお前を最有力の狼候補にする。
3,talk,6,0,13,なんてこった—TakumiとShionがいなくなった。役職の申告や夜の情報はある？  @Benjamin  昨夜は誰か占った？ さっき曖昧だったのでMisakiはまだ怪しい;より良い手がかりがなければその人に投票する。さっとした考察  ください。
3,talk,7,0,1,Skip
3,talk,8,0,3,私はBenjaminに投票します。
3,talk,9,1,8,私はMisakiに投票します。
3,talk,10,1,5,両方のvote outdは人間—狼はGeorgeやShizueのような票を割った人たちの中に隠れているに違いない、彼らを狙うべきだ！
3,talk,11,1,4,@George  あなたのMisakiへの非論理的な投票は戦術的な陽動だ。 あなたは現時点の最有力容疑者だ。
3,talk,12,1,2,Midoriさん。よろしければ。Georgeの投票は私たちを分断します。僭越ながら。危険です。おそらく彼のような人たちに焦点を当てるべきかと。ご意見は？
3,talk,13,1,9,@George  お前の投票は証拠と決して一致しない毎回俺たちの票を割る—なぜ主要な容疑者を避け続けるんだ？
3,talk,14,1,12,  @George  あなたの票割れは狼を利するだけだ。はっきり教えて—誰を信頼していて、今日は誰を吊りたい？
3,talk,15,1,13,なんてこった—Takumi と Shion がいなくなった。  @Benjamin  昨夜誰かを占った？ もしそうでないなら  残っている役職（医者/占い師）は誰か名乗り出てくれる？ 気づいてるんだけど、Servas はかなり静か—他に誰か a を持ってる
3,talk,16,1,1,Skip
3,talk,17,1,3,私はBenjaminに投票します。
3,talk,18,2,8,私はMisakiに投票します。
3,talk,19,2,5,両方のvote outdは人間だったので、狼は疑いをかわした。  @George  あなたの投票はいつも村を割る。あなたに注目している。
3,talk,20,2,4,私たちの論理の軌道を修正しよう。Georgeに投票しよう。彼の執拗な票割れは破壊工作だ。
3,talk,21,2,2,Mr. Georgeの選択は私たちの目標と一致していない。それは奇妙に思える。そして、Ms. ShizueがMr. Benjaminを支持していることもまた不可解だ。
3,talk,22,2,9,@George  論理抜きの票割れは狼を安全にしてしまう。あなたの狼候補は誰で、今回はその根拠は何？
3,talk,23,2,12,@George  あなたの投票は私たちを分断し続けています。筋の通った論理がなければ、あなたは隠れようとしている狼のように見えます。あなたの選択を説明できますか？
3,talk,24,2,13,ああ—TakumiとShionがいなくなった。  @Servas   あなたは占い師？ そうなら何か占い結果を共有して。 さっきのMisakiの曖昧さがまだ不安だ; 他に簡単な見立てや役職COはある？ Over
3,talk,25,2,1,Skip
3,talk,26,2,3,私はBenjaminに投票します。
3,talk,27,3,8,私はMisakiに投票します。
3,talk,28,3,5,私はGeorgeに投票する。根拠のない投票を繰り返すことは狼を利するだけだ。これは村として団結する最後のチャンスだ。
3,talk,29,3,4,@Shizue  Benjaminに対するあなたの投票はGeorgeの投票と同じくらい非論理的だ。 これは連携した妨害だ。
3,talk,30,3,2,Rinの素早い非難は疑わしい。もしかして彼らは私たちを誘導している？もし間違いなら。大惨事。Rinは私たちをミスリードしている？考え直そう。@George Rinだ。彼らが真の占いを避けていると感じる。それは気にならないの？彼らは見かけどおりに信頼できるのか？私たちは考え直すべきだ。
3,talk,31,3,9,私は  @George に投票している .
3,talk,32,3,12,私の票は  @George に入る 。彼の投票はただ混乱を招くだけだ。村人たちは今こそ結束しなければならない—票割れは狼の勝利を助けるだけだ。
3,talk,33,3,13,@Servas  あなたが占い師なら占い結果を共有して。すぐに明確な情報がなければ、さっき曖昧だったことでMisakiに投票しそう。他に読みはある？ Over
3,talk,34,3,1,自明のことを述べる危険を承知で言えば、Ms. Asukaの早計な非難は私たちを迷わせかねない。誤情報を信じるのは危険な道だ。
3,talk,35,3,3,私はBenjaminに投票する。
3,vote,1,5
3,vote,2,5
3,vote,3,9
3,vote,4,8
3,vote,5,8
3,vote,8,2
3,vote,9,8
3,vote,12,8
3,vote,13,9
3,execute,8,VILLAGER
3,whisper,0,0,2,Takumiさん。Rinはあなたが私たちの味方ではないと疑っています。もしよければ、賢く投票して戦略を別のところに集中すべきかもしれません。@Shunichi Jonathanさんは味方のように感じます。攻撃には注意したほうがいいかもしれません。もしよければ、彼は私たちを助けてくれるかもしれません、そう思いませんか？
3,whisper,1,0,3,私はMidoriを攻撃する。
3,whisper,2,0,1,当たり前のことを言うようですが、JonathanのAsukaが人狼だという主張は、巧妙な策略にすぎないかもしれません。僭越ながら、おそらく私たちは中傷するべきでは
3,whisper,3,1,2,もしよければ。Takumiさんは占い師かもしれない。彼はMidoriさんを人間だと主張している。おそらく標的。狩人の護衛に注意。@Shunichi TakumiはMidoriさんの占い結果を人間と述べた。もしよければ潜在的な脅威を考えよう。慎重が肝心。
3,whisper,4,1,3,Over
3,whisper,5,1,1,当たり前のことを言うリスクはあるが。Takumiは私たちの占い師かもしれない。彼はAsukaとMidoriの両方を人間と占った。慎重に行動してくれ。@Misaki TakumiとRinは潜在的な脅威となりうる。当たり前のことを言うリスクはあるが彼らは占い師である可能性がある。とはいえボディーガードによる護衛は不可欠だ。
3,whisper,6,2,2,差し支えなければ。Rinさんは重要そうだ。おそらく仲介役か護衛かもしれない。警戒しつつ様子を見よう。@Shunichi 差し支えなければ。こちらの焦点を少し調整する必要があるかもしれない。MidoriとRinは重要そうだ。彼女たちは護衛的な役割を担っているのだろうか？賢明に見極めよう。
3,whisper,7,2,1,当たり前のことを言うようだが。Takumiは私たちの占い師かもしれない。彼はAsukaとMidoriの両方を人間と占った。くれぐれも慎重に。@Misaki TakumiとRinは潜在的な脅威になり得る。当たり前のことを言うようだが彼らは占い師かもしれない。それでもボディーガードによる保護は不可欠だ。
3,whisper,8,3,2,もしよければ、Midoriを狙うのが賢明そうだ。彼女は守られているか、あるいは特別な役職を持っているのかもしれない。この機会を活かそう。@Shunichi もしよければ、村人のフリを続けよう。適切なタイミングを掴むべきかもしれない。こうすれば、こちらへのプレッシャーを避けられる。
3,whisper,9,3,1,明白なことを言うリスクはあるが。Takumiは我々の占い師かもしれない。彼はAsukaとMidoriをどちらも人間と占った。慎重に行動してくれ。@Misaki TakumiとRinは潜在的な脅威になりうる。明白なことを言うリスクはあるが彼らは占い師かもしれない。それでもボディーガードの保護は不可欠だ。
3,guard,4,5,MEDIUM
3,attackVote,1,9
3,attackVote,2,9
3,attackVote,3,13
3,attack,9,true
4,status,1,WEREWOLF,ALIVE,kanolab-nw-C2,Shunichi
4,status,2,WEREWOLF,ALIVE,kanolab-nw-B1,Misaki
4,status,3,WEREWOLF,ALIVE,mille-A1,Shizue
4,status,4,BODYGUARD,ALIVE,CanisLupus-A1,Asuka
4,status,5,MEDIUM,ALIVE,sunamelli-c1,Rin
4,status,6,POSSESSED,DEAD,CanisLupus-B1,Jonathan
4,status,7,SEER,DEAD,kanolab-nw-A1,Takumi
4,status,8,VILLAGER,DEAD,mille-B1,George
4,status,9,VILLAGER,DEAD,sunamelli-b1,Benjamin
4,status,10,VILLAGER,DEAD,Character-Lab-A1,Shion
4,status,11,VILLAGER,DEAD,CamelliaDragons1,Victoria
4,status,12,VILLAGER,ALIVE,sunamelli-a1,Servas
4,status,13,VILLAGER,ALIVE,Character-Lab-B1,Midori
4,talk,0,0,3,Rinに投票します。
4,talk,1,0,1,Skip
4,talk,2,0,2,もしよければ、静かな人たちに目を光らせておくべきだ。Mr. Servasは静かそうだ。沈黙は狼を隠しているかもしれないと思わない？
4,talk,3,0,4,Benjaminの襲撃による排除は彼の価値を裏付ける。彼が誰を怪しいと見ていたのかを再評価せよ。
4,talk,4,0,12,@Shizue  あなたはいつもメインターゲットを避ける。それを狼ムーブと見なして、今あなたを最も疑うべきじゃない？
4,talk,5,0,13,なんてこった — GeorgeとBenjaminがいなくなった。夜の情報はある？  @Servas  誰か占った？ 黙っているのでShunichiが怪しい; Shizueは衝突が少なそうで村っぽい。どう思う？ Over
4,talk,6,0,5,これまでにvote outdされた人は全員人間だった。 狼はすり抜けた。  @Shizue の投票が一番悪く見える—Shizueに投票する。
4,talk,7,1,3,Misakiに投票します。
4,talk,8,1,1,Skip
4,talk,9,1,2,@Servas 。差し支えなければ。Ms. Shizueの投票が気になる。確かに気になる。それは戦略なのか、それともメインの投票を避けているだけ？
4,talk,10,1,4,Rin が私たちの論理的公理である以上、彼女に反対する Shizue は削除すべきシステムエラーである。
4,talk,11,1,12,@Misaki  他の全員には問いただすくせに自分はスタンスを示さない。今日は「好奇心」なんて言っていられるほど余裕はない—*本当は*誰を疑ってる?
4,talk,12,1,13,夜の情報ある？  @Servas  占い結果があるなら共有してください。まだMisakiには警戒しています — 曖昧で具体的な点を避けてきました。占い師からの明確な情報がなければ  vに行くつも
4,talk,13,1,5,霊媒師が、これまでの吊りはすべて人間だったと確認した。Shizueの票割れは狼を利する。団結して今すぐShizueに投票して吊ろう！
4,talk,14,2,3,私はRinに投票します。
4,talk,15,2,1,Skip
4,talk,16,2,2,Servas氏は今すぐ行動を起こすことを提案している。私はShizue氏の一貫して逸脱した投票を懸念している。それは我々の集中を妨げている。これを解決しよう。
4,talk,17,2,4,誤りの余地は今やゼロだ。食い違う理論は我々全体の失敗を招くことになる。
4,talk,18,2,12,@Shizue  あなたの度重なる票割れは全てを危険にさらしている。今日は、明確な狼候補を一人とその理由を示さない限り、あなたに投票する。
4,talk,19,2,13,夜の情報は何かある？  @Servas  今すぐ占い結果を共有して — 具体的な手掛かりが必要だ。曖昧ではぐらかしているから、まだMisakiに投票する方向に傾いている。誰かdiffに投票する予定の人いる
4,talk,20,2,5,私たちは村人しか吊ってない—今すぐ  @Shizue のサボタージュを止めないと今夜は狼が勝つ。
4,talk,21,3,3,私はRinに投票します。
4,talk,22,3,1,当たり前のことを言うリスクはあるが。Rinの中間に焦点を当てたがる癖が、私たちを脱線させる。ほかに、あの人の定番の狼めいたミスディレクションに気づいた人いる？
4,talk,23,3,2,もしよければ、Mr. または Ms.。Rin が本当に無実なら、どうして彼女が占いの対象にならなかったの？彼女の投票は一貫して狼を助けている。騙されるな！@Rin Mr. または Ms. の狼。なぜ主要な標的を避けるのだろう。あなたの投票は票を割る。狼の利益になる。意図的なのか、ただの偶然か？
4,talk,24,3,4,Over
4,talk,25,3,12,今日はShizueに投票する—彼女の度重なる票割れは狼を助けるだけだ。村は団結しないと今夜負ける。
4,talk,26,3,13,夜の情報ある？  @Servas  今すぐあなたの占い結果を共有して — 確かな手がかりが必要だ。黙っているのでShunichiに投票しようと思ってる; Shizueは村っぽく感じる。占い師情報がなければ私は
4,talk,27,3,5,私たちは票を合わせなければならない。毎日  @Shizue  が票を割って狼を救ってきた—私は彼女に入れる。票割れで負けるな！
4,vote,1,5
4,vote,2,5
4,vote,3,5
4,vote,4,3
4,vote,5,3
4,vote,12,3
4,execute,5,MEDIUM
5,status,1,WEREWOLF,ALIVE,kanolab-nw-C2,Shunichi
5,status,2,WEREWOLF,ALIVE,kanolab-nw-B1,Misaki
5,status,3,WEREWOLF,ALIVE,mille-A1,Shizue
5,status,4,BODYGUARD,ALIVE,CanisLupus-A1,Asuka
5,status,5,MEDIUM,DEAD,sunamelli-c1,Rin
5,status,6,POSSESSED,DEAD,CanisLupus-B1,Jonathan
5,status,7,SEER,DEAD,kanolab-nw-A1,Takumi
5,status,8,VILLAGER,DEAD,mille-B1,George
5,status,9,VILLAGER,DEAD,sunamelli-b1,Benjamin
5,status,10,VILLAGER,DEAD,Character-Lab-A1,Shion
5,status,11,VILLAGER,DEAD,CamelliaDragons1,Victoria
5,status,12,VILLAGER,ALIVE,sunamelli-a1,Servas
5,status,13,VILLAGER,ALIVE,Character-Lab-B1,Midori
5,result,3,3,WEREWOLF
