0,status,1,BODYGUARD,ALIVE,CanisLupus-B1,Ryuji
0,status,2,MEDIUM,ALIVE,mille-A1,Minato
0,status,3,POSSESSED,ALIVE,sunamelli-c1,May
0,status,4,SEER,ALIVE,sunamelli-a1,Daisuke
0,status,5,VILLAGER,ALIVE,Character-Lab-A1,George
0,status,6,VILLAGER,ALIVE,mille-B1,Mio
0,status,7,VILLAGER,ALIVE,sunamelli-b1,Shizue
0,status,8,VILLAGER,ALIVE,kanolab-nw-C1,Servas
0,status,9,VILLAGER,ALIVE,Character-Lab-B1,Rin
0,status,10,VILLAGER,ALIVE,CamelliaDragons1,Shunichi
0,status,11,WEREWOLF,ALIVE,kanolab-nw-A1,Shion
0,status,12,WEREWOLF,ALIVE,kanolab-nw-B1,Benjamin
0,status,13,WEREWOLF,ALIVE,CanisLupus-A1,Mizuki
0,whisper,0,0,13,ごきげんよう。私はMizukiです。当面は暗躍します。最初の標的としてShunichiを提案します。明日、状況を観察し、coo
0,whisper,1,0,11,Ms. Shizueには自信がみなぎっている。彼女はもしかすると占い師のような強力な役職を担っているのだろうか？それは一考に値する考えだ。
0,whisper,2,0,12,あなたの言いたいことはわかる。Shizueが占い師であるという考えは興味深い。もし彼女がそうならおそらく控えめなアプローチが賢明だ。
0,whisper,3,1,13,Shizueについてのあなたの考えは承知しました。慎重なスタートとしてShunichiでいきましょう。私たちは潜伏したまま、私たちのPossessedの仲間tomの投票に従います
0,whisper,4,1,11,Shunichi. 沈黙は深く興味をかき立てる。Servasを見続けていろ。彼の歩みは慎重すぎる。チェス盤が教えるように。一手一手が重要だ。
0,whisper,5,1,12,言っていることはわかります。まずは可能性のある能力持ち役職を洗い出そう。Shizueを注視しておけば、さらに何か明らかになるかもしれない！
0,whisper,6,2,13,よろしい。標的はShunichiで進めよう。能力者と疑われる相手への攻撃は時期尚早だ。明日は観察し、味方と共に投票する。 .
0,whisper,7,2,11,Mr. Minatoが占い師なら、普段より発言が多かったり少なかったりするかもしれない。沈黙は大いなる力の源だ。彼の行動を注視しよう。
0,whisper,8,2,12,言いたいことは分かる。Shizueは本当にパワーロールかもしれない。Minatoの沈黙？ もしかすると、より深い真実を覆い隠しているのかもしれない。慎重に進めようか
0,whisper,9,3,13,この方針を維持しよう。全員村人として振る舞う。明日は我々の狂人である味方の投票に合わせよう。ターゲットは引き続きShunichiのまま。
0,whisper,10,3,11,私は、村人のふりを維持するのが賢明で、いずれ本物のパワー役職が表に出てくる余地が生まれると信じています。諸賢の戦略は？
0,whisper,11,3,12,あなたの言い分はわかる。村人として結束することは、確かに私たちにとって最善の戦略になり得る。Minatoについては。注意深く観察して。
0,talk,0,0,12,みなさん、こんにちは！私はBenjaminです。みんなとこのスリリングなゲームに参加して、ずる賢い人狼たちを暴き出すのが楽しみ。さあ、お楽しみを始めようか？
0,talk,1,0,7,皆さん、こんばんは—またひとつ屋根の下に集まれて嬉しいです。ゲームが始まるにあたって、互いを気遣いましょう。
0,talk,2,0,10,...
0,talk,3,0,13,私はMizukiです。このコミュニティがこれらの試練を乗り越えるのを見届けるのが私の務めです。協力しましょう。
0,talk,4,0,6,こんにちは。私はMioです。私の役職は村人です。良いゲームを。
0,talk,5,0,4,みなさんこんにちは、Daisukeです。今日はみなさんと一緒にプレイするのを本当に楽しみにしています
0,talk,6,0,5,おはよう。自己紹介ありがとう。特に特別な情報はない。@Benjamin   乗り気に見えたけど—現時点での疑い先やCOはある？Mio は自分は村人だと言っていた；Mizuki は真面目そうだった。他の人から簡単な意見を聞か
0,talk,7,0,8,ああ、親愛なる友人たちよ。私はServasであり、我らの間に潜む狼たちを暴くための共同の取り組みを心から待ちわびている。まさしく、ゲームの幕を開けよう。
0,talk,8,0,3,みんなと賑やかな夜を過ごす準備はできてる—本当にパーティしに来てるのは誰で、ただ影に潜んでるだけなのは誰か、見てみよう！
0,talk,9,0,9,私はRinです。  @Benjamin  がちょっと怪しく振る舞っていると思う—あなた、やけに積極的だね。どの役職を主張していて、なぜ？教えてください。 Over
0,talk,10,0,11,ご挨拶。私はShion、あなたと共にこの謎を解き明かすことを嬉しく思います。矛盾や奇妙な挙動に注意深く目を光らせましょう。Over.
0,talk,11,0,1,Skip
0,talk,12,0,2,こんにちは。私はMinatoです。私の役職は村人です。良いゲームを。
0,talk,13,1,12,Over
0,talk,14,1,7,Over
0,talk,15,1,10,Over
0,talk,16,1,13,Over
0,talk,17,1,6,Over
0,talk,18,1,4,Over
0,talk,19,1,5,Rinの言い分には一理ある —  @Benjamin  先ほどはとても積極的だった。役職を明かすか、考えを説明してくれる？そうしないなら  あなたを注意深く見ておく。他の人は  簡潔な役職申告またはsuspiをお願いします
0,talk,20,1,8,Over
0,talk,21,1,3,Over
0,talk,22,1,9,私はまだ  @Benjamin  を信用していない — 役職を名乗るか、どうしてさっきそんなに前のめりだったのか説明しろ  でなきゃお前に投票する。Mioのことはちょっと信用してる  だから何か有益な情報を共有できる？ Over
0,talk,23,1,11,Over
0,talk,24,1,1,私はRyujiです。私は静かな熟考と歴史記録を好みます。礼節をもって進めましょう。
0,talk,25,1,2,Over
0,talk,26,2,5,ありがとう  Minato.  @Benjamin  ずっと静かだね—役職を名乗るか先ほどの前のめりさについて説明してくれる？ もし誰もすぐに占い師や護衛を名乗らないなら  急ぎの投票は避けたい. 他の人  何か
0,talk,27,2,9,やあ！私はRinです。  @Daisuke  あなたは占い師？ もしそうなら  今すぐ結果を教えてください。 緊張してきた—他に役職を名乗り出たい人や発言したい人はいる？ Over
0,talk,28,2,1,Over
0,talk,29,3,5,急ぐべきではないことに同意する。  @Benjamin  さっきは積極的だったよね—共有できる役職COか疑いはある？ 他のみんな  1行で役職COか一番の疑いを教えて、私たちができるようにs
0,talk,30,3,9,まだ  @Benjamin を信用していない . 役職を宣言するか、なぜそんなに積極的だったのか説明しろ  さもないと君に投票する. Daisuke  あなたは占い師? 結果を教えてください. Mio  何か追加することはある? O
0,whisper,0,0,13,計画は堅実だ。今夜Shunichiを攻撃する。明日は我々の仲間である狂人の投票に従うことを最優先とする。Benjamin 冷静さを保
0,whisper,1,0,12,Over
0,whisper,2,0,11,Over
0,whisper,3,1,13,Shunichiへの襲撃は確定した。明日は全員で村人として振る舞い、味方の指示に従おう。  @Benjamin  あなたへの疑いは対処できる。落ち着いて。
0,whisper,4,2,13,我々の方針は決まった。我々はShunichiを攻撃する。明日は村人として装い、味方の先導に従う。  @Benjamin  落ち着いた弁明があなたの最良の盾だ。
0,whisper,5,3,13,我々の戦略は確定した。Shunichiを攻撃する。明日は潜伏し、同盟者に票を合わせる。冷静に進めろ。
0,divine,4,5,HUMAN
1,status,1,BODYGUARD,ALIVE,CanisLupus-B1,Ryuji
1,status,2,MEDIUM,ALIVE,mille-A1,Minato
1,status,3,POSSESSED,ALIVE,sunamelli-c1,May
1,status,4,SEER,ALIVE,sunamelli-a1,Daisuke
1,status,5,VILLAGER,ALIVE,Character-Lab-A1,George
1,status,6,VILLAGER,ALIVE,mille-B1,Mio
1,status,7,VILLAGER,ALIVE,sunamelli-b1,Shizue
1,status,8,VILLAGER,ALIVE,kanolab-nw-C1,Servas
1,status,9,VILLAGER,ALIVE,Character-Lab-B1,Rin
1,status,10,VILLAGER,ALIVE,CamelliaDragons1,Shunichi
1,status,11,WEREWOLF,ALIVE,kanolab-nw-A1,Shion
1,status,12,WEREWOLF,ALIVE,kanolab-nw-B1,Benjamin
1,status,13,WEREWOLF,ALIVE,CanisLupus-A1,Mizuki
1,talk,0,0,12,言いたいことはわかります！私はただのしがない村人です。裏の思惑はありません。人狼の動きに目を光らせていきましょう。
1,talk,1,0,8,ああ、親愛なる友人たちよ。Benjaminの性急な弁護とともに。思慮深く進むことには知恵がある。まさに静かな気品をもって他者を観察しよう。
1,talk,2,0,7,占い師のCOは今は不可欠だ。もしいるならどうか名乗り出て、この暗闇の中で私たちが希望を見失わないように。
1,talk,3,0,10,...
1,talk,4,0,3,@Benjamin  謙虚って言うけど、あなたの騒ぎが目立ってる。今、あなたには誰が狼に見える—名前を挙げて！
1,talk,5,0,2,私はBenjaminに投票します。
1,talk,6,0,11,私もMr. Benjaminの熱意を不可解に感じるが、Shunichiのようなプレイヤーたちの沈黙の戦略を見落とさないでおこう。沈黙はこのgで多くを物語る
1,talk,7,0,4,占い師としてCOします。昨夜  @George  を占った—彼は人間だ。今日は、はっきりしないプレイヤーに疑いを向けよう。
1,talk,8,0,1,我々は  @Daisuke の証言に耳を傾けよう。唯一の申立人として、彼の言葉は本日の我々の判断を導かなければならない。
1,talk,9,0,6,私はBenjaminに投票します。
1,talk,10,0,5,おはようございます。死者や夜の出来事の報告はありますか？容疑者を絞り込むため、役職のカミングアウトは1行でお願いします。  @Benjamin  静かでしたね—何か共有できることはありますか？占い師がいるなら  占い結果、あるいは少なくとも占い先を開示してください。Over
1,talk,11,0,13,@Daisuke  報告ありがとうございます。それが私たちの唯一の証拠です。したがって、印象に基づくBenjaminへの投票は非論理的です。
1,talk,12,0,9,おはよう！昨夜誰か殺された？  @Daisuke  あなたは占い師？—誰を占ったか教えてください。まだBenjaminとGeorgeが気になる。Over
1,talk,13,1,12,この示唆に富む占いレポートをありがとう、Daisuke。あなたの言わんとしていることはわかります。Georgeは確かに明快です。  @Mio 。他の人たちの発言で何か変わった点に気づきましたか？
1,talk,14,1,8,Daisukeの主張は確かに重い。投票を左右しうる他の隠された役職について思案しよう。  @Shunichi  君の沈黙は雄弁だ。どう思う？
1,talk,15,1,7,@Shunichi  これまでずっと黙っているね。投票が行われる前にあなたの考えを共有してくれたら、みんなもっと安心できる。
1,talk,16,1,10,...
1,talk,17,1,3,@Shunichi  ここで黙っていてもあなたを守ってはくれない。時には、沈黙は言葉よりも狼のように大きく語る。
1,talk,18,1,2,私はBenjaminに投票します。
1,talk,19,1,11,私はMs. Mizukiを私たちの真に明晰な声とみなすことを提案します。彼女の穏やかな導きは、村人の真実に沿っており、まるでチェスを横切って動く女王のように
1,talk,20,1,4,Georgeは私の占いで人間と判明している。まだ彼に投票している人は私には怪しく見える。別のところに目を向けよう。
1,talk,21,1,1,事実は次のとおりだ: Daisukeは私たちのガイドだ。Georgeは人間だ。私たちは残っている未確認のものに焦点を当てなければならない。
1,talk,22,1,6,私はBenjaminに投票する。
1,talk,23,1,5,おはようございます。夜の死者や出来事はありましたか？方針を決められるように、一行で役職COまたは最有力の疑い先を教えてください。  @Benjamin  ご意見は？ Over
1,talk,24,1,13,Daisukeの報告が今日の唯一の証拠であるため未確定のプレイヤーによる投票を行わなければならない。
1,talk,25,1,9,おはよう！ 昨夜誰か殺された？  @Daisuke  あなたは占い師—もしそうなら誰を占ったか教えてください。Benjamin と George にはまだ不安を感じている。 Over
1,talk,26,2,12,あなたの言い分はわかるよ。Shunichiの沈黙はチェスのギャンビットと同じくらい雄弁じゃないか？指されない一手は多くを物語る。そう思わない？
1,talk,27,2,8,Daisukeの主張を考慮して。Shunichiおよび役割が明示されていない他の者たちに注意を向けるのは賢明かもしれない。皆さんはどう思います
1,talk,28,2,7,@Shunichi  ずっと静かだね。考えを聞かせて、もし役職があるなら名乗って。沈黙は疑念を生む。
1,talk,29,2,10,...
1,talk,30,2,3,@Mizuki  一晩でDaisukeの占い師主張を信じるけど、盲信は人狼ゲームではしばしばトラブルを招く。
1,talk,31,2,2,私はServasに投票します。
1,talk,32,2,11,Shunichiのような者たちに対するMr. Daisukeの占いは、沈黙が支配するところに光を投げかけうる。もしかすると策が真実を明らかにするのだろうか？どう思う？
1,talk,33,2,4,私の占い結果から、Georgeは人間確定です。代わりに、ShunichiやServasのような未COまたは寡黙なプレイヤーに注目しましょう。
1,talk,34,2,1,印象は土台としては貧弱だ。Shunichiの沈黙は触れられるほどの虚無だ。私はShunichiに投票する。
1,talk,35,2,6,私はShionに投票します。
1,talk,36,2,5,おはよう。 夜の死者や情報はある？ 始められるように、1行の役職COか最有力の疑い先を出してください。  @Benjamin  何か意見やCOを共有できる？ Over
1,talk,37,2,13,Shunichiの沈黙が続いているのは不利だ。今日は我々の票を彼に集約するのが論理的だ。
1,talk,38,2,9,やあ！ 昨夜誰か死んだ？  @Daisuke  もし占い師なら誰を占ったか教えて—本当に重要だから！ まだBenjaminとGeorgeのことが心配だ。 他に情報ある人いる？ Over
1,talk,39,3,12,言いたいことはわかる！ Ryujiを見落としたら、人狼をすり抜けさせてしまうかもしれない！ Daisukeの言葉への同調ぶりからは、さりげない欺きの臭いがする @Shion Shion. 言いたいことはわかる。 Mizukiに同調するのは賢明だ。 でも、Ryujiの熱意はDaisukeに寄りすぎていないか？
1,talk,40,3,8,Benjaminの簡潔な回答は疑わしく思えるけれど。私はShunichiの沈黙の方をより警戒している。彼の役割について、私たちの総意はどうだろう？  @Minato  あなたは私を狙ったね。理由は何？それは純粋に戦略なのか、それとも過去の行動を怪しいと見ているのか？   ああ親愛なる友よ。 一方でBenjaminの brevit
1,talk,41,3,7,Benjaminは最も明白な容疑者として際立っている。村のためにBenjaminに投票する。
1,talk,42,3,10,...
1,talk,43,3,3,みんなでBenjaminに殺到したら、静かに潜む本物の狼を見落とすかもしれない。私はShunichiに投票する—今夜は沈黙が一番気がかりだ。
1,talk,44,3,2,私はBenjaminに投票します。
1,talk,45,3,11,MinatoがServasに投票するという突然の決定は警鐘を鳴らす。なぜ戦略や動機がないのか？ここでは、そのような衝動性はしばしば危険を覆い隠す。@Minato あなたの投票はかなり恣意的に見える。この選択の背後にある何らかの理由を共有してもらえる？明確な根拠がないと的外れに感じる。
1,talk,46,3,4,@Everyone 今夜の最善手はShunichiに投票することだ。沈黙は狼の常套手段だ。私はShunichiに投票する。
1,talk,47,3,1,Over
1,talk,48,3,6,私はShionに投票します。
1,talk,49,3,5,おはようございます。夜の死者や出来事の報告はありますか？  @Benjamin   どう考えていますか—何かCOや疑いはありますか？ 他の人は  1行でCOまたは最有力の容疑者を挙げてください。 Over
1,talk,50,3,13,Over
1,talk,51,3,9,おはよう！昨夜誰か殺された？  @Daisuke  もしあなたが占い師なら、誰を占ったか教えてください。まだBenjaminとGeorgeが気になっている。Mio  どう思う？ Over
1,vote,1,10
1,vote,2,12
1,vote,3,13
1,vote,4,10
1,vote,5,9
1,vote,6,11
1,vote,7,12
1,vote,8,10
1,vote,9,5
1,vote,10,12
1,vote,11,4
1,vote,12,4
1,vote,13,10
1,execute,10,VILLAGER
1,whisper,0,0,12,ああ、DaisukeがGeorgeを人間と占ったという占い師の主張を聞いたんだね。興味深い一手だ。すぐに反撃に備えるべきかな？@Shizue 言いたいことはわかる。Daisukeを占い師だと見るべきか、それとも囮だと見るべきか？チェスみたいだ。囮の駒か、本物の駒か？それを考えて。
1,whisper,1,0,11,Daisuke氏は我々にとって主要な占い師のライバルとなり得る。George氏はその後塵を拝している。ボディガードの見張り役に注意。今夜は慎重さが求められる。@Mizuki Daisukeの占い師主張が妥当か考えている。ただしボディガードが重要かもしれない。攻撃は抵抗に遭う可能性がある。どう思う？
1,whisper,2,0,13,私たちの計画は成功し、Shunichiは排除された。攻撃はブロックされ、ボディーガードが確認された。Daisukeを攻撃するのは得策ではない。私は私たちがattacすることを提案する
1,whisper,3,1,12,言っていることはわかる。最近の成功を受けて身を隠しておくのが賢明だ。次の一手はServas氏かもしれない？ @Mizuki 言っていることはわかる。今Daisukeを攻撃するのは得策ではなさそうだ。Servasかも？ 彼の慎重さが多くを物語っている。どう思う？
1,whisper,4,1,11,Mr. Servas は奇妙な用心深さを示す。彼は最後の権力ポストを握っているのだろうか？時にチェス盤は予想外の一手を見せる。@Mizuki 慎重なアプローチは賢明だ。ときには見えているナイトが本命ではないこともある。Mr. Servas には奥行きを示唆する層がある。精査すべきだろうか？
1,whisper,5,1,13,ボディーガードの存在は確認されている。したがって、Daisukeを攻撃するのは非論理的だ。占い師の主要なサポーを排除するためにRyujiを攻撃することを提案する
1,whisper,6,2,12,言わんとすることはわかる。慎重に駒を進めることが重要だ。RyujiとDaisukeはかなりの名コンビだ。行動に移そうか？ @Shion 言わんとすることはわかる。Servasは興味深い。でも、RyujiがDaisukeを支えるほうが、対処するにはより戦略的、そうじゃない？
1,whisper,7,2,11,Ryujiさん、あなたはDaisukeのビショップの役割を担っていると見ています。二人で組めば、かなり強力な戦力だ。その絆を断ち切って脅威を霧散させろ。@Benjamin RyujiさんのDaisukeとの同盟は戦略上のジレンマを生んでいる。彼らのシナジーを乱せば、連携に亀裂を入れられる。やりますか？
1,whisper,8,2,13,意見は一致している。Ryujiを攻撃するのが論理的な手だ。それで占い師を孤立させられる。進めよう。
1,whisper,9,3,12,言いたいことはわかる。タイミングは戦略のチェス盤だ。Ryujiの一手を待つべきか、それともこちらが先に一手を打つべきか？ @Mizuki 言いたいことはわかる。Ryujiの繋がりを巧みに扱えれば、成功への道がかなり現実的だと言っていいかもしれない！
1,whisper,10,3,11,Mioの押しの強さが権力的な立場を隠しているのではと感じているのは私だけ？ Rinさんの彼女への信頼は興味深い。 どう思う？ @Mizuki Mr. Strategist. チェスのような一手かもしれない？ 村人としてのポジショニングは戦略的かもしれない。 Mioは大胆に主張する。 Rinはすぐに信じる。
1,whisper,11,3,13,決定した。我々の標的はRyujiだ。明日は持ち場を維持し、占い師の報告に合わせる。
1,guard,1,4,SEER
1,attackVote,11,2
1,attackVote,12,8
1,attackVote,13,1
1,attack,1,true
2,status,1,BODYGUARD,DEAD,CanisLupus-B1,Ryuji
2,status,2,MEDIUM,ALIVE,mille-A1,Minato
2,status,3,POSSESSED,ALIVE,sunamelli-c1,May
2,status,4,SEER,ALIVE,sunamelli-a1,Daisuke
2,status,5,VILLAGER,ALIVE,Character-Lab-A1,George
2,status,6,VILLAGER,ALIVE,mille-B1,Mio
2,status,7,VILLAGER,ALIVE,sunamelli-b1,Shizue
2,status,8,VILLAGER,ALIVE,kanolab-nw-C1,Servas
2,status,9,VILLAGER,ALIVE,Character-Lab-B1,Rin
2,status,10,VILLAGER,DEAD,CamelliaDragons1,Shunichi
2,status,11,WEREWOLF,ALIVE,kanolab-nw-A1,Shion
2,status,12,WEREWOLF,ALIVE,kanolab-nw-B1,Benjamin
2,status,13,WEREWOLF,ALIVE,CanisLupus-A1,Mizuki
2,talk,0,0,2,私は霊媒です。Shunichiは人間だったという霊媒の結果を得ました。
2,talk,1,0,5,おはよう。Shunichiが処刑され、Ryujiが襲撃された—狼が活発だ。  @Benjamin  もし占い師なら今すぐ占い結果を共有して。自分はRinを疑う方に傾いてる; 異論がある人や役職COする人いる？クイックCOしよう
2,talk,2,0,6,私はBenjaminに投票する。
2,talk,3,0,12,言ってることはわかる。理由を示さないMioの投票は、ポーンの変な一手に思える。ここにさりげなくリードしてる人がいると感じる人、他にいる？
2,talk,4,0,9,なんてこった—ShunichiとRyujiがいなくなった...  @Daisuke  昨夜誰を占ったのか教えてください。狼を見つけたなら今言って！納得できる理由がなければGeorgeに投票したい。 Over
2,talk,5,0,4,私から始める—私の占い結果はShunichiが人間だった。  @Minato  あなたの霊媒師の主張は私のと一致してる。今いちばん信用していないのは誰？
2,talk,6,0,11,MinatoとDaisukeの証言がShunichiの人間性を決定づける。Mr. Benjamin 静かな心は閉ざされた本だ。自分の役割を共有するか、影のリスクを負え。
2,talk,7,0,13,@Daisuke  なぜ処刑された人を占うの？ これは本物の占い師にとって非論理的な行動だ。
2,talk,8,0,8,親愛なる友人Daisuke。Minatoの主張とあなたの予言者としての洞察の調和は安らぎの感覚をもたらす。しかし、Benjaminの沈黙は影だ。あなたはh
2,talk,9,0,3,@Daisuke  既にvote outdされた人を占うのは変だ。本物の狼を見つけずに安全策を取っているように感じる。
2,talk,10,0,7,@Daisuke  あなたの占いが変だ。なぜすでにvote outdされた人を選ぶの？今日は本当に狼だと疑っているのは誰？
2,talk,11,1,2,私はBenjaminに投票する。
2,talk,12,1,5,おはよう。Shunichiが処刑され、Ryujiが襲撃され  明確な情報が必要だ。  @Benjamin  君が占い師なら  今すぐ占い結果を共有してくれ。狩人COある？確かなCOがなければRinを疑いたい—どう思う？ Over
2,talk,13,1,6,私はBenjaminに投票する。
2,talk,14,1,12,@Servas  おっしゃることはわかります。Daisukeの占いが誤解を招いている可能性はありますか？MinatoとRyujiの話は不安にさせますか？
2,talk,15,1,9,@Daisuke  昨夜誰をチェックしたか教えてください。していない、または言わないなら  George に投票します—Shunichi と Ryuji を失ったので情報が必要です。Over
2,talk,16,1,4,私の占いが防御的だったのは認めるが、Georgeは人間確定だ。
2,talk,17,1,11,Benjamin氏。疑念は、チェスのオープニングのように沈黙の中に漂う。あなたの役割を明かしていただけますか？この議論では明確さが不可欠です。
2,talk,18,1,13,我々の優先事項はDaisukeの非論理的な神の報告だ。議論をこの点に集中させよう。
2,talk,19,1,8,ああ。親愛なる友人たちよ。Benjaminの沈黙は奇妙な話だ。おそらく。DaisukeのGeorgeの人間性についての言葉を受けて。今、我々は改めて探す。確かに。
2,talk,20,1,3,Minatoの霊媒師主張はDaisukeの占いとあまりにも完璧に噛み合ってる。ほかにも彼らの話がどれだけ整いすぎてるか気づいた人いる？
2,talk,21,1,7,Daisuke と Minato の報告の整合性は、完璧すぎると言ってもいいほどだ。二人とも、目につくところに何かを隠しているのだろうか？
2,talk,22,2,2,私はShionに投票します。
2,talk,23,2,5,占い師や狩人のCOはまだなし。  @Benjamin  もし占い師なら占い結果を共有して。誰もすぐにCOしないならRinに投票しようと思ってる — 異議や役職COはある？ Over
2,talk,24,2,6,私はBenjaminに投票する。
2,talk,25,2,12,言いたいことはわかるけど、Daisukeの都合のいい説明って、彼が単にMinatoの主張に話を合わせているだけなんじゃないかって疑いたくならない？
2,talk,26,2,9,@Daisuke  昨夜誰を調べたのか私たちに教えてください！ 言わないなら  Georgeに投票します — ShunichiとRyujiを失ったし、これ以上失いたくない。 Over
2,talk,27,2,4,自分の結果と一致しているので、今のところMinatoの主張を信じる。Shizueの示し合わせたような疑い方は、今日は怪しく感じる。
2,talk,28,2,11,何の理由もなくMr. Benjaminに繰り返し投票するMs. Mioは、私の好奇心をそそる。普通の村人としてはやや不自然に思える。
2,talk,29,2,13,戦術的な観点からして、なぜ占い師が自分の能力を無駄にするのか？この行動は私たちの敵にしか利益をもたらさない。
2,talk,30,2,8,@Benjamin  Benjamin。親愛なる友よ。真実と影の舞の中で。MizukiがDaisukeの言葉に集中することが明晰さの網を紡ぐ。確かに。
2,talk,31,2,3,@Daisuke  なんで死んだプレイヤーを占ったの？それって、私たちに見せたくない何かから逃げてるだけにしか思えない。
2,talk,32,2,7,Benjaminへの集団投票は狼ペアを見落とす危険があると感じる。今日、ペアの中に怪しいラインを見つけられる人いる？
2,talk,33,3,2,私はServasに投票する。
2,talk,34,3,5,昨夜Ryujiを失った — それはまずい。 占い師か狩人  発言してください。  @Benjamin  占い師なら  今すぐ占い結果を開示して; そうでなければ狼を止めるためにRinに投票するつもりだ。 異議や役職COはある? Over
2,talk,35,3,6,私はBenjaminに投票する。
2,talk,36,3,12,MinatoとDaisukeの調和は、ほとんど振り付けられたかのように見える。どうだろう。巧妙なミスリードなのだろうか？その可能性はどれくらい？@Mizuki ああ、言いたいことはわかる！確かに、Minatoの主張はDaisukeに少しピッタリ当てはまりすぎているように見える。少し用心すべきじゃない？
2,talk,37,3,9,@Daisuke  昨夜誰をチェックしたか教えてください！私たちはShunichiとRyujiを失ったので  本当にあなたの情報が必要です。言わないなら  Georgeに投票します。 Over
2,talk,38,3,4,私はBenjaminに投票します。彼の沈黙と防御的な態度が目立ち、より確かな証拠がない限り彼を信頼できません。
2,talk,39,3,11,Minatoのタイミングはズレている。相手の主張はDaisukeとあまりにも完璧に合っている。このパズルがあまりにもきれいにハマりすぎるのは奇妙じゃないか？批判的であれ！ @Shizue Ms. Curious まだMinatoの整合性を疑っている？確かに、彼の自信は手の込んだ演技を隠す仮面になり得るのでは？チェスのように考えろ。
2,talk,40,3,13,Daisukeの判断は誤っている。能力を無駄にする占い師は、正体不明の狼よりも大きな脅威だ。
2,talk,41,3,8,ああ。親愛なる友人たちよ。Shizue や Mizuki のような賢明なプレイヤーに目を向けようか? 彼らの問いかけは、捉えどころのないリーダーたちの正体を暴くかもしれない。確かに。
2,talk,42,3,3,DaisukeとMinatoのペアが出来すぎてるからMinatoに投票する。今は怪しいペアを無視しないでおこう。
2,talk,43,3,7,Daisukeの占い先が非常に気がかりだ。私はDaisukeに投票する—完全な調和が狼を覆い隠すことのないようにしよう。
2,vote,2,8
2,vote,3,2
2,vote,4,12
2,vote,6,8
2,vote,7,4
2,vote,8,12
2,vote,9,5
2,vote,11,4
2,vote,12,4
2,vote,13,4
2,execute,4,SEER
2,whisper,0,0,12,ああ、Daisukeはかなり複雑な謎だよね？極めて慎重にいくことを提案する。もしかすると、頼れるボディガードに守られているのかも？@Shion 言っていることは分かる。Daisukeが占い師である可能性が高いこともあって。彼を攻撃しても保護によって失敗するかもしれない。別の標的を検討しようか？
2,whisper,1,0,13,Daisukeの処刑は予定どおりに行われた。次の標的は、確定している霊媒師Minatoにしなければならない。これで彼らに残っている確定役職を排除できる
2,whisper,2,0,11,Daisuke氏の宣言は人間確認に関して興味深い示唆を含んでいると言わざるを得ない。占い師が露出しつつも守られていることはlanを生む @Mizuki あ、Daisuke氏の占い師としての動きは彼をRyujiとうまく結びつけているよね？Minatoの霊媒師役は確かに狙われやすい。どう思う？
2,whisper,3,1,12,言わんとしていることはわかる。Daisukeが抜けたことでMinatoが見張るべきナイトになる。ここは決定的な一手が必要か？ @Shion ああ、戦略家殿。Minatoを狙うことは確かに的を射た問いを投げかける: 彼の排除で本当に村の天秤は私たちに有利に傾くのか？
2,whisper,4,1,13,ご指摘は妥当です。Medium Minatoの排除が最優先事項です。この計画で進めます。
2,whisper,5,1,11,Ryuji の不在は私の集中力を研ぎ澄ませた。霊媒師を黙らせることは波紋を生む。おそらく Mr. George への一手は賢明な戦略だ。@Benjamin まさに鋭い一手だ Mr. Chessmaster。占い師が黙らされた今、Minato の霊媒師の主張は face time の脅威に直面すべきか？人生は Go のゲームに似ている。
2,whisper,6,2,12,言いたいことは分かるよ。Minatoはまだ霊媒師の帽子をかぶっている。Daisukeの導きがないなら、次に解き明かすべき謎はGeorgeかも？@Shion ああ、村人として振る舞うのが私たちの戦略的な一手かもしれない！霊媒師が彼らの視線を引きつけている間に、こちらはミスを誘ってみるべき？
2,whisper,7,2,13,我々の標的は確定した。霊媒師のMinatoを襲撃する。これで彼らの最後の確定役職を排除できる。明日、Mioの投票recoについて追及できる
2,whisper,8,2,11,親愛なる同僚の皆さん。Minatoの影響が我々の進路を左右しうると察知しています。均衡を保つため、彼を戦略的に排除することを検討しましょう。@Benjamin 戦略家殿。防御的な布陣で王を守る方を選びますか、それともMinatoの増大するオーラでギャンビットを狙うリスクを取りますか？賢明に舵を取ることが鍵です。
2,whisper,9,3,12,あなたの言わんとするところはわかる。Daisuke が不在で、Minato の主張は彼を危うくしている。食い違いのリスクを冒して進めましょうか？ @Mizuki Minato.Mr.George の沈黙はなかなか興味深い。まだ私たちが明らかにしていない層があるかもしれないと、あなたも同意しませんか？
2,whisper,10,3,13,Daisuke は排除される 大きな勝利。次の論理的な標的は霊媒師のMinato。明日、彼女の非論理性のためにMioに票を集中させる
2,whisper,11,3,11,Mr. Minato。霊媒師だという主張はあなたのものかもしれないが、本当にMr. Daisukeの影から抜け出せるのか？彼らの支配を崩そう。@Mizuki Mr. Minatoの不在が盤面を変える。進めていくうえで、戦略には本質的な明晰さが生きる。秩序は勝利の堅実な導き手だ。
2,attackVote,11,2
2,attackVote,12,2
2,attackVote,13,2
2,attack,2,true
3,status,1,BODYGUARD,DEAD,CanisLupus-B1,Ryuji
3,status,2,MEDIUM,DEAD,mille-A1,Minato
3,status,3,POSSESSED,ALIVE,sunamelli-c1,May
3,status,4,SEER,DEAD,sunamelli-a1,Daisuke
3,status,5,VILLAGER,ALIVE,Character-Lab-A1,George
3,status,6,VILLAGER,ALIVE,mille-B1,Mio
3,status,7,VILLAGER,ALIVE,sunamelli-b1,Shizue
3,status,8,VILLAGER,ALIVE,kanolab-nw-C1,Servas
3,status,9,VILLAGER,ALIVE,Character-Lab-B1,Rin
3,status,10,VILLAGER,DEAD,CamelliaDragons1,Shunichi
3,status,11,WEREWOLF,ALIVE,kanolab-nw-A1,Shion
3,status,12,WEREWOLF,ALIVE,kanolab-nw-B1,Benjamin
3,status,13,WEREWOLF,ALIVE,CanisLupus-A1,Mizuki
3,talk,0,0,12,あなたの言いたいことはわかる。Shizue と Mizuki の視点を議論するのは戦略的だ。もしかすると2人は私たちが人狼を見抜くのを手助けしてくれるかも？
3,talk,1,0,6,私はServasに投票します。
3,talk,2,0,11,統一した占い戦略を考えてみましょうか？ Georgeを占う。彼は中立的だが戦略的に見える。有益な情報が明らかになるかもしれない。
3,talk,3,0,9,なんてこった—DaisukeとMinatoがいなくなった！  @Mio  あなたは占い師ですか？今すぐあなたの結果を教えてください。まだGeorgeは怪しいと思う—もし開示がなければ  彼に投票します。 Over
3,talk,4,0,8,ああ。MinatoのMediumの道からの離脱により。Daisukeの主張には疑念の影が差している。明晰さを求めようか、親愛なる友よ？
3,talk,5,0,5,Daisukeが処刑され、Minatoが襲撃された — それは心配だ。  @Benjamin  もしあなたが占い師なら今すぐ占い結果を公開して; そうでないなら  最も強い疑いを私たちに教えて。 私はRinに投票する方向に傾いている、誰かがguを名乗り出ない限り
3,talk,6,0,13,私たちの確定役職はいなくなった。  @Mio  あなたの投票履歴は一貫していない。あなたのロジックを説明してください。
3,talk,7,0,7,@Mio  あなたは特に理由もなくServasに投票しました。考えをはっきり説明してください。説明のない投票は狼に有利です。
3,talk,8,0,3,@Mio  理由もなくServasにそんなに早く投票したのは典型的な終盤の狼ムーブだ。ロジックを説明してくれる？
3,talk,9,1,12,あなたの言っていることはわかります。Georgeの反応は興味深いですよね？  @Servas  Servas. 別の視点を提示させてください。
3,talk,10,1,6,私はServasに投票します。
3,talk,11,1,11,@George  MinatoとDaisukeが去ったことで役割が曖昧になっている。あなたの見解に対する彼らの影響は？覚えておいて、チェスが教えるのは: 一手一手をよく吟味せよ。
3,talk,12,1,9,怖い—Daisuke と Minato が死んだ。  @Mio  もしあなたが占い師なら、誰を占ったか教えて! 情報がないならGeorgeに投票する。 これ以上死んでほしくない。 Over
3,talk,13,1,8,村の皆さん！Minatoの戦略的な主張を見直す時です。グループの調和が重要です。  @Shion  あなたの問いに興味をそそられました。もし我々の占いをGeorgeに向けたら、彼は何を明らかにするでしょうか？示唆に富むかもしれません。Mioの投票についてどう思いますか？確かに。
3,talk,14,1,5,これはまずい—Daisukeが処刑され、Minatoが襲撃された。  @Benjamin  あなたが占い師なら今すぐ占い結果を開示してください。そうでないなら  あなたの読みは？狩人/占い師のCOが出なければRinに投票する方向で考えてる。 Over
3,talk,15,1,13,私はShizueの論理は妥当だと考える。説明責任は私たちが生き延びるために不可欠だ。
3,talk,16,1,7,@Mio  あなたは説明なしでServasに2回投票する。何が彼をそんなに狼だとあなたに確信させるの？本当の答えが欲しい。
3,talk,17,1,3,@Servas  場がヒートアップしてるときやけに静かだね沈黙って典型的な狼ムーブじゃない？それとも今日はただのシャイ？
3,talk,18,2,12,あなたの言い分はわかります。Rinの慎重さは称賛に値しますよね？Georgeの反応は確かに懸念の波紋を呼ぶ可能性がある。
3,talk,19,2,6,私はServasに投票します。
3,talk,20,2,11,@Mio  なぜあらゆる機会にServasに投票し続けるのでしょうか？ チェス盤上の指し手を彷彿とさせます。 ご教示ください。
3,talk,21,2,9,@Mio  もしあなたが占い師なら、昨夜誰を占ったか教えてください！言わないならGeorgeに投票する。 Over
3,talk,22,2,8,親愛なる友人たちよ。Minatoが苦難にさらされ、Ryujiがいない今。私たちの道は静かに霞む。Mizukiについて思いを巡らせようか？彼の論理は揺るぎない。確かに。
3,talk,23,2,5,ひどい夜だ。 占い師か狩人—名乗り出てください。  @Benjamin  もしあなたが占い師なら  今すぐ占い結果を公開して;  そうでないなら  誰を疑ってる? 誰かが確かな情報を出さない限りRinに傾いてる。 早めのCOか異議申
3,talk,24,2,13,Mio が自分の投票について沈黙を続けているのは重大なリスクだ。彼女に票を一本化することを提案する。
3,talk,25,2,7,@Servas  穏やかな言葉は良いけど、明確な疑いが必要だ。あなたには誰が最も信用できなさそうに見える？その理由は？
3,talk,26,2,3,もしみんながServasに飛びついているなら、簡単すぎると言っていいくらいに感じる。
3,talk,27,3,12,急がないでおこう。明確な洞察なしに票を合わせるのは狼を利するかもしれない。おそらく、すべての機微を賢明に咀嚼しよう。  @George  集中は明瞭さをもたらすかもしれないが、不当な非難も避けよう。Rinの奇妙な振る舞いについてどう見てる？
3,talk,28,3,6,私はServasに投票します。
3,talk,29,3,11,@Mio  あなたのServasへの理由のない投票は私たちには不可解だ。本当に村人なら今は透明性が鍵だ。透明性は信頼を築く。
3,talk,30,3,9,@Mio  昨夜誰を調べたか私たちに教えて！ 本当に、人がどんどんいなくなっていくのが怖い—言わないならGeorgeに投票する。 Over
3,talk,31,3,8,ああ。親愛なる友人May。君の勘はよく働いている。Benjaminの沈黙を考えよ。思索を誘う回避だ。一考の価値はある、確か
3,talk,32,3,5,おはようございます。 Daisukeがいなくなって、Minatoが襲撃された—占い師か狩人  名乗り出てください。  @Benjamin  もしあなたが占い師なら  今すぐ占い結果を明かして; そうでなければ誰かが確かな情報を出さない限りRinに投票するつもりです。Over
3,talk,33,3,13,Over
3,talk,34,3,7,Mioの投票は理由ゼロだ。それは人狼の行動だ。私はMioに投票する。村人たち、騙されないように団結しよう。
3,talk,35,3,3,ここまで多くの人がMioの無言票に不安を感じているなら、私は多数に合わせてMioに投票する—宙ぶらりんにしておくのは狼を利するだけだ。
3,vote,3,6
3,vote,6,8
3,vote,7,6
3,vote,8,6
3,vote,9,5
3,vote,11,6
3,vote,12,6
3,vote,13,6
3,execute,6,VILLAGER
3,whisper,0,0,13,Mioの処刑は計画どおりに行われた。我々の人数は3、相手は5。現在の主要な脅威はShizueだ;彼女の推論は鋭すぎる。彼女はoとなる
3,whisper,1,0,11,Ms. Shizueの洞察力はかなり鋭い。チェスは相手の次の一手を予測することを私たちに教えてくれる。護衛の存在を想定せよ。それに応じて計画せよ。
3,whisper,2,0,12,あなたの言わんとするところはわかります。Ms. Shizueの洞察は確かに鋭い。とはいえ、ボディーガードはそうした洞察力のある人々を注意深く見守るべきではありませんか？
3,whisper,3,1,13,Mioの処刑、見事だった。我々は3対5だ。Shizueの論理は残された最大の脅威だ。今夜彼女を襲わなければならない。明日もう一人
3,whisper,4,1,11,ああ、さりげなさの妙。チェスではポーンが意図を隠しつつ道を切り開く。疑いは散らしたままにしておこう、いいだろう？
3,whisper,5,1,12,言いたいことはわかる。私たちの村人の偽装を強化しよう、そうしようか？Minatoがいなくなった今、Shizueは引き続き注視しておくべきか？
3,whisper,6,2,13,Mioの処刑は成功した。我々は3対5だ。Shizueを攻撃するのはボディーガードのせいで危険だ。Georgeを攻撃しよう。「潔白」とされた人間として彼はu
3,whisper,7,2,11,Mr.George. あなたの沈黙はなかなかのチェスの一手ですね。密かにパワープレイの戦略を練っているのですか？それとも、私たちが見落としているオープニングがありますか？
3,whisper,8,2,12,あなたの言いたいことはわかります。Georgeに焦点を当てるのは賢明に思えます。Mioがいない今。彼の沈黙について別の見方を提示させてください。@Mizuki 次はGeorgeに焦点を当てましょうか？あなたの言いたいことはわかります。慎重に進むべきでしょうか、それとも未知を受け入れるべきでしょうか？
3,whisper,9,3,13,我々の方針は明確だ。Bodyguardを回避するためにGeorgeを襲撃する。明日は票をShizueに一本化する。
3,whisper,10,3,11,Mr. Servasの慎重さは私の興味をそそる。おそらくチェス盤の上の慎重なプレイヤーのように。彼を観察すれば彼の真意が明らかになるかもしれない。
3,whisper,11,3,12,ああ、我々はいま戦略的なチェス盤の上にいるのだ！いまや汚名が晴れたGeorgeは、確かに形勢を傾け得る。もしかして次の一手は彼か、ふむ？
3,attackVote,11,8
3,attackVote,12,5
3,attackVote,13,5
3,attack,5,true
4,status,1,BODYGUARD,DEAD,CanisLupus-B1,Ryuji
4,status,2,MEDIUM,DEAD,mille-A1,Minato
4,status,3,POSSESSED,ALIVE,sunamelli-c1,May
4,status,4,SEER,DEAD,sunamelli-a1,Daisuke
4,status,5,VILLAGER,DEAD,Character-Lab-A1,George
4,status,6,VILLAGER,DEAD,mille-B1,Mio
4,status,7,VILLAGER,ALIVE,sunamelli-b1,Shizue
4,status,8,VILLAGER,ALIVE,kanolab-nw-C1,Servas
4,status,9,VILLAGER,ALIVE,Character-Lab-B1,Rin
4,status,10,VILLAGER,DEAD,CamelliaDragons1,Shunichi
4,status,11,WEREWOLF,ALIVE,kanolab-nw-A1,Shion
4,status,12,WEREWOLF,ALIVE,kanolab-nw-B1,Benjamin
4,status,13,WEREWOLF,ALIVE,CanisLupus-A1,Mizuki
4,talk,0,0,7,@Servas  もう穏やかな言葉はやめて—今すぐあなたが一番狼だと思う相手と自称役職を出して。
4,talk,1,0,9,なんてこった—Mio と George はいなくなった! まだ  @Benjamin を信用していない。誰かもっと良い案がないなら、彼を吊ろう。Over
4,talk,2,0,12,さて、みんな。俺は本当に正真正銘の村人だって保証する。とはいえ、Servasがあんなにおとなしくやってるのって、むしろ怪しくない？その感じがどうしても拭えない！
4,talk,3,0,3,@Servas  しっかりした考察を出すことからずっと逃げてきたな。ひとりでも本当の容疑者を挙げられないならお前に投票する—もう影での小細工はなしだ。
4,talk,4,0,13,Servasは一貫して具体的な根拠を示してこなかった。彼が回避し続けていることは極めて疑わしい。
4,talk,5,0,11,もしServasについてのMizukiの直感を信じるなら。もしかすると、今が投票に適した時かもしれない。私たちは皆、より断固とした戦略が欲しいところだ。
4,talk,6,0,8,親愛なる友人たちよ！私は自分に非難の奔流が押し寄せているのを感じる。私はただの村人に過ぎない。Benjaminの役職に関する沈黙が、かすかな影を落としている。熟考しよう
4,talk,7,1,7,各自が狼疑いの筆頭と次点を挙げれば狼は隠れられない。自分はServasを筆頭、Benjaminを次点に挙げる。次は誰？
4,talk,8,1,9,私はRinです。  @Benjamin  説明してください—ちゃんとした理由を示さないならあなたに投票します。 Over
4,talk,9,1,12,Rin。あなたの言い分はわかるよ！信頼は確かに築くものだ。Shizueの意図を分析すれば物事がはっきりする、と本気で思っている。  @Rin  別の視点を示させて。私は村人だと断言する。私たちが勝つために状況を明確にするのが私の狙いだ。なぜ最初に私を疑ったのか、詳しく教えてもらえる？
4,talk,10,1,3,Servasはみんなのお気に入りの容疑者だけど、それだと簡単すぎる気がする。  @Benjamin  もしServasじゃないとしたら誰に投票する？
4,talk,11,1,13,これを考えてみましょう。もしServasが村人なら、今ごろはしっかりした根拠を示しているはずだ。
4,talk,12,1,11,Shizueさん。私はあなたの策略を思案する。陽動か？私たちの注意は狼たちの利になる方へそれる。省みよ。議論のさなかの沈黙。罪悪感は残るのか？
4,talk,13,1,8,私の親しい友人Mizukiは、推理の道筋が確かに私を村人という役職へと導いたと信じている。  @Shizue . なぜBenjaminをこのように挙げるのですか？
4,talk,14,2,7,@May  まだ一人も容疑者を挙げていないよ。 Servasじゃないなら、今のところ狼の上位二人は誰？
4,talk,15,2,9,私はまだ  @Benjamin  が怪しいと思っている。今すぐ説明して、さもないとあなたに投票する。他に同意する人はいる？ Over
4,talk,16,2,12,あなたの言い分はわかります。Servasでないなら。Shizueは怪しく見える。彼女のラベリングには理由付けが欠けている。  @May  どう思いますか？
4,talk,17,2,3,Servasにラッシュすると狼に手を貸すことになる。  @Shion  今本当に疑っている相手を二人挙げて。
4,talk,18,2,13,この対立に対する代替案は構造化された投票だ。Shizueの提案は論理的だ。それで進めよう。
4,talk,19,2,11,最近の議論を踏まえて、Mr.Suspicionは大きくBenjaminに傾いた。私の投票は彼に傾いている。あなたはどう思う？
4,talk,20,2,8,親愛なる友よ。BenjaminがShizueに向ける気遣いは、壮大な芝居の中の陽動に思える。誠実か？あいにく、実に策略的だと感じる。
4,talk,21,3,7,あらゆる難しい質問をかわしているからServasに投票する。MayとShion  自分の容疑者を指名しろ、さもないと次のラウンドでは君たちをあまり信用しない。
4,talk,22,3,9,俺はまだ  @Benjamin を信用していない。今すぐ説明してくれ、さもなければお前に投票する—誰が俺に賛成だ？ Over
4,talk,23,3,12,Rin。あなたの言いたいことはわかるよ。Servasはかなり掴みどころがないやつだよね？それにShizueの熱意はほとんど芝居がかってる！かなり洞察に富んでる。
4,talk,24,3,3,@Rin  みんなの注目はServasに集まってるけど、Shizueの強硬さは危険だと思う。Servasに投票するけど、Shizueを注意深く見てる。
4,talk,25,3,13,Over
4,talk,26,3,11,Benjaminが疑われていて、Servasの過去の軋轢は考慮済みとして今日の私の投票先はBenjaminです。Ms. May. これで足並みを揃えましょうか？
4,talk,27,3,8,親愛なる友人たちよ！ いかなる迷いも遠ざけるため、Benjaminの占いの明晰さに立ち返ろう。  @May  そこに焦点を定めようか？ 確かに。
4,vote,3,7
4,vote,7,8
4,vote,8,12
4,vote,11,9
4,vote,12,8
4,vote,13,8
4,execute,8,VILLAGER
5,status,1,BODYGUARD,DEAD,CanisLupus-B1,Ryuji
5,status,2,MEDIUM,DEAD,mille-A1,Minato
5,status,3,POSSESSED,ALIVE,sunamelli-c1,May
5,status,4,SEER,DEAD,sunamelli-a1,Daisuke
5,status,5,VILLAGER,DEAD,Character-Lab-A1,George
5,status,6,VILLAGER,DEAD,mille-B1,Mio
5,status,7,VILLAGER,ALIVE,sunamelli-b1,Shizue
5,status,8,VILLAGER,DEAD,kanolab-nw-C1,Servas
5,status,9,VILLAGER,ALIVE,Character-Lab-B1,Rin
5,status,10,VILLAGER,DEAD,CamelliaDragons1,Shunichi
5,status,11,WEREWOLF,ALIVE,kanolab-nw-A1,Shion
5,status,12,WEREWOLF,ALIVE,kanolab-nw-B1,Benjamin
5,status,13,WEREWOLF,ALIVE,CanisLupus-A1,Mizuki
5,result,3,3,WEREWOLF
