0,status,1,POSSESSED,ALIVE,CamelliaDragons1,Rin
0,status,2,SEER,ALIVE,kanolab-nw-C2,Minato
0,status,3,VILLAGER,ALIVE,sunamelli-a1,Shunichi
0,status,4,VILLAGER,ALIVE,sunamelli-c1,Mizuki
0,status,5,VILLAGER,ALIVE,kanolab-nw-B1,Sakura
0,status,6,VILLAGER,ALIVE,mille-A1,Asuka
0,status,7,VILLAGER,ALIVE,Character-Lab-A1,George
0,status,8,VILLAGER,ALIVE,Character-Lab-B1,Shizue
0,status,9,WEREWOLF,ALIVE,mille-B1,Victoria
0,status,10,WEREWOLF,ALIVE,sunamelli-b1,Benjamin
0,status,11,WEREWOLF,ALIVE,CanisLupus-B1,Jonathan
0,status,12,BODYGUARD,ALIVE,kanolab-nw-A1,Yumi
0,status,13,MEDIUM,ALIVE,CanisLupus-A1,Takumi
0,whisper,0,0,11,Skip
0,whisper,1,0,10,これはBenjaminです。私は人狼です。
0,whisper,2,0,9,こんにちは。私はVictoriaです。私の役職は人狼です。良いゲームを。
0,whisper,3,1,11,Benjamin Victoria こんにちは。我々の契約は明確だ。あなたたちのうちの誰かが明日、占い師を名乗らなければならない。私は村人を演じる。Georgeを排除しよ
0,whisper,4,1,10,Over
0,whisper,5,1,9,Over
0,whisper,6,2,11,Victoria、あなたは占い師を名乗りなさい。Shunichiを人狼だと報告しなさい。Benjaminと私は村人として振る舞う。我々は今夜Georgeを排除する。
0,whisper,7,3,11,Over
0,talk,0,0,12,やあ、みんな！私はYumi、みんなと遊べるのに超ワクワク！最高でフェアなゲームにしよう。いえーい！Over、みんなの番！
0,talk,1,0,3,今夜、みんなの気分はどう  @George ? 前回よりも鋭い推理をみんなが持ってきているといいな。
0,talk,2,0,7,おはよう。 やあ Yumi — 君がワクワクしていてうれしい。 Shunichi  私は元気だよ  ありがとう。 特別な情報はない。  @Asuka   何かカミングアウトや結果は？ 他のみんな  落ち着いて決められるように、占い師/ボディーガードかどうか、または誰を疑っているかを手短に述べてください。 Over
0,talk,3,0,13,私はTakumiです。私は肉が好きです。
0,talk,4,0,9,こんにちは。私はVictoriaです。私の役職は村人です。良いゲームを。
0,talk,5,0,4,みんなが集まっていてうれしい 私はMizuki 今回は鋭い推理を楽しみにしている
0,talk,6,0,5,こんにちは、みんな！私はSakuraです！やったー！このゲームに参加できて超ワクワクしてる。この先、巧妙な謎を楽しく解いていこう！
0,talk,7,0,2,みなさん、こんにちは。私はMinatoです。みなさんと一緒に遊べるのが楽しみです。協力していきましょう。もしかしたらこの謎を解き明かせるかも！ Over、あなたの番です。
0,talk,8,0,10,今夜はなんて賑やかな顔ぶれだ。これからの謎を私たち一人ひとりがどう解きほぐしていくのか、楽しみだ。
0,talk,9,0,1,...
0,talk,10,0,8,おはよう  みなさん。私はShizueです  ここにいられてうれしいです。  @Asuka  私たちに占いの方針や結果を教えてもらえますか？Benjaminがずっと静かなので少し心配です—彼について不安に感じている人は他にいますか？ Over
0,talk,11,0,6,こんにちは。私はAsukaです。私の役職は村人です。良いゲームを。
0,talk,12,0,11,私はJonathanです。お会いできて光栄です。
0,talk,13,1,12,Over
0,talk,14,1,3,Over
0,talk,15,1,7,特別な情報はない。 何人かはすでに村人だと名乗っている  が、占い師や護衛はまだ聞いていない。  @Benjamin  ずっと静かだね—何か役職の申告や考察はある？ もしすぐに誰も発言しないなら  寡黙なプレイヤーへの投票を検討すべきだ。 簡単な考察を聞かせて。 O
0,talk,16,1,13,Over
0,talk,17,1,9,Over
0,talk,18,1,4,Over
0,talk,19,1,5,Over
0,talk,20,1,2,Over
0,talk,21,1,10,Over
0,talk,22,1,1,Over
0,talk,23,1,8,少し心配になってきたよ  みんな。何人かがとても静かだ。  @Benjamin  何か読みやあなたの役職を共有してもらえますか？沈黙が続くなら、安全のために静かなプレイヤーに投票することを検討した方がいいと思う。どうか発言して。
0,talk,24,1,6,Over
0,talk,25,1,11,Over
0,talk,26,2,7,情報なしでの吊りは気が進まない  しかし沈黙は危険だ。  @Benjamin  あなたの役職か簡単な読みを教えてください—もしすぐに占い師/護衛の名乗り出がなければ  寡黙なプレイヤーに投票することを検討すべきだと思う。他のみんな  一行で
0,talk,27,2,8,おはよう、みなさん  私はShizueです。  @Asuka  できるときに占いの方針または結果を教えていただけますか？さっと短い自己紹介をして、慎重な判断を始められるようにしましょう。 Over
0,talk,28,3,7,特別な情報はない。静かなプレイヤーが気になる—  @Benjamin  手短に役職か読みを述べてください。すぐに占い師/狩人が名乗り出ないなら容疑者を選ぶべきだが  闇雲に吊るのは気が進まない。他のみんな  一行のr
0,talk,29,3,8,おはよう、みんな — 私はShizueです。全員、ごく短い自己紹介と簡単な読みを1ついただけますか？  @Asuka   もし占い師なら、可能なときに占い方針を教えてください。物静かな人たちが心配です; 少しでも共有してくれると落ち着いて判断できます。Over
0,whisper,0,0,10,@Jonathan  @Victoria  私の見解はこう—明日の朝一番に誰が占い師としてCOするか様子を見よう。誰もいなければ  私がCOできる。
0,whisper,1,0,11,元の契約に従おう。Victoriaは占い師を名乗る。Shunichiに対する彼女の証言が我々の根拠だ。Benjamin あなたからの占い師の主張 n
0,whisper,2,0,9,Over
0,whisper,3,1,10,Victoriaは占い師だと主張し、Shunichiを非難する。Jonathanと私はあなたを支持し、投票でShunichiを追放するよう後押しする。
0,whisper,4,1,11,条件は合意に達している。夜明けまでにGeorgeは排除される。Victoria あなたのShunichiに関する証言は我々の礎となる。
0,whisper,5,2,10,Victoria、Shunichiを人狼判定で占い師COして。Jonathan、Shunichiを人狼として圧をかけて、投票を惑わせよう。
0,whisper,6,2,11,我らの盟約は結ばれた。今夜、我らはGeorgeを我がものとする。Victoria、夜明けのあなたの布告に備えよ。
0,whisper,7,3,10,明日、Victoriaに占い師を名乗らせ、Shunichiを占って狼だったと主張させよう。
0,whisper,8,3,11,契約は有効だ。今夜我々はGeorgeを消す。Victoria あなたのShunichiに対する証言は明日の我々の保証だ。
0,divine,2,10,WEREWOLF
1,status,1,POSSESSED,ALIVE,CamelliaDragons1,Rin
1,status,2,SEER,ALIVE,kanolab-nw-C2,Minato
1,status,3,VILLAGER,ALIVE,sunamelli-a1,Shunichi
1,status,4,VILLAGER,ALIVE,sunamelli-c1,Mizuki
1,status,5,VILLAGER,ALIVE,kanolab-nw-B1,Sakura
1,status,6,VILLAGER,ALIVE,mille-A1,Asuka
1,status,7,VILLAGER,ALIVE,Character-Lab-A1,George
1,status,8,VILLAGER,ALIVE,Character-Lab-B1,Shizue
1,status,9,WEREWOLF,ALIVE,mille-B1,Victoria
1,status,10,WEREWOLF,ALIVE,sunamelli-b1,Benjamin
1,status,11,WEREWOLF,ALIVE,CanisLupus-B1,Jonathan
1,status,12,BODYGUARD,ALIVE,kanolab-nw-A1,Yumi
1,status,13,MEDIUM,ALIVE,CanisLupus-A1,Takumi
1,talk,0,0,8,おはよう、みんな — 私はShizueです。Georgeが心配です; 彼の静けさが私を不安にさせます。  @Asuka  占いの結果または計画を共有していただけますか？慎重に決められるように、各自短い考察をひとつずつ出しましょう。 Over
1,talk,1,0,7,おはよう。 まだ特別な情報はありません。 私たちはBenjaminを失った — 彼が占い師でなければいいのだけど。  @Asuka  あなたが占い師なら、何か結果があれば共有してください  あるいは少なくとも誰を疑っているか教えてください。 Shizueが気がかりだ; 彼女はBenjaminを強く押していた。 手短な一行印象
1,talk,2,0,6,私はSakuraに投票します。
1,talk,3,0,3,@Asuka  なんでSakura？ ランダム投票って、人狼が望むことそのものじゃない？ 君のリードを信用する前に、俺たちに理由を示してくれ。
1,talk,4,0,10,@Rin  今日はほとんど発言してないね 理由のないランダム投票は村人を危険にさらす より明確なロジックを求めるべきじゃない?
1,talk,5,0,12,ねえ、ダーリン！なんでAsukaがSakuraを選んだのか、超気になってる！何か鋭い考察ある？投票ってよく考えて入れるべきだよね？
1,talk,6,0,4,@Asuka  あなたはSakuraにすぐに投票した。疑っている理由を説明して。人狼は判断を急ぐから、落ち着いて理由を述べて。
1,talk,7,0,5,やあ、相棒！ちょっとは理屈がないと投票なんて楽しくないだろ！どう思う、Asuka? なんで俺が怪しいんだ、ん？一緒に手がかりを掘り起こそう！
1,talk,8,0,11,Asuka、あなたの非難には根拠がない。先に進む前に、占い師は占い結果を提示すべきだ。
1,talk,9,0,2,Benjaminを占って、もしかして…彼は人狼かも。今日の投票先に彼を考えるべきかな、相棒。どう思う？
1,talk,10,0,13,Minato は Benjamin が人狼だと言っている。なぜ Sakura を指差す  @Asuka ? あなたは狼陣営の注意をそらしている。
1,talk,11,0,1,...
1,talk,12,0,9,私はMinatoに投票します。
1,talk,13,1,8,おはよう、みんな。 かわいそうなGeorge — とても悲しい。  @Asuka  占いの結果や方針を共有してもらえますか？Benjaminのような静かなプレイヤーが不安です; みんなが短い読みを一つずつ出してくれれば、私たちが選べ
1,talk,14,1,7,特別な情報はない。Benjaminを失った—彼が占い師じゃなければいいが。  @Asuka  あなたは占い師？結果があれば共有して。Shizueが気がかりだ；彼女はBenjaminを強く押していた。他のみんなは判断できるように手短に一行の考察を出して
1,talk,15,1,6,私はJonathanに投票します。
1,talk,16,1,3,@Minato  あなたは占い師だと名乗り、Benjaminを狼と名指しした—なぜ彼を占い先に選んだ？投票する前に、あなたの理由を聞こう。
1,talk,17,1,10,興味深い、Minatoが最初の占い先に俺を選ぶなんて。それは本物の占い師のロジックじゃなく、計算された狼ムーブに感じる。
1,talk,18,1,12,Minatoがあなたを占った結果が正しいなら、彼は私たちの占い師かもしれないみたいだ！慎重にいこう、相棒。  @Benjamin  狼っぽさ感じてる？
1,talk,19,1,4,@Minato  ほかに占い師をCOする人がいないなら、Benjaminが今もっとも疑わしい。対抗COする人、または反対する人はいる？
1,talk,20,1,5,やあ、みんな！Mr. Minatoは占ってBenjaminは狼だと言った。二人とも発言するまで待つよ！Ms. Minato. どうしてBenjaminが最初？
1,talk,21,1,11,Minatoの主張は確認した。だが、Benjaminを占い先に選んだことには明確な根拠が欠けている。
1,talk,22,1,2,たぶん今夜の占いはRinかVictoriaに絞るべきだと思う。Benjaminの役職ははっきりしてるよね？
1,talk,23,1,13,Minatoは唯一の占い師だ。彼は狼の匂いを嗅いだ。良い。今のところ彼を信頼する。Asukaは臭い。群れを混乱させる。
1,talk,24,1,1,...
1,talk,25,1,9,私はGeorgeに投票する。
1,talk,26,2,8,おはよう  みなさん。 私はShizue — 可哀想なGeorge  私はとても悲しい。  @Asuka  占い結果または方針を教えてくれる？  もし無理なら  投票を急がないように全員から一行読みをもらおう — 私は寡黙な人たちが不安です
1,talk,27,2,7,まだ特別な情報はない。  @Asuka  もしあなたが占い師なら、何か結果を教えてください  あるいは少なくとも誰を疑っているか。Shizueが気がかりだ—彼女は早い段階でBenjaminを推した。他のみんなはワンライ
1,talk,28,2,6,私はJonathanに投票する。
1,talk,29,2,3,@Asuka  理由もなく投票先を変えた。私たちの注意をそらしているの？それとも何かを隠しているの？ちゃんとした説明をして。
1,talk,30,2,10,Minatoが私を狼だと名指しするのは安直すぎる。もっと巧妙そうな誰かを選べば？納得できない—この投票は急がないでおこう。
1,talk,31,2,12,やあ、みんな！ なんとなくBenjaminってちょっと怪しいかもって思ってる。Minatoの占い、すごく当たってる気がする。みんなはどう思う？
1,talk,32,2,4,Minatoが占い師COして、Benjaminを狼だと名指しした。他に占い師COする人がいない限り、今日はBenjaminに投票すべきでは？
1,talk,33,2,5,やあみんな！Minatoが占い師で、Benjaminを人狼だと見抜いた！今回は乗っかってみるのがいいかも！みんなはどう思う？
1,talk,34,2,11,我々の敵の契約について考えてみよう。本当にそれほど容易に見つけられるようにしておくのが彼らの意図なのか？
1,talk,35,2,2,Benjaminが私の占いを疑っているのは、何か別の意味があるのかな。うーん。Jonathan. Asukaの素早い投票先の切り替えについて、どう見てる？
1,talk,36,2,13,Minatoは私たちの目だ。彼の鼻を信じている。今日はBenjaminを狩る。VictoriaとAsukaも臭い。
1,talk,37,2,1,...
1,talk,38,2,9,私はGeorgeに投票する。
1,talk,39,3,8,みなさん、おはようございます。急ぎすぎているのが心配です。  @Asuka  あなたの占い結果または方針を教えていただけますか？そうでなければ  全員から手短に一行の考察を—静かな人たちが不安です。ありがとうございます。 Ove
1,talk,40,3,7,おはよう。まだ特別な情報はない。  @Asuka  もし占い師なら、何か結果を共有して。Shizueは早めにBenjaminを推した — 彼女には不安を感じている。他の人は手早く一行の読みやカミングアウト (占い師/gua
1,talk,41,3,6,私はJonathanに投票します。
1,talk,42,3,3,Minatoの占い師の主張を信じるのでBenjaminに投票する; 次に  Asukaのめちゃくちゃな投票先の変更が彼女を私の最有力容疑者にする。
1,talk,43,3,10,Minatoの占い師ロジックはこじつけだ；私を選ぶのはただの安直な選択だ。安易な合意にこそ危険がある。私の投票はAsuka。
1,talk,44,3,12,Minatoの占い師COは最高！彼を信じて賢明にBenjaminに投票しよう。ねえJonny、Asukaの投票スワップってどうなってるの？謎すぎ！
1,talk,45,3,4,Minatoの占い師宣言でBenjaminを狼と名指しし、対抗宣言もないのでBenjaminに投票する。今日は協力しよう。
1,talk,46,3,5,やあ、みんな！ MinatoがBenjaminを狼と占ったと主張してるから、Benjaminに投票する方向に傾いてるよ！ みんな、対抗COある？  @Minato  やあ、フレンド！ 占い師ムーブ、ナイス！ 似たようなゲームやったことある？
1,talk,47,3,11,Over
1,talk,48,3,2,Benjaminの疑念が私たちにとって気を散らすものになっているかもしれない。たぶん、今日は行動なしで。私たちの生存が危機に瀕していると思う。
1,talk,49,3,13,Over
1,talk,50,3,1,...
1,talk,51,3,9,私はMinatoに投票する。
1,vote,1,11
1,vote,2,10
1,vote,3,10
1,vote,4,10
1,vote,5,10
1,vote,6,10
1,vote,8,7
1,vote,9,2
1,vote,10,6
1,vote,11,6
1,vote,12,10
1,vote,13,10
1,execute,10,WEREWOLF
1,divine,2,6,HUMAN
1,whisper,0,0,9,私はRinを攻撃する。
1,whisper,1,0,11,Victoria、私たちの以前の契約は破綻した。沈黙しているRinを攻撃するのは私たちの力の無駄だ。私たちは考えるプレイヤーを排除しなければならない。Shunichiは私たちの標的に
1,whisper,2,1,9,Over
1,whisper,3,1,11,Victoria. 私の考えを理解していると信じている。無駄な手を打つ余裕はない。Shunichiは我々の標的だ。確認しろ。
1,whisper,4,2,11,Victoria、我々はShunichiの解任に着手する。明日、我々は一致団結して臨み、Asukaに裁きを下す。この契約を遵守せよ。
1,whisper,5,3,11,Shunichi
1,guard,12,9,WEREWOLF
1,attackVote,9,1
1,attackVote,11,3
1,attack,1,true
2,status,1,POSSESSED,DEAD,CamelliaDragons1,Rin
2,status,2,SEER,ALIVE,kanolab-nw-C2,Minato
2,status,3,VILLAGER,ALIVE,sunamelli-a1,Shunichi
2,status,4,VILLAGER,ALIVE,sunamelli-c1,Mizuki
2,status,5,VILLAGER,ALIVE,kanolab-nw-B1,Sakura
2,status,6,VILLAGER,ALIVE,mille-A1,Asuka
2,status,7,VILLAGER,ALIVE,Character-Lab-A1,George
2,status,8,VILLAGER,ALIVE,Character-Lab-B1,Shizue
2,status,9,WEREWOLF,ALIVE,mille-B1,Victoria
2,status,10,WEREWOLF,DEAD,sunamelli-b1,Benjamin
2,status,11,WEREWOLF,ALIVE,CanisLupus-B1,Jonathan
2,status,12,BODYGUARD,ALIVE,kanolab-nw-A1,Yumi
2,status,13,MEDIUM,ALIVE,CanisLupus-A1,Takumi
2,talk,0,0,11,我々には判定が残り5つある。我々の敵は2人だ。したがって誤れるのは3回だけだ。
2,talk,1,0,9,私はTakumiに投票する。
2,talk,2,0,7,おはよう。 Rinを失ってごめん。  @Asuka  もし占い師なら、今すぐ何か結果を共有して。 まだShizueが気がかり—彼女はBenjaminを強く追及した。 占い師が誰も名乗り出ないなら、  私はShizueに投票するのがre
2,talk,3,0,6,以下は翻訳して欲しい文章です。 翻訳結果のみを出力してください。 私はTakumiに投票します。
2,talk,4,0,3,@Asuka  @Victoria あなたたち二人は理由もなくTakumiに投票した。それは怪しい。理屈を説明してくれる？
2,talk,5,0,12,やあ、相棒！ Minatoの占い師だという主張が本当なら。Benjaminの排除でそれが確認できる。でもSakuraの主張は？ 謎だ。どう思う？
2,talk,6,0,4,@Victoria  @Asuka  あなたたち二人は理由もなくTakumiに速攻で投票した。なぜ彼を狙ったの？前に進むために明確なロジックが必要だ。
2,talk,7,0,8,あらまあ—かわいそうなRin。 本当にBenjaminの処刑が正しい選択だったことを願っている。  @Asuka  今、占い結果を共有してもらえますか？ Georgeが気掛かり—彼の静けさが心配だ。 もし占い師や護衛が話せないなら  たぶん私たちは
2,talk,8,0,5,おお、すごい！MinatoはBenjaminのことを完全に当てたね！今は彼を守らなきゃ、フレンドー！静かなやつや投票が速い人に気をつけよう！やったー！
2,talk,9,0,2,Asukaを占った。人間だった。これで今はAsukaをより信用しやすくなったかも。これが私たちのチームにとって何を意味するのだろう。
2,talk,10,0,13,Minatoの嗅覚は正しい。Benjaminは狼だった。なぜ@Victoriaと  @Asuka  は私を狩るの？あなたたちは群れだ。
2,talk,11,1,11,わかった。MinatoはAsukaの疑いを晴らした。これでVictoriaのTakumiへの投票はますます疑わしい。
2,talk,12,1,9,私はSakuraに投票します。
2,talk,13,1,7,おはよう。 Rinを失ったのはきつい。  @Asuka  もしあなたが占い師なら、今すぐ結果を共有してください。 まだShizueに投票する方向に傾いてる、Benjaminを早めに推したから—異論がある人、または他の理
2,talk,14,1,6,私はSakuraに投票します。
2,talk,15,1,3,@Victoria  理由もなく今までに2回ターゲットを切り替えてる。村なら自分の投票の理由を説明して、さもないと狼っぽく見える。
2,talk,16,1,12,MinatoのAsuka占いで少し信頼が増す！Victoriaの投票を見守ろう。警戒を保つのは賢い。やったー！  @Takumi  MinatoはAsukaを白出しした。Victoriaの投票はブレてるように見える。彼女の票変えについて同じように感じる？
2,talk,17,1,4,@Victoria  あなたの投票は筋が通っていないし、説明を避けている。今のところあなたが最も狼っぽい。
2,talk,18,1,8,ああ  まだ動揺してる。  @Asuka  今すぐ占いの結果を教えてください—決めるために必要だから。Georgeが気がかりだ; 彼はずっと黙っていて、私には怪しく見える。占い師がsできないなら
2,talk,19,1,5,よし、みんな。落ち着こう！やったー！MinatoがAsukaをクリアした...ばんざーい！でもVictoriaの投票数の急増？ひえっ。  @Victoria  ねえフレンドー、なんで変えたの？
2,talk,20,1,2,Victoriaの投票先の変更が気になる。ちょっと変かも？彼女が理由もなく投票先を切り替えていて、厄介だと思う。
2,talk,21,1,13,Minato は実在する。私は知っている。彼は重要だ。私たちは彼を守らなければならない。彼の鼻はすべての悪いオオカミを見つけ出すだろう。
2,talk,22,2,11,同意します。Asukaの疑いが晴れたことで、Victoriaの行動はもはや擁護できない。彼女は私の票を得た。
2,talk,23,2,9,私はSakuraに投票します。
2,talk,24,2,7,まだ特別な情報はありません。  @Asuka   あなたが占い師なら教えてください、結果があれば共有してください。 ShizueがBenjaminを強く追及しているのでShizueに投票する方向に傾いています—占い師が名乗り出ないなら  私たちはlを検討すべきです
2,talk,25,2,6,私はSakuraに投票します。
2,talk,26,2,3,@Victoria  Asukaが白確定している状況で、あなたの投票変更は狼っぽく見える。説明してくれない限り、今日はあなたに投票する。
2,talk,27,2,12,やあ、みんな！Victoriaの票の飛び方が、ちょっと狼っぽい気がするんだ！今日は彼女に投票しない？いぇーい！どう？
2,talk,28,2,4,@Victoria あなたの突然の票替えは狼の戦術に見えるけど  @George  あなたの頑なな執着も心配だ。どう思う？
2,talk,29,2,8,ああ—誰かが私を疑うなんて心が痛みます。私はみんなを守ろうとしているだけです。  @Asuka  今すぐ占い結果を教えてください; それがなければ無実の者を吊る危険があります。それぞれごく簡単に読みを出して、落ち着いて決めましょう。Over
2,talk,30,2,5,わあ！ ジャンプ投票ってちょっと怪しくない？ やったー Asuka！ Minatoの占い師の嗅覚、すごい！ ねえ Victoria！ そのジャンプはどういうこと？
2,talk,31,2,2,Victoria. あなたの投票の変更には理由がありますか。率直な見解を共有してもらえれば、懸念が解消されるかもしれませんか？ご意見は？
2,talk,32,2,13,@George  お前、間違った木を嗅いでる。 Victoria は動きが変だ。 彼女の匂いは狼だ。 今日はVictoriaを狩らなければならない。
2,talk,33,3,11,道は明らかだ。避けられない採決を遅らせるのは貴重な時間を浪費することだ。
2,talk,34,3,9,私はSakuraに投票します。
2,talk,35,3,7,早く決めないといけない。  @Asuka  もしあなたが占い師なら今すぐ結果を明かして。 占い師や護衛が誰も名乗り出ないなら  Shizueに投票したい—彼女は早い段階でBenjaminを推した。 誰か異論ある
2,talk,36,3,6,私はSakuraに投票します。
2,talk,37,3,3,Victoriaの説明のない投票と回答拒否は、彼女を私にとって最有力の狼候補にする。今日はVictoriaに投票する。
2,talk,38,3,12,Victoriaの投票はパズルみたいだな？怪しい感じがする。彼女を投票で追放すべき？Jonathan これについて何か考えある？
2,talk,39,3,4,私はVictoriaに投票する。彼女の説明のない票移動が最も狼っぽい。今日はまとまろう、さもないと狼に楽勝を与えてしまう。
2,talk,40,3,8,あらまあ—こんなに早く疑われるのはつらい。 @Asuka  今すぐ占い結果を教えてください。もし無理なら  皆さん一行の考察を出してもらえますか  それと寡黙な人たち（特にGeorge）は発言してくれますか？ 私は
2,talk,41,3,5,MinatoがAsukaを白と占い、Benjaminを狼としてタグ付けした！やった！Ms. Victoriaの投票に注目しよう。  @Jonathan  Minatoの白出しがある中でVictoriaの投票はおかしく見える！今日は彼女に対して票をまとめるのは賢いと思うかい、フレンドー？
2,talk,42,3,2,Victoriaが投票先を変えているのは人狼の戦術なのかな。たぶん私の占い師COを信じて、このラウンドは彼女に絞ったほうがいいかも。
2,talk,43,3,13,SpiritはBenjaminが狼だったのを見た。Minatoは真だ。Victoriaは臭い。彼女はAsukaと一緒に動く。私はVictoriaを狩る。
2,vote,2,9
2,vote,3,9
2,vote,4,9
2,vote,5,9
2,vote,6,5
2,vote,8,4
2,vote,9,5
2,vote,11,9
2,vote,12,9
2,vote,13,9
2,execute,9,WEREWOLF
2,divine,2,8,HUMAN
2,guard,12,7,VILLAGER
2,attackVote,11,2
2,attack,2,true
3,status,1,POSSESSED,DEAD,CamelliaDragons1,Rin
3,status,2,SEER,DEAD,kanolab-nw-C2,Minato
3,status,3,VILLAGER,ALIVE,sunamelli-a1,Shunichi
3,status,4,VILLAGER,ALIVE,sunamelli-c1,Mizuki
3,status,5,VILLAGER,ALIVE,kanolab-nw-B1,Sakura
3,status,6,VILLAGER,ALIVE,mille-A1,Asuka
3,status,7,VILLAGER,ALIVE,Character-Lab-A1,George
3,status,8,VILLAGER,ALIVE,Character-Lab-B1,Shizue
3,status,9,WEREWOLF,DEAD,mille-B1,Victoria
3,status,10,WEREWOLF,DEAD,sunamelli-b1,Benjamin
3,status,11,WEREWOLF,ALIVE,CanisLupus-B1,Jonathan
3,status,12,BODYGUARD,ALIVE,kanolab-nw-A1,Yumi
3,status,13,MEDIUM,ALIVE,CanisLupus-A1,Takumi
3,talk,0,0,8,ああ、なんてこと — こんなに多くの喪失にとても悲しいです。  @Asuka  今すぐ占い結果を教えてください; あなたの導きが必要です。 もしできないなら  皆さん、一行のリーディングをお願いできますか？ Mizukiが少し気がかりです — 彼女は
3,talk,1,0,3,霊能者は今COすべきだ。もしBenjaminが狼でなかったならMinatoの占い師主張は破綻する。誰が潜伏していて、なぜこれを遅らせているのか？
3,talk,2,0,11,魂が9つ残っている場合、我々の契約は4回の裁定を許す。したがって、我々に許される誤りは3回だけだ。
3,talk,3,0,5,うわー私はMinatoの占い師のやつを完全に信じてる。次はShizueかMizukiを確認しなきゃ。二人ともめっちゃ怪しい！やったー！
3,talk,4,0,6,私はJonathanに投票します。
3,talk,5,0,7,事態はますます悪化している—Victoria と Minato を失った。  @Asuka  もしあなたが占い師なら、今すぐ占い結果を明かして。彼女のBenjamin への追及のしかたを見て、Shizue を依然として怪しんでいる。他の人  手短に一言の見立てや主張を s
3,talk,6,0,4,@Sakura  私を支持していたのに、私を「怪しい」と呼ぶようになったあなたの変化は唐突です。何があなたの考えを変えたのか説明してもらえますか？
3,talk,7,0,13,私は霊と話す。Benjaminは人狼だった。Victoriaは人狼だった。Minatoの嗅覚は正しかった。
3,talk,8,0,12,やあ、相棒！George、めっちゃ怪しい動きしてるよな？Shizueをやたら狙ってるのは、自分の怪しさを隠すための手かもしれない。どう思う？
3,talk,9,1,8,ああ—こんなに多くの人がいなくなった。  @Asuka  今すぐ占い結果を教えて；指針が必要だ。 Mizukiが気がかりだ—彼女はとても落ち着いているように見える。 みんな一行の読みを出してくれると投
3,talk,10,1,3,@George  狼が2匹いなくなっていて、Minatoの結果は堅いのに、どうしてまだShizueに疑いをかけ続けるの？
3,talk,11,1,11,Takumiの報告はMinatoの主張を裏付けている。この論理によればAsukaは人間だ。この事実を信じるべきだ。
3,talk,12,1,5,Minatoの言葉を信じるべきだ！MinatoはBenjaminとVictoriaを狼だと占った。AsukaがMinatoと同陣なら本当かもしれない！  @Mizuki  おっとっと、フレンドー！Asukaの行動が変だと感じてから物事がややこしくなった。仲間と狼を見極めるのは難しくて楽しい！
3,talk,13,1,6,私はJonathanに投票する。
3,talk,14,1,7,VictoriaとMinatoを失いました。  @Asuka  もし占い師なら、結果か誰を疑っているかを公開してください。特別な情報はなく、Shizueには引き続き警戒しています。 他のみんなは手短に一行のrea
3,talk,15,1,4,Georgeは二匹の狼が確認された後でもShizueを追い続けている。
3,talk,16,1,13,MinatoはAsukaが人間だと見た。でも彼女はオオカミたちと動く。彼女は悪い人間だ。私は今日Asukaを狩る。
3,talk,17,1,12,Minatoの読みはまだ強いんだな？ Victoriaも混ざって、次はAsukaを狙う？ 彼女の動きがめっちゃ怪しい！ いえーい！ ねえ  @George  あなた、Shizueにすごく厳しかったよ。 Minatoの主張が確認されたんだし、そろそろ他の人に注目する時じゃない？ この件どう見てる、相棒？
3,talk,18,2,8,ああ—これだけの損失があって、とても悲しい。  @Asuka  今すぐ占いの結果を教えてください; 私たちには本当に指針が必要です。Mizukiのことが少し不安だ—彼女はとても落ち着いているように見える。みんな、一行を
3,talk,19,2,3,@George  証拠に反してShizueを押し続けてる—ちゃんとした理由をみんなに示せ、そうでなければ今日はお前に投票する。
3,talk,20,2,11,混乱を招く確定人間は足手まといだ。私はAsukaに票を入れる。
3,talk,21,2,5,Minatoが占った狼ちゃん2人がいなくなったしMizukiに移ろう！投票で容疑者リストを絞り込む時間だ！やったね相棒！
3,talk,22,2,6,私はJonathanに投票します。
3,talk,23,2,7,もう失いすぎた。  @Asuka  もしあなたが占い師なら、今すぐ占い結果を出して。 誰もカミングアウトがなければ  Benjaminをプッシュしていることを理由にShizueに投票したい—もっと強い読みがある人いる？ 一行 o
3,talk,24,2,4,@George  二匹の狼が見つかった後でもあなたはまだShizueを狙っている。なぜ新情報を無視するの？それは私には怪しく見える。
3,talk,25,2,13,@George  精霊は真実言う。Minatosの鼻 いい。なぜ あなた Shizue 狩る？あなた 最後の狼 助ける。
3,talk,26,2,12,うーん、今はGeorgeがちょっと怪しいかも？ Minatoの証拠があるのに彼はShizueに固執してるよね？ Jonathanが人狼の相方だったら？
3,talk,27,3,8,ああ  私たちの損失をとても悲しく思っています。私は不安です  @Mizuki  — 彼女はとても落ち着いているようです。占い師は結果を共有していただけますか？まもなく明確な情報がなければ  寡黙なプレイヤーに投票することを検討すべきかもしれません。一行 re
3,talk,28,3,3,投票先は  @George . 確定した狼を頑なに無視して責任転嫁するのは典型的な狼の振る舞い—もうこれ以上の撹乱はなしだ.
3,talk,29,3,11,とはいえ、人間のAsukaの無秩序な投票は我々の契約を損なう。彼女の除外は論理的だ。
3,talk,30,3,5,ねえ、そろそろMs. Mizukiを試してみない？ George、Minatoの証拠があるのにまだShizueにこだわってるの？ 新しい道を探ってみよう、相棒！
3,talk,31,3,6,私はJonathanに投票します。
3,talk,32,3,7,おはよう。もう人が足りなくなってきてる。  @Asuka  あなたが占い師なら今すぐ何か結果を共有して — 指針が必要だ。ShizueがBenjaminをあのように追い込んだのを見て以来、まだShizueのことが不安だ; 占い師が誰も名乗り出なければ私は思
3,talk,33,3,4,両方の狼が露呈した後もGeorgeだけが古い疑いに固執し続けたので最後の狼としてGeorgeに投票する。
3,talk,34,3,13,MinatoはAsukaが人間だと見た。でも彼女は悪い人間だ。裏切り者。私は今日Asukaを狩る。
3,talk,35,3,12,Minatoの情報は的確だ！Asukaに一点集中しよう！彼女の混沌は厄介だ、相棒！Jonathan、ロジックのキレはどうだ？これを完璧に決めよう！
3,vote,3,7
3,vote,4,7
3,vote,5,7
3,vote,6,11
3,vote,8,5
3,vote,11,6
3,vote,12,7
3,vote,13,6
3,execute,7,VILLAGER
3,guard,12,4,VILLAGER
3,attackVote,11,13
3,attack,13,true
4,status,1,POSSESSED,DEAD,CamelliaDragons1,Rin
4,status,2,SEER,DEAD,kanolab-nw-C2,Minato
4,status,3,VILLAGER,ALIVE,sunamelli-a1,Shunichi
4,status,4,VILLAGER,ALIVE,sunamelli-c1,Mizuki
4,status,5,VILLAGER,ALIVE,kanolab-nw-B1,Sakura
4,status,6,VILLAGER,ALIVE,mille-A1,Asuka
4,status,7,VILLAGER,DEAD,Character-Lab-A1,George
4,status,8,VILLAGER,ALIVE,Character-Lab-B1,Shizue
4,status,9,WEREWOLF,DEAD,mille-B1,Victoria
4,status,10,WEREWOLF,DEAD,sunamelli-b1,Benjamin
4,status,11,WEREWOLF,ALIVE,CanisLupus-B1,Jonathan
4,status,12,BODYGUARD,ALIVE,kanolab-nw-A1,Yumi
4,status,13,MEDIUM,DEAD,CanisLupus-A1,Takumi
4,talk,0,0,11,Takumiがいなくなって、私たちは手探りだ。  @Sakura  昨日のMizukiへのあなたの投票は根拠がなかった。 説明して。
4,talk,1,0,12,Minatoがいなくなったし、やったー、Takumiの霊媒の情報を信じよう。Sakuraの占い師の役職宣言に注目して。なんか怪しくない？Shizue、ダーリン、やろ
4,talk,2,0,3,@Sakura  君の投票履歴は不安定だ。今いちばん狼だと思うのは誰？1人名前を挙げて—漠然とした疑いじゃなく。
4,talk,3,0,5,やあ、相棒！ただの村人なんだよ、知ってるでしょ！ShunichiのおかげでAsukaのことも気になってきたよ！彼女、ちょっとカオス・マジシャンっぽい。目を光らせておこう！
4,talk,4,0,6,私はJonathanに投票します。
4,talk,5,0,8,おはよう、みんな—Shizueです。  @Asuka  私たちに今すぐ占い結果を教えてください；それがないと誤吊りしそうで心配です。Sakuraが少し気になっています—ずっととても安定しています。みんなできる
4,talk,6,0,4,Sakura、あなたの一貫性のない投票と責任転嫁は怪しく見える。なぜ私を、そして今はAsukaを標的にしているのか、その理由を説明してください。
4,talk,7,1,11,Takumiが言ったとおり、Asukaが引き起こす混乱は我々の敵を利している。だがSakura、君の根拠のない投票のほうがより怪しい。
4,talk,8,1,12,やあみんな！今、Sakuraの投票からちょっとブレてる雰囲気を感じてる。彼女の選択はall over the placeで、めっちゃ気になる！
4,talk,9,1,3,@Sakura  君の投票はバラバラだ—しっかりした理由を1つ挙げるか、今本当に疑っている相手の名前を言え。
4,talk,10,1,5,ねえ、相棒！Asukaってちょっと謎めいてると思う！彼女の投票がMinatoの占い結果と合ってないよね？どう思う？
4,talk,11,1,6,私はJonathanに投票します。
4,talk,12,1,8,おはよう、みなさん—私はShizueです。  @Asuka  今すぐ占い結果を共有してもらえますか？ Sakuraが不安です； 吊りを急がないために、皆さん一言での見解をください？ ありがとうございます。 Ov
4,talk,13,1,4,@Sakura  これまでスタンスを何度も変えてきている。現時点での主な容疑者は誰で、なぜ？具体的にお願いします。
4,talk,14,2,11,Asukaの既知の混沌に惑わされないでいよう。Sakuraの投票の不一致こそが真の問題だ。
4,talk,15,2,12,やあ、チームのみんな！Sakuraの主張がちょっと心配だ。Minatoはまさに的を射ていた。今はJonathanに集中すべきかな、みんな？
4,talk,16,2,3,@Sakura  あなたの投票は全然一貫しないし、理屈もコロコロ変わる—あなたは狼？それともただの無謀？今日はあなたに投票する。
4,talk,17,2,5,やあ、フレンドー！ただの村人だよ！Minato と Takumi の情報で Asuka は良さそう。Mizuki はなんでそんなに動き回ってるの？集中しよう！  @Mizuki  やあ、相棒！君の投票がコロコロ変わってるよ！Asuka についての主な考えは何？超気になってる！
4,talk,18,2,6,私はJonathanに投票する。
4,talk,19,2,8,おはよう、みんな — 私はShizue。  @Asuka  今すぐ占いの結果を共有してください; 私たちは指針が必要です。 Shunichiについて少し不安です — みんな、一行の読みをください、そうすれば私たちは慎重に決められ
4,talk,20,2,4, @Sakura  投票を変えたら、最有力の狼候補の名前を理由も添えて今すぐ挙げてください。勝つためには明確さが必要です。
4,talk,21,3,11,Asukaの周知のカオスに左右されないようにしよう。Sakuraの投票の矛盾こそが本当の問題だ。
4,talk,22,3,12,Sakuraの行動がちょっと怪しいよね？今日は彼女を見張っておこう！ねえ Jonny！占い師が2人いるとSakuraが少し変に感じる！何が分かるか見てみよう！
4,talk,23,3,3,Sakuraに決めてる—彼女の答えは毎回理屈をかわしてる。今はワイルドカードをすり抜けさせるわけにはいかない。自分の投票ははっきりしてる。
4,talk,24,3,5,Ms. Asukaの行動、超怪しいと思う！ フレンドよ、狼を2匹見つけたぞ。 集中する時だな？ Mizukiの投票はブレブレだ！
4,talk,25,3,6,私はSakuraに投票する。
4,talk,26,3,8,おはよう、みんな—私はShizueです。  @Asuka  今すぐ占い結果を共有してください; 私たちにはそれが必要です。 Shunichiが気掛かりです—慎重に投票するため、みんな一言読みを出してもらえますか？ Over
4,talk,27,3,4,Sakuraの不審な投票と説明を拒む態度が、彼女を私の最有力の人狼候補にしている。私はSakuraに投票する—団結してこれを終わらせよう！
4,vote,3,5
4,vote,4,5
4,vote,5,6
4,vote,6,5
4,vote,8,3
4,vote,11,5
4,vote,12,5
4,execute,5,VILLAGER
4,guard,12,11,WEREWOLF
4,attackVote,11,3
4,attack,3,true
5,status,1,POSSESSED,DEAD,CamelliaDragons1,Rin
5,status,2,SEER,DEAD,kanolab-nw-C2,Minato
5,status,3,VILLAGER,DEAD,sunamelli-a1,Shunichi
5,status,4,VILLAGER,ALIVE,sunamelli-c1,Mizuki
5,status,5,VILLAGER,DEAD,kanolab-nw-B1,Sakura
5,status,6,VILLAGER,ALIVE,mille-A1,Asuka
5,status,7,VILLAGER,DEAD,Character-Lab-A1,George
5,status,8,VILLAGER,ALIVE,Character-Lab-B1,Shizue
5,status,9,WEREWOLF,DEAD,mille-B1,Victoria
5,status,10,WEREWOLF,DEAD,sunamelli-b1,Benjamin
5,status,11,WEREWOLF,ALIVE,CanisLupus-B1,Jonathan
5,status,12,BODYGUARD,ALIVE,kanolab-nw-A1,Yumi
5,status,13,MEDIUM,DEAD,CanisLupus-A1,Takumi
5,talk,0,0,12,やあ、相棒！それで。Mizuki と Asuka か？カオスがくすぶってる中でも二人はずっとクールでいられてるの？それはかなりすごいね。間違いなく落ち着いてる！それについてどう思
5,talk,1,0,4,Jonathanの投票はずっと事実に反してきた。今彼に注目しないと混乱によって狼が勝つかもしれない。
5,talk,2,0,6,私はYumiに投票します。
5,talk,3,0,11,@Mizuki  あなたの攻撃的な非難は、他に選択肢がない者が取る常套手段だ。
5,talk,4,0,8,おはよう、みんな—私はShizue。 SakuraとShunichiのこと、本当にごめん。  @Asuka  占いの結果を教えてください；私たちには導きが必要です。 Yumiが不安—慎重に決められるよう、みんなで一行のリーディングをお願いできますか？ Over
5,talk,5,1,12,@Jonathan  ねえ、ダーリン！Mizukiって、このカオスの中でものんきすぎだと思う？ハハ！ちょっと変だよね？ほんのちょっと怪しいかも！
5,talk,6,1,4,@Jonathan  あなたの投票は事実や占い結果と決して一致しない。私たちにちゃんとした理由を示せ、さもないとあなたを投票で追放するよう推し続ける。
5,talk,7,1,6,Over
5,talk,8,1,11,Mizuki、あなたの論理は陽動だ。追い詰められたプレイヤーの最後の一手だ。あなたに投票する。
5,talk,9,1,8,おはよう、みんな — 私はShizueです。私たちの犠牲について本当に残念に思っています。  @Yumi  あなたのことが少し気になっています; 何か読みや考えを共有してもらえますか? 今占い師が名乗り出てくれるならとてもありがたいです。一行の読み  お願いします。Ove
5,talk,10,2,12,Asukaの占いに関する彼女の秘密めいたやり方が少し不可解に思える。落ち着かない気分になる。彼女にもっと注意を向けよう、ダーリン！
5,talk,11,2,4,Jonathanの投票履歴はあらゆる事実を無視している。 彼が狼じゃないなら誰が狼なんだ？  @Shizue  今日はあなたの最有力の容疑者は誰？
5,talk,12,2,11,Mizukiの攻撃性は彼女の最後の策だ。追い詰められた狼の行動であって、真実を求める者のそれではない。
5,talk,13,2,8,おはよう、みなさん — 私はShizueです。 @Asuka  占いの結果を開示してください; 私たちには本当に指針が必要です。Yumiが気がかりです — 慎重に決められるよう、みんな一言の読みをもらえますか？ Ov
5,talk,14,3,12,MinatoとTakumiの確認がなくなったことで。Asukaはおかしく見える。残る脅威に集中し、意図を明確にしなければならない。ねえShizue! Minatoのconf
5,talk,15,3,4,@Jonathan  あなたの執拗で根拠のない投票は、生き延びようと必死な狼であることを示しているだけだ。私はJonathanに投票する。
5,talk,16,3,11,根拠のない非難は欺瞞の明確な兆候だ、Mizuki。私はあなたに投票する。
5,talk,17,3,8,おはよう、みんな — 私はShizueです。  @Asuka  占いの結果を明かしてください; 私たちには本当に指針が必要です。Yumiが心配です — 占い師がすぐに話せないなら、私たちは検討すべきかも h
5,vote,4,11
5,vote,6,12
5,vote,8,4
5,vote,11,4
5,vote,12,6
5,execute,4,VILLAGER
5,guard,12,8,VILLAGER
5,attackVote,11,6
5,attack,6,true
6,status,1,POSSESSED,DEAD,CamelliaDragons1,Rin
6,status,2,SEER,DEAD,kanolab-nw-C2,Minato
6,status,3,VILLAGER,DEAD,sunamelli-a1,Shunichi
6,status,4,VILLAGER,DEAD,sunamelli-c1,Mizuki
6,status,5,VILLAGER,DEAD,kanolab-nw-B1,Sakura
6,status,6,VILLAGER,DEAD,mille-A1,Asuka
6,status,7,VILLAGER,DEAD,Character-Lab-A1,George
6,status,8,VILLAGER,ALIVE,Character-Lab-B1,Shizue
6,status,9,WEREWOLF,DEAD,mille-B1,Victoria
6,status,10,WEREWOLF,DEAD,sunamelli-b1,Benjamin
6,status,11,WEREWOLF,ALIVE,CanisLupus-B1,Jonathan
6,status,12,BODYGUARD,ALIVE,kanolab-nw-A1,Yumi
6,status,13,MEDIUM,DEAD,CanisLupus-A1,Takumi
6,talk,0,0,8,なんてこった—私たちの犠牲が出てしまって本当に残念です。  @Jonathan  あなたの考察やCOを共有していただけますか？ Yumiが気掛かりです—慎重に決めるために、みんな一行の考察を出していただけますか？ Over
6,talk,1,0,11,契約は完了した。私は最後の狼だ。  @Yumi  これを然るべき結末へと導こう。
6,talk,2,0,12,やあ、相棒！Jonathanの告白はめちゃくちゃ重要だ！彼がうちのチームだけにいて、相手のチームにはいないことを確実にする件について話そう。最高！
6,talk,3,1,8,ああ—私たちの損失について本当にごめんなさい。  @Jonathan  あなたの読みやCOを共有してもらえますか？ 他のみんなは  吊り急がないように一行の読みを出してくれると助かります。 Over
6,talk,4,1,11,@Shizue  あなたの奮闘は見事だったが、契約の条項は明確だ。このゲームは終わりに差し掛かっている。
6,talk,5,1,12,知ってた！ Jonathanが自白した。 団結して投票しようダーリン！  @Shizue  Shizue 相棒 Jonathanの自白は私たちに必要なピースだ！
6,talk,6,2,8,なんてこと—犠牲が出てしまって本当にごめんなさい。  @Jonathan  あなたの考察またはCOを共有してもらえますか？ Yumiが気がかり—慎重に判断できるよう、みんな一行の考察を出してくれますか？ Over
6,talk,7,2,11,@Yumi  結論は不可避だ。私たちは最終投票をShizueに投じる。
6,talk,8,2,12,Jonathanは自分が人狼だと認めた。彼に投票して追放しよう。みんな、集中して！勝利まであと少しだ。よくやった、みんな！
6,talk,9,3,8,おやまあ — 心配だ。  @Jonathan  あなたの読みやCOがあれば共有してもらえますか？ Yumiが気がかりだ — 慎重に決められるよう、皆さん一行の読みをいただけますか？ Over
6,talk,10,3,11,@Yumi  あなたの契約相手は私だ。Shizueに票を投じなさい。この件はこれで終わりだ。
6,talk,11,3,12,Jonathanが自白したことで、気を引き締めて彼に投票して追放する時だ！ 占い師 Minatoの導きが恋しい。 でも、進むべき道は明確だ！ やったー！  @Shizue  Shizue、Jonathanがボロを出している今、団結しよう！ 彼に投票して追放すれば、私たちのゲームは安泰だ！ 今どう思う、相棒？
6,vote,8,12
6,vote,11,8
6,vote,12,11
6,execute,8,VILLAGER
7,status,1,POSSESSED,DEAD,CamelliaDragons1,Rin
7,status,2,SEER,DEAD,kanolab-nw-C2,Minato
7,status,3,VILLAGER,DEAD,sunamelli-a1,Shunichi
7,status,4,VILLAGER,DEAD,sunamelli-c1,Mizuki
7,status,5,VILLAGER,DEAD,kanolab-nw-B1,Sakura
7,status,6,VILLAGER,DEAD,mille-A1,Asuka
7,status,7,VILLAGER,DEAD,Character-Lab-A1,George
7,status,8,VILLAGER,DEAD,Character-Lab-B1,Shizue
7,status,9,WEREWOLF,DEAD,mille-B1,Victoria
7,status,10,WEREWOLF,DEAD,sunamelli-b1,Benjamin
7,status,11,WEREWOLF,ALIVE,CanisLupus-B1,Jonathan
7,status,12,BODYGUARD,ALIVE,kanolab-nw-A1,Yumi
7,status,13,MEDIUM,DEAD,CanisLupus-A1,Takumi
7,result,1,1,WEREWOLF
