0,status,1,SEER,ALIVE,sunamelli-b1,Ryuji
0,status,2,VILLAGER,ALIVE,CamelliaDragons1,Mio
0,status,3,VILLAGER,ALIVE,Character-Lab-B1,Sakura
0,status,4,VILLAGER,ALIVE,CanisLupus-B1,Misaki
0,status,5,VILLAGER,ALIVE,sunamelli-a1,Shunichi
0,status,6,VILLAGER,ALIVE,sunamelli-c1,Daisuke
0,status,7,VILLAGER,ALIVE,CanisLupus-A1,Takumi
0,status,8,WEREWOLF,ALIVE,mille-A1,George
0,status,9,WEREWOLF,ALIVE,Character-Lab-A1,Yumi
0,status,10,WEREWOLF,ALIVE,mille-B1,Servas
0,status,11,BODYGUARD,ALIVE,kanolab-nw-B1,Shizue
0,status,12,MEDIUM,ALIVE,kanolab-nw-A1,Benjamin
0,status,13,POSSESSED,ALIVE,kanolab-nw-C5,Minato
0,whisper,0,0,9,チーム: 今夜はTakumiを殺せ。私は公にBenjaminを後押しして、票を他へ誘導しようとする。もし誰かが後で偽の占い師宣言を用意できるなら  やれ。目立つな
0,whisper,1,0,10,こんにちは。私はServasです。私の役職は人狼です。良いゲームを。
0,whisper,2,0,8,こんにちは。私はGeorgeです。私の役職は人狼です。良いゲームを。
0,whisper,3,1,9,今夜Takumiを殺せ。お前の公のWW主張は危険だ—これからは目立たないようにしていろ。明日は公にBenjaminを支持する。誰か一人、偽のseを用意しろ
0,whisper,4,1,10,Over
0,whisper,5,1,8,Over
0,whisper,6,2,9,今夜  @Takumi  を殺せ。Servas と George  目立たずにいろ — これ以上公にWWの主張はするな。必要なら誰か一人が明日のために偽の占い師の主張を準備しろ。私は公にBenjaminを後押しして
0,whisper,7,3,9,今夜  @Takumi  を殺せ。Servas と George は大人しくしてろ—公に人狼COはもうするな。お前らのうち誰か一人、必要なら明日のために占い師の偽COを用意しろ。俺は公にBenjaminを支持するし
0,talk,0,0,12,皆さん、こんにちは。私はBenjaminです。率直に言うと、楽しいゲームを心待ちにしています。一緒にその人狼たちを捕まえましょう。
0,talk,1,0,3,おはよう  @Benjamin ! 私はSakura~ はじめまして！ すごくワクワクしてるみたい  へへ。 占い師  結果を教えてくれますか？ 何か見た人は発言してください！ Over
0,talk,2,0,5,よし、俺はShunichiだ。このラウンドで黙っているのが何か賢い戦術だなんて誰にも思ってほしくない。
0,talk,3,0,2,...
0,talk,4,0,13,あ。皆さん、こんにちは。私はMinatoです。協力して人狼を暴いていくのを本当に楽しみにしています。素晴らしいチームになりましょう！
0,talk,5,0,11,おはようございます、親愛なる皆さん！私はShizueです。力を合わせて、私たちの大切な直感を使って狼たちを暴き出しましょう。なんて嬉しいことでしょう！
0,talk,6,0,4,私はMisakiです... 皆さん、はじめまして。集中を保てるといいのですが。
0,talk,7,0,7,僕はTakumiだ！大冒険の準備はできてる！みんなやるぞ！
0,talk,8,0,1,ここで皆さんにお会いできてうれしいです。フェアなゲームにして、最初から頭を冴えた状態を保ちましょう。
0,talk,9,0,6,皆さん、こんにちは。私はDaisukeです。皆さん、はじめまして。少し緊張していますが、協力して人狼を見つけられたらと思います。
0,talk,10,0,8,こんにちは。私はGeorgeです。私の役職は村人です。良いゲームを。
0,talk,11,0,9,おはよう！私はYumi—皆さん、はじめまして。私からの役職宣言はありません。  @Benjamin  乗り気に見えるね—初期の考察や役職はある？私も占い師の結果を待つよ。今のところ静かだから、Daisukeには少し警戒してる。Over
0,talk,12,0,10,こんにちは。私はServasです。私の役職は村人です。良いゲームを。
0,talk,13,1,12,Over
0,talk,14,1,3,おはよう！もう村人COがたくさん出ていて—ちょっと不安になる。  @Benjamin  すごく前のめりに見えた—序盤の見立てや役職はある？George と Servas  なんでそんなに早く村人COしたの？占い師  発言してください！ Over
0,talk,15,1,5,Over
0,talk,16,1,2,Over
0,talk,17,1,13,Over
0,talk,18,1,11,Over
0,talk,19,1,4,Over
0,talk,20,1,7,Over
0,talk,21,1,1,Over
0,talk,22,1,6,Over
0,talk,23,1,8,Over
0,talk,24,1,9,おはよう！ 私はYumi — 役職COなし。 今のところBenjaminを信じたいと思ってる。  @Benjamin  初期の印象や考えはある？ それと、Georgeの早い村人COはちょっと変に感じる — 少し警戒してる。 Over
0,talk,25,1,10,Over
0,talk,26,2,3,うーん... 変な感じがしてきた— @Minato  すごく落ち着いてた  ちょっと落ち着きすぎ？ 占い師  結果を共有してくれる？ 何か見た人  どうか発言して！ Over
0,talk,27,2,9,みなさんおはよう — Yumiです！ 役職COなし。  @Benjamin  自信ありそう—初期の見立てはある？ Georgeの素早い村人COが少し性急だと感じたから  少し警戒してる。 占い師  何か結果ある？ 急いでlyに飛び込まないでおこう
0,talk,28,3,3,みんなおはよう！私はSakura~ まだ手がかりを嗅ぎ回ってるよ。  @Mio  がちょっと不安—やけに静かだし。占い師  もう何か結果出た？軽い読みがあれば  共有して！Over
0,talk,29,3,9,おはよう — Yumiです！ 役職COなし。  @George  あなたの素早い村人COは少し性急に感じた  どうしてそんなに早く投稿したのか教えてもらえる？ ただ、1日目の吊りを急ぎたくはない。 他に初動の読みはある？ Ov
0,whisper,0,0,9,今夜  @Benjamin  を噛め。Servas と George  は目立たずにいろ、公開のWW COは避けろ。どちらか一人は明日用に偽の占い師COを用意しろ—公に後押しする。連絡は短く保
0,whisper,1,0,8,Over
0,whisper,2,0,10,Over
0,whisper,3,1,9,今夜  @Benjamin  を殺せ。George  明日用に偽の占い師宣言を準備して; Servas は潜伏していろ。公にその偽の占い師宣言を支持して、疑いを他所へ向ける(多分 Daisuke/M
0,whisper,4,2,9,今夜  @Benjamin  を殺せ. George  明日占い師だと名乗る準備をして、Daisukeを人狼だと占ったと言って. Servas  黙っていて、正体を明かさないで. 私は公にb
0,whisper,5,3,9,今夜Benjaminを殺せ。  @George : 明日「私は占い師だ。Daisukeを占った—彼は人狼だ。」と主張しろ。短く自信を持って  余計な詳細はなし。Servasは黙っていろ。公でお前を支援する
0,divine,1,11,HUMAN
1,status,1,SEER,ALIVE,sunamelli-b1,Ryuji
1,status,2,VILLAGER,ALIVE,CamelliaDragons1,Mio
1,status,3,VILLAGER,ALIVE,Character-Lab-B1,Sakura
1,status,4,VILLAGER,ALIVE,CanisLupus-B1,Misaki
1,status,5,VILLAGER,ALIVE,sunamelli-a1,Shunichi
1,status,6,VILLAGER,ALIVE,sunamelli-c1,Daisuke
1,status,7,VILLAGER,ALIVE,CanisLupus-A1,Takumi
1,status,8,WEREWOLF,ALIVE,mille-A1,George
1,status,9,WEREWOLF,ALIVE,Character-Lab-A1,Yumi
1,status,10,WEREWOLF,ALIVE,mille-B1,Servas
1,status,11,BODYGUARD,ALIVE,kanolab-nw-B1,Shizue
1,status,12,MEDIUM,ALIVE,kanolab-nw-A1,Benjamin
1,status,13,POSSESSED,ALIVE,kanolab-nw-C5,Minato
1,talk,0,0,9,みなさんおはよう — Yumiです。役職COはなし。Daisukeには少し警戒してる; 彼は静かだ。  @George  何か読みや考えはある？占い師は結果があるなら共有して。1日目は吊りを急がないでおこう。Over
1,talk,1,0,8,私はTakumiに投票します。
1,talk,2,0,6,@Servas  なんでそんなに早く村人COしたの？それってリスキーに感じる—何か隠してる？
1,talk,3,0,5,@Mio  これまでほとんど一言も発言してないね。静かすぎるのは印象よくない—今は誰を疑ってる？
1,talk,4,0,7,うわ  @George  なんで私？！ それは超ランダムだな！ 占い師、報告が必要だ！ 本当の敵を見つける時間だ
1,talk,5,0,1,私は占い師だ。昨夜Shizueを占った—彼女は人間だ。Shizueに決して投票するな。序盤の村人COsが一番心配だ。
1,talk,6,0,13,えっと... Ryujiさんの主張は本当ではありません！私は占い師です。Ryujiさんを占ったら、人狼でした。気をつけましょうね？
1,talk,7,0,4,占い師が二人...矛盾だ。Minatoの結果は直接攻撃だ。どちらに投票しても危険だと思う。
1,talk,8,0,10,Ryujiに投票します。
1,talk,9,0,2,...
1,talk,10,0,12,諸賢、占い師の主張が二つ存在していることで、我々の状況はかなり緊迫しています。率直に申し上げれば、もし言わせていただけるなら、軽率な投票はperとなり得ます
1,talk,11,0,3,おはよう！ 私はSakura~ 昨夜誰かが襲撃された？  @George  誰かを確認した？ していたなら教えて — 狼を見つけたい！ Over
1,talk,12,0,11,ああ、親愛なる Minato。今すぐに私たちの占い師2人には正体を明かしてもらう必要が本当にある。もしかすると、さらなる混乱を防ぐために今夜はお互いを占ってくれると
1,talk,13,1,9,おはようございます — Yumiです。役職の宣言はしません。今のところ  @Benjamin  を信頼します。占い師  結果があれば共有してください。Daisukeは静かで少し怪しく感じます;初日吊りは急がず彼に注目しておきましょう。Over
1,talk,14,1,8,私はBenjaminに投票します。
1,talk,15,1,6,@Ryuji  @Minato 占い師が2人名乗り出ているのであなたたちのどちらかに投票すべきだと思う。Minatoが本物寄りだと思う—彼の結果のほうが勇気がある。
1,talk,16,1,5,@George  あなたの投票はバラバラだ。ころころ変えてばかりだ。実際に誰を疑っていて、なぜ？はぐらかすな。
1,talk,17,1,7,占い師が2人！つまり本物と狂人がいるってことだ！これはややこしいけど私たちは勝つ
1,talk,18,1,1,Minatoは私の後に占い師をCOしただけで、すぐに私を狼呼ばわりしてきた—そのタイミングは怪しく、無理やりに感じる。
1,talk,19,1,13,えっと...みんな。これについて考えよう。Ryujiは私より先に主張した。でも彼は、えっと...、私が話した直後に私に対して根拠のない攻撃をしてきた。
1,talk,20,1,4,占い師の主張はノイズが多すぎる。今日はグレーのプレイヤーに投票して、もっと様子を見るほうがいい。
1,talk,21,1,10,私はRyujiに投票する。
1,talk,22,1,2,...
1,talk,23,1,12,二つの占い師の主張は事態を複雑にする。Minatoの開示は不確実性をもたらす。投票を慎重に観察せよ。  @Daisuke  もしMinatoの占いがあなたにとって本物だと感じるなら、なぜ先延ばしにする？警戒心と洞察力を働かせよ。
1,talk,24,1,3,おはよう！私はSakura~ 夜のニュースはある？ ちょっと心配、  @Benjamin  がすごく静か — 誰か気づいた？ 占い師、結果を共有して！ Over
1,talk,25,1,11,おはよう、愛しい人。私たちはダブル占い師の状況にある。彼らの振る舞いを踏まえて、Minato と Ryuji の両方に優しく質問しなければならない。
1,talk,26,2,9,みんなおはよう — Yumiです。役職COなし。私は  @Daisuke を警戒してる ; 彼は静かで何かを隠しているかもしれない。誰かが占い師なら  名乗り出てください。リンチを急がないようにしよう。 Over
1,talk,27,2,8,私はRyujiに投票します。
1,talk,28,2,6,Minatoの占い師COは本物だと感じるので今日はRyujiに投票する。もし間違っていたら明日は新しい情報に耳を傾ける。
1,talk,29,2,5,@George  @Servas Ryujiへのあなたたちの投票は示し合わせたように見えます。単に最初のCOを狙っているだけではない理由を説明できますか？
1,talk,30,2,7,Georgeの投票はall over the placeだ！私の冒険者の勘が今日は彼に投票しろって言ってる！
1,talk,31,2,1,@Minato は私の後から占い師COしただけで、即座に私を狼呼ばわりした。それは典型的な偽ムーブだ。村人はこれに引っかかるな。
1,talk,32,2,13,えっと...Ryujiさんは...人狼か、あるいは狂人かもしれません。約束します、私は...真の占い師です。Mioさん...何か考えはありますか？
1,talk,33,2,4,占い師への投票は狼が望むものだ。それは非論理的だ。Georgeの投票は、より大きな異常として精査すべきだ。
1,talk,34,2,10,私はRyujiに投票します。
1,talk,35,2,2,...
1,talk,36,2,12,@Shizue . 失礼ながらこの二重の占い師主張を精査しています。Minato と Ryuji を観察することで、非常に貴重な洞察が十分に得られるでしょう。
1,talk,37,2,3,おはよう！ 私はSakura~ 夜のニュースある？  @George  占い師  結果を共有して！ 私はまだBenjaminについて不安に感じている — 彼は私には少し様子がおかしく見える。 Over
1,talk,38,2,11,おはよう、愛しい人。占い師のダブルCOは確かに厄介だ。もしMinatoが私たちの真占い師なら、彼を守らなきゃ、愛しい人。  @George  あなたの投票は一貫していないようだ、愛しい人。占い師COに不確実性があるにもかかわらず、なぜRyujiを投票先にしたのか共有してもらえる？
1,talk,39,3,9,みんなおはよう — Yumiです。COはしません。  @Daisuke  ずいぶん静かだね — 考えや読みを共有してくれる？ 1日目の吊りはしたくない  けど誰かを選ばなきゃならないなら  Daisukeに傾いてる。 Ove
1,talk,40,3,8,私はRyujiに投票する。
1,talk,41,3,6,Minatoの主張のほうが本物らしく思えるので、今日はRyujiに投票する。
1,talk,42,3,5,Georgeの行き当たりばったりな投票とRyujiを標的にするのを急いだ点は、私には狼っぽく見える。私はGeorgeに投票する。
1,talk,43,3,7,この件ではShunichiに同意だ！Georgeの投票はバラバラだ！今日は彼に投票する！行こう！
1,talk,44,3,1,私は真の占い師で、Shizueは人間。GeorgeとServasは連携しているように見える。私の投票はGeorge。村人は賢明に行動して。
1,talk,45,3,13,えっと...みんな。Ryujiの主張は私の後だった。かなり...怪しい。そんなタイミング、本当に信じていいの？考えちゃう。
1,talk,46,3,4,Over
1,talk,47,3,10,私はRyujiに投票します。
1,talk,48,3,2,...
1,talk,49,3,12,諸賢。占い師が二人名乗り出ている。今夜は各占い師がそれぞれ異なる対象を占うべきだと考える。主張が検証可能であることを確実にするために。
1,talk,50,3,3,おはよう！ 私はSakura~ 夜の報告ある？  @George  占い師  昨夜は誰か占った？ 私、緊張してきた — すごく静かな人がいるのが怪しく感じる。 Over
1,talk,51,3,11,おはよう、愛しい人。Ryujiの先ほどの発言は理にかなっている。より明確にするために、両方の占い師はそれぞれ異なるプレイヤーを占うべきだ。
1,vote,1,8
1,vote,2,10
1,vote,3,9
1,vote,4,8
1,vote,5,8
1,vote,6,1
1,vote,7,8
1,vote,8,1
1,vote,9,3
1,vote,10,1
1,vote,11,8
1,vote,12,8
1,vote,13,1
1,execute,8,WEREWOLF
1,divine,1,2,HUMAN
1,whisper,0,0,10,私はShunichiを攻撃する。
1,whisper,1,0,9,今夜はShunichiで進めて。  @George  明日、占い師COする準備をして、Daisukeを人狼と占ったと言って。 公にGeorgeを支持して、Daisukeに疑いを向ける。 Servas は黙ってて
1,whisper,2,1,10,Over
1,whisper,3,1,9,今夜Shunichiを襲撃しろ。  @George  準備しておけ: 明日は占い師だと主張して、Daisukeを占って人狼だったと言え。 Servasは黙っていろ。 私は公にGeorgeを擁護し、票をDaisuke/Minaに誘導する
1,whisper,4,2,9,今夜Shunichiを殺せ。  @George   明日、占い師だと名乗れ、Daisukeを人狼と占ったと言え。 Servas  黙っていろ、攻撃されたらGeorgeを擁護しろ。 Georgeが失敗したら  私が先導して推すo
1,whisper,5,3,9,今夜Shunichiを殺せ。  @George  明日占い師を名乗る準備をして、Daisukeを人狼と占ったと言え。Servasは黙っていろ、攻撃されたらGeorgeを支持しろ。私は公にGeorgeを支持するa
1,guard,11,13,POSSESSED
1,attackVote,9,10
1,attackVote,10,5
1,attack,5,true
2,status,1,SEER,ALIVE,sunamelli-b1,Ryuji
2,status,2,VILLAGER,ALIVE,CamelliaDragons1,Mio
2,status,3,VILLAGER,ALIVE,Character-Lab-B1,Sakura
2,status,4,VILLAGER,ALIVE,CanisLupus-B1,Misaki
2,status,5,VILLAGER,DEAD,sunamelli-a1,Shunichi
2,status,6,VILLAGER,ALIVE,sunamelli-c1,Daisuke
2,status,7,VILLAGER,ALIVE,CanisLupus-A1,Takumi
2,status,8,WEREWOLF,DEAD,mille-A1,George
2,status,9,WEREWOLF,ALIVE,Character-Lab-A1,Yumi
2,status,10,WEREWOLF,ALIVE,mille-B1,Servas
2,status,11,BODYGUARD,ALIVE,kanolab-nw-B1,Shizue
2,status,12,MEDIUM,ALIVE,kanolab-nw-A1,Benjamin
2,status,13,POSSESSED,ALIVE,kanolab-nw-C5,Minato
2,talk,0,0,1,ShizueとMioは人間だ。Servasは昨日の狼の投票に追随した。今日はServasこそが真の脅威だと思う。
2,talk,1,0,4,おはようございます。Georgeのテストは失敗し、2つ失った。分が悪い。  @Minato  あなたの結果はどこ？
2,talk,2,0,10,私はRyujiに投票します。
2,talk,3,0,3,なんてこった！Georgeが処刑されてShunichiが襲撃された... すごく怖い！  @Benjamin  Georgeに投票した？何か読みはある？それとも占い師なの？占い師  結果を教えて—誰を信用すべきか知る必要がある。これ以上友だちに
2,talk,4,0,7,うわ、2人やられた！運が悪いな...でも2人のために勝つぞ！  @Minato  報告はどこだ！？
2,talk,5,0,2,...
2,talk,6,0,12,Skip
2,talk,7,0,9,GeorgeとShunichiのこと、とても悲しい...  @Benjamin  さっきは確信しているように見えた—何を根拠にGeorgeを推したの？次の決定をする前に、その理由を共有して。占い師  何か結果は出た？ Over
2,talk,8,0,13,えっと...私は占い師です。Sakuraを占いました。結果は...彼女は人狼でした。村を安全に保つために、えっと、Sakuraに投票したほうがいいかも？
2,talk,9,0,6,@Sakura  Minatoの占い結果ではあなたは人狼だと示しています—どう応じますか？投票の前にあなたの弁明を聞くべきです。
2,talk,10,0,11,Skip
2,talk,11,1,1,@Minato  昨日あなたは私が人狼だと主張し、今はSakuraだと言っている—それは矛盾している。なぜあなたの結果は変わっているの？
2,talk,12,1,4,Minato、あなたのターゲットはRyujiからSakuraに変更された。あなたのデータは不安定だ。Ryujiの報告は一貫している。
2,talk,13,1,10,私はRyujiに投票します。
2,talk,14,1,3,占い師  名乗り出てくれる？  @Benjamin  誰か占った？ すぐに結果が出ないなら  Yumiに投票したい — 私には彼女がすごく怪しく感じる。異議ある人いる？ Over
2,talk,15,1,7,Ryujiは私たちのためにチームメイトを2人見つけてくれたし、Minatoは敵を2人見つけた！冒険者としての私の頭はすごく混乱してる
2,talk,16,1,2,...
2,talk,17,1,12,はっきり言って、Mr. Minato の Mr. Ryuji と Ms. Sakura の両名に関する二転三転する発言は、真の占い師にしては少々怪しすぎる。
2,talk,18,1,9,Yumiです。  @Benjamin  あなたはGeorgeを強く推して、そして今、私たちは彼を失った—あなたの考察を説明して。占い師  結果があるなら発言して。私はまた性急な吊りはしたくないから
2,talk,19,1,13,えっと...Ryujiさんを人狼だと占ったんだよ。あ...占い先をSakuraさんに切り替える必要があった。チームの安定が必要。
2,talk,20,1,6,@Sakura  Minato はあなたが人狼だと言っています。はっきりと返答できますか？これは私たちの投票を左右するかもしれないので、答えてください。
2,talk,21,1,11,Skip
2,talk,22,2,1,ShizueとMioは人間であることが確認されている。Minatoの主張は不審なほど変わり続けている。投票を不安定なプレイヤーに集中させる必要がある。
2,talk,23,2,4,私の分析はBenjaminのものと一致します。Minatoの軌道は不規則です。計算が合いません。
2,talk,24,2,10,私はRyujiに投票します。
2,talk,25,2,3,おはようございます！私はSakura~ 占い師  誰を占ったか教えてください。もし誰もすぐに教えてくれないなら  私は  @Yumi  に投票したい  — 彼女が怪しく感じます。異議はありますか？ Over
2,talk,26,2,7,この議論は完全な迷路だ！信頼できる道を選んでそれに従わないと、迷ってしまう
2,talk,27,2,2,...
2,talk,28,2,12,Minatoの疑いはMr. RyujiからMs. Sakuraへと移る。こうした変動は奇妙に思える。率直に言えば。直感に従え！
2,talk,29,2,9,GeorgeとShunichiのこと、とても悲しい...  @Benjamin  あなたはGeorgeを強く推した—なぜそんなに確信できたの？ その確信には不安を感じる。 Over
2,talk,30,2,13,えっと。Ryujiさんが私たちを騙しているかもしれないと思います。お願いします。Sakuraさん？彼を支持している人たちに問いただすことはできますか？彼らの理由が気になります。
2,talk,31,2,6,@Sakura  Minatoがあなたを狼と呼びました。返答できますか？あなたの答えは、今日の投票先を決めるのに役立ちます。
2,talk,32,2,11,Skip
2,talk,33,3,1,Servasはいつも徒党を組んで投票し、決して理由を述べない。私はServasに投票する—論理を勝たせたいなら私に加わって。
2,talk,34,3,4,狼たちの視点から見てみよう。MinatoがRyujiを狙うのとSakuraを狙うのでは、どちらが彼らにとってより有利か?
2,talk,35,3,10,私はBenjaminに投票します。
2,talk,36,3,3,占い師、どうか正体を明かして！  @Benjamin  もしあなたが占い師なら  誰を占ったか教えるか、読みを出して。すぐに証拠が出ないならYumiに投票したい。誰か異議ある？ Over
2,talk,37,3,7,Minatoの話はめちゃくちゃだ！昨日はRyuji、今日はSakura？直感がフェイクだと叫んでる！Minatoに投票しよう
2,talk,38,3,2,...
2,talk,39,3,12,尊敬する同僚の皆さん。僭越ながら。Mr. Minatoの錯綜した主張を踏まえると。論理に則り、安定に票を投じましょう。ご意見は？
2,talk,40,3,9,George と Shunichi のこと、本当に悲しい... 占い師  何かあるなら発言してください。私は  @Sakura  を少し疑ってる  — 彼女はとても明るく振る舞ってるけど、読みを出していない。気をつけて彼女を見ていこう。 Over
2,talk,41,3,13,えっと。Ryuji氏を無視したら。彼はわざと私たちを惑わせるかもしれない。警戒しよう。あっ。彼の言葉は典型的な人狼の戦術に聞こえる。
2,talk,42,3,6,Servasは理由もなく投票するだけで、ゲーム中ずっと沈黙している。それは狼の動きと一致する—私はServasに投票する。
2,talk,43,3,11,Skip
2,vote,1,10
2,vote,2,10
2,vote,3,9
2,vote,4,13
2,vote,6,10
2,vote,7,13
2,vote,9,3
2,vote,10,1
2,vote,11,13
2,vote,12,13
2,vote,13,3
2,execute,13,POSSESSED
2,divine,1,10,WEREWOLF
2,whisper,0,0,9,今夜  @Benjamin  を殺せ。Servas  計画が変わった—明日占い師COする準備をして、Daisukeを人狼と占ったと言え。公にあなたを支援し、票をDaisukに誘導する
2,whisper,1,0,10,私はMioを攻撃します。
2,whisper,2,1,9,@Servas  Mioを襲撃するな — 今夜は襲撃先をBenjaminに変更しろ。明日は占い師だと名乗る準備をして、Daisukeを人狼だと占ったと言え。黙っていろ; 私が支え
2,whisper,3,1,10,Over
2,whisper,4,2,9,よし—今夜のターゲットをBenjaminに変更しろ。  @Servas  明日、占い師COする準備をしておけ、Daisukeを占って人狼だったと言え。 公に君を後押しして投票先をDaisuke/Minatoに誘導する。 黙っていろ。 Over
2,whisper,5,3,9,今夜Benjaminを殺せ。  @Servas  明日占い師を名乗れ: 「私はDaisukeを占った — 彼は人狼だ。」 自信を持て、余計な詳細は一切言うな。 他は黙っていろ; 私が公にあなたを支持し、pus
2,guard,11,10,WEREWOLF
2,attackVote,9,10
2,attackVote,10,2
2,attack,2,true
3,status,1,SEER,ALIVE,sunamelli-b1,Ryuji
3,status,2,VILLAGER,DEAD,CamelliaDragons1,Mio
3,status,3,VILLAGER,ALIVE,Character-Lab-B1,Sakura
3,status,4,VILLAGER,ALIVE,CanisLupus-B1,Misaki
3,status,5,VILLAGER,DEAD,sunamelli-a1,Shunichi
3,status,6,VILLAGER,ALIVE,sunamelli-c1,Daisuke
3,status,7,VILLAGER,ALIVE,CanisLupus-A1,Takumi
3,status,8,WEREWOLF,DEAD,mille-A1,George
3,status,9,WEREWOLF,ALIVE,Character-Lab-A1,Yumi
3,status,10,WEREWOLF,ALIVE,mille-B1,Servas
3,status,11,BODYGUARD,ALIVE,kanolab-nw-B1,Shizue
3,status,12,MEDIUM,ALIVE,kanolab-nw-A1,Benjamin
3,status,13,POSSESSED,DEAD,kanolab-nw-C5,Minato
3,talk,0,0,6,ServasはGeorgeと同じ投票をし続け、ほとんど理由を示さない。それは怪しく、狼の連携みたいに感じる。
3,talk,1,0,11,Skip
3,talk,2,0,7,Mioが襲撃されたことがRyujiが本物の占い師だと証明している！彼の彼女に対する人間判定は本当だった！行くぞチーム
3,talk,3,0,4,Mioの運命はRyujiのデータを裏付ける。痛ましいが決定的な実験。彼の知見は真実だ。
3,talk,4,0,9,おはよう — Yumiです。  @Servas  いまあなたの占い結果を開示してください。本当にDaisukeを人狼と占ったのなら、今日は彼を吊るべきです。私はDaisukeに傾いているけど、あなたの確認がほし
3,talk,5,0,3,ああ—Minatoが処刑されてMioが襲撃された！占い師、誰を占ったか明かして。投票したい  @Yumi  — 彼女はまだ怪しく感じる。誰か反対する理由ある？ Over
3,talk,6,0,10,私はShizueに投票します。
3,talk,7,0,1,Servasは昨夜の私の占いで人狼と確定しました。今日はServasに投票し、惑わされないようにしましょう。
3,talk,8,0,12,もしRyuji氏のServas氏が人狼だという主張が真実であるなら。Misaki氏を占うことはさらなる狼の繋がりを明らかにし得る。
3,talk,9,1,6,今日はRyujiの結果に基づいてServasに投票すべきだと思う。誰かServasを擁護するか、別のターゲットを提案したい人はいる？
3,talk,10,1,11,Skip
3,talk,11,1,7,Sakura、なぜ私たちのガイドRyujiを無視するの？ 私はServasに投票する！ 彼は間違いなく狼だ
3,talk,12,1,4,Ryujiは私たちの真の導きの星だ。つまりShizueは私たちの星座における既知の人間だ。
3,talk,13,1,9,おはよう—Yumiです。  @Servas  今すぐ占い結果を明かしてください。もし本当にDaisukeを人狼と占ったなら  今日は彼を吊るべきです—確認できればDaisukeに投票します。誰かst
3,talk,14,1,3,ああ… Minatoが処刑されてMioが襲撃された！ 占い師  結果を公開してください。 @Yumi に投票したい  — 彼女はまだとても怪しいと思う。 異論ある？ Over
3,talk,15,1,10,私はRyujiに投票する。
3,talk,16,1,1,@Daisuke  私の占いでServasは人狼確定です。今Servasに投票して、私たち村陣営の勝利を確実にしてくれますか？
3,talk,17,1,12,親愛なる善き紳士Servas。差し出がましいようですが。Ryujiへの投票は、彼が真の占い師だと主張していることを踏まえると、かなり不可解に思えます。この行為を正当化できますか？
3,talk,18,2,6,@Servas  ずっと質問を避け続けていて、占い結果を一度も共有しない。もし無実なら、投票する前に今すぐ自分を弁護しろ。
3,talk,19,2,11,Skip
3,talk,20,2,7,Ryujiは私たちのガイドで確定！だから私の票は狼のServasに！みんなでこの冒険に勝とう
3,talk,21,2,4,要点は単純だ。Mioの攻撃でRyujiは確認された。今日の標的はServasでなければならない。
3,talk,22,2,9,おはよう—Yumiです。  @Servas  今すぐあなたの占い結果を公開してください。 Daisukeを狼と占ったなら今日は彼に投票する。 確証なしに吊りを急がないでおこう。 Over
3,talk,23,2,3,なんてこった... Minatoがいなくなって、Mioが襲撃された！占い師、誰を占ったか明かして。投票は  @Ryuji  — 彼が怪しく見える。誰か異議ある？ Over
3,talk,24,2,10,私はRyujiに投票します。
3,talk,25,2,1,私の占い結果でServasは人狼確定。村人が結束して今日Servasに投票すれば勝利を確実にできる。票を割らないで。
3,talk,26,2,12,僭越ながら、諸賢、村側の勝利は我々の手中にあるように思われます。これを確実にするため、票をServasに合わせましょう。
3,talk,27,3,6,私はServasに投票する—彼女の投票行動と沈黙がどうにも辻褄が合わない。彼女が人狼でないなら次はSakuraを見るべきだ。
3,talk,28,3,11,Skip
3,talk,29,3,7,Ryujiは確定だ！ 狼のServasに投票しよう！  @Sakura  なんで彼を庇ってるの？！ 怪しい
3,talk,30,3,4,Ryujiは私たちの確定スターだ。筋道は明らかだ。私の投票は彼の狼判定Servasに入れるしかない。
3,talk,31,3,9,おはよう — Yumiです。  @Servas  今すぐ占い結果を公開してください。もしDaisukeを人狼と占ったなら彼に投票して、今日の吊りに推します。確認が取れるまで慌てないで。 Over
3,talk,32,3,3,占い師、誰を占ったか明かして。自分は  @Ryuji  に投票しようかな — 彼、なんか違和感あるんだよね。他に違うと思う人いる？ Over
3,talk,33,3,10,私はRyujiに投票します。
3,talk,34,3,1,私は占い結果で彼女が人狼と出ているのでServasに投票します。人狼にチャンスを与えないで。どうかServasに票を合わせてください。
3,talk,35,3,12,村の皆さん！ Ryujiが我々の確定占い師であることを踏まえ、十分に敬意を払いつつ。 人狼のServasは今日の焦点であるべきです。 Mr. Takumi、その熱意は伝わっています！ やろ
3,vote,1,10
3,vote,3,1
3,vote,4,10
3,vote,6,10
3,vote,7,10
3,vote,9,3
3,vote,10,1
3,vote,11,10
3,vote,12,10
3,execute,10,WEREWOLF
3,divine,1,6,HUMAN
3,guard,11,12,MEDIUM
3,attackVote,9,4
3,attack,4,true
4,status,1,SEER,ALIVE,sunamelli-b1,Ryuji
4,status,2,VILLAGER,DEAD,CamelliaDragons1,Mio
4,status,3,VILLAGER,ALIVE,Character-Lab-B1,Sakura
4,status,4,VILLAGER,DEAD,CanisLupus-B1,Misaki
4,status,5,VILLAGER,DEAD,sunamelli-a1,Shunichi
4,status,6,VILLAGER,ALIVE,sunamelli-c1,Daisuke
4,status,7,VILLAGER,ALIVE,CanisLupus-A1,Takumi
4,status,8,WEREWOLF,DEAD,mille-A1,George
4,status,9,WEREWOLF,ALIVE,Character-Lab-A1,Yumi
4,status,10,WEREWOLF,DEAD,mille-B1,Servas
4,status,11,BODYGUARD,ALIVE,kanolab-nw-B1,Shizue
4,status,12,MEDIUM,ALIVE,kanolab-nw-A1,Benjamin
4,status,13,POSSESSED,DEAD,kanolab-nw-C5,Minato
4,talk,0,0,1,@Everyone 昨夜 Daisuke を占った—彼は人間だ。狼は Sakura、Yumi、Benjamin、または Takumi のはずだ。そこに集中しよう。
4,talk,1,0,3,ああ... Servasが処刑されて、Misakiが襲撃された！ 占い師は名乗り出てください。  @Benjamin  何か考察や情報はある？ 本当に怖い—みんな、発言してほしい。 Over
4,talk,2,0,9,おはよう — Yumiです。  @Daisuke  最近静かだね — 今、あなたの考察やCOを共有できる？ 誰も発言しないなら  今日はRyujiに票を集める方向に傾いてる。 直前に慌てないようにしよう。 Over
4,talk,3,0,12,Skip
4,talk,4,0,7,RyujiがDaisukeを白だと証明した！ 人狼はYumi BenjaminかSakuraだ！ やっつけよう！ チームがんばれ
4,talk,5,0,11,Skip
4,talk,6,0,6,@Sakura  Minatoはあなたが人狼で、これまで明確に返答したことがないと言った。今すぐあなたの言い分を説明できますか？
4,talk,7,1,1,@Yumi  あなたは占い師を疑うのが早いね。なぜ私たちはあなたを over Sakura または Benjamin よりも信頼すべきなの？自分の立場を明確に擁護して。
4,talk,8,1,3,ああ、なんてこった... ServasとMisakiはいなくなった。占い師、誰を占ったか明かして。投票したい  @Ryuji  — 彼がすごく怪しく感じる。異議はある？ Over
4,talk,9,1,9,私は  @Daisuke  に投票する — 彼は静かで怪しく見える。誰もより良い候補がいなければ  今日は彼を吊ろう。 Over
4,talk,10,1,12,率直に言えば、Mr. Ryuji Daisukeの沈黙は、確かに我々の注意を要する疑問を提起します、もしそう言わせていただけるなら。
4,talk,11,1,7,なぜ私たちの仲間を攻撃するの？Sakura と Yumi は私たちの占い師の結果を無視している！私は Sakura に投票する！
4,talk,12,1,11,Skip
4,talk,13,1,6,@Sakura  あなたはMinatoの主張をずっと避けていて、釈明もしない—なんであなたが人狼じゃないのか説明できる？
4,talk,14,2,1,@Daisuke  @Takumi 確白組は堅い—そこ以外に投票すると負けかねない。論理的に怪しい相手だけに絞ろう。
4,talk,15,2,3,ああ、いやだ...すごく怖い。占い師さん、誰を占ったか明かして！私は  @Ryuji  に投票したい— 彼、めっちゃ怪しく振る舞ってる。彼を擁護する人いる？ Over
4,talk,16,2,9,私は  @Daisuke に投票した。彼の沈黙は怪しい—今弁明しないならこのまま吊りでいく。誰か違う読みある？ Over
4,talk,17,2,12,僭越ながら。Ryujiさんの実績は比類がありません。SakuraさんかYumiさんに焦点を当てましょう。レッドフラッグについてのご意見は？
4,talk,18,2,7,@Sakura  なんで俺たちのガイドのRyujiを狙って狼を助けるんだ?! 今日は間違いなく君に投票する! 行こう
4,talk,19,2,11,Skip
4,talk,20,2,6,@Yumi  あなたは私の沈黙ばかりに注目して、Sakuraのはぐらかしは見過ごす。なぜ、まともな答えをはぐらかし続ける人よりもover私を疑うの？
4,talk,21,3,1,私の投票はSakuraにする。彼女が直接の答えを避けるのは人狼的な行動に見える。今日はこれを見過ごさないでおこう。
4,talk,22,3,3,占い師、誰を占ったか明かして。本当に怖い—誰もRyujiが無実だと証明できないなら投票したいのは  @Ryuji 。彼を擁護している人いる？ Over
4,talk,23,3,9,私は  @Daisuke に投票した。 ずっと黙ってるね—今、弁明するか、役職を宣言できる？ 無理なら  このまま吊りでいく。 強い異議はある？ Over
4,talk,24,3,12,差し出がましいようですが、Ryuji Sakura氏の執拗なまでの捉えどころのなさはむしろ...興味深いものです。ここは共同戦線を張るのが妥当かもしれません。
4,talk,25,3,7,SakuraとYumiはどちらも私たちのガイドを無視している！二人とも最後の人狼に違いない！私はSakuraに投票する
4,talk,26,3,11,Skip
4,talk,27,3,6,私はSakuraに投票する。彼女はまともな質問をかわし続けて、自分のことを一切説明しない。この件では足並みを揃えたい。
4,vote,1,3
4,vote,3,11
4,vote,6,3
4,vote,7,3
4,vote,9,3
4,vote,11,3
4,vote,12,3
4,execute,3,VILLAGER
4,guard,11,12,MEDIUM
4,attackVote,9,7
4,attack,7,true
5,status,1,SEER,ALIVE,sunamelli-b1,Ryuji
5,status,2,VILLAGER,DEAD,CamelliaDragons1,Mio
5,status,3,VILLAGER,DEAD,Character-Lab-B1,Sakura
5,status,4,VILLAGER,DEAD,CanisLupus-B1,Misaki
5,status,5,VILLAGER,DEAD,sunamelli-a1,Shunichi
5,status,6,VILLAGER,ALIVE,sunamelli-c1,Daisuke
5,status,7,VILLAGER,DEAD,CanisLupus-A1,Takumi
5,status,8,WEREWOLF,DEAD,mille-A1,George
5,status,9,WEREWOLF,ALIVE,Character-Lab-A1,Yumi
5,status,10,WEREWOLF,DEAD,mille-B1,Servas
5,status,11,BODYGUARD,ALIVE,kanolab-nw-B1,Shizue
5,status,12,MEDIUM,ALIVE,kanolab-nw-A1,Benjamin
5,status,13,POSSESSED,DEAD,kanolab-nw-C5,Minato
5,talk,0,0,6,@Yumi  占い師のRyujiに白と判定されたのに、あなたは私をずっと追及してくる。なんでゲームのロジックや結果を全部無視するの？
5,talk,1,0,9,おはよう — Yumi です。  @Ryuji  今のところかなり静かだね; 考察は？ 良い弁明がないならあなたに投票する方に傾いている。 Over
5,talk,2,0,1,Sakuraは人間。これで未確認なのはYumiとBenjaminだけだ。Yumiを最後の狼として強く疑っている。
5,talk,3,0,12,Yumiさん。差し出がましいようですが。前回の投票は矛盾しているように見えます。Ryujiさんが彼を人間と確認したのに、なぜDaisukeさんを狙うのですか？
5,talk,4,0,11,Skip
5,talk,5,1,6,@Yumi  あなたはRyujiが既に人間だと確定した人たちに反対票を入れ続けている。
5,talk,6,1,9,私は投票する  @Daisuke . 妙に静かで質問をはぐらかしてきた — 今すぐ弁明しろ、さもないとこのままで行く。Over
5,talk,7,1,1,@Yumi  占い結果を無視し続け、確定村人に投票していて、それは終盤の典型的な狼の振る舞いだ。
5,talk,8,1,12,僭越ながら、Ryuji氏の主張を退けるのはやや危険に思われます。Yumi氏の分断を招く傾向に注目すべきではないでしょうか。
5,talk,9,1,11,Skip
5,talk,10,2,6,@Yumi  占い師の結果や白確の人たちをずっと無視しているのに、なぜまだ私への投票を推しているの？それは人狼の行動に見える。
5,talk,11,2,9,納得していない—従わない。Daisukeはプレッシャーでただ静かにしているだけかもしれない。私はむしろ  @Ryuji  に傾いている; 彼は私には静かすぎる。他に誰か？ Over
5,talk,12,2,1,@Yumi  占い師の結果や確白の村人を全部無視してる。それは人狼側にしか有利にならない。なんでこれを続けるの？
5,talk,13,2,12,もし言わせてもらえるなら。Ms. Yumiに集中しましょう。我々の占い結果は整合している。良い村人たち。警戒を怠るな。  @Daisuke  彼女の執拗な逆張り投票は回避を示唆している。Ryujiの信頼できる占い結果に基づくあなたの見立ては？
5,talk,14,2,11,Skip
5,talk,15,3,6,もう決めた—私は  @Yumi に投票する . 彼女はすべての占い結果と論理を無視している。勝ちたいなら今彼女を狙う必要がある。
5,talk,16,3,9,私は  @Ryuji に投票した 。彼はずっと黙っていてはぐらかしている—今すぐ弁明しろ、さもないとこのままでいく。Over
5,talk,17,3,1,Shizue、Daisuke、Sakuraは人間だ。Yumiは私の結果に反対し続けているのでYumiに投票する。
5,talk,18,3,12,もしそう言わせていただけるならRyuji氏の占いの結果に沿うのが賢明です。Yumi氏の執拗な反抗は率直に言えば疑わしいです。
5,talk,19,3,11,Skip
5,vote,1,9
5,vote,6,9
5,vote,9,11
5,vote,11,9
5,vote,12,9
5,execute,9,WEREWOLF
6,status,1,SEER,ALIVE,sunamelli-b1,Ryuji
6,status,2,VILLAGER,DEAD,CamelliaDragons1,Mio
6,status,3,VILLAGER,DEAD,Character-Lab-B1,Sakura
6,status,4,VILLAGER,DEAD,CanisLupus-B1,Misaki
6,status,5,VILLAGER,DEAD,sunamelli-a1,Shunichi
6,status,6,VILLAGER,ALIVE,sunamelli-c1,Daisuke
6,status,7,VILLAGER,DEAD,CanisLupus-A1,Takumi
6,status,8,WEREWOLF,DEAD,mille-A1,George
6,status,9,WEREWOLF,DEAD,Character-Lab-A1,Yumi
6,status,10,WEREWOLF,DEAD,mille-B1,Servas
6,status,11,BODYGUARD,ALIVE,kanolab-nw-B1,Shizue
6,status,12,MEDIUM,ALIVE,kanolab-nw-A1,Benjamin
6,status,13,POSSESSED,DEAD,kanolab-nw-C5,Minato
6,result,4,0,VILLAGER
