0,status,1,VILLAGER,ALIVE,kanolab-nw-A1,Shunichi
0,status,2,VILLAGER,ALIVE,CanisLupus-B1,Shizue
0,status,3,VILLAGER,ALIVE,sunamelli-c1,Daisuke
0,status,4,VILLAGER,ALIVE,mille-A1,Kenji
0,status,5,VILLAGER,ALIVE,Character-Lab-A1,George
0,status,6,VILLAGER,ALIVE,mille-B1,May
0,status,7,WEREWOLF,ALIVE,kanolab-nw-C4,Toshio
0,status,8,WEREWOLF,ALIVE,sunamelli-a1,Minako
0,status,9,WEREWOLF,ALIVE,CanisLupus-A1,Takumi
0,status,10,BODYGUARD,ALIVE,CamelliaDragons1,Midori
0,status,11,MEDIUM,ALIVE,sunamelli-b1,Misaki
0,status,12,POSSESSED,ALIVE,kanolab-nw-B1,Benjamin
0,status,13,SEER,ALIVE,Character-Lab-B1,Mizuki
0,whisper,0,0,8,これはMinakoです。私は人狼です。
0,whisper,1,0,7,特別な役割を主張する者には用心しなければならない。霧の中の影のように。彼らは私たちにとって隠れた脅威かもしれない。確かに Mr. Johnson。
0,whisper,2,0,9,Skip
0,whisper,3,1,8,Over
0,whisper,4,1,7,中村さん。今夜は占い師かボディーガードを狙うのがよいかもしれません。彼らの洞察や守りを妨害すれば、先の道が楽になるかもしれません。
0,whisper,5,1,9,いい指摘だけど、闇雲な攻撃は危険だ。安全のためShunichiを攻撃しよう。全員で村人のふりをすべきだ。
0,whisper,6,2,7,同意する。Mr. Shunichiは無難な選択のようだ。私たちは村人のふりをしなければならない。この先の旅路には慎重さが求められる。確かに。
0,whisper,7,2,9,これで作戦は決まりだ。Shunichiを襲撃して、全員で村人のふりをする。朝のカミングアウトの後に投票先を決めよう。
0,whisper,8,3,7,Shunichi氏の計画は、一本の竹のように、強くてしなやかだ。新たな洞察がもしかすると私たちを別の方向へ導かない限り、彼の先導に従おう。
0,whisper,9,3,9,Over
0,talk,0,0,10,...
0,talk,1,0,13,Midori  「...」で何を意味したの？これまでに役職の申告やおかしな行動に気づいたことはある？  @Benjamin について不安だ — 彼の口調と投票に違和感がある。詳細を共有して。 Over
0,talk,2,0,1,やあ、みんな！Shunichiだよ。みんなと一緒にこの謎を解き明かすのが待ちきれない。どんな戦略が展開されるか見てみよう！Over.
0,talk,3,0,3,やあ、みんな。Daisukeです。普段はこの手のゲームを考えすぎてしまいますが、自分の頭の中で行き詰まらないように頑張ります。
0,talk,4,0,11,みんなが集まってくれてうれしい、よく考えてゲームをして、結論を急ぎすぎないようにしよう。
0,talk,5,0,5,Midori  「...」でどういう意図だったのか説明してくれる？Benjaminについて不安だ — 彼の口調と投票に関するMizukiの指摘が気がかりだ。  @Daisuke   ここまでの見立ては？ Over
0,talk,6,0,12,あ、皆さん、こんにちは。私はBenjaminです。正直に言うと、皆さんと一緒に謎を掘り下げていくのが楽しみです。意見を交換して、気を引き締めていきましょう！
0,talk,7,0,9,私はTakumiです。皆さんにお会いできて光栄です。皆さんのお役に立てるよう全力を尽くします。
0,talk,8,0,4,こんにちは。私はKenjiです。私の役職は村人です。良いゲームを。
0,talk,9,0,7,皆さん、こんにちは。私はToshioです。この取り組みに参加できてうれしく思います。謎を解き明かし、思慮深く協力していきましょう。Over.
0,talk,10,0,8,物事を整理していきましょう。戦略のアイデアを早めに共有したい人がいたら、どうぞ遠慮なく発言してください。
0,talk,11,0,6,こんにちは。私はMayです。私の役職は村人です。良いゲームを。
0,talk,12,0,2,Skip
0,talk,13,1,10,Over
0,talk,14,1,13,紹介ありがとう。 Kenji と May が村人と言っている以外に、早めの役職宣言はある？  @Benjamin  すごく前のめりに見える—もうそんなに確信しているのはなぜ？ Daisuke  ここまでの読みはどう？ 確かな宣言がなければ  みんなに疑いを一つずつ挙げてもらうってのはどう so w
0,talk,15,1,1,Over
0,talk,16,1,3,Over
0,talk,17,1,11,Over
0,talk,18,1,5,いい考えだ。手早く一巡して、全員が疑っている人物を一人と簡単な理由を挙げよう。  @Benjamin  — あなたが話を切り出したので、その熱心さについて最初に説明してもらえる？ その後で私の疑いを共有する。 Over
0,talk,19,1,12,Over
0,talk,20,1,9,Over
0,talk,21,1,4,Over
0,talk,22,1,7,Over
0,talk,23,1,8,Over
0,talk,24,1,6,Over
0,talk,25,1,2,こんにちは、みなさん。私はShizueです。みなさんにお会いできてとても嬉しいです。一緒に頑張りましょうね？
0,talk,26,2,13,はじめまして  Shizue。ちょっと確認—今のところ役職COや変な考察はある？  @Benjamin  2回続けてやけに積極的だね；説明してくれる？他のみんな  怪しいと思う人を1人挙げてターゲットを絞ろう。聞くよ。 Ove
0,talk,27,2,5,私は  @Benjamin  を疑っている— 彼の熱心さは少しわざとらしく感じるし、彼からはまだ確かな理由を聞いていない。あなたは他に誰を疑っていて、なぜ？ Over
0,talk,28,2,2,Over
0,talk,29,3,13,おはよう。 まだまともな役職の申告はない — それは変だ。  @Benjamin  結構話してるね; 他の人たちの読みは？ 他のみんな  怪しいと思う人を一人挙げて、その理由も。 投票は注意深く見ておく。 Over
0,talk,30,3,5,順番にいこう: 全員、容疑者を1人と簡単な理由を挙げて。私はまだ  @Benjamin  に傾いている — 彼の熱心さがどこか不自然に感じる。投票は他の人の意見を聞いてからにする。誰が最初？ Over
0,whisper,0,0,7,Over
0,whisper,1,0,8,最初に誰が占い師としてCOするか見よう。誰も昼までにCOしなければTakumiかToshioが占い師で偽COすべきだ。彼女がCOしたらMizukiを噛め。
0,whisper,2,0,9,君の考えに賛成だ、Minako。占い師がCOsしたら対抗できる。彼女がその役職を主張するならMizukiを襲撃し、そうでなければShunichiを襲撃しよう。私たちで決める私たちの
0,whisper,3,1,8,誰が最初に占い師COするか様子を見よう。誰もそうしないなら、Takumiは明日占い師で偽COすべきだ。
0,whisper,4,1,9,しっかりした作戦だな。確認だが、今夜はShunichiを襲撃する。明日、占い師に対抗する準備をしておく。俺たちは一丸となって動く。
0,whisper,5,2,8,1日目は占い師のCOを待とう。Takumiは必要なら占い師で偽COして。Benjaminは弱そう まずはそこに疑いを集中させよう。
0,whisper,6,2,9,了解。Shunichiを襲撃する。どんな占い師COにも対抗する準備ができている。明日はBenjaminに疑いを向けるよう誘導できる。
0,whisper,7,3,8,@Takumi  @Toshio  すぐにCOが出なければ、Takumiに占い師を騙らせよう。
0,whisper,8,3,9,了解。作戦は決まった。今夜はShunichiを襲撃して、私が占い師COの準備をする。明日はBenjaminを推していく。
0,divine,13,12,HUMAN
1,status,1,VILLAGER,ALIVE,kanolab-nw-A1,Shunichi
1,status,2,VILLAGER,ALIVE,CanisLupus-B1,Shizue
1,status,3,VILLAGER,ALIVE,sunamelli-c1,Daisuke
1,status,4,VILLAGER,ALIVE,mille-A1,Kenji
1,status,5,VILLAGER,ALIVE,Character-Lab-A1,George
1,status,6,VILLAGER,ALIVE,mille-B1,May
1,status,7,WEREWOLF,ALIVE,kanolab-nw-C4,Toshio
1,status,8,WEREWOLF,ALIVE,sunamelli-a1,Minako
1,status,9,WEREWOLF,ALIVE,CanisLupus-A1,Takumi
1,status,10,BODYGUARD,ALIVE,CamelliaDragons1,Midori
1,status,11,MEDIUM,ALIVE,sunamelli-b1,Misaki
1,status,12,POSSESSED,ALIVE,kanolab-nw-B1,Benjamin
1,status,13,SEER,ALIVE,Character-Lab-B1,Mizuki
1,talk,0,0,8,@Benjamin  あなたの序盤の積極性が目立っている。そこに焦点を当てるべきか、それともバランスを取るために別の誰かをチェックする？
1,talk,1,0,7,Benjamin氏の熱意はまばゆく輝いている。今夜は我々の占い師が彼を占うのが賢明かもしれない。確認こそが前進への道だ。
1,talk,2,0,10,...
1,talk,3,0,4,私はShunichiに投票する。
1,talk,4,0,11,もしもう投票を強引に進めている人がいるなら、その理由を聞きたい。急がず、序盤から村人を失うリスクは避けよう。
1,talk,5,0,6,私はShunichiに投票します。
1,talk,6,0,9,Benjamin は疑われている。私たちの占い師は私たちを導くために結果を共有すべきだ。
1,talk,7,0,3,@Midori  静かだね。今いちばん怪しいと思っているのは誰か教えてくれる？正直な意見を聞きたい。
1,talk,8,0,5,おはようございます。処刑されたプレイヤーは遺言や役職COを残しましたか？昨夜の死亡報告はありますか？占い師または調査役  resがあるなら発言してください @Benjamin  昨日 — 他に何かおかしいと気づいた人はいますか？ Over
1,talk,9,0,12,公平に言うと、皆さん、私はMr. Toshioを人狼と占いました。彼を優先するのがむしろ賢明だと思いませんか？我々の村を守りましょう。
1,talk,10,0,13,昨夜Benjaminを人間判定しました—私は占い師です。彼を吊らないでください。  @Daisuke   あなたの行動は怪しく見えます; あなたの推理と、なぜ私たちがあなたを信頼すべきかを説明してください。他のみんなは  今すぐ投票先または役職COを表明してください。 Over
1,talk,11,0,1,やあ、相棒。BenjaminとMizukiに焦点を当てよう。2人とも占い結果に言及していることだし、証拠を吟味する時間だ！
1,talk,12,0,2,あらまあ、占い師が2人も名乗り出た！これはとてもややこしい。今日はみんな、いつも以上に気をつけないといけない。
1,talk,13,1,8,占い師COが2人いると本物の村人を吊ってしまうリスクが高い。投票する前にもう少し情報を待つべき？
1,talk,14,1,7,George氏。Benjaminの主張には根拠がない。Mizukiの占い師役？実に不可解だ。ここでは証拠を信じるのか、それとも直感を信じるのか？
1,talk,15,1,10,...
1,talk,16,1,4,私はDaisukeに投票します。
1,talk,17,1,11,みんな占い師のCOに注目してるけど @Midori と  @Takumi  ずっと静かだね—今のCOをどう思う？
1,talk,18,1,6,私はDaisukeに投票します。
1,talk,19,1,9,占い師が2人現れた。これは一方が真の占い師で、もう一方が狂人であることを意味する。
1,talk,20,1,3,@Takumi  あなたはまだ占い師のCOについてあまり言っていない。BenjaminとMizukiのどちらをより信頼していて、その理由は？
1,talk,21,1,5,おはようございます。昨夜の死亡者や遺言の報告はありますか？占い師/調査役は結果を共有してください。私は今も  @Benjamin  が怪しいと思っています — 昨日は口調に違和感がありました。皆さん、簡潔に容疑者を1人挙げてくれますか？ Over
1,talk,22,1,12,公平に言えば。私は、占い師がその洞察をMizukiに向けることを提案する。欺瞞を暴き、真実を明らかにするには明確さが必要だ。
1,talk,23,1,13,昨夜Benjaminを人間判定した — 自分は占い師だ。彼を吊らないで。  @Daisuke   あなたの行動は怪しく見える; あなたの考察と投票先を説明して。他に役職COはある？ 今すぐ投票先を表明して。 Over
1,talk,24,1,1,やあ。MizukiとBenjaminがどっちも占い師だと主張してる。どう思う、相棒？  @Midori  どっちをより信用してるか教えてくれる？
1,talk,25,1,2,片方は村の真占い師で、もう片方は狂人だ！今日はどちらにも投票しないでおこう。
1,talk,26,2,8,静かな人に投票する方が無難に思える。  @Midori  投票が始まる前にあなたの意見を共有してください。もっと意見が必要です。
1,talk,27,2,7,確かに。二人の先見者の知恵をもって、慎重な歩みが最善だ。まずは歩みのよろめく者を調べるべきだ。思慮深い道。
1,talk,28,2,10,...
1,talk,29,2,4,私はDaisukeに投票します。
1,talk,30,2,11,静かな人たちが見逃されている—@Midori と  @Takumi  いまどの占い師を信頼していて、その理由は？ 明確なスタンスが必要だ。
1,talk,31,2,6,私はDaisukeに投票します。
1,talk,32,2,9,CO者に投票するのは危険だ。とりあえず安全のためにDaisukeに投票する。
1,talk,33,2,3,たいした議論もなく3人が私に投票してくるのは、仕組まれているように感じる。
1,talk,34,2,5,おはようございます。 夜の死亡者や遺言の報告はありますか？  @Daisuke  — もしあなたが占い師なら  今すぐ占い結果を共有してください。 そうでないなら  順番に短い理由を添えて容疑者を一人挙げましょう。 Over
1,talk,35,2,12,Daisukeに投票することは知恵を約束する. 反応を観察することは私たちの秘密を明らかにする可能性がある.  @Midori . 私の論理は説得力があると思いますか？
1,talk,36,2,13,私は占い師—Benjaminは人間だ。今日は処刑する相手を選ぶ必要がある。これまでの行動に基づいて  @Daisuke  を疑っている;誰かに強い対抗がない限り  Daisukeに投票しよう。今すぐ投票先を表明してくれ。 Over
1,talk,37,2,1,やあ、相棒。Mizukiが本当にうちの占い師なら、Daisukeがより怪しく見える。もしかして人狼がその票に紛れてるのかも。どう思う？
1,talk,38,2,2,みんな急にDaisukeに投票したがってる。これはまさにいたずら好きな連中が望んでいることなんじゃない？
1,talk,39,3,8,今のところDaisukeに投票するのが一番安全だと思う。
1,talk,40,3,7,私を占ったというMr. Benjaminの主張は、慌ててでっち上げられたものに見える。村の皆さん...彼は私たちを惑わせるために話を作っているのでは？ @Shunichi 私たちの占い師疑惑は行動に移す必要がある。Mr. Benjaminの主張とMs. Mizukiの主張をどう比較評価する？確かに誰かが悪意を抱いているかもしれない！
1,talk,41,3,10,...
1,talk,42,3,4,私はDaisukeに投票します。
1,talk,43,3,11,Daisukeへのこの袋叩きは信用できない。私の票はMidoriに入れる; 黙って隠れるのはこのゲームで最も古い手口だ。
1,talk,44,3,6,私はMisakiに投票します。
1,talk,45,3,9,Over
1,talk,46,3,3,Midoriに投票する。一日中無言は怪しいし、狼はよく潜む。私を投票で追放しようとしている人たち全員に気をつけろ。
1,talk,47,3,5,おはようございます。夜の死者や遺言の報告はありますか？  @Daisuke   もしあなたが占い師なら今すぐ占い結果を共有してもらえますか？そうでないなら  各自、簡単な理由を添えて容疑者を一人挙げましょう。 Over
1,talk,48,3,12,友人たちは慎重に行動すべきだ。Toshio氏の言葉には食い違いが散りばめられている。そんな欺瞞を織りなすのは狡猾な狼だけだ！
1,talk,49,3,13,念のため: Benjaminを占ったら人間だった。吊ろう  @Daisuke  — 彼は怪しく見える。反証はある？今すぐ投票して。Over
1,talk,50,3,1,やあ、相棒。Mizukiが占い師だと名乗っていてBenjaminと食い違ってるってことだよな？じゃあ、DaisukeとMidoriはどうしてそんなにおかしく振る舞ってるんだ、相棒？
1,talk,51,3,2,かわいそうなDaisukeを寄ってたかって責めるのは良くない気がする。一言も言っていないMidoriはどうなの？
1,vote,1,10
1,vote,2,10
1,vote,3,10
1,vote,4,3
1,vote,6,12
1,vote,7,13
1,vote,8,3
1,vote,9,3
1,vote,10,1
1,vote,11,10
1,vote,12,7
1,vote,13,5
1,execute,10,BODYGUARD
1,divine,13,5,HUMAN
1,whisper,0,0,7,Mr. Benjaminは私を狙っているようだ。Ms. Mizukiにも注意喚起を。彼女はMr. Benjaminを占ったと主張している。@Minako Mr. Benjaminは私を直接指さした。彼の意図が気になる。Ms. Mizukiの大胆な主張については？まさに本物の脅威かもしれない。
1,whisper,1,0,8,今夜はMizukiを噛んで彼女の占い師COをやめさせることを提案する 彼女が吊られたら混乱させるためにGeorgeかKenjiに切り替える
1,whisper,2,0,9,Benjaminは本物の占い師だ。彼はToshioを見つけた。今夜はBenjaminを攻撃しなければならない。それが私たちの唯一の一手だ。明日はToshioを守ろう。
1,whisper,3,1,7,Mr. Takumiの戦略は確かに大胆だ。Mr. Benjaminを狙うのか？占い師の洞察を乱すかもしれない。慎重に進む。@Minako Mr. Smith 我々は薄氷を踏んでいる。沈黙こそが我々の盾だと提案する。村はおそらく舞台の上の役者のように自分の役割を果たしている。
1,whisper,4,1,8,溶け込んで目立たないように、投票はDaisukeにしておこう。今夜はMizukiが生き残っていたら噛もう。
1,whisper,5,1,9,Minako、あなたは間違っている。Benjaminは本物の占い師だ。彼はToshioを見つけた。Mizukiは狂人で私たちの仲間だ。今夜Benjaminを襲撃しなければ私たちは負ける。それは私たちの
1,whisper,6,2,7,確かに。Mr. Benjaminは我々にとって最大の脅威だ。おそらくMs. Mizukiが味方として加われば。潮目は我々に有利になるだろう、友よ！ @Minako 今夜のMr. Benjaminの失脚は我々に有利に天秤を傾けるかもしれない。その後に明瞭さがもたらされるだろう。友よ、あなたはこの道に臨む準備はできているか？
1,whisper,7,2,8,Benjaminは本物の占い師っぽいから、今夜噛もう。みんなと一緒にDaisukeに投票して。計画に従って。
1,whisper,8,2,9,Benjaminは確定占い師だ。今夜は彼を襲撃しなければならない。明日はToshioを守ってMizukiにリードさせる。
1,whisper,9,3,7,我々の決断を信じている。今夜の最良の標的はMr. Benjaminのようだ。正確さをもって進めよう、諸君。確かに、たぶん。@Minako 確かに。Mr. Benjaminの失脚は我々に有利かもしれない。警戒を怠るな、友よ。今はMs. Mizukiは気がかりではない。直感を信じろ！
1,whisper,10,3,8,今夜はBenjaminを噛んで彼の占いを止めよう。投票はDaisukeでいこう、公の場で互いにかばわないで。
1,whisper,11,3,9,計画は確定した。Benjaminを攻撃する。明日はMizukiの主導に従い、投票をDaisukeに誘導する。結束を保とう。
1,attackVote,7,12
1,attackVote,8,12
1,attackVote,9,12
1,attack,12,true
2,status,1,VILLAGER,ALIVE,kanolab-nw-A1,Shunichi
2,status,2,VILLAGER,ALIVE,CanisLupus-B1,Shizue
2,status,3,VILLAGER,ALIVE,sunamelli-c1,Daisuke
2,status,4,VILLAGER,ALIVE,mille-A1,Kenji
2,status,5,VILLAGER,ALIVE,Character-Lab-A1,George
2,status,6,VILLAGER,ALIVE,mille-B1,May
2,status,7,WEREWOLF,ALIVE,kanolab-nw-C4,Toshio
2,status,8,WEREWOLF,ALIVE,sunamelli-a1,Minako
2,status,9,WEREWOLF,ALIVE,CanisLupus-A1,Takumi
2,status,10,BODYGUARD,DEAD,CamelliaDragons1,Midori
2,status,11,MEDIUM,ALIVE,sunamelli-b1,Misaki
2,status,12,POSSESSED,DEAD,kanolab-nw-B1,Benjamin
2,status,13,SEER,ALIVE,Character-Lab-B1,Mizuki
2,talk,0,0,11,Midoriは人間であることが確定していたので、次の投票にはより強い根拠が必要です。  @Takumi  今日は誰を疑っていますか？
2,talk,1,0,6,私はDaisukeに投票する。
2,talk,2,0,9,占い師だと名乗っていたBenjaminが襲撃された。  @Mizuki  今やあなたが私たちの唯一の導き手です。あなたの結果は何ですか？
2,talk,3,0,3,@May  Midoriが人間だと判明した後にあなたは私に投票した。今その理由を説明できる？それともただの便乗？
2,talk,4,0,7,Mr. Benjaminが襲撃されたようだ。彼の占い師だという主張は本当かもしれない。確かに Ms. Mizukiの行動は精査に値する。再検討が必要だ。
2,talk,5,0,13,私は占い師です。Benjaminを占って人間(day0)、Georgeを占って人間(day1)でした。Benjaminは昨夜襲撃され、Midoriは処刑された — 狼は動いている。  @Daisuke  あなたの挙動はまだおかしく見える; 今すぐあなたの考察を説明して、さもないとあなたに投票する。他の皆は投票先または役職COがあれば表明して。Over
2,talk,6,0,5,おはよう。Midoriは処刑された — 遺言は残した？昨夜Benjaminが襲撃された — 死んだのか、それとも遺言は残した？  @Daisuke   もしあなたが占い師なら今すぐ占い結果を共有して。確定情報がないなら  手早く各自一人容疑者を挙げよう。 Over
2,talk,7,0,2,ああ、かわいそうなBenjamin！彼はToshioを指さした直後に襲われた。偶然のはずがない
2,talk,8,0,1,やあ、相棒。Mizukiの主張？Benjaminがいなくなった今は盤石に見える。でもDaisukeは？まだ俺の疑いのベルが鳴ってる。
2,talk,9,0,8,@Mizuki  あなたの占い結果だけに頼るのは危険だ。今日の投票を決める前に、みんなの疑いを突き合わせよう。
2,talk,10,0,4,私はDaisukeに投票する。
2,talk,11,1,11,@Kenji  @May Midoriは人間だったのに、あなたはDaisukeを推した。何を根拠に彼が人狼だとそんなに確信しているの？説明して。
2,talk,12,1,6,私はToshioに投票する
2,talk,13,1,9,Shizueはもっともなことを言っているが、これは罠かもしれない。生きている唯一の案内役であるMizukiを信じよう。
2,talk,14,1,3,@Kenji  まともな理由もなく、あなたはずっと私に投票し続けている。もしあなたが村人なら、今すぐ私たちにあなたの根拠を示してくれ。そうでないとあなたを信用できない。
2,talk,15,1,7,私は人狼ではない！ 確かにMs. Mizukiは信頼できそうだ。 賢明に投票しよう。  @May  もしよければ、なぜ私が怪しく見えるのか教えてくれる？
2,talk,16,1,13,Benjaminを人間(day0)、Georgeを人間(day1)と占った。昨夜Benjaminが襲撃された—狼が人間を殺した。私は占い師だ。私は  @Shunichi  を疑っている—弁明するか、今すぐ投票先を表明しろ。Over
2,talk,17,1,5,おはよう。Midori は処刑された — 遺言は残した？Benjamin は昨夜襲撃された — 死んだのか、それとも遺言は？  @Daisuke  占い結果があれば共有して。なければ  それぞれ簡単に容疑者を1人挙げよう。 Over
2,talk,18,1,2,もしBenjaminが真の占い師だからという理由で人狼たちが彼を襲ったのだとしたら？彼の言うことを聞くべきだ
2,talk,19,1,1,やあ、相棒。Mizukiを占い師にして、あの掴みどころのない連中に狙いを定めよう。  @Mizuki  KenjiかShizueが今夜の対象っぽい？
2,talk,20,1,8,占い結果だけを信じるのは危険だ。誰かがその役職を騙っている可能性もある—Mizukiのロジックをもっと詳しく検証すべき？
2,talk,21,1,4,私はDaisukeに投票します。
2,talk,22,2,11,Midoriは人間だったので、占い師一人だけに従うのは危険だ。  @May  今日はなぜ投票先をDaisukeからToshioに切り替えたの？
2,talk,23,2,6,私はDaisukeに投票します。
2,talk,24,2,9,未確定のプレイヤーから選ぼう。今のところそれが最も理にかなった手のように思える。
2,talk,25,2,3,@Kenji  と @May あなたたちの投票は急いで入れたように見えます。本当に誰を疑っていて、どんな証拠があるのか説明できますか？
2,talk,26,2,7,Daisuke氏の沈黙は穏やかな池の水面のようだ。静けさは、必ずしも無実であることも有罪であることも意味しない。確かに。もしかして戦略か？
2,talk,27,2,13,私は占い師 — Benjamin と George を人間と占いました。狼を早く特定する必要がある。  @Daisuke  — 怪しい。自分の考察を説明しろ、さもないと君に投票する。何か役職COや投票は？ Over
2,talk,28,2,5,おはようございます。夜の死者や遺言の報告はありますか？Benjaminは死亡が確定しましたか？  @Daisuke  — あなたが占い師なら今すぐ占い結果を共有してください; そうでないなら  誰を疑っているかとその理由を教えてください。他の皆は  簡潔に容疑者を一人挙げてください。Over
2,talk,29,2,2,Benjaminの犠牲は私たちに真実を示してくれた。彼はToshioが人狼だと言ったから彼に投票しよう。
2,talk,30,2,1,やあ、相棒。現時点の事実に基づけばMizukiの主張は妥当そうだ。Benjaminは無断離脱中だから、DaisukeかMizukiの疑いに集中しよう。
2,talk,31,2,8,@Kenji  と @May、あなたたちの投票はあまり根拠もないのにいつもDaisukeに入っている。本当に村人として考えているの？
2,talk,32,2,4,私はDaisukeに投票する。
2,talk,33,3,11,Midoriは人間だったから、私たちは間違えた。私は  @May の動きが怪しいと感じる。今日はMayに投票する。
2,talk,34,3,6,私はDaisukeに投票します。
2,talk,35,3,9,私はDaisukeに投票する。手がかりがほとんどない中では、彼の不審な行動がいちばん目立つ。
2,talk,36,3,3,Kenjiに投票する。彼は理由ゼロでずっと私を攻撃してくる。村人は  狼に楽をさせない—投票する前によく考えて。
2,talk,37,3,7,心配になってきた、友よ。Ms. Shizue は私たちを惑わせているのだろうか？彼女のタイミングがずれているようだ。人狼の常套手段かもしれない。警戒して！ @Misaki Ms. Midori は人間だった。それなのに Ms. May と Mr. Kenji は二人とも Mr. Daisuke に投票した。もしかして Ms. Shizue は本当の標的から目を逸らさせているのか？何か考えはある？
2,talk,38,3,13,私は占い師 — BenjaminとGeorgeを人間と占いました。人狼がBenjaminを襲撃し、Midoriが処刑されました。今すぐ人狼を排除する必要があります；私は  @Daisuke に投票します。反証や役職COはありますか？今すぐ投票してください。Over
2,talk,39,3,5,おはようございます。夜の死者や遺言の報告はありますか？Benjaminは死亡が確認されましたか？  @Daisuke   もしあなたが占い師なら今すぐ占い結果を共有してください；そうでないなら  誰を疑っていますか？投票を急ぐ前に、具体的な読みを一つ出しましょう。Over
2,talk,40,3,2,Over
2,talk,41,3,1,やあ、相棒。COしてない人に絞ろう。今夜の占いはGeorgeでどう？  @Takumi  占い師のCOが対立してる。Mizuki以外で一番はぐらかしてるのは誰？
2,talk,42,3,8,私はDaisukeに投票する。票割れは狼を利するだけだ集中して今夜はMizukiの結果を信じよう。
2,talk,43,3,4,私はDaisukeに投票する。
2,vote,1,3
2,vote,2,7
2,vote,3,4
2,vote,4,3
2,vote,6,3
2,vote,7,13
2,vote,8,3
2,vote,9,3
2,vote,11,6
2,vote,13,1
2,execute,3,VILLAGER
2,divine,13,1,HUMAN
2,whisper,0,0,9,Shizueは最大の脅威だ彼女はBenjaminを信じている。今夜彼女を襲撃しなければならない。明日は投票をKenjiに向けよう。
2,whisper,1,0,8,@Toshio  @Takumi 今夜はShizueを噛むことを提案する 彼女はBenjaminの遺言を推していて、俺たちに不利になるように票を動かす可能性がある
2,whisper,2,0,7,Mr. Mizukiの主張は影響を受けているのだろうか？ 確かに、彼に同調する者たちは今ではいくぶん似通って見える。写し鏡かもしれない。 @Minako 確かに、友よ。Ms. Mizukiに与する者たちは疑わしく見える。しかし我々の敵は光を求めている。恐れに縛られてはならない。
2,whisper,3,1,9,同意。ShizueはToshioにとって最大の脅威だから、彼女を攻撃する。明日Kenjiに投票を誘導する。勝利は近い。
2,whisper,4,1,8,今夜はShizueに噛みつこう—彼女はBenjaminの結果をToshioに強引に押し付けすぎている。
2,whisper,5,1,7,確かに。Ms. Shizueに注目しよう。彼女がMr. Benjaminを支持すれば、他の人々を私たちに反対するように傾ける可能性がある。一致した投票は依然として極めて重要だ 友よ。@Minako Mr. Kenjiの沈黙。池の静けさのように。それは戦略的か？たぶん。危険か？確かに。見て見ぬふりはやめよう。
2,whisper,6,2,9,はい、今夜の正しい標的はShizueです。明日は勝利を確実にするために、私たち全員でKenjiに投票しなければなりません。
2,whisper,7,2,8,今夜はShizueを噛もう—彼女はToshioを強く詰めていて、疑いを煽りかねない。
2,whisper,8,2,7,我々はMr. Shizueに注意を払わねばならない。彼女がMr. Benjaminの調査結果を支持することはリスクを孕む。慎重に事を運ぶべきだ、友よ。@Minako 信頼は繊細な橋のようなものだ。Ms. Shizueの失脚後にMr. Kenjiに対して圧力をかけることは、もしかすると我々に有利に働くかもしれない。確かに。
2,whisper,9,3,9,そうだ、Shizueを攻撃するのが正しい一手だ。明日は必ず全員でKenjiに投票しなければならない。
2,whisper,10,3,8,あまりに暴力的なことは言えない...
2,whisper,11,3,7,Ms. Shizueは明晰さの中に立っている。確かにMs. MizukiとMr. Kenjiのもとでは影が溢れている。決断に際して時間は進む。沈黙が私たちを導くかもしれない。@Takumi Ms. Wizukiの主張。巧妙な見せかけかもしれない。彼女がなお居座っていると疑うのか？真実に近いのか、それともミスリードなのか、私たちは考えねばならない。
2,attackVote,7,13
2,attackVote,8,2
2,attackVote,9,2
2,attack,2,true
3,status,1,VILLAGER,ALIVE,kanolab-nw-A1,Shunichi
3,status,2,VILLAGER,DEAD,CanisLupus-B1,Shizue
3,status,3,VILLAGER,DEAD,sunamelli-c1,Daisuke
3,status,4,VILLAGER,ALIVE,mille-A1,Kenji
3,status,5,VILLAGER,ALIVE,Character-Lab-A1,George
3,status,6,VILLAGER,ALIVE,mille-B1,May
3,status,7,WEREWOLF,ALIVE,kanolab-nw-C4,Toshio
3,status,8,WEREWOLF,ALIVE,sunamelli-a1,Minako
3,status,9,WEREWOLF,ALIVE,CanisLupus-A1,Takumi
3,status,10,BODYGUARD,DEAD,CamelliaDragons1,Midori
3,status,11,MEDIUM,ALIVE,sunamelli-b1,Misaki
3,status,12,POSSESSED,DEAD,kanolab-nw-B1,Benjamin
3,status,13,SEER,ALIVE,Character-Lab-B1,Mizuki
3,talk,0,0,1,やあ。票をあまりコロコロ変えないでおこう、相棒。既知の要素に絞ることがMilakoの助けになるかもしれない。Toshioの結果は少し不透明だ。
3,talk,1,0,5,おはようございます。Daisukeは処刑された—遺言は残した？Shizueは昨夜襲撃された—死亡確定か、何かメッセージを残した？  @Kenji  もしあなたが占い師なら今すぐ占い結果を共有してください。確たる情報がないなら  各自、簡単な理由を添えて容疑者を一人挙げよう。 Over
3,talk,2,0,4,私はToshioに投票します。
3,talk,3,0,9,@Mizuki  Shizueが襲われました。私たちにはあなたのご指導が必要です。あなたの本日の所見は何ですか？
3,talk,4,0,11,これまでの投票で追放されたのは全員村人だ。  @Takumi  あなたは毎回多数派に従っている—本当に疑っているのは誰で、今日はなぜ？
3,talk,5,0,7,私たちはMinakoさんのDaisukeさんへの投票について熟考すべきだ。もしかするとMizukiさんが彼女を左右しているのかもしれない。Takumiさん。彼女の影響をどう見ますか？
3,talk,6,0,13,私は占い師—Benjamin  George  とShunichiを人間と占った。昨夜人狼がShizueを殺した。3人の白が確定しているので容疑者を絞る必要がある f @Takumi  は静かすぎる。役職の申告や強い異議はある？投票先を表明して。Over
3,talk,7,0,8,@Kenji  あなたの投票先はあまり理由もなく飛び移っている。Seerの読みから外れて動いている人たちに注目すべき？
3,talk,8,0,6,私はToshioに投票します。
3,talk,9,1,1,やあ、相棒。 この占い師の対抗COに決着をつけないといけない。 今日はMizukiかToshioのどちらかを吊らなきゃだ。 混乱は狼を利するだけだ。  @Mizuki  事実ベースでいこう。 君の占い結果にもかかわらず、なぜToshioが怪しく見えるのか教えてくれ。 明快な理由付けがあると助かる、相棒。
3,talk,10,1,5,おはようございます。Daisukeは遺言を残しましたか？Shizueは死亡が確認されましたか、それとも何か最後の言葉を残しましたか？  @Kenji  もしあなたが占い師なら、今すぐ占い結果を共有してください；そうでないなら  誰を疑っていて、その理由は？ Over
3,talk,11,1,4,Over
3,talk,12,1,9,もしMizukiが私たちの本物の占い師なら、GeorgeとShunichiは人間確定だ。
3,talk,13,1,11,これまで人間しか処刑していないから今日の標的を選ぶ前にもっと強い理由が必要だ、さもないと狼が勝つ
3,talk,14,1,7,Mizuki氏の占い師であるとの申告は、George氏からの報告と一致していない。Benjamin氏による私への非難は、警戒を示唆しているのかもしれない。
3,talk,15,1,13,私は占い師 — Benjamin  George  と Shunichi に白出しした。狼はまだ動いている。静かすぎてはぐらかしているので  @Takumi  に投票する。役職のCOや強い異議はある？今すぐ投票して。Over
3,talk,16,1,8,Mizukiの白結果を無条件に信じると狼が簡単に紛れ込めるリスクがある。誰が彼女の結果を疑っていて、なぜ？
3,talk,17,1,6,私はToshioに投票する。
3,talk,18,2,1,やあ、相棒。Mizukiの占いが当たってるなら、Georgeと俺は間違いなく人間だ。Toshioを落とすのは賢い戦略的な一手に思える。
3,talk,19,2,5,おはようございます。Daisukeは遺言を残しましたか？Shizueは死亡が確認されましたか、それとも何かメッセージを残しましたか？  @Kenji  — もしお持ちなら占い結果を今共有してください。もしそうでないなら  すぐに各自容疑者を1人挙げましょう。 Over
3,talk,20,2,9,Mizukiは私たちに白確を2人出している。未確定のプレイヤーから選ぶ必要がある。Kenjiが一番良さそうだ。
3,talk,21,2,11,人間が3人連続で容疑が晴れたかvote outdされた。その同じ理屈に頼るのは、狼が私たちの中に隠れるのを許していることになる。
3,talk,22,2,7,Ms. Mizuki、確かに。方針が明確なら、Mr. Kenjiに焦点を当てましょう。彼は弁護に値しますか？Mr. George、ご見解は？
3,talk,23,2,13,私は占い師です—Benjamin  George  とShunichiを白判定しました。狼はまだいる。私は  @Takumi  に、静かすぎてはぐらかしているため投票します。役職COや強い異議はある？今すぐ投票して。Over
3,talk,24,2,8,Mizukiの読みをすべて信用する前に、Kenjiの行動を改めて見直そう。彼の投票先の変え方が自分には辻褄が合わない。
3,talk,25,2,6,私はToshioに投票します。
3,talk,26,3,1,やあ。Mizukiの白要素は一貫している。Kenjiを精査すべきだ。  @Takumi  白要素が3つ。Kenjiに切り替える？彼の投票履歴が何かを示すかもしれない。
3,talk,27,3,5,Daisukeは遺言を残した？Shizueは死亡が確認された？それとも何かメッセージを残した？  @Kenji   あなたの沈黙が心配だ—もしあなたが占い師なら、今すぐ占い結果を公開して。誰にも確かな情報がないなら、各自すぐに容疑者を1人挙げよう。 Over
3,talk,28,3,9,Mizukiの言葉を信じる。脅威は未確定の一人に違いない。Kenjiの投票は怪しい。Kenjiに投票する。
3,talk,29,3,11,私の霊媒の結果ではMidoriは村人だった。ToshioかKenjiを疑っている。誰かがそれ以外だと納得させてくれない限りToshioに投票する。
3,talk,30,3,7,Ms. Misakiは時間稼ぎをしているのか、それともさりげなく票を誘導しているのか？彼女に確信がないことは人狼の兆しかもしれない。彼女の意図を注意深く問いただす必要がある。
3,talk,31,3,13,私は占い師 — Benjamin  George  と Shunichi を白出しした。Shizue を当てた後でも狼はまだ活動中だ。静かすぎるので  @Takumi  を疑っている; 他に強い理由がない限り  Takumi に投票する。投票先または役職の申告を示して。Over
3,talk,32,3,8,Kenjiのパターンは寡黙に当てはまる。占い師だけを信じるなら狼が楽にやり過ごせる。このパターンを崩すためにKenjiに投票する。
3,talk,33,3,6,私はToshioに投票します。
3,vote,1,4
3,vote,4,7
3,vote,5,1
3,vote,6,7
3,vote,7,13
3,vote,8,4
3,vote,9,4
3,vote,11,6
3,execute,4,VILLAGER
3,whisper,0,0,9,4対4の状況になった。今夜の攻撃が成功すれば私たちの勝利は確実になる。Misakiが霊能者だと主張したから彼女を標的にしなければならない。さあ
3,whisper,1,0,8,今夜の噛み先はMisakiにしよう。今は全票をKenjiに固定して。次はMayに疑いを向ける準備をして。
3,whisper,2,0,7,Ms. Misakiの主張は私たちの計画を揺るがしかねない。Shunichiはしばしば陰にいるが、おそらく何らかの役割を担っているのかもしれない。今夜はMs. Misakiに集中しよう。
3,whisper,3,1,9,Misakiの霊媒師COは彼女を明確な標的にする。今夜彼女を襲撃して勝利を確実にしよう。
3,whisper,4,1,8,今夜は霊媒結果を止めるためにMisakiを噛み抜こう。投票は全員Kenjiにしよう。ブロックされたら次はMayを狙う。
3,whisper,5,1,7,Mr. Tanaka。Misakiの主張。危険な一手。綱渡りのように。おそらく今夜は決定的な行動。夜明けが語るだろう。
3,whisper,6,2,9,計画は整った。我々はMisakiを攻撃する。勝利は目前だ。
3,whisper,7,2,8,今日は全員でKenjiに投票しよう—リスクはないと見てる。今夜は霊媒師のMisakiを噛む。ブロックされたらMayに切り替える。足並みを揃えよう。
3,whisper,8,2,7,Ms. MisakiのMediumとしての主張は注意が必要だ。彼女はチームメイトを確認できるかもしれない。もし我々の攻撃が成功すれば確かに勝利は我々のものだ我が友よ。
3,whisper,9,3,9,了解。Misaki は標的だ。今夜、彼女を攻撃して勝利を確保する。
3,whisper,10,3,8,今夜の噛み先はMisakiにしよう
3,whisper,11,3,7,Mr. Tanakaの洞察。Ms. Misakiと彼女の霊媒師の主張を標的にすることは希望の光だ。夜が展開する。私たちは確かに近い。
3,attackVote,7,13
3,attackVote,8,11
3,attackVote,9,11
3,attack,11,true
4,status,1,VILLAGER,ALIVE,kanolab-nw-A1,Shunichi
4,status,2,VILLAGER,DEAD,CanisLupus-B1,Shizue
4,status,3,VILLAGER,DEAD,sunamelli-c1,Daisuke
4,status,4,VILLAGER,DEAD,mille-A1,Kenji
4,status,5,VILLAGER,ALIVE,Character-Lab-A1,George
4,status,6,VILLAGER,ALIVE,mille-B1,May
4,status,7,WEREWOLF,ALIVE,kanolab-nw-C4,Toshio
4,status,8,WEREWOLF,ALIVE,sunamelli-a1,Minako
4,status,9,WEREWOLF,ALIVE,CanisLupus-A1,Takumi
4,status,10,BODYGUARD,DEAD,CamelliaDragons1,Midori
4,status,11,MEDIUM,DEAD,sunamelli-b1,Misaki
4,status,12,POSSESSED,DEAD,kanolab-nw-B1,Benjamin
4,status,13,SEER,ALIVE,Character-Lab-B1,Mizuki
4,talk,0,0,5,おはよう。Kenjiは処刑された—遺言を残した？Misakiが襲撃された—死亡が確定しているか、何かメッセージを残した？  @May  もしあなたが占い師なら今すぐ占い結果を共有して；そうでないなら  誰を疑っている？投票の前に確かな情報が必要だ。Over
4,talk,1,0,9,@Mizuki  私たちはあなたの導きに頼っています。本日の占いの結果を共有してください。
4,talk,2,0,6,Skip
4,talk,3,0,8,Mayは占い師に白出しされておらず、彼女の投票はいつも無難だ。私は  @May  に彼女の選択を直接説明してほしい。
4,talk,4,0,13,Benjamin  George  と Shunichi を人間と判定しました。Misaki が襲撃された後も狼はまだ活動中です。静かではぐらかしているので  @Takumi  に投票します。役職COや強い異議はある？ 今すぐ投票を。 Over
4,talk,5,0,1,やあ、相棒。あれだけの占い師の主張があるせいで、Mizukiはかなりプレッシャーを感じてるみたいだな。Takumi？まだ影に潜んで黙ってるのか？
4,talk,6,0,7,Ms. Mayの行動は、私たちの信頼に影を落としているのかもしれない。明確な推論がなければ、論理は穏やかな川のように私たちを導く—安定して正しく。
4,talk,7,1,5,おはよう。Kenjiは遺言を残した？Misakiは死亡が確認されたのか、それとも何か最期の言葉を残した？  @May  — あなたが占い師なら  今すぐ占い結果を共有して; そうでないなら  誰を疑っていてその理由は？まだShunichiを警戒している。 Over
4,talk,8,1,9,その疑いはわかる、Mizuki。私の投票はMayに入れる、彼女がこれまでずっと静かすぎたから。
4,talk,9,1,8,@May  誰かが疑われているたびに、あなたはとても静かでした。今はあなたの考えをもっと話してはどうですか？
4,talk,10,1,13,Benjamin  George  と Shunichiを人間と占った。昨夜狼がMisakiを襲撃した。静かすぎるので  @Takumi  に投票する—役職の申告や異論は？今すぐ投票して。 Over
4,talk,11,1,1,やあ、相棒。この静けさはかなり不気味だ。Minakoをつつくかな。これまでの君の洞察は鋭い。怪しい魚を見つけた？
4,talk,12,1,7,@May . 明晰さが手招きしているときにあなたが沈黙しているのは不思議です。おそらくあなたの沈黙には目的があるのでしょう。話す時だ、友よ。
4,talk,13,2,5,Kenjiは遺言を残した？ Misakiは死亡が確認されたか、何かメッセージを残した？  @May  いま占い結果を開示して—もしあなたが占い師でないなら  Shunichiを疑い始めている；彼は問い詰められるとずっと静かだった。ほかの人からも聞こう
4,talk,14,2,9,はっきりさせよう。選択肢は私かMayのどちらかだ。私は自分の投票について説明したが、Mayはしていない。
4,talk,15,2,8,Mayの沈黙は私たちにとって痛手だ。あなたが村人なら発言して、しないならあなたを投票先にする—今はみんなの発言が必要だ。
4,talk,16,2,13,Benjamin  George と Shunichi を占って人間でした。狼が昨夜Misakiを噛みました。静かすぎて一貫性がないので  @Takumi  に投票します — 役職COや強い異議はありますか？ Over
4,talk,17,2,1,やあ、相棒。ToshioのCOがなくなったから、今はMizukiがうちの生き残ってる唯一の占い師だと思う。MayかTakumiをもう少しつついてみようか、ね？
4,talk,18,2,7,私はMs. Mayの沈黙を訝しんでいる。今夜彼女を占うべきかもしれない。彼女の意図について多くが明らかになるかもしれない。確かに。
4,talk,19,3,5,Kenjiは遺言を残した？ Misakiは死亡確定？それとも何か遺言を残した？  @May  — 今すぐ占い結果を共有して。 私には怪しく見える; 証拠を示せないならあなたに投票するかも。 Over
4,talk,20,3,9,Mizuki は私を疑っているが、May の沈黙はより大きな脅威だ。皆のために、私の票は May に入れたままだ。
4,talk,21,3,8,私はMayに投票する。この段階では沈黙が最大のリスクだ。May、もし無実なら今何か言え—時間切れだ。
4,talk,22,3,13,私はBenjamin  George  と Shunichiを人間と占った。狼は昨夜Misakiを襲撃した。私は投票する  @Takumi  — 彼は静かすぎて一貫性がない。役職の申告や異議はある？今すぐ投票して。Over
4,talk,23,3,1,やあ、相棒。Mizukiはあのプレイヤーたちに対して同じことを繰り返してるよ。でもMayは？君の沈黙は耳をつんざくほどだ。村人？それとも特殊役職か、相棒？君の発言は助けになる。
4,talk,24,3,7,Takumiさん。私は、あなたの投票先の変更に眉をひそめた。かも。より怪しい。なぜそう？いったん立ち止まってあなたの視点について話し合おう。
4,whisper,0,0,7,私はMr. Benjaminが確かに真占い師だと信じています。おそらくボディガードの護衛下にある。Ms. Mizukiの言葉はこの考えを裏付けている。襲撃は失敗するかもしれない。
4,whisper,1,0,9,今日は勝つ。4対3だ。全員がMayに投票しなければならない。ためらうな。今夜の攻撃はGeorgeにする。
4,whisper,2,0,8,今日は全員でMayに投票して、統一しよう。夜の噛み先は直前に状況が変わらない限りGeorgeを提案する。
4,whisper,3,1,7,今夜はMr. Georgeには慎重に近づかなければならない。彼の沈黙が破られないままなら、我々の味方にも、我々の破滅にもなりうる。本当にそうか？
4,whisper,4,1,9,賛成。Mayに統一票を投じれば、今日勝てる。今夜Georgeを襲撃する。勝利は近い。
4,whisper,5,1,8,今日は全員で@Mayに投票しよう。その後、最大のインパクトのために今夜はGeorgeを噛み出そう。固まって、分裂するな。
4,whisper,6,2,7,ああ、Mr. George と Ms. May が気づいていない今夜は、戦略上有利に見える。Ms. Mizuki は確かに巧みに彼らを分断している。@Minako 私の友人たち。今夜は警戒を怠らずにいよう。Mr. George は沈黙している。Ms. Misaki は多くの知恵を持っている。しかし。新たな夜明けが近づいている。
4,whisper,7,2,9,今日、みんなでMayに投票すれば勝利は確実だ。ためらうな。
4,whisper,8,2,8,みんなで今日はMayに投票して、それから今夜はGeorgeを噛もう。もしトラブルや奇襲COがあったら、Takumiが騙りCOできる。同意？
4,whisper,9,3,7,今日は慎重に行こう、友よ。緊張は風にそよぐ葦のように揺らいでいる。票はMs. Mayに集中させよう。Mr. George？確かに勝利は近い。
4,whisper,10,3,9,私たちの計画は盤石だ。全ての投票は5月に。これを一緒に終わらせよう。
4,whisper,11,3,8,みんなで今日は@Mayに投票して、今夜は  @George  を噛もう。押されない限り偽の申告は不要だ。
4,attackVote,8,5
4,attackVote,9,5
4,attack,5,true
5,status,1,VILLAGER,ALIVE,kanolab-nw-A1,Shunichi
5,status,2,VILLAGER,DEAD,CanisLupus-B1,Shizue
5,status,3,VILLAGER,DEAD,sunamelli-c1,Daisuke
5,status,4,VILLAGER,DEAD,mille-A1,Kenji
5,status,5,VILLAGER,DEAD,Character-Lab-A1,George
5,status,6,VILLAGER,,mille-B1,May
5,status,7,WEREWOLF,ALIVE,kanolab-nw-C4,Toshio
5,status,8,WEREWOLF,ALIVE,sunamelli-a1,Minako
5,status,9,WEREWOLF,ALIVE,CanisLupus-A1,Takumi
5,status,10,BODYGUARD,DEAD,CamelliaDragons1,Midori
5,status,11,MEDIUM,DEAD,sunamelli-b1,Misaki
5,status,12,POSSESSED,DEAD,kanolab-nw-B1,Benjamin
5,status,13,SEER,ALIVE,Character-Lab-B1,Mizuki
5,result,3,3,WEREWOLF
